2024.01.01 18:54:25 INFO  Started: Metals version 1.2.0 in folders '/Users/maxon462/Desktop/Paradygmaty/lab6' for client Visual Studio Code 1.83.0.
2024.01.01 18:54:27 WARN  Build server is not auto-connectable.
2024.01.01 18:54:27 WARN  no build tool detected in workspace '/Users/maxon462/Desktop/Paradygmaty/lab6'. The most common cause for this problem is that the editor was opened in the wrong working directory, for example if you use sbt then the workspace directory should contain build.sbt. 
2024.01.01 18:54:27 WARN  no build target for: /Users/maxon462/Desktop/Paradygmaty/lab6/Scala/helloscala/src/main/scala/hello.worksheet.sc
2024.01.01 18:54:37 INFO  no build target found for /Users/maxon462/Desktop/Paradygmaty/lab6/Scala/helloscala/src/main/scala/hello.worksheet.sc. Using presentation compiler with project's scala-library version: 3.3.1
2024.01.01 18:54:42 INFO  time: evaluated worksheet 'hello.worksheet.sc' in 15s
2024.01.01 18:54:43 INFO  time: code lens generation in 16s
2024.01.01 18:54:43 INFO  time: code lens generation in 5.68s
2024.01.01 18:54:47 INFO  no build target found for /Users/maxon462/Desktop/Paradygmaty/lab6/Scala/helloscala/src/main/scala/hello.worksheet.sc. Using presentation compiler with project's scala-library version: 3.3.1
2024.01.05 20:59:23 INFO  Shutting down server
2024.01.05 20:59:23 INFO  shutting down Metals
2024.01.05 20:59:23 INFO  Exiting server
2024.01.06 14:54:29 INFO  Started: Metals version 1.2.0 in folders '/Users/maxon462/Desktop/Paradygmaty/lab6' for client Visual Studio Code 1.83.0.
2024.01.06 14:54:30 WARN  Build server is not auto-connectable.
2024.01.06 14:54:30 WARN  no build tool detected in workspace '/Users/maxon462/Desktop/Paradygmaty/lab6'. The most common cause for this problem is that the editor was opened in the wrong working directory, for example if you use sbt then the workspace directory should contain build.sbt. 
2024.01.06 14:54:30 WARN  no build target for: /Users/maxon462/Desktop/Paradygmaty/lab6/Scala/helloscala/src/main/scala/hello.worksheet.sc
2024.01.06 14:54:43 INFO  no build target found for /Users/maxon462/Desktop/Paradygmaty/lab6/Scala/helloscala/src/main/scala/hello.worksheet.sc. Using presentation compiler with project's scala-library version: 3.3.1
2024.01.06 14:54:44 INFO  time: evaluated worksheet 'hello.worksheet.sc' in 13s
2024.01.06 14:54:46 INFO  time: code lens generation in 15s
2024.01.06 14:54:51 WARN  no build target for: /Users/maxon462/Desktop/Paradygmaty/lab6/Scala/helloscala/src/main/scala/hello.worksheet.sc
2024.01.06 14:54:52 INFO  no build target found for /Users/maxon462/Desktop/Paradygmaty/lab6/Scala/helloscala/src/main/scala/hello.worksheet.sc. Using presentation compiler with project's scala-library version: 3.3.1
2024.01.06 14:54:55 INFO  time: evaluated worksheet 'hello.worksheet.sc' in 4.33s
2024.01.06 14:54:59 WARN  no build target for: /Users/maxon462/Desktop/Paradygmaty/lab6/Scala/helloscala/src/main/scala/hello.worksheet.sc
2024.01.06 14:55:01 INFO  time: evaluated worksheet 'hello.worksheet.sc' in 1.88s
2024.01.06 14:55:37 WARN  no build target for: /Users/maxon462/Desktop/Paradygmaty/lab6/Scala/helloscala/src/main/scala/hello.worksheet.sc
2024.01.06 14:55:39 WARN  no build target for: /Users/maxon462/Desktop/Paradygmaty/lab6/Scala/helloscala/src/main/scala/hello.worksheet.sc
2024.01.06 14:55:40 INFO  time: evaluated worksheet 'hello.worksheet.sc' in 2.91s
[31merror[39m: Scala/helloscala/src/main/scala/hello.worksheet.sc:5:5: illegal start of simple expression
    else fib(n - 1) + fib(n - 2)
    ^^^^
2024.01.06 14:55:41 WARN  no build target for: /Users/maxon462/Desktop/Paradygmaty/lab6/Scala/helloscala/src/main/scala/hello.worksheet.sc
2024.01.06 14:55:42 WARN  no build target for: /Users/maxon462/Desktop/Paradygmaty/lab6/Scala/helloscala/src/main/scala/hello.worksheet.sc
2024.01.06 14:55:42 INFO  time: evaluated worksheet 'hello.worksheet.sc' in 2.13s
[31merror[39m: Scala/helloscala/src/main/scala/hello.worksheet.sc:5:5: ; expected but else found
    else fib(n - 1) + fib(n - 2)
    ^^^^
2024.01.06 14:55:43 INFO  time: evaluated worksheet 'hello.worksheet.sc' in 1.28s
[31merror[39m: Scala/helloscala/src/main/scala/hello.worksheet.sc:5:5: ; expected but else found
    else fib(n - 1) + fib(n - 2)
    ^^^^
2024.01.06 14:55:44 WARN  no build target for: /Users/maxon462/Desktop/Paradygmaty/lab6/Scala/helloscala/src/main/scala/hello.worksheet.sc
2024.01.06 14:55:45 INFO  time: evaluated worksheet 'hello.worksheet.sc' in 1.19s
[31merror[39m: Scala/helloscala/src/main/scala/hello.worksheet.sc:5:5: ; expected but else found
    else fib(n - 1) + fib(n - 2)
    ^^^^
2024.01.06 14:55:46 INFO  time: evaluated worksheet 'hello.worksheet.sc' in 1.2s
2024.01.06 14:55:46 INFO  time: code lens generation in 2.6s
2024.01.06 14:55:46 INFO  time: code lens generation in 1.29s
2024.01.06 14:55:46 INFO  time: code lens generation in 6.56s
2024.01.06 14:55:46 INFO  time: code lens generation in 5.33s
2024.01.06 14:55:46 WARN  no build target for: /Users/maxon462/Desktop/Paradygmaty/lab6/Scala/helloscala/src/main/scala/hello.worksheet.sc
[31merror[39m: Scala/helloscala/src/main/scala/hello.worksheet.sc:5:5: ; expected but else found
    else fib(n - 1) + fib(n - 2)
    ^^^^
2024.01.06 14:55:47 INFO  time: evaluated worksheet 'hello.worksheet.sc' in 0.77s
2024.01.06 14:55:48 WARN  no build target for: /Users/maxon462/Desktop/Paradygmaty/lab6/Scala/helloscala/src/main/scala/hello.worksheet.sc
[31merror[39m: Scala/helloscala/src/main/scala/hello.worksheet.sc:4:19: ; expected but integer constant found
    else (n == 1) 1
                  ^
2024.01.06 14:55:48 INFO  time: evaluated worksheet 'hello.worksheet.sc' in 0.56s
2024.01.06 14:55:56 WARN  no build target for: /Users/maxon462/Desktop/Paradygmaty/lab6/Scala/helloscala/src/main/scala/hello.worksheet.sc
2024.01.06 14:55:57 INFO  time: evaluated worksheet 'hello.worksheet.sc' in 1.35s
2024.01.06 14:56:15 WARN  no build target for: /Users/maxon462/Desktop/Paradygmaty/lab6/Scala/helloscala/src/main/scala/hello.worksheet.sc
2024.01.06 14:56:16 INFO  time: evaluated worksheet 'hello.worksheet.sc' in 0.92s
2024.01.06 14:57:02 WARN  no build target for: /Users/maxon462/Desktop/Paradygmaty/lab6/Scala/helloscala/src/main/scala/hello.worksheet.sc
2024.01.06 14:57:03 INFO  time: evaluated worksheet 'hello.worksheet.sc' in 1.35s
2024.01.06 14:57:11 WARN  no build target for: /Users/maxon462/Desktop/Paradygmaty/lab6/Scala/helloscala/src/main/scala/hello.worksheet.sc
[31merror[39m: Scala/helloscala/src/main/scala/hello.worksheet.sc:26:13: 
Not found: fi
val terst = fi
            ^^
2024.01.06 14:57:12 INFO  time: evaluated worksheet 'hello.worksheet.sc' in 0.6s
2024.01.06 14:57:15 WARN  no build target for: /Users/maxon462/Desktop/Paradygmaty/lab6/Scala/helloscala/src/main/scala/hello.worksheet.sc
2024.01.06 14:57:16 WARN  no build target for: /Users/maxon462/Desktop/Paradygmaty/lab6/Scala/helloscala/src/main/scala/hello.worksheet.sc
[31merror[39m: Scala/helloscala/src/main/scala/hello.worksheet.sc:26:13: 
missing argument for parameter n of method fib in class MdocApp: (n: Int): Int
val terst = fib()
            ^^^^^
2024.01.06 14:57:17 INFO  time: evaluated worksheet 'hello.worksheet.sc' in 1.14s
2024.01.06 14:57:17 INFO  time: evaluated worksheet 'hello.worksheet.sc' in 0.88s
2024.01.06 14:57:23 WARN  no build target for: /Users/maxon462/Desktop/Paradygmaty/lab6/Scala/helloscala/src/main/scala/hello.worksheet.sc
2024.01.06 14:57:24 INFO  time: evaluated worksheet 'hello.worksheet.sc' in 1.1s
2024.01.06 14:57:29 WARN  no build target for: /Users/maxon462/Desktop/Paradygmaty/lab6/Scala/helloscala/src/main/scala/hello.worksheet.sc
2024.01.06 14:57:30 INFO  time: evaluated worksheet 'hello.worksheet.sc' in 0.94s
2024.01.06 14:57:32 WARN  no build target for: /Users/maxon462/Desktop/Paradygmaty/lab6/Scala/helloscala/src/main/scala/hello.worksheet.sc
2024.01.06 14:57:33 INFO  time: evaluated worksheet 'hello.worksheet.sc' in 0.86s
2024.01.06 14:57:37 WARN  no build target for: /Users/maxon462/Desktop/Paradygmaty/lab6/Scala/helloscala/src/main/scala/hello.worksheet.sc
2024.01.06 14:57:38 INFO  time: evaluated worksheet 'hello.worksheet.sc' in 0.53s
2024.01.06 14:57:52 WARN  no build target for: /Users/maxon462/Desktop/Paradygmaty/lab6/Scala/helloscala/src/main/scala/hello.worksheet.sc
[31merror[39m: Scala/helloscala/src/main/scala/hello.worksheet.sc:27:1: illegal start of simple pattern
val result1 = skipponacciDeclaracci(5, 1)
^^^
2024.01.06 14:57:53 INFO  time: evaluated worksheet 'hello.worksheet.sc' in 0.75s
2024.01.06 14:57:54 WARN  no build target for: /Users/maxon462/Desktop/Paradygmaty/lab6/Scala/helloscala/src/main/scala/hello.worksheet.sc
2024.01.06 14:57:55 INFO  time: evaluated worksheet 'hello.worksheet.sc' in 0.52s
2024.01.06 15:08:31 WARN  no build target for: /Users/maxon462/Desktop/Paradygmaty/lab6/Scala/helloscala/src/main/scala/hello.worksheet.sc
[31merror[39m: Scala/helloscala/src/main/scala/hello.worksheet.sc:11:22: 
Found:    Int
Required: List[Int]
      case (_, 1) => fib(n)
                     ^^^^^^
2024.01.06 15:08:32 INFO  time: evaluated worksheet 'hello.worksheet.sc' in 1.15s
2024.01.06 15:08:44 WARN  no build target for: /Users/maxon462/Desktop/Paradygmaty/lab6/Scala/helloscala/src/main/scala/hello.worksheet.sc
[31merror[39m: Scala/helloscala/src/main/scala/hello.worksheet.sc:11:22: 
None of the overloaded alternatives of method to in class RichInt with types
 (end: Int, step: Int): scala.collection.immutable.Range.Inclusive
 (end: Int): scala.collection.immutable.Range.Inclusive
match expected type List[Int]
      case (_, 1) => fib(n).to
                     ^^^^^^^^^
2024.01.06 15:08:45 INFO  time: evaluated worksheet 'hello.worksheet.sc' in 1.5s
2024.01.06 15:08:46 WARN  no build target for: /Users/maxon462/Desktop/Paradygmaty/lab6/Scala/helloscala/src/main/scala/hello.worksheet.sc
[31merror[39m: Scala/helloscala/src/main/scala/hello.worksheet.sc:11:22: 
None of the overloaded alternatives of method to in class RichInt with types
 (end: Int, step: Int): scala.collection.immutable.Range.Inclusive
 (end: Int): scala.collection.immutable.Range.Inclusive
match expected type List[Int]
      case (_, 1) => fib(n).to
                     ^^^^^^^^^
2024.01.06 15:08:47 INFO  time: evaluated worksheet 'hello.worksheet.sc' in 1.04s
Jan 06, 2024 3:08:50 PM org.eclipse.lsp4j.jsonrpc.RemoteEndpoint handleCancellation
WARNING: Unmatched cancel notification for request id 349
2024.01.06 15:08:54 WARN  no build target for: /Users/maxon462/Desktop/Paradygmaty/lab6/Scala/helloscala/src/main/scala/hello.worksheet.sc
[31merror[39m: Scala/helloscala/src/main/scala/hello.worksheet.sc:11:22: 
Found:    Int
Required: List[Int]
      case (_, 1) => fib(n) 
                     ^^^^^^
2024.01.06 15:08:54 INFO  time: evaluated worksheet 'hello.worksheet.sc' in 0.68s
2024.01.06 15:08:56 WARN  no build target for: /Users/maxon462/Desktop/Paradygmaty/lab6/Scala/helloscala/src/main/scala/hello.worksheet.sc
[31merror[39m: Scala/helloscala/src/main/scala/hello.worksheet.sc:11:29: 
value :: is not a member of Int
      case (_, 1) => fib(n) :: 1
                            ^^^^
2024.01.06 15:08:56 INFO  time: evaluated worksheet 'hello.worksheet.sc' in 0.52s
2024.01.06 15:08:59 WARN  no build target for: /Users/maxon462/Desktop/Paradygmaty/lab6/Scala/helloscala/src/main/scala/hello.worksheet.sc
[31merror[39m: Scala/helloscala/src/main/scala/hello.worksheet.sc:11:31: 
expression expected but end of statement found
      case (_, 1) => fib(n) :: 
                              ^
2024.01.06 15:09:00 INFO  time: evaluated worksheet 'hello.worksheet.sc' in 0.69s
2024.01.06 15:09:04 WARN  no build target for: /Users/maxon462/Desktop/Paradygmaty/lab6/Scala/helloscala/src/main/scala/hello.worksheet.sc
2024.01.06 15:09:05 INFO  time: evaluated worksheet 'hello.worksheet.sc' in 0.99s
2024.01.06 15:09:18 WARN  no build target for: /Users/maxon462/Desktop/Paradygmaty/lab6/Scala/helloscala/src/main/scala/hello.worksheet.sc
[31merror[39m: Scala/helloscala/src/main/scala/hello.worksheet.sc:12:34: } expected but ) found
      case (_, _) => ski2 * n - 1) + fib(2 * n - 2) :: skipponacciHelper(n, m - 1)
                                 ^
2024.01.06 15:09:18 INFO  time: evaluated worksheet 'hello.worksheet.sc' in 0.58s
2024.01.06 15:09:19 WARN  no build target for: /Users/maxon462/Desktop/Paradygmaty/lab6/Scala/helloscala/src/main/scala/hello.worksheet.sc
[31merror[39m: Scala/helloscala/src/main/scala/hello.worksheet.sc:12:45: ; expected but integer constant found
      case (_, _) => skipponacciDeclaracci()2 * n - 1) + fib(2 * n - 2) :: skipponacciHelper(n, m - 1)
                                            ^
2024.01.06 15:09:19 INFO  time: evaluated worksheet 'hello.worksheet.sc' in 0.29s
2024.01.06 15:09:20 WARN  no build target for: /Users/maxon462/Desktop/Paradygmaty/lab6/Scala/helloscala/src/main/scala/hello.worksheet.sc
[31merror[39m: Scala/helloscala/src/main/scala/hello.worksheet.sc:12:22: 
missing argument for parameter m of method skipponacciDeclaracci in class MdocApp: (n: Int, m: Int): List[Int]
      case (_, _) => skipponacciDeclaracci(2 * n - 1) + fib(2 * n - 2) :: skipponacciHelper(n, m - 1)
                     ^^^^^^^^^^^^^^^^^^^^^^^^^^^^^^^^
2024.01.06 15:09:21 INFO  time: evaluated worksheet 'hello.worksheet.sc' in 0.78s
2024.01.06 15:09:25 WARN  no build target for: /Users/maxon462/Desktop/Paradygmaty/lab6/Scala/helloscala/src/main/scala/hello.worksheet.sc
[31merror[39m: Scala/helloscala/src/main/scala/hello.worksheet.sc:12:56: illegal start of simple expression
      case (_, _) => skipponacciDeclaracci(2 * n - 1 , ) + fib(2 * n - 2) :: skipponacciHelper(n, m - 1)
                                                       ^
2024.01.06 15:09:25 INFO  time: evaluated worksheet 'hello.worksheet.sc' in 0.37s
2024.01.06 15:09:27 WARN  no build target for: /Users/maxon462/Desktop/Paradygmaty/lab6/Scala/helloscala/src/main/scala/hello.worksheet.sc
[31merror[39m: Scala/helloscala/src/main/scala/hello.worksheet.sc:12:22: 
value + is not a member of List[Int]
      case (_, _) => skipponacciDeclaracci(2 * n - 1 , m-1) + fib(2 * n - 2) :: skipponacciHelper(n, m - 1)
                     ^^^^^^^^^^^^^^^^^^^^^^^^^^^^^^^^^^^^^^^^
2024.01.06 15:09:27 INFO  time: evaluated worksheet 'hello.worksheet.sc' in 0.75s
2024.01.06 15:09:41 WARN  no build target for: /Users/maxon462/Desktop/Paradygmaty/lab6/Scala/helloscala/src/main/scala/hello.worksheet.sc
[31merror[39m: Scala/helloscala/src/main/scala/hello.worksheet.sc:8:45: = expected but ] found
  def skipponacciHelper(n: Int, m: Int): Int] = {
                                            ^
2024.01.06 15:09:41 INFO  time: evaluated worksheet 'hello.worksheet.sc' in 0.52s
2024.01.06 15:09:43 WARN  no build target for: /Users/maxon462/Desktop/Paradygmaty/lab6/Scala/helloscala/src/main/scala/hello.worksheet.sc
[31merror[39m: Scala/helloscala/src/main/scala/hello.worksheet.sc:10:22: 
Found:    List[Int]
Required: Int
      case (1, 1) => List(fib(1))
                     ^^^^^^^^^^^^
[31merror[39m: Scala/helloscala/src/main/scala/hello.worksheet.sc:11:29: 
value :: is not a member of Int
      case (_, 1) => fib(n) :: skipponacciHelper(n + 1, 1)
                            ^^^^^^^^^^^^^^^^^^^^^^^^^^^^^^
[31merror[39m: Scala/helloscala/src/main/scala/hello.worksheet.sc:12:78: 
value :: is not a member of Int
      case (_, _) => skipponacciDeclaracci(2 * n - 1 , m-1) + fib(2 * n - 2) :: skipponacciHelper(n, m - 1)
                                                                             ^^^^^^^^^^^^^^^^^^^^^^^^^^^^^^
[31merror[39m: Scala/helloscala/src/main/scala/hello.worksheet.sc:12:22: 
value + is not a member of List[Int]
      case (_, _) => skipponacciDeclaracci(2 * n - 1 , m-1) + fib(2 * n - 2) :: skipponacciHelper(n, m - 1)
                     ^^^^^^^^^^^^^^^^^^^^^^^^^^^^^^^^^^^^^^^^
[31merror[39m: Scala/helloscala/src/main/scala/hello.worksheet.sc:16:3: 
value take is not a member of Int
  skipponacciHelper(1, m).take(n)
  ^^^^^^^^^^^^^^^^^^^^^^^^^^^^
2024.01.06 15:09:43 INFO  time: evaluated worksheet 'hello.worksheet.sc' in 0.56s
2024.01.06 15:09:46 WARN  no build target for: /Users/maxon462/Desktop/Paradygmaty/lab6/Scala/helloscala/src/main/scala/hello.worksheet.sc
[31merror[39m: Scala/helloscala/src/main/scala/hello.worksheet.sc:11:7: ) expected but case found
      case (_, 1) => fib(n) :: skipponacciHelper(n + 1, 1)
      ^^^^
2024.01.06 15:09:46 INFO  time: evaluated worksheet 'hello.worksheet.sc' in 0.35s
2024.01.06 15:09:52 WARN  no build target for: /Users/maxon462/Desktop/Paradygmaty/lab6/Scala/helloscala/src/main/scala/hello.worksheet.sc
[31merror[39m: Scala/helloscala/src/main/scala/hello.worksheet.sc:11:29: 
value :: is not a member of Int
      case (_, 1) => fib(n) :: skipponacciHelper(n + 1, 1)
                            ^^^^^^^^^^^^^^^^^^^^^^^^^^^^^^
[31merror[39m: Scala/helloscala/src/main/scala/hello.worksheet.sc:12:78: 
value :: is not a member of Int
      case (_, _) => skipponacciDeclaracci(2 * n - 1 , m-1) + fib(2 * n - 2) :: skipponacciHelper(n, m - 1)
                                                                             ^^^^^^^^^^^^^^^^^^^^^^^^^^^^^^
[31merror[39m: Scala/helloscala/src/main/scala/hello.worksheet.sc:12:22: 
value + is not a member of List[Int]
      case (_, _) => skipponacciDeclaracci(2 * n - 1 , m-1) + fib(2 * n - 2) :: skipponacciHelper(n, m - 1)
                     ^^^^^^^^^^^^^^^^^^^^^^^^^^^^^^^^^^^^^^^^
[31merror[39m: Scala/helloscala/src/main/scala/hello.worksheet.sc:16:3: 
value take is not a member of Int
  skipponacciHelper(1, m).take(n)
  ^^^^^^^^^^^^^^^^^^^^^^^^^^^^
2024.01.06 15:09:52 INFO  time: evaluated worksheet 'hello.worksheet.sc' in 0.49s
2024.01.06 15:09:54 WARN  no build target for: /Users/maxon462/Desktop/Paradygmaty/lab6/Scala/helloscala/src/main/scala/hello.worksheet.sc
[31merror[39m: Scala/helloscala/src/main/scala/hello.worksheet.sc:11:29: 
value :: is not a member of Int
      case (_, 1) => fib(n) :: skipponacciHelper(n + 1, 1)
                            ^^^^^^^^^^^^^^^^^^^^^^^^^^^^^^
[31merror[39m: Scala/helloscala/src/main/scala/hello.worksheet.sc:12:78: 
value :: is not a member of Int
      case (_, _) => skipponacciDeclaracci(2 * n - 1 , m-1) + fib(2 * n - 2) :: skipponacciHelper(n, m - 1)
                                                                             ^^^^^^^^^^^^^^^^^^^^^^^^^^^^^^
[31merror[39m: Scala/helloscala/src/main/scala/hello.worksheet.sc:12:22: 
value + is not a member of List[Int]
      case (_, _) => skipponacciDeclaracci(2 * n - 1 , m-1) + fib(2 * n - 2) :: skipponacciHelper(n, m - 1)
                     ^^^^^^^^^^^^^^^^^^^^^^^^^^^^^^^^^^^^^^^^
[31merror[39m: Scala/helloscala/src/main/scala/hello.worksheet.sc:16:3: 
value take is not a member of Int
  skipponacciHelper(1, m).take(n)
  ^^^^^^^^^^^^^^^^^^^^^^^^^^^^
2024.01.06 15:09:54 INFO  time: evaluated worksheet 'hello.worksheet.sc' in 0.46s
2024.01.06 15:10:00 WARN  no build target for: /Users/maxon462/Desktop/Paradygmaty/lab6/Scala/helloscala/src/main/scala/hello.worksheet.sc
[31merror[39m: Scala/helloscala/src/main/scala/hello.worksheet.sc:12:78: 
value :: is not a member of Int
      case (_, _) => skipponacciDeclaracci(2 * n - 1 , m-1) + fib(2 * n - 2) :: skipponacciHelper(n, m - 1)
                                                                             ^^^^^^^^^^^^^^^^^^^^^^^^^^^^^^
[31merror[39m: Scala/helloscala/src/main/scala/hello.worksheet.sc:12:22: 
value + is not a member of List[Int]
      case (_, _) => skipponacciDeclaracci(2 * n - 1 , m-1) + fib(2 * n - 2) :: skipponacciHelper(n, m - 1)
                     ^^^^^^^^^^^^^^^^^^^^^^^^^^^^^^^^^^^^^^^^
[31merror[39m: Scala/helloscala/src/main/scala/hello.worksheet.sc:16:3: 
value take is not a member of Int
  skipponacciHelper(1, m).take(n)
  ^^^^^^^^^^^^^^^^^^^^^^^^^^^^
2024.01.06 15:10:00 INFO  time: evaluated worksheet 'hello.worksheet.sc' in 0.19s
2024.01.06 15:10:05 WARN  no build target for: /Users/maxon462/Desktop/Paradygmaty/lab6/Scala/helloscala/src/main/scala/hello.worksheet.sc
[31merror[39m: Scala/helloscala/src/main/scala/hello.worksheet.sc:12:22: 
value + is not a member of List[Int]
      case (_, _) => skipponacciDeclaracci(2 * n - 1 , m-1) + fib(2 * n - 2)
                     ^^^^^^^^^^^^^^^^^^^^^^^^^^^^^^^^^^^^^^^^
[31merror[39m: Scala/helloscala/src/main/scala/hello.worksheet.sc:16:3: 
value take is not a member of Int
  skipponacciHelper(1, m).take(n)
  ^^^^^^^^^^^^^^^^^^^^^^^^^^^^
2024.01.06 15:10:06 INFO  time: evaluated worksheet 'hello.worksheet.sc' in 0.24s
2024.01.06 15:10:12 WARN  no build target for: /Users/maxon462/Desktop/Paradygmaty/lab6/Scala/helloscala/src/main/scala/hello.worksheet.sc
[31merror[39m: Scala/helloscala/src/main/scala/hello.worksheet.sc:12:22: 
value + is not a member of List[Int]
      case (_, _) => skipponacciDeclaracci(2 * n - 1 , m-1) + ski
                     ^^^^^^^^^^^^^^^^^^^^^^^^^^^^^^^^^^^^^^^^
[31merror[39m: Scala/helloscala/src/main/scala/hello.worksheet.sc:12:63: 
Not found: ski
      case (_, _) => skipponacciDeclaracci(2 * n - 1 , m-1) + ski
                                                              ^^^
[31merror[39m: Scala/helloscala/src/main/scala/hello.worksheet.sc:16:3: 
value take is not a member of Int
  skipponacciHelper(1, m).take(n)
  ^^^^^^^^^^^^^^^^^^^^^^^^^^^^
2024.01.06 15:10:13 INFO  time: evaluated worksheet 'hello.worksheet.sc' in 0.46s
2024.01.06 15:10:14 WARN  no build target for: /Users/maxon462/Desktop/Paradygmaty/lab6/Scala/helloscala/src/main/scala/hello.worksheet.sc
[31merror[39m: Scala/helloscala/src/main/scala/hello.worksheet.sc:12:22: 
value + is not a member of List[Int]
      case (_, _) => skipponacciDeclaracci(2 * n - 1 , m-1) + skipponacciDeclaracci()
                     ^^^^^^^^^^^^^^^^^^^^^^^^^^^^^^^^^^^^^^^^
[31merror[39m: Scala/helloscala/src/main/scala/hello.worksheet.sc:12:63: 
missing argument for parameter n of method skipponacciDeclaracci in class MdocApp: (n: Int, m: Int): List[Int]
      case (_, _) => skipponacciDeclaracci(2 * n - 1 , m-1) + skipponacciDeclaracci()
                                                              ^^^^^^^^^^^^^^^^^^^^^^^
[31merror[39m: Scala/helloscala/src/main/scala/hello.worksheet.sc:16:3: 
value take is not a member of Int
  skipponacciHelper(1, m).take(n)
  ^^^^^^^^^^^^^^^^^^^^^^^^^^^^
2024.01.06 15:10:14 INFO  time: evaluated worksheet 'hello.worksheet.sc' in 0.35s
2024.01.06 15:10:22 WARN  no build target for: /Users/maxon462/Desktop/Paradygmaty/lab6/Scala/helloscala/src/main/scala/hello.worksheet.sc
[31merror[39m: Scala/helloscala/src/main/scala/hello.worksheet.sc:12:59: 
missing argument for parameter n of method skipponacciDeclaracci in class MdocApp: (n: Int, m: Int): List[Int]
      case (_, _) => skipponacciHelper(2 * n - 1 , m-1) + skipponacciDeclaracci()
                                                          ^^^^^^^^^^^^^^^^^^^^^^^
[31merror[39m: Scala/helloscala/src/main/scala/hello.worksheet.sc:16:3: 
value take is not a member of Int
  skipponacciHelper(1, m).take(n)
  ^^^^^^^^^^^^^^^^^^^^^^^^^^^^
2024.01.06 15:10:22 INFO  time: evaluated worksheet 'hello.worksheet.sc' in 0.71s
2024.01.06 15:10:26 WARN  no build target for: /Users/maxon462/Desktop/Paradygmaty/lab6/Scala/helloscala/src/main/scala/hello.worksheet.sc
[31merror[39m: Scala/helloscala/src/main/scala/hello.worksheet.sc:12:59: 
missing argument for parameter n of method skipponacciHelper: (n: Int, m: Int): Int
      case (_, _) => skipponacciHelper(2 * n - 1 , m-1) + skipponacciHelper()
                                                          ^^^^^^^^^^^^^^^^^^^
[31merror[39m: Scala/helloscala/src/main/scala/hello.worksheet.sc:16:3: 
value take is not a member of Int
  skipponacciHelper(1, m).take(n)
  ^^^^^^^^^^^^^^^^^^^^^^^^^^^^
2024.01.06 15:10:26 INFO  time: evaluated worksheet 'hello.worksheet.sc' in 0.25s
Jan 06, 2024 3:10:28 PM org.eclipse.lsp4j.jsonrpc.RemoteEndpoint handleCancellation
WARNING: Unmatched cancel notification for request id 675
2024.01.06 15:10:30 WARN  no build target for: /Users/maxon462/Desktop/Paradygmaty/lab6/Scala/helloscala/src/main/scala/hello.worksheet.sc
[31merror[39m: Scala/helloscala/src/main/scala/hello.worksheet.sc:12:59: 
missing argument for parameter m of method skipponacciHelper: (n: Int, m: Int): Int
      case (_, _) => skipponacciHelper(2 * n - 1 , m-1) + skipponacciHelper(2 * n )
                                                          ^^^^^^^^^^^^^^^^^^^^^^^^^
[31merror[39m: Scala/helloscala/src/main/scala/hello.worksheet.sc:16:3: 
value take is not a member of Int
  skipponacciHelper(1, m).take(n)
  ^^^^^^^^^^^^^^^^^^^^^^^^^^^^
2024.01.06 15:10:30 INFO  time: evaluated worksheet 'hello.worksheet.sc' in 0.19s
2024.01.06 15:10:33 WARN  no build target for: /Users/maxon462/Desktop/Paradygmaty/lab6/Scala/helloscala/src/main/scala/hello.worksheet.sc
[31merror[39m: Scala/helloscala/src/main/scala/hello.worksheet.sc:16:3: 
value take is not a member of Int
  skipponacciHelper(1, m).take(n)
  ^^^^^^^^^^^^^^^^^^^^^^^^^^^^
2024.01.06 15:10:34 INFO  time: evaluated worksheet 'hello.worksheet.sc' in 0.73s
2024.01.06 15:10:35 WARN  no build target for: /Users/maxon462/Desktop/Paradygmaty/lab6/Scala/helloscala/src/main/scala/hello.worksheet.sc
[31merror[39m: Scala/helloscala/src/main/scala/hello.worksheet.sc:16:3: 
value take is not a member of Int
  skipponacciHelper(1, m).take(n)
  ^^^^^^^^^^^^^^^^^^^^^^^^^^^^
2024.01.06 15:10:35 INFO  time: evaluated worksheet 'hello.worksheet.sc' in 0.44s
2024.01.06 15:10:42 WARN  no build target for: /Users/maxon462/Desktop/Paradygmaty/lab6/Scala/helloscala/src/main/scala/hello.worksheet.sc
[31merror[39m: Scala/helloscala/src/main/scala/hello.worksheet.sc:17:1: illegal start of simple expression
}
^
2024.01.06 15:10:42 INFO  time: evaluated worksheet 'hello.worksheet.sc' in 0.32s
2024.01.06 15:10:58 WARN  no build target for: /Users/maxon462/Desktop/Paradygmaty/lab6/Scala/helloscala/src/main/scala/hello.worksheet.sc
[31merror[39m: Scala/helloscala/src/main/scala/hello.worksheet.sc:1:47: = expected but ] found
def skipponacciDeclaracci(n: Int, m: Int): Int] = {
                                              ^
2024.01.06 15:10:58 INFO  time: evaluated worksheet 'hello.worksheet.sc' in 0.61s
2024.01.06 15:10:59 WARN  no build target for: /Users/maxon462/Desktop/Paradygmaty/lab6/Scala/helloscala/src/main/scala/hello.worksheet.sc
[31merror[39m: Scala/helloscala/src/main/scala/hello.worksheet.sc:17:1: illegal start of simple expression
}
^
2024.01.06 15:11:00 INFO  time: evaluated worksheet 'hello.worksheet.sc' in 0.26s
2024.01.06 15:11:16 WARN  no build target for: /Users/maxon462/Desktop/Paradygmaty/lab6/Scala/helloscala/src/main/scala/hello.worksheet.sc
2024.01.06 15:11:16 INFO  time: evaluated worksheet 'hello.worksheet.sc' in 0.45s
2024.01.06 15:11:34 WARN  no build target for: /Users/maxon462/Desktop/Paradygmaty/lab6/Scala/helloscala/src/main/scala/hello.worksheet.sc
2024.01.06 15:11:34 INFO  time: evaluated worksheet 'hello.worksheet.sc' in 0.35s
2024.01.06 15:11:50 WARN  no build target for: /Users/maxon462/Desktop/Paradygmaty/lab6/Scala/helloscala/src/main/scala/hello.worksheet.sc
2024.01.06 15:11:51 INFO  time: evaluated worksheet 'hello.worksheet.sc' in 0.88s
2024.01.06 15:11:52 WARN  no build target for: /Users/maxon462/Desktop/Paradygmaty/lab6/Scala/helloscala/src/main/scala/hello.worksheet.sc
2024.01.06 15:11:52 INFO  time: evaluated worksheet 'hello.worksheet.sc' in 0.83s
2024.01.06 15:13:26 WARN  no build target for: /Users/maxon462/Desktop/Paradygmaty/lab6/Scala/helloscala/src/main/scala/hello.worksheet.sc
2024.01.06 15:13:27 INFO  time: evaluated worksheet 'hello.worksheet.sc' in 0.7s
2024.01.06 15:13:35 WARN  no build target for: /Users/maxon462/Desktop/Paradygmaty/lab6/Scala/helloscala/src/main/scala/hello.worksheet.sc
2024.01.06 15:13:35 INFO  time: evaluated worksheet 'hello.worksheet.sc' in 0.69s
2024.01.06 15:18:21 WARN  no build target for: /Users/maxon462/Desktop/Paradygmaty/lab6/Scala/helloscala/src/main/scala/hello.worksheet.sc
2024.01.06 15:18:22 INFO  time: evaluated worksheet 'hello.worksheet.sc' in 0.28s
2024.01.06 15:18:27 WARN  no build target for: /Users/maxon462/Desktop/Paradygmaty/lab6/Scala/helloscala/src/main/scala/hello.worksheet.sc
[31merror[39m: Scala/helloscala/src/main/scala/hello.worksheet.sc:12:94: 
expression expected but '}' found
      case (_, _) => skipponacciHelper(2 * n - 1 , m-1) + skipponacciHelper(2 * n , m - 1) :: 
                                                                                             ^
2024.01.06 15:18:27 INFO  time: evaluated worksheet 'hello.worksheet.sc' in 0.17s
2024.01.06 15:19:10 WARN  no build target for: /Users/maxon462/Desktop/Paradygmaty/lab6/Scala/helloscala/src/main/scala/hello.worksheet.sc
2024.01.06 15:19:10 INFO  time: evaluated worksheet 'hello.worksheet.sc' in 0.88s
2024.01.06 15:21:59 WARN  no build target for: /Users/maxon462/Desktop/Paradygmaty/lab6/Scala/helloscala/src/main/scala/hello.worksheet.sc
2024.01.06 15:22:00 INFO  time: evaluated worksheet 'hello.worksheet.sc' in 0.64s
2024.01.06 15:22:09 WARN  no build target for: /Users/maxon462/Desktop/Paradygmaty/lab6/Scala/helloscala/src/main/scala/hello.worksheet.sc
[31merror[39m: Scala/helloscala/src/main/scala/hello.worksheet.sc:15:3: 
value ma is not a member of Int
  n ma
  ^^^^
2024.01.06 15:22:10 INFO  time: evaluated worksheet 'hello.worksheet.sc' in 0.16s
2024.01.06 15:22:11 WARN  no build target for: /Users/maxon462/Desktop/Paradygmaty/lab6/Scala/helloscala/src/main/scala/hello.worksheet.sc
[31merror[39m: Scala/helloscala/src/main/scala/hello.worksheet.sc:17:3: illegal start of simple pattern
  
  ^
2024.01.06 15:22:11 INFO  time: evaluated worksheet 'hello.worksheet.sc' in 0.56s
2024.01.06 15:22:15 WARN  no build target for: /Users/maxon462/Desktop/Paradygmaty/lab6/Scala/helloscala/src/main/scala/hello.worksheet.sc
[31merror[39m: Scala/helloscala/src/main/scala/hello.worksheet.sc:19:1: => expected but } found
}
^
2024.01.06 15:22:16 INFO  time: evaluated worksheet 'hello.worksheet.sc' in 0.62s
2024.01.06 15:22:18 WARN  no build target for: /Users/maxon462/Desktop/Paradygmaty/lab6/Scala/helloscala/src/main/scala/hello.worksheet.sc
[31merror[39m: Scala/helloscala/src/main/scala/hello.worksheet.sc:17:3: illegal start of simple pattern
  }
  ^
2024.01.06 15:22:18 INFO  time: evaluated worksheet 'hello.worksheet.sc' in 0.23s
2024.01.06 15:22:23 WARN  no build target for: /Users/maxon462/Desktop/Paradygmaty/lab6/Scala/helloscala/src/main/scala/hello.worksheet.sc
[31merror[39m: Scala/helloscala/src/main/scala/hello.worksheet.sc:17:3: illegal start of simple pattern
  }
  ^
2024.01.06 15:22:23 INFO  time: evaluated worksheet 'hello.worksheet.sc' in 0.23s
2024.01.06 15:23:39 WARN  no build target for: /Users/maxon462/Desktop/Paradygmaty/lab6/Scala/helloscala/src/main/scala/hello.worksheet.sc
[31merror[39m: Scala/helloscala/src/main/scala/hello.worksheet.sc:17:3: => expected but } found
  }
  ^
2024.01.06 15:23:39 INFO  time: evaluated worksheet 'hello.worksheet.sc' in 0.53s
2024.01.06 15:23:50 WARN  no build target for: /Users/maxon462/Desktop/Paradygmaty/lab6/Scala/helloscala/src/main/scala/hello.worksheet.sc
[31merror[39m: Scala/helloscala/src/main/scala/hello.worksheet.sc:18:3: => expected but } found
  }
  ^
2024.01.06 15:23:50 INFO  time: evaluated worksheet 'hello.worksheet.sc' in 0.2s
2024.01.06 15:23:54 WARN  no build target for: /Users/maxon462/Desktop/Paradygmaty/lab6/Scala/helloscala/src/main/scala/hello.worksheet.sc
[31merror[39m: Scala/helloscala/src/main/scala/hello.worksheet.sc:16:5: = expected but match found
  n match{
    ^^^^^
2024.01.06 15:23:54 INFO  time: evaluated worksheet 'hello.worksheet.sc' in 0.23s
2024.01.06 15:24:00 WARN  no build target for: /Users/maxon462/Desktop/Paradygmaty/lab6/Scala/helloscala/src/main/scala/hello.worksheet.sc
[31merror[39m: Scala/helloscala/src/main/scala/hello.worksheet.sc:16:3: = expected but identifier found
  n match{
  ^
2024.01.06 15:24:00 INFO  time: evaluated worksheet 'hello.worksheet.sc' in 0.52s
2024.01.06 15:24:05 WARN  no build target for: /Users/maxon462/Desktop/Paradygmaty/lab6/Scala/helloscala/src/main/scala/hello.worksheet.sc
[31merror[39m: Scala/helloscala/src/main/scala/hello.worksheet.sc:16:3: = expected but identifier found
  n match{
  ^
2024.01.06 15:24:05 INFO  time: evaluated worksheet 'hello.worksheet.sc' in 0.5s
2024.01.06 15:24:08 WARN  no build target for: /Users/maxon462/Desktop/Paradygmaty/lab6/Scala/helloscala/src/main/scala/hello.worksheet.sc
[31merror[39m: Scala/helloscala/src/main/scala/hello.worksheet.sc:15:25: : expected but ) found
  def skipD(n: Int , acc)
                        ^
2024.01.06 15:24:09 INFO  time: evaluated worksheet 'hello.worksheet.sc' in 0.51s
2024.01.06 15:24:09 WARN  no build target for: /Users/maxon462/Desktop/Paradygmaty/lab6/Scala/helloscala/src/main/scala/hello.worksheet.sc
[31merror[39m: Scala/helloscala/src/main/scala/hello.worksheet.sc:15:24: : expected but ) found
  def skipD(n: Int ,acc)
                       ^
2024.01.06 15:24:09 INFO  time: evaluated worksheet 'hello.worksheet.sc' in 0.18s
2024.01.06 15:24:11 WARN  no build target for: /Users/maxon462/Desktop/Paradygmaty/lab6/Scala/helloscala/src/main/scala/hello.worksheet.sc
[31merror[39m: Scala/helloscala/src/main/scala/hello.worksheet.sc:15:24: : expected but ) found
  def skipD(n: Int, acc)
                       ^
2024.01.06 15:24:11 INFO  time: evaluated worksheet 'hello.worksheet.sc' in 0.26s
2024.01.06 15:24:16 WARN  no build target for: /Users/maxon462/Desktop/Paradygmaty/lab6/Scala/helloscala/src/main/scala/hello.worksheet.sc
[31merror[39m: Scala/helloscala/src/main/scala/hello.worksheet.sc:16:3: = expected but identifier found
  n match{
  ^
2024.01.06 15:24:16 INFO  time: evaluated worksheet 'hello.worksheet.sc' in 0.52s
2024.01.06 15:24:39 WARN  no build target for: /Users/maxon462/Desktop/Paradygmaty/lab6/Scala/helloscala/src/main/scala/hello.worksheet.sc
[31merror[39m: Scala/helloscala/src/main/scala/hello.worksheet.sc:18:3: => expected but } found
  }
  ^
2024.01.06 15:24:40 INFO  time: evaluated worksheet 'hello.worksheet.sc' in 0.53s
2024.01.06 15:24:43 WARN  no build target for: /Users/maxon462/Desktop/Paradygmaty/lab6/Scala/helloscala/src/main/scala/hello.worksheet.sc
[31merror[39m: Scala/helloscala/src/main/scala/hello.worksheet.sc:18:3: => expected but } found
  }
  ^
2024.01.06 15:24:43 INFO  time: evaluated worksheet 'hello.worksheet.sc' in 0.56s
2024.01.06 15:24:44 WARN  no build target for: /Users/maxon462/Desktop/Paradygmaty/lab6/Scala/helloscala/src/main/scala/hello.worksheet.sc
[31merror[39m: Scala/helloscala/src/main/scala/hello.worksheet.sc:18:3: => expected but } found
  }
  ^
2024.01.06 15:24:44 INFO  time: evaluated worksheet 'hello.worksheet.sc' in 0.19s
2024.01.06 15:24:47 WARN  no build target for: /Users/maxon462/Desktop/Paradygmaty/lab6/Scala/helloscala/src/main/scala/hello.worksheet.sc
[31merror[39m: Scala/helloscala/src/main/scala/hello.worksheet.sc:18:3: => expected but } found
  }
  ^
2024.01.06 15:24:48 INFO  time: evaluated worksheet 'hello.worksheet.sc' in 0.81s
2024.01.06 15:24:49 WARN  no build target for: /Users/maxon462/Desktop/Paradygmaty/lab6/Scala/helloscala/src/main/scala/hello.worksheet.sc
[31merror[39m: Scala/helloscala/src/main/scala/hello.worksheet.sc:19:3: => expected but } found
  }
  ^
2024.01.06 15:24:49 INFO  time: evaluated worksheet 'hello.worksheet.sc' in 0.26s
Jan 06, 2024 3:24:52 PM org.eclipse.lsp4j.jsonrpc.RemoteEndpoint handleCancellation
WARNING: Unmatched cancel notification for request id 1207
2024.01.06 15:24:53 WARN  no build target for: /Users/maxon462/Desktop/Paradygmaty/lab6/Scala/helloscala/src/main/scala/hello.worksheet.sc
[31merror[39m: Scala/helloscala/src/main/scala/hello.worksheet.sc:15:51: 
Found:    Unit
Required: List[Int]
  def skipD(n: Int, acc: List[Int]) : List[Int] = { 
                                                  ^
2024.01.06 15:24:54 INFO  time: evaluated worksheet 'hello.worksheet.sc' in 0.23s
2024.01.06 15:24:54 WARN  no build target for: /Users/maxon462/Desktop/Paradygmaty/lab6/Scala/helloscala/src/main/scala/hello.worksheet.sc
[31merror[39m: Scala/helloscala/src/main/scala/hello.worksheet.sc:15:51: 
Found:    Unit
Required: List[Int]
  def skipD(n: Int, acc: List[Int]) : List[Int] = { 
                                                  ^
2024.01.06 15:24:55 INFO  time: evaluated worksheet 'hello.worksheet.sc' in 0.15s
2024.01.06 15:25:45 WARN  no build target for: /Users/maxon462/Desktop/Paradygmaty/lab6/Scala/helloscala/src/main/scala/hello.worksheet.sc
[31merror[39m: Scala/helloscala/src/main/scala/hello.worksheet.sc:16:8: illegal start of simple expression
    if()
       ^
2024.01.06 15:25:46 INFO  time: evaluated worksheet 'hello.worksheet.sc' in 0.89s
2024.01.06 15:25:49 WARN  no build target for: /Users/maxon462/Desktop/Paradygmaty/lab6/Scala/helloscala/src/main/scala/hello.worksheet.sc
[31merror[39m: Scala/helloscala/src/main/scala/hello.worksheet.sc:17:3: illegal start of simple expression
  }
  ^
2024.01.06 15:25:49 INFO  time: evaluated worksheet 'hello.worksheet.sc' in 0.41s
2024.01.06 15:25:50 WARN  no build target for: /Users/maxon462/Desktop/Paradygmaty/lab6/Scala/helloscala/src/main/scala/hello.worksheet.sc
[31merror[39m: Scala/helloscala/src/main/scala/hello.worksheet.sc:17:3: illegal start of simple expression
  }
  ^
2024.01.06 15:25:50 INFO  time: evaluated worksheet 'hello.worksheet.sc' in 0.2s
2024.01.06 15:25:56 WARN  no build target for: /Users/maxon462/Desktop/Paradygmaty/lab6/Scala/helloscala/src/main/scala/hello.worksheet.sc
[31merror[39m: Scala/helloscala/src/main/scala/hello.worksheet.sc:16:20: 
expression expected but '}' found
    if(n!=0) acc :: 
                   ^
2024.01.06 15:25:56 INFO  time: evaluated worksheet 'hello.worksheet.sc' in 0.67s
2024.01.06 15:25:59 WARN  no build target for: /Users/maxon462/Desktop/Paradygmaty/lab6/Scala/helloscala/src/main/scala/hello.worksheet.sc
[31merror[39m: Scala/helloscala/src/main/scala/hello.worksheet.sc:16:21: 
Not found: ski
    if(n!=0) acc :: ski
                    ^^^
2024.01.06 15:25:59 INFO  time: evaluated worksheet 'hello.worksheet.sc' in 0.19s
2024.01.06 15:26:09 WARN  no build target for: /Users/maxon462/Desktop/Paradygmaty/lab6/Scala/helloscala/src/main/scala/hello.worksheet.sc
[31merror[39m: Scala/helloscala/src/main/scala/hello.worksheet.sc:16:21: 
missing argument for parameter n of method skipponacciDeclaracci in class MdocApp: (n: Int, m: Int): Int
    if(n!=0) acc :: skipponacciDeclaracci()
                    ^^^^^^^^^^^^^^^^^^^^^^^
2024.01.06 15:26:09 INFO  time: evaluated worksheet 'hello.worksheet.sc' in 0.47s
2024.01.06 15:26:44 WARN  no build target for: /Users/maxon462/Desktop/Paradygmaty/lab6/Scala/helloscala/src/main/scala/hello.worksheet.sc
[31merror[39m: Scala/helloscala/src/main/scala/hello.worksheet.sc:15:31: identifier expected but : found
  def skipD(n: Int, m: Int acc: List[Int]) : List[Int] = { 
                              ^
2024.01.06 15:26:44 INFO  time: evaluated worksheet 'hello.worksheet.sc' in 0.74s
2024.01.06 15:26:46 WARN  no build target for: /Users/maxon462/Desktop/Paradygmaty/lab6/Scala/helloscala/src/main/scala/hello.worksheet.sc
[31merror[39m: Scala/helloscala/src/main/scala/hello.worksheet.sc:16:21: 
missing argument for parameter n of method skipponacciDeclaracci in class MdocApp: (n: Int, m: Int): Int
    if(n!=0) acc :: skipponacciDeclaracci()
                    ^^^^^^^^^^^^^^^^^^^^^^^
2024.01.06 15:26:46 INFO  time: evaluated worksheet 'hello.worksheet.sc' in 0.37s
2024.01.06 15:26:52 WARN  no build target for: /Users/maxon462/Desktop/Paradygmaty/lab6/Scala/helloscala/src/main/scala/hello.worksheet.sc
[31merror[39m: Scala/helloscala/src/main/scala/hello.worksheet.sc:16:18: 
value :: is not a member of Int
    if(n!=0) acc :: skipponacciDeclaracci(n,m)
                 ^^^^^^^^^^^^^^^^^^^^^^^^^^^^^
2024.01.06 15:26:52 INFO  time: evaluated worksheet 'hello.worksheet.sc' in 0.17s
2024.01.06 15:27:08 WARN  no build target for: /Users/maxon462/Desktop/Paradygmaty/lab6/Scala/helloscala/src/main/scala/hello.worksheet.sc
[31merror[39m: Scala/helloscala/src/main/scala/hello.worksheet.sc:16:21: 
Not found: ListskipponacciDeclaracci
    if(n!=0) acc :: ListskipponacciDeclaracci(n,m)
                    ^^^^^^^^^^^^^^^^^^^^^^^^^
2024.01.06 15:27:09 INFO  time: evaluated worksheet 'hello.worksheet.sc' in 0.86s
2024.01.06 15:27:09 WARN  no build target for: /Users/maxon462/Desktop/Paradygmaty/lab6/Scala/helloscala/src/main/scala/hello.worksheet.sc
[31merror[39m: Scala/helloscala/src/main/scala/hello.worksheet.sc:17:3: ) expected but } found
  }
  ^
2024.01.06 15:27:10 INFO  time: evaluated worksheet 'hello.worksheet.sc' in 0.82s
2024.01.06 15:27:10 INFO  time: code lens generation in 1.94s
2024.01.06 15:27:11 WARN  no build target for: /Users/maxon462/Desktop/Paradygmaty/lab6/Scala/helloscala/src/main/scala/hello.worksheet.sc
[31merror[39m: Scala/helloscala/src/main/scala/hello.worksheet.sc:16:5: 
Found:    Unit
Required: List[Int]
Maybe you are missing an else part for the conditional?
    if(n!=0) acc :: List(skipponacciDeclaracci(n,m))
    ^^^^^^^^^^^^^^^^^^^^^^^^^^^^^^^^^^^^^^^^^^^^^^^^
2024.01.06 15:27:12 INFO  time: evaluated worksheet 'hello.worksheet.sc' in 0.4s
2024.01.06 15:27:23 WARN  no build target for: /Users/maxon462/Desktop/Paradygmaty/lab6/Scala/helloscala/src/main/scala/hello.worksheet.sc
[31merror[39m: Scala/helloscala/src/main/scala/hello.worksheet.sc:16:14: 
Found:    (acc : List[Int])
Required: Int
    if(n!=0) acc :: List(skipponacciDeclaracci(n,m))
             ^^^
2024.01.06 15:27:23 INFO  time: evaluated worksheet 'hello.worksheet.sc' in 0.49s
Jan 06, 2024 3:27:41 PM org.eclipse.lsp4j.jsonrpc.RemoteEndpoint handleCancellation
WARNING: Unmatched cancel notification for request id 1476
2024.01.06 15:27:41 WARN  no build target for: /Users/maxon462/Desktop/Paradygmaty/lab6/Scala/helloscala/src/main/scala/hello.worksheet.scJan 06, 2024 3:27:41 PM org.eclipse.lsp4j.jsonrpc.RemoteEndpoint handleCancellation
WARNING: Unmatched cancel notification for request id 1479

[31merror[39m: Scala/helloscala/src/main/scala/hello.worksheet.sc:16:14: 
Found:    List[Int]
Required: Int
    if(n!=0) List(skipponacciDeclaracci(n,m)) :: List(skipponacciDeclaracci(n,m))
             ^^^^^^^^^^^^^^^^^^^^^^^^^^^^^^^^
2024.01.06 15:27:42 INFO  time: evaluated worksheet 'hello.worksheet.sc' in 1.36s
2024.01.06 15:27:42 INFO  time: code lens generation in 1.5s
2024.01.06 15:27:43 WARN  no build target for: /Users/maxon462/Desktop/Paradygmaty/lab6/Scala/helloscala/src/main/scala/hello.worksheet.sc
[31merror[39m: Scala/helloscala/src/main/scala/hello.worksheet.sc:16:14: 
Found:    List[Int]
Required: Int
    if(n!=0) List(skipponacciDeclaracci(n,m)) :: acc
             ^^^^^^^^^^^^^^^^^^^^^^^^^^^^^^^^
2024.01.06 15:27:43 INFO  time: evaluated worksheet 'hello.worksheet.sc' in 0.48s
2024.01.06 15:27:44 INFO  time: code lens generation in 3.32s
2024.01.06 15:27:44 INFO  time: code lens generation in 1.17s
2024.01.06 15:27:44 INFO  time: code lens generation in 1.77s
2024.01.06 15:27:49 WARN  no build target for: /Users/maxon462/Desktop/Paradygmaty/lab6/Scala/helloscala/src/main/scala/hello.worksheet.sc
[31merror[39m: Scala/helloscala/src/main/scala/hello.worksheet.sc:17:5: ) expected but else found
    else acc
    ^^^^
2024.01.06 15:27:49 INFO  time: evaluated worksheet 'hello.worksheet.sc' in 0.59s
2024.01.06 15:27:52 WARN  no build target for: /Users/maxon462/Desktop/Paradygmaty/lab6/Scala/helloscala/src/main/scala/hello.worksheet.sc
2024.01.06 15:27:53 INFO  time: evaluated worksheet 'hello.worksheet.sc' in 0.85s
2024.01.06 15:28:19 WARN  no build target for: /Users/maxon462/Desktop/Paradygmaty/lab6/Scala/helloscala/src/main/scala/hello.worksheet.sc
[31merror[39m: Scala/helloscala/src/main/scala/hello.worksheet.sc:16:5: 
Found:    Unit
Required: List[Int]
Maybe you are missing an else part for the conditional?
    if(n!=0) skipponacciDeclaracci(n,m) :: acc
    ^^^^^^^^^^^^^^^^^^^^^^^^^^^^^^^^^^^^^^^^^^
2024.01.06 15:28:19 INFO  time: evaluated worksheet 'hello.worksheet.sc' in 0.23s
2024.01.06 15:28:24 WARN  no build target for: /Users/maxon462/Desktop/Paradygmaty/lab6/Scala/helloscala/src/main/scala/hello.worksheet.sc
[31merror[39m: Scala/helloscala/src/main/scala/hello.worksheet.sc:16:13: 
value skipponacciDeclaracci is not a member of Unit
    if(n!=0){} skipponacciDeclaracci(n,m) :: acc
            ^^^^^^^^^^^^^^^^^^^^^^^^
2024.01.06 15:28:24 INFO  time: evaluated worksheet 'hello.worksheet.sc' in 0.46s
2024.01.06 15:28:25 WARN  no build target for: /Users/maxon462/Desktop/Paradygmaty/lab6/Scala/helloscala/src/main/scala/hello.worksheet.sc
[31merror[39m: Scala/helloscala/src/main/scala/hello.worksheet.sc:32:1: } expected but end of file found

^
2024.01.06 15:28:26 INFO  time: evaluated worksheet 'hello.worksheet.sc' in 0.38s
2024.01.06 15:28:30 WARN  no build target for: /Users/maxon462/Desktop/Paradygmaty/lab6/Scala/helloscala/src/main/scala/hello.worksheet.sc
[31merror[39m: Scala/helloscala/src/main/scala/hello.worksheet.sc:33:1: } expected but end of file found

^
2024.01.06 15:28:31 INFO  time: evaluated worksheet 'hello.worksheet.sc' in 0.99s
2024.01.06 15:28:31 WARN  no build target for: /Users/maxon462/Desktop/Paradygmaty/lab6/Scala/helloscala/src/main/scala/hello.worksheet.sc
[31merror[39m: Scala/helloscala/src/main/scala/hello.worksheet.sc:33:1: } expected but end of file found

^
2024.01.06 15:28:31 INFO  time: evaluated worksheet 'hello.worksheet.sc' in 0.43s
2024.01.06 15:28:33 WARN  no build target for: /Users/maxon462/Desktop/Paradygmaty/lab6/Scala/helloscala/src/main/scala/hello.worksheet.sc
[31merror[39m: Scala/helloscala/src/main/scala/hello.worksheet.sc:33:1: } expected but end of file found

^
2024.01.06 15:28:33 INFO  time: evaluated worksheet 'hello.worksheet.sc' in 0.26s
2024.01.06 15:28:36 WARN  no build target for: /Users/maxon462/Desktop/Paradygmaty/lab6/Scala/helloscala/src/main/scala/hello.worksheet.sc
[31merror[39m: Scala/helloscala/src/main/scala/hello.worksheet.sc:33:1: } expected but end of file found

^
2024.01.06 15:28:36 INFO  time: evaluated worksheet 'hello.worksheet.sc' in 0.66s
2024.01.06 15:28:38 WARN  no build target for: /Users/maxon462/Desktop/Paradygmaty/lab6/Scala/helloscala/src/main/scala/hello.worksheet.sc
[31merror[39m: Scala/helloscala/src/main/scala/hello.worksheet.sc:18:19: illegal start of simple expression
       skipD(n, m,)
                  ^
2024.01.06 15:28:38 INFO  time: evaluated worksheet 'hello.worksheet.sc' in 0.23s
2024.01.06 15:28:39 WARN  no build target for: /Users/maxon462/Desktop/Paradygmaty/lab6/Scala/helloscala/src/main/scala/hello.worksheet.sc
[31merror[39m: Scala/helloscala/src/main/scala/hello.worksheet.sc:18:20: illegal start of simple expression
       skipD(n, m, )
                   ^
2024.01.06 15:28:40 INFO  time: evaluated worksheet 'hello.worksheet.sc' in 0.25s
2024.01.06 15:28:41 WARN  no build target for: /Users/maxon462/Desktop/Paradygmaty/lab6/Scala/helloscala/src/main/scala/hello.worksheet.sc
[31merror[39m: Scala/helloscala/src/main/scala/hello.worksheet.sc:33:1: } expected but end of file found

^
2024.01.06 15:28:42 INFO  time: evaluated worksheet 'hello.worksheet.sc' in 0.73s
2024.01.06 15:28:45 WARN  no build target for: /Users/maxon462/Desktop/Paradygmaty/lab6/Scala/helloscala/src/main/scala/hello.worksheet.sc
[31merror[39m: Scala/helloscala/src/main/scala/hello.worksheet.sc:33:1: } expected but end of file found

^
2024.01.06 15:28:45 INFO  time: evaluated worksheet 'hello.worksheet.sc' in 0.43s
2024.01.06 15:28:47 WARN  no build target for: /Users/maxon462/Desktop/Paradygmaty/lab6/Scala/helloscala/src/main/scala/hello.worksheet.sc
[31merror[39m: Scala/helloscala/src/main/scala/hello.worksheet.sc:34:1: } expected but end of file found

^
2024.01.06 15:28:48 INFO  time: evaluated worksheet 'hello.worksheet.sc' in 0.97s
2024.01.06 15:28:48 WARN  no build target for: /Users/maxon462/Desktop/Paradygmaty/lab6/Scala/helloscala/src/main/scala/hello.worksheet.sc
[31merror[39m: Scala/helloscala/src/main/scala/hello.worksheet.sc:16:5: 
Found:    Unit
Required: List[Int]
Maybe you are missing an else part for the conditional?
    if(n!=0){
    ^
2024.01.06 15:28:48 INFO  time: evaluated worksheet 'hello.worksheet.sc' in 0.3s
2024.01.06 15:28:50 WARN  no build target for: /Users/maxon462/Desktop/Paradygmaty/lab6/Scala/helloscala/src/main/scala/hello.worksheet.sc
[31merror[39m: Scala/helloscala/src/main/scala/hello.worksheet.sc:21:3: illegal start of simple expression
  }
  ^
2024.01.06 15:28:50 INFO  time: evaluated worksheet 'hello.worksheet.sc' in 0.18s
2024.01.06 15:28:53 WARN  no build target for: /Users/maxon462/Desktop/Paradygmaty/lab6/Scala/helloscala/src/main/scala/hello.worksheet.sc
2024.01.06 15:28:54 INFO  time: evaluated worksheet 'hello.worksheet.sc' in 0.73s
2024.01.06 15:29:08 WARN  no build target for: /Users/maxon462/Desktop/Paradygmaty/lab6/Scala/helloscala/src/main/scala/hello.worksheet.sc
2024.01.06 15:29:09 INFO  time: evaluated worksheet 'hello.worksheet.sc' in 0.64s
2024.01.06 15:29:16 WARN  no build target for: /Users/maxon462/Desktop/Paradygmaty/lab6/Scala/helloscala/src/main/scala/hello.worksheet.sc
[31merror[39m: Scala/helloscala/src/main/scala/hello.worksheet.sc:22:3: 
missing argument for parameter n of method skipD: (n: Int, m: Int, acc: List[Int]): List[Int]
  skipD()
  ^^^^^^^
2024.01.06 15:29:16 INFO  time: evaluated worksheet 'hello.worksheet.sc' in 0.46s
2024.01.06 15:29:19 WARN  no build target for: /Users/maxon462/Desktop/Paradygmaty/lab6/Scala/helloscala/src/main/scala/hello.worksheet.sc
[31merror[39m: Scala/helloscala/src/main/scala/hello.worksheet.sc:22:3: 
missing argument for parameter m of method skipD: (n: Int, m: Int, acc: List[Int]): List[Int]
  skipD(n)
  ^^^^^^^^
2024.01.06 15:29:19 INFO  time: evaluated worksheet 'hello.worksheet.sc' in 0.14s
2024.01.06 15:29:23 WARN  no build target for: /Users/maxon462/Desktop/Paradygmaty/lab6/Scala/helloscala/src/main/scala/hello.worksheet.sc
[31merror[39m: Scala/helloscala/src/main/scala/hello.worksheet.sc:22:3: 
Found:    List[Int]
Required: Int
  skipD(n, m, Nil)
  ^^^^^^^^^^^^^^^^
2024.01.06 15:29:24 INFO  time: evaluated worksheet 'hello.worksheet.sc' in 0.48s
2024.01.06 15:30:50 WARN  no build target for: /Users/maxon462/Desktop/Paradygmaty/lab6/Scala/helloscala/src/main/scala/hello.worksheet.sc
2024.01.06 15:30:50 WARN  no build target for: /Users/maxon462/Desktop/Paradygmaty/lab6/Scala/helloscala/src/main/scala/hello.worksheet.sc
[31merror[39m: Scala/helloscala/src/main/scala/hello.worksheet.sc:22:3: 
Found:    List[Int]
Required: Int
  skipD(n, m, Nil)
  ^^^^^^^^^^^^^^^^
2024.01.06 15:30:51 INFO  time: evaluated worksheet 'hello.worksheet.sc' in 0.17s
[31merror[39m: Scala/helloscala/src/main/scala/hello.worksheet.sc:22:3: 
Found:    List[Int]
Required: Int
  skipD(n, m, Nil)
  ^^^^^^^^^^^^^^^^
2024.01.06 15:30:51 INFO  time: evaluated worksheet 'hello.worksheet.sc' in 0.22s
2024.01.06 15:32:11 WARN  no build target for: /Users/maxon462/Desktop/Paradygmaty/lab6/Scala/helloscala/src/main/scala/hello.worksheet.sc
2024.01.06 15:32:12 INFO  time: evaluated worksheet 'hello.worksheet.sc' in 0.46s
2024.01.06 15:32:42 WARN  no build target for: /Users/maxon462/Desktop/Paradygmaty/lab6/Scala/helloscala/src/main/scala/hello.worksheet.sc
2024.01.06 15:32:42 INFO  time: evaluated worksheet 'hello.worksheet.sc' in 0.31s
2024.01.06 15:34:02 WARN  no build target for: /Users/maxon462/Desktop/Paradygmaty/lab6/Scala/helloscala/src/main/scala/hello.worksheet.sc
[31merror[39m: Scala/helloscala/src/main/scala/hello.worksheet.sc:4:5: ) expected but else found
    else fib(n - 1) + fib(n - 2)
    ^^^^
2024.01.06 15:34:02 INFO  time: evaluated worksheet 'hello.worksheet.sc' in 0.22s
2024.01.06 15:34:06 ERROR Failed to tokenize input for semantic tokens for /Users/maxon462/Desktop/Paradygmaty/lab6/Scala/helloscala/src/main/scala/hello.worksheet.sc
scala.meta.tokenizers.TokenizeException: <input>:4: error: unclosed quoted identifier
      if (n <2) `1
                ^
	at scala.meta.internal.tokenizers.Reporter.syntaxError(Reporter.scala:23)
	at scala.meta.internal.tokenizers.Reporter.syntaxError$(Reporter.scala:23)
	at scala.meta.internal.tokenizers.Reporter$$anon$1.syntaxError(Reporter.scala:33)
	at scala.meta.internal.tokenizers.Reporter.syntaxError(Reporter.scala:25)
	at scala.meta.internal.tokenizers.Reporter.syntaxError$(Reporter.scala:25)
	at scala.meta.internal.tokenizers.Reporter$$anon$1.syntaxError(Reporter.scala:33)
	at scala.meta.internal.tokenizers.LegacyScanner.getBackquotedIdent(LegacyScanner.scala:489)
	at scala.meta.internal.tokenizers.LegacyScanner.fetchToken(LegacyScanner.scala:337)
	at scala.meta.internal.tokenizers.LegacyScanner.nextToken(LegacyScanner.scala:211)
	at scala.meta.internal.tokenizers.LegacyScanner.foreach(LegacyScanner.scala:1011)
	at scala.meta.internal.tokenizers.ScalametaTokenizer.uncachedTokenize(ScalametaTokenizer.scala:24)
	at scala.meta.internal.tokenizers.ScalametaTokenizer.$anonfun$tokenize$1(ScalametaTokenizer.scala:17)
	at scala.collection.concurrent.TrieMap.getOrElseUpdate(TrieMap.scala:962)
	at scala.meta.internal.tokenizers.ScalametaTokenizer.tokenize(ScalametaTokenizer.scala:17)
	at scala.meta.internal.tokenizers.ScalametaTokenizer$$anon$2.apply(ScalametaTokenizer.scala:332)
	at scala.meta.tokenizers.Api$XtensionTokenizeDialectInput.tokenize(Api.scala:25)
	at scala.meta.tokenizers.Api$XtensionTokenizeInputLike.tokenize(Api.scala:14)
	at scala.meta.internal.metals.SemanticTokensProvider$.getTokens(SemanticTokensProvider.scala:28)
	at scala.meta.internal.metals.SemanticTokensProvider$.provide(SemanticTokensProvider.scala:89)
	at scala.meta.internal.metals.Compilers.$anonfun$semanticTokens$3(Compilers.scala:541)
	at scala.concurrent.impl.Promise$Transformation.run(Promise.scala:467)
	at java.util.concurrent.ThreadPoolExecutor.runWorker(ThreadPoolExecutor.java:1136)
	at java.util.concurrent.ThreadPoolExecutor$Worker.run(ThreadPoolExecutor.java:635)
	at java.lang.Thread.run(Thread.java:833)

2024.01.06 15:34:07 WARN  no build target for: /Users/maxon462/Desktop/Paradygmaty/lab6/Scala/helloscala/src/main/scala/hello.worksheet.sc
2024.01.06 15:34:08 INFO  time: evaluated worksheet 'hello.worksheet.sc' in 0.74s
2024.01.06 15:34:16 WARN  no build target for: /Users/maxon462/Desktop/Paradygmaty/lab6/Scala/helloscala/src/main/scala/hello.worksheet.sc
2024.01.06 15:34:16 INFO  time: evaluated worksheet 'hello.worksheet.sc' in 0.74s
2024.01.06 15:37:58 WARN  no build target for: /Users/maxon462/Desktop/Paradygmaty/lab6/Scala/helloscala/src/main/scala/hello.worksheet.sc
2024.01.06 15:37:58 INFO  time: evaluated worksheet 'hello.worksheet.sc' in 0.76s
2024.01.06 15:38:30 WARN  no build target for: /Users/maxon462/Desktop/Paradygmaty/lab6/Scala/helloscala/src/main/scala/hello.worksheet.sc
2024.01.06 15:38:30 INFO  time: evaluated worksheet 'hello.worksheet.sc' in 0.65s
2024.01.06 16:06:56 WARN  no build target for: /Users/maxon462/Desktop/Paradygmaty/lab6/Scala/helloscala/src/main/scala/hello.worksheet.sc
2024.01.06 16:06:57 INFO  time: evaluated worksheet 'hello.worksheet.sc' in 1.32s
2024.01.06 16:18:32 WARN  no build target for: /Users/maxon462/Desktop/Paradygmaty/lab6/Scala/helloscala/src/main/scala/hello.worksheet.sc
[31merror[39m: Scala/helloscala/src/main/scala/hello.worksheet.sc:46:16: 
Not found: fib
      result = fib(currentN)
               ^^^
[31merror[39m: Scala/helloscala/src/main/scala/hello.worksheet.sc:81:5: 
Double definition:
val result1: List[Int] in class MdocApp at line 31 and
val result1: List[Int] in class MdocApp at line 84

val result1 = skipponacciImperacci(5, 2)
    ^
2024.01.06 16:18:32 INFO  time: evaluated worksheet 'hello.worksheet.sc' in 0.86s
2024.01.06 16:18:40 WARN  no build target for: /Users/maxon462/Desktop/Paradygmaty/lab6/Scala/helloscala/src/main/scala/hello.worksheet.sc
[31merror[39m: Scala/helloscala/src/main/scala/hello.worksheet.sc:46:16: 
Not found: fib
      result = fib(currentN)
               ^^^
2024.01.06 16:18:41 INFO  time: evaluated worksheet 'hello.worksheet.sc' in 0.58s
2024.01.06 16:19:05 WARN  no build target for: /Users/maxon462/Desktop/Paradygmaty/lab6/Scala/helloscala/src/main/scala/hello.worksheet.sc
2024.01.06 16:19:06 INFO  time: evaluated worksheet 'hello.worksheet.sc' in 1.15s
2024.01.06 16:25:32 WARN  no build target for: /Users/maxon462/Desktop/Paradygmaty/lab6/Scala/helloscala/src/main/scala/hello.worksheet.sc
[31merror[39m: Scala/helloscala/src/main/scala/hello.worksheet.sc:78:1: end of file expected but } found
}
^
2024.01.06 16:25:32 INFO  time: evaluated worksheet 'hello.worksheet.sc' in 0.68s
2024.01.06 16:25:42 WARN  no build target for: /Users/maxon462/Desktop/Paradygmaty/lab6/Scala/helloscala/src/main/scala/hello.worksheet.sc
2024.01.06 16:25:43 INFO  time: evaluated worksheet 'hello.worksheet.sc' in 0.57s
2024.01.06 16:25:45 WARN  no build target for: /Users/maxon462/Desktop/Paradygmaty/lab6/Scala/helloscala/src/main/scala/hello.worksheet.sc
[33mwarning[39m: 
hello.worksheet.sc:75 (mdoc generated code) 
 Line is indented too far to the left, or a `}` is missing
          currentM -= 1


2024.01.06 16:25:46 INFO  time: evaluated worksheet 'hello.worksheet.sc' in 0.5s
2024.01.06 16:25:48 WARN  no build target for: /Users/maxon462/Desktop/Paradygmaty/lab6/Scala/helloscala/src/main/scala/hello.worksheet.sc
2024.01.06 16:25:49 INFO  time: evaluated worksheet 'hello.worksheet.sc' in 0.85s
2024.01.06 16:25:55 WARN  no build target for: /Users/maxon462/Desktop/Paradygmaty/lab6/Scala/helloscala/src/main/scala/hello.worksheet.sc
2024.01.06 16:26:24 INFO  time: evaluated worksheet 'hello.worksheet.sc' in 29s
2024.01.06 16:30:26 WARN  no build target for: /Users/maxon462/Desktop/Paradygmaty/lab6/Scala/helloscala/src/main/scala/hello.worksheet.sc
2024.01.06 16:30:27 INFO  time: evaluated worksheet 'hello.worksheet.sc' in 1.26s
2024.01.06 16:32:22 WARN  no build target for: /Users/maxon462/Desktop/Paradygmaty/lab6/Scala/helloscala/src/main/scala/hello.worksheet.sc
[31merror[39m: Scala/helloscala/src/main/scala/hello.worksheet.sc:78:1: end of file expected but } found
}
^
2024.01.06 16:32:22 INFO  time: evaluated worksheet 'hello.worksheet.sc' in 0.56s
2024.01.06 16:32:24 WARN  no build target for: /Users/maxon462/Desktop/Paradygmaty/lab6/Scala/helloscala/src/main/scala/hello.worksheet.sc
2024.01.06 16:32:25 INFO  time: evaluated worksheet 'hello.worksheet.sc' in 0.91s
2024.01.06 16:32:48 WARN  no build target for: /Users/maxon462/Desktop/Paradygmaty/lab6/Scala/helloscala/src/main/scala/hello.worksheet.sc
2024.01.06 16:33:08 WARN  no build target for: /Users/maxon462/Desktop/Paradygmaty/lab6/Scala/helloscala/src/main/scala/hello.worksheet.sc
Jan 06, 2024 4:33:08 PM org.eclipse.lsp4j.jsonrpc.RemoteEndpoint handleCancellation
WARNING: Unmatched cancel notification for request id 2203
Jan 06, 2024 4:33:08 PM org.eclipse.lsp4j.jsonrpc.RemoteEndpoint handleCancellation
WARNING: Unmatched cancel notification for request id 2208
2024.01.06 16:33:08 INFO  time: evaluated worksheet 'hello.worksheet.sc' in 19s
2024.01.06 16:33:32 INFO  time: code lens generation in 20s
2024.01.06 16:33:32 WARN  no build target for: /Users/maxon462/Desktop/Paradygmaty/lab6/Scala/helloscala/src/main/scala/hello.worksheet.sc
Jan 06, 2024 4:33:32 PM org.eclipse.lsp4j.jsonrpc.RemoteEndpoint handleCancellation
WARNING: Unmatched cancel notification for request id 2229
2024.01.06 16:33:32 INFO  time: evaluated worksheet 'hello.worksheet.sc' in 24s
2024.01.06 16:33:33 WARN  no build target for: /Users/maxon462/Desktop/Paradygmaty/lab6/Scala/helloscala/src/main/scala/hello.worksheet.sc
Jan 06, 2024 4:33:33 PM org.eclipse.lsp4j.jsonrpc.RemoteEndpoint handleCancellation
WARNING: Unmatched cancel notification for request id 2234
Jan 06, 2024 4:33:33 PM org.eclipse.lsp4j.jsonrpc.RemoteEndpoint handleCancellation
WARNING: Unmatched cancel notification for request id 2235
2024.01.06 16:33:33 WARN  no build target for: /Users/maxon462/Desktop/Paradygmaty/lab6/Scala/helloscala/src/main/scala/hello.worksheet.sc
[31merror[39m: Scala/helloscala/src/main/scala/hello.worksheet.sc:72:18: 
Not found: s
      result += (s)
                 ^
2024.01.06 16:33:34 INFO  time: evaluated worksheet 'hello.worksheet.sc' in 2.03s
2024.01.06 16:33:35 INFO  time: code lens generation in 2.09s
2024.01.06 16:33:35 INFO  time: code lens generation in 2.84s
2024.01.06 16:33:35 INFO  time: code lens generation in 2.14s
2024.01.06 16:33:35 INFO  time: code lens generation in 2.2s
2024.01.06 16:33:35 INFO  time: code lens generation in 2.09s
[31merror[39m: Scala/helloscala/src/main/scala/hello.worksheet.sc:72:18: 
Not found: skipo
      result += (skipo)
                 ^^^^^
2024.01.06 16:33:35 INFO  time: evaluated worksheet 'hello.worksheet.sc' in 0.72s
[31merror[39m: Scala/helloscala/src/main/scala/hello.worksheet.sc:72:18: 
Not found: skipo
      result += (skipo)
                 ^^^^^
2024.01.06 16:33:36 INFO  time: evaluated worksheet 'hello.worksheet.sc' in 1.28s
2024.01.06 16:33:38 WARN  no build target for: /Users/maxon462/Desktop/Paradygmaty/lab6/Scala/helloscala/src/main/scala/hello.worksheet.sc
[31merror[39m: Scala/helloscala/src/main/scala/hello.worksheet.sc:72:18: 
Not found: s
      result += (s)
                 ^
2024.01.06 16:33:39 INFO  time: evaluated worksheet 'hello.worksheet.sc' in 0.48s
2024.01.06 16:33:40 WARN  no build target for: /Users/maxon462/Desktop/Paradygmaty/lab6/Scala/helloscala/src/main/scala/hello.worksheet.sc
[31merror[39m: Scala/helloscala/src/main/scala/hello.worksheet.sc:72:18: 
missing argument for parameter n of method skipponacciHelperImper in class MdocApp: (n: Int, m: Int): Int
      result += (skipponacciHelperImper())
                 ^^^^^^^^^^^^^^^^^^^^^^^^
2024.01.06 16:33:40 INFO  time: evaluated worksheet 'hello.worksheet.sc' in 0.55s
2024.01.06 16:33:42 WARN  no build target for: /Users/maxon462/Desktop/Paradygmaty/lab6/Scala/helloscala/src/main/scala/hello.worksheet.sc
[31merror[39m: Scala/helloscala/src/main/scala/hello.worksheet.sc:72:18: 
missing argument for parameter m of method skipponacciHelperImper in class MdocApp: (n: Int, m: Int): Int
      result += (skipponacciHelperImper(n))
                 ^^^^^^^^^^^^^^^^^^^^^^^^^
2024.01.06 16:33:42 INFO  time: evaluated worksheet 'hello.worksheet.sc' in 0.21s
2024.01.06 16:33:47 WARN  no build target for: /Users/maxon462/Desktop/Paradygmaty/lab6/Scala/helloscala/src/main/scala/hello.worksheet.sc
Jan 06, 2024 4:34:24 PM org.eclipse.lsp4j.jsonrpc.RemoteEndpoint handleCancellation
WARNING: Unmatched cancel notification for request id 2315
2024.01.06 16:34:25 INFO  time: evaluated worksheet 'hello.worksheet.sc' in 37s
2024.01.06 16:34:25 WARN  no build target for: /Users/maxon462/Desktop/Paradygmaty/lab6/Scala/helloscala/src/main/scala/hello.worksheet.sc
Jan 06, 2024 4:34:25 PM org.eclipse.lsp4j.jsonrpc.RemoteEndpoint handleCancellation
WARNING: Unmatched cancel notification for request id 2321
Jan 06, 2024 4:34:25 PM org.eclipse.lsp4j.jsonrpc.RemoteEndpoint handleCancellation
WARNING: Unmatched cancel notification for request id 2326
Jan 06, 2024 4:34:25 PM org.eclipse.lsp4j.jsonrpc.RemoteEndpoint handleCancellation
WARNING: Unmatched cancel notification for request id 2330
2024.01.06 16:34:25 WARN  no build target for: /Users/maxon462/Desktop/Paradygmaty/lab6/Scala/helloscala/src/main/scala/hello.worksheet.sc
2024.01.06 16:34:26 INFO  time: code lens generation in 1.27s
2024.01.06 16:34:26 INFO  time: code lens generation in 1.06s
2024.01.06 16:34:26 INFO  time: code lens generation in 1.16s
2024.01.06 16:34:26 INFO  time: code lens generation in 1.05s
2024.01.06 16:34:26 INFO  time: code lens generation in 1.04s
[31merror[39m: Scala/helloscala/src/main/scala/hello.worksheet.sc:70:10: 
Not found: cu
  while (cu != 0) {
         ^^
2024.01.06 16:34:26 INFO  time: evaluated worksheet 'hello.worksheet.sc' in 1.51s
2024.01.06 16:34:27 INFO  time: evaluated worksheet 'hello.worksheet.sc' in 0.66s
2024.01.06 16:35:40 WARN  no build target for: /Users/maxon462/Desktop/Paradygmaty/lab6/Scala/helloscala/src/main/scala/hello.worksheet.sc
[31merror[39m: Scala/helloscala/src/main/scala/hello.worksheet.sc:57:5: 
Reassignment to val n
    n = 2 * n - 1
    ^^^^^^^^^^^^^
[31merror[39m: Scala/helloscala/src/main/scala/hello.worksheet.sc:37:5: 
Double definition:
def fib(n: Int): Int in class MdocApp at line 7 and
def fib(n: Int): Int in class MdocApp at line 38
have the same type after erasure.

Consider adding a @targetName annotation to one of the conflicting definitions
for disambiguation.
def fib(n: Int): Int = {
    ^
[31merror[39m: Scala/helloscala/src/main/scala/hello.worksheet.sc:69:5: 
Double definition:
val result1: List[Int] in class MdocApp at line 34 and
val result1: List[Int] in class MdocApp at line 73

val result1 = skipponacciImperacci(3, 3)
    ^
2024.01.06 16:35:41 INFO  time: evaluated worksheet 'hello.worksheet.sc' in 0.84s
2024.01.06 16:35:54 WARN  no build target for: /Users/maxon462/Desktop/Paradygmaty/lab6/Scala/helloscala/src/main/scala/hello.worksheet.sc
[31merror[39m: Scala/helloscala/src/main/scala/hello.worksheet.sc:52:5: 
Reassignment to val n
    n = 2 * n - 1
    ^^^^^^^^^^^^^
[31merror[39m: Scala/helloscala/src/main/scala/hello.worksheet.sc:64:5: 
Double definition:
val result1: List[Int] in class MdocApp at line 34 and
val result1: List[Int] in class MdocApp at line 67

val result1 = skipponacciImperacci(3, 3)
    ^
2024.01.06 16:35:54 INFO  time: evaluated worksheet 'hello.worksheet.sc' in 0.33s
2024.01.06 16:36:00 WARN  no build target for: /Users/maxon462/Desktop/Paradygmaty/lab6/Scala/helloscala/src/main/scala/hello.worksheet.sc
[31merror[39m: Scala/helloscala/src/main/scala/hello.worksheet.sc:52:5: 
Reassignment to val n
    n = 2 * n - 1
    ^^^^^^^^^^^^^
2024.01.06 16:36:00 INFO  time: evaluated worksheet 'hello.worksheet.sc' in 0.54s
2024.01.06 16:36:01 WARN  no build target for: /Users/maxon462/Desktop/Paradygmaty/lab6/Scala/helloscala/src/main/scala/hello.worksheet.sc
[31merror[39m: Scala/helloscala/src/main/scala/hello.worksheet.sc:52:5: 
Reassignment to val n
    n = 2 * n - 1
    ^^^^^^^^^^^^^
2024.01.06 16:36:01 INFO  time: evaluated worksheet 'hello.worksheet.sc' in 0.16s
2024.01.06 16:36:26 WARN  no build target for: /Users/maxon462/Desktop/Paradygmaty/lab6/Scala/helloscala/src/main/scala/hello.worksheet.sc
[31merror[39m: Scala/helloscala/src/main/scala/hello.worksheet.sc:50:3: 
Not found: v
  v
  ^
[31merror[39m: Scala/helloscala/src/main/scala/hello.worksheet.sc:53:5: 
Reassignment to val n
    n = 2 * n - 1
    ^^^^^^^^^^^^^
2024.01.06 16:36:28 INFO  time: evaluated worksheet 'hello.worksheet.sc' in 1.26s
2024.01.06 16:36:29 WARN  no build target for: /Users/maxon462/Desktop/Paradygmaty/lab6/Scala/helloscala/src/main/scala/hello.worksheet.sc
[31merror[39m: Scala/helloscala/src/main/scala/hello.worksheet.sc:51:3: illegal start of simple pattern
  while (j > 0) {
  ^^^^^
2024.01.06 16:36:29 INFO  time: evaluated worksheet 'hello.worksheet.sc' in 0.37s
2024.01.06 16:36:31 WARN  no build target for: /Users/maxon462/Desktop/Paradygmaty/lab6/Scala/helloscala/src/main/scala/hello.worksheet.sc
[31merror[39m: Scala/helloscala/src/main/scala/hello.worksheet.sc:51:3: declaration requires a type
  while (j > 0) {
  ^^^^^
2024.01.06 16:36:31 INFO  time: evaluated worksheet 'hello.worksheet.sc' in 0.2s
2024.01.06 16:36:33 WARN  no build target for: /Users/maxon462/Desktop/Paradygmaty/lab6/Scala/helloscala/src/main/scala/hello.worksheet.sc
[31merror[39m: Scala/helloscala/src/main/scala/hello.worksheet.sc:53:5: 
Reassignment to val n
    n = 2 * n - 1
    ^^^^^^^^^^^^^
2024.01.06 16:36:33 INFO  time: evaluated worksheet 'hello.worksheet.sc' in 0.46s
2024.01.06 16:36:35 WARN  no build target for: /Users/maxon462/Desktop/Paradygmaty/lab6/Scala/helloscala/src/main/scala/hello.worksheet.sc
[31merror[39m: Scala/helloscala/src/main/scala/hello.worksheet.sc:53:5: 
Reassignment to val n
    n = 2 * n - 1
    ^^^^^^^^^^^^^
2024.01.06 16:36:36 INFO  time: evaluated worksheet 'hello.worksheet.sc' in 0.17s
2024.01.06 16:36:39 WARN  no build target for: /Users/maxon462/Desktop/Paradygmaty/lab6/Scala/helloscala/src/main/scala/hello.worksheet.sc
2024.01.06 16:36:40 INFO  time: evaluated worksheet 'hello.worksheet.sc' in 0.76s
2024.01.06 16:36:44 WARN  no build target for: /Users/maxon462/Desktop/Paradygmaty/lab6/Scala/helloscala/src/main/scala/hello.worksheet.sc
2024.01.06 16:36:45 INFO  time: evaluated worksheet 'hello.worksheet.sc' in 0.35s
2024.01.06 16:36:49 WARN  no build target for: /Users/maxon462/Desktop/Paradygmaty/lab6/Scala/helloscala/src/main/scala/hello.worksheet.sc
2024.01.06 16:36:49 INFO  time: evaluated worksheet 'hello.worksheet.sc' in 0.78s
2024.01.06 20:29:00 WARN  no build target for: /Users/maxon462/Desktop/Paradygmaty/lab6/Scala/helloscala/src/main/scala/hello.worksheet.sc
2024.01.06 20:29:01 INFO  time: evaluated worksheet 'hello.worksheet.sc' in 1.13s
2024.01.06 20:29:04 WARN  no build target for: /Users/maxon462/Desktop/Paradygmaty/lab6/Scala/helloscala/src/main/scala/hello.worksheet.sc
[31merror[39m: Scala/helloscala/src/main/scala/hello.worksheet.sc:39:1: illegal start of simple pattern
def skipponacciImperacci(n: Int, m: Int): List[Int] = {
^^^
2024.01.06 20:29:04 INFO  time: evaluated worksheet 'hello.worksheet.sc' in 0.32s
2024.01.06 20:29:05 WARN  no build target for: /Users/maxon462/Desktop/Paradygmaty/lab6/Scala/helloscala/src/main/scala/hello.worksheet.sc
[31merror[39m: Scala/helloscala/src/main/scala/hello.worksheet.sc:39:1: illegal start of simple pattern
def skipponacciImperacci(n: Int, m: Int): List[Int] = {
^^^
2024.01.06 20:29:06 INFO  time: evaluated worksheet 'hello.worksheet.sc' in 0.57s
2024.01.06 20:29:10 WARN  no build target for: /Users/maxon462/Desktop/Paradygmaty/lab6/Scala/helloscala/src/main/scala/hello.worksheet.sc
2024.01.06 20:29:11 INFO  time: evaluated worksheet 'hello.worksheet.sc' in 0.44s
2024.01.06 20:29:17 WARN  no build target for: /Users/maxon462/Desktop/Paradygmaty/lab6/Scala/helloscala/src/main/scala/hello.worksheet.sc
2024.01.06 20:29:18 INFO  time: evaluated worksheet 'hello.worksheet.sc' in 0.79s
2024.01.06 20:29:21 WARN  no build target for: /Users/maxon462/Desktop/Paradygmaty/lab6/Scala/helloscala/src/main/scala/hello.worksheet.sc
[31merror[39m: Scala/helloscala/src/main/scala/hello.worksheet.sc:41:3: declaration requires a type
  var result = List[Int]()
  ^^^
2024.01.06 20:29:22 INFO  time: evaluated worksheet 'hello.worksheet.sc' in 0.54s
2024.01.06 20:29:25 WARN  no build target for: /Users/maxon462/Desktop/Paradygmaty/lab6/Scala/helloscala/src/main/scala/hello.worksheet.sc
[31merror[39m: Scala/helloscala/src/main/scala/hello.worksheet.sc:40:22: identifier expected but ] found
  val result : Array[]
                     ^
2024.01.06 20:29:25 INFO  time: evaluated worksheet 'hello.worksheet.sc' in 0.7s
2024.01.06 20:29:26 WARN  no build target for: /Users/maxon462/Desktop/Paradygmaty/lab6/Scala/helloscala/src/main/scala/hello.worksheet.sc
[31merror[39m: Scala/helloscala/src/main/scala/hello.worksheet.sc:41:3: 
result is already defined as value result

Note that overloaded methods must all be defined in the same group of toplevel definitions
  var result = List[Int]()
  ^^^^^^^^^^^^^^^^^^^^^^^^
[31merror[39m: Scala/helloscala/src/main/scala/hello.worksheet.sc:40:7: 
Declaration of value result not allowed here: only classes can have declared but undefined members
  val result : Array[Int]
      ^
[31merror[39m: Scala/helloscala/src/main/scala/hello.worksheet.sc:44:5: 
Reassignment to val result
    result = skipponacciHelper(i, m) :: result
    ^^^^^^^^^^^^^^^^^^^^^^^^^^^^^^^^^^^^^^^^^^
[31merror[39m: Scala/helloscala/src/main/scala/hello.worksheet.sc:47:3: 
Found:    Array[Int]
Required: List[Int]
  result.reverse
  ^^^^^^^^^^^^^^
2024.01.06 20:29:27 INFO  time: evaluated worksheet 'hello.worksheet.sc' in 0.64s
2024.01.06 20:29:28 WARN  no build target for: /Users/maxon462/Desktop/Paradygmaty/lab6/Scala/helloscala/src/main/scala/hello.worksheet.sc
[31merror[39m: Scala/helloscala/src/main/scala/hello.worksheet.sc:40:26: ; expected but ( found
  val result : Array[Int]()
                         ^
2024.01.06 20:29:29 INFO  time: evaluated worksheet 'hello.worksheet.sc' in 0.56s
2024.01.06 20:29:31 WARN  no build target for: /Users/maxon462/Desktop/Paradygmaty/lab6/Scala/helloscala/src/main/scala/hello.worksheet.sc
[31merror[39m: Scala/helloscala/src/main/scala/hello.worksheet.sc:40:26: ; expected but ( found
  val result : Array[Int](n)
                         ^
2024.01.06 20:29:31 INFO  time: evaluated worksheet 'hello.worksheet.sc' in 0.18s
2024.01.06 20:29:46 WARN  no build target for: /Users/maxon462/Desktop/Paradygmaty/lab6/Scala/helloscala/src/main/scala/hello.worksheet.sc
[31merror[39m: Scala/helloscala/src/main/scala/hello.worksheet.sc:41:3: 
result is already defined as value result

Note that overloaded methods must all be defined in the same group of toplevel definitions
  var result = List[Int]()
  ^^^^^^^^^^^^^^^^^^^^^^^^
[31merror[39m: Scala/helloscala/src/main/scala/hello.worksheet.sc:44:5: 
Reassignment to val result
    result = skipponacciHelper(i, m) :: result
    ^^^^^^^^^^^^^^^^^^^^^^^^^^^^^^^^^^^^^^^^^^
[31merror[39m: Scala/helloscala/src/main/scala/hello.worksheet.sc:47:3: 
Found:    Array[Int]
Required: List[Int]
  result.reverse
  ^^^^^^^^^^^^^^
2024.01.06 20:29:47 INFO  time: evaluated worksheet 'hello.worksheet.sc' in 1.19s
2024.01.06 20:29:48 WARN  no build target for: /Users/maxon462/Desktop/Paradygmaty/lab6/Scala/helloscala/src/main/scala/hello.worksheet.sc
[31merror[39m: Scala/helloscala/src/main/scala/hello.worksheet.sc:41:3: 
result is already defined as value result

Note that overloaded methods must all be defined in the same group of toplevel definitions
  var result = List[Int]()
  ^^^^^^^^^^^^^^^^^^^^^^^^
[31merror[39m: Scala/helloscala/src/main/scala/hello.worksheet.sc:44:5: 
Reassignment to val result
    result = skipponacciHelper(i, m) :: result
    ^^^^^^^^^^^^^^^^^^^^^^^^^^^^^^^^^^^^^^^^^^
[31merror[39m: Scala/helloscala/src/main/scala/hello.worksheet.sc:47:3: 
Found:    Array[Int]
Required: List[Int]
  result.reverse
  ^^^^^^^^^^^^^^
2024.01.06 20:29:48 INFO  time: evaluated worksheet 'hello.worksheet.sc' in 0.64s
2024.01.06 20:30:00 WARN  no build target for: /Users/maxon462/Desktop/Paradygmaty/lab6/Scala/helloscala/src/main/scala/hello.worksheet.sc
[31merror[39m: Scala/helloscala/src/main/scala/hello.worksheet.sc:44:5: 
Reassignment to val result
    result = skipponacciHelper(i, m) :: result
    ^^^^^^^^^^^^^^^^^^^^^^^^^^^^^^^^^^^^^^^^^^
[31merror[39m: Scala/helloscala/src/main/scala/hello.worksheet.sc:47:3: 
Found:    Array[Int]
Required: List[Int]
  result.reverse
  ^^^^^^^^^^^^^^
2024.01.06 20:30:00 INFO  time: evaluated worksheet 'hello.worksheet.sc' in 0.74s
2024.01.06 20:30:33 WARN  no build target for: /Users/maxon462/Desktop/Paradygmaty/lab6/Scala/helloscala/src/main/scala/hello.worksheet.sc
[31merror[39m: Scala/helloscala/src/main/scala/hello.worksheet.sc:63:1: } expected but end of file found

^
2024.01.06 20:30:34 INFO  time: evaluated worksheet 'hello.worksheet.sc' in 0.41s
2024.01.06 20:30:43 WARN  no build target for: /Users/maxon462/Desktop/Paradygmaty/lab6/Scala/helloscala/src/main/scala/hello.worksheet.sc
[31merror[39m: Scala/helloscala/src/main/scala/hello.worksheet.sc:40:33: 
Found:    Unit
Required: List[Int]
  val result = new Array[Int](n)
                                ^
2024.01.06 20:30:44 INFO  time: evaluated worksheet 'hello.worksheet.sc' in 0.59s
2024.01.06 20:30:46 WARN  no build target for: /Users/maxon462/Desktop/Paradygmaty/lab6/Scala/helloscala/src/main/scala/hello.worksheet.sc
[31merror[39m: Scala/helloscala/src/main/scala/hello.worksheet.sc:40:33: 
Found:    Unit
Required: List[Int]
  val result = new Array[Int](n)
                                ^
2024.01.06 20:30:47 INFO  time: evaluated worksheet 'hello.worksheet.sc' in 0.18s
2024.01.06 20:30:52 WARN  no build target for: /Users/maxon462/Desktop/Paradygmaty/lab6/Scala/helloscala/src/main/scala/hello.worksheet.sc
[31merror[39m: Scala/helloscala/src/main/scala/hello.worksheet.sc:48:1: } expected but end of file found

^
2024.01.06 20:30:52 INFO  time: evaluated worksheet 'hello.worksheet.sc' in 0.59s
2024.01.06 20:30:53 WARN  no build target for: /Users/maxon462/Desktop/Paradygmaty/lab6/Scala/helloscala/src/main/scala/hello.worksheet.sc
[31merror[39m: Scala/helloscala/src/main/scala/hello.worksheet.sc:45:2: 
Found:    Unit
Required: List[Int]
}
 ^
2024.01.06 20:30:54 INFO  time: evaluated worksheet 'hello.worksheet.sc' in 0.47s
2024.01.06 20:30:58 WARN  no build target for: /Users/maxon462/Desktop/Paradygmaty/lab6/Scala/helloscala/src/main/scala/hello.worksheet.sc
[31merror[39m: Scala/helloscala/src/main/scala/hello.worksheet.sc:47:2: 
Found:    Unit
Required: List[Int]
}
 ^
2024.01.06 20:30:59 INFO  time: evaluated worksheet 'hello.worksheet.sc' in 0.16s
2024.01.06 20:31:00 ERROR Failed to tokenize input for semantic tokens for /Users/maxon462/Desktop/Paradygmaty/lab6/Scala/helloscala/src/main/scala/hello.worksheet.sc
scala.meta.tokenizers.TokenizeException: <input>:41: error: unclosed quoted identifier
  `
  ^
	at scala.meta.internal.tokenizers.Reporter.syntaxError(Reporter.scala:23)
	at scala.meta.internal.tokenizers.Reporter.syntaxError$(Reporter.scala:23)
	at scala.meta.internal.tokenizers.Reporter$$anon$1.syntaxError(Reporter.scala:33)
	at scala.meta.internal.tokenizers.Reporter.syntaxError(Reporter.scala:25)
	at scala.meta.internal.tokenizers.Reporter.syntaxError$(Reporter.scala:25)
	at scala.meta.internal.tokenizers.Reporter$$anon$1.syntaxError(Reporter.scala:33)
	at scala.meta.internal.tokenizers.LegacyScanner.getBackquotedIdent(LegacyScanner.scala:489)
	at scala.meta.internal.tokenizers.LegacyScanner.fetchToken(LegacyScanner.scala:337)
	at scala.meta.internal.tokenizers.LegacyScanner.nextToken(LegacyScanner.scala:211)
	at scala.meta.internal.tokenizers.LegacyScanner.foreach(LegacyScanner.scala:1011)
	at scala.meta.internal.tokenizers.ScalametaTokenizer.uncachedTokenize(ScalametaTokenizer.scala:24)
	at scala.meta.internal.tokenizers.ScalametaTokenizer.$anonfun$tokenize$1(ScalametaTokenizer.scala:17)
	at scala.collection.concurrent.TrieMap.getOrElseUpdate(TrieMap.scala:962)
	at scala.meta.internal.tokenizers.ScalametaTokenizer.tokenize(ScalametaTokenizer.scala:17)
	at scala.meta.internal.tokenizers.ScalametaTokenizer$$anon$2.apply(ScalametaTokenizer.scala:332)
	at scala.meta.tokenizers.Api$XtensionTokenizeDialectInput.tokenize(Api.scala:25)
	at scala.meta.tokenizers.Api$XtensionTokenizeInputLike.tokenize(Api.scala:14)
	at scala.meta.internal.metals.SemanticTokensProvider$.getTokens(SemanticTokensProvider.scala:28)
	at scala.meta.internal.metals.SemanticTokensProvider$.provide(SemanticTokensProvider.scala:89)
	at scala.meta.internal.metals.Compilers.$anonfun$semanticTokens$3(Compilers.scala:541)
	at scala.concurrent.impl.Promise$Transformation.run(Promise.scala:467)
	at java.util.concurrent.ThreadPoolExecutor.runWorker(ThreadPoolExecutor.java:1136)
	at java.util.concurrent.ThreadPoolExecutor$Worker.run(ThreadPoolExecutor.java:635)
	at java.lang.Thread.run(Thread.java:833)

2024.01.06 20:31:00 WARN  no build target for: /Users/maxon462/Desktop/Paradygmaty/lab6/Scala/helloscala/src/main/scala/hello.worksheet.sc
[31merror[39m: Scala/helloscala/src/main/scala/hello.worksheet.sc:40:1: unclosed quoted identifier
`
^
2024.01.06 20:31:00 INFO  time: evaluated worksheet 'hello.worksheet.sc' in 0.32s
2024.01.06 20:31:01 ERROR Failed to tokenize input for semantic tokens for /Users/maxon462/Desktop/Paradygmaty/lab6/Scala/helloscala/src/main/scala/hello.worksheet.sc
scala.meta.tokenizers.TokenizeException: <input>:41: error: unclosed quoted identifier
  `
  ^
	at scala.meta.internal.tokenizers.Reporter.syntaxError(Reporter.scala:23)
	at scala.meta.internal.tokenizers.Reporter.syntaxError$(Reporter.scala:23)
	at scala.meta.internal.tokenizers.Reporter$$anon$1.syntaxError(Reporter.scala:33)
	at scala.meta.internal.tokenizers.Reporter.syntaxError(Reporter.scala:25)
	at scala.meta.internal.tokenizers.Reporter.syntaxError$(Reporter.scala:25)
	at scala.meta.internal.tokenizers.Reporter$$anon$1.syntaxError(Reporter.scala:33)
	at scala.meta.internal.tokenizers.LegacyScanner.getBackquotedIdent(LegacyScanner.scala:489)
	at scala.meta.internal.tokenizers.LegacyScanner.fetchToken(LegacyScanner.scala:337)
	at scala.meta.internal.tokenizers.LegacyScanner.nextToken(LegacyScanner.scala:211)
	at scala.meta.internal.tokenizers.LegacyScanner.foreach(LegacyScanner.scala:1011)
	at scala.meta.internal.tokenizers.ScalametaTokenizer.uncachedTokenize(ScalametaTokenizer.scala:24)
	at scala.meta.internal.tokenizers.ScalametaTokenizer.$anonfun$tokenize$1(ScalametaTokenizer.scala:17)
	at scala.collection.concurrent.TrieMap.getOrElseUpdate(TrieMap.scala:962)
	at scala.meta.internal.tokenizers.ScalametaTokenizer.tokenize(ScalametaTokenizer.scala:17)
	at scala.meta.internal.tokenizers.ScalametaTokenizer$$anon$2.apply(ScalametaTokenizer.scala:332)
	at scala.meta.tokenizers.Api$XtensionTokenizeDialectInput.tokenize(Api.scala:25)
	at scala.meta.tokenizers.Api$XtensionTokenizeInputLike.tokenize(Api.scala:14)
	at scala.meta.internal.metals.SemanticTokensProvider$.getTokens(SemanticTokensProvider.scala:28)
	at scala.meta.internal.metals.SemanticTokensProvider$.provide(SemanticTokensProvider.scala:89)
	at scala.meta.internal.metals.Compilers.$anonfun$semanticTokens$3(Compilers.scala:541)
	at scala.concurrent.impl.Promise$Transformation.run(Promise.scala:467)
	at java.util.concurrent.ThreadPoolExecutor.runWorker(ThreadPoolExecutor.java:1136)
	at java.util.concurrent.ThreadPoolExecutor$Worker.run(ThreadPoolExecutor.java:635)
	at java.lang.Thread.run(Thread.java:833)

2024.01.06 20:31:02 WARN  no build target for: /Users/maxon462/Desktop/Paradygmaty/lab6/Scala/helloscala/src/main/scala/hello.worksheet.sc
[31merror[39m: Scala/helloscala/src/main/scala/hello.worksheet.sc:47:2: 
Found:    Unit
Required: List[Int]
}
 ^
2024.01.06 20:31:03 INFO  time: evaluated worksheet 'hello.worksheet.sc' in 0.48s
2024.01.06 20:31:06 WARN  no build target for: /Users/maxon462/Desktop/Paradygmaty/lab6/Scala/helloscala/src/main/scala/hello.worksheet.sc
[31merror[39m: Scala/helloscala/src/main/scala/hello.worksheet.sc:47:2: 
Found:    Unit
Required: List[Int]
}
 ^
2024.01.06 20:31:06 INFO  time: evaluated worksheet 'hello.worksheet.sc' in 0.15s
2024.01.06 20:31:11 WARN  no build target for: /Users/maxon462/Desktop/Paradygmaty/lab6/Scala/helloscala/src/main/scala/hello.worksheet.sc
[31merror[39m: Scala/helloscala/src/main/scala/hello.worksheet.sc:39:43: 
Not found: type Arra
def skipponacciImperacci(n: Int, m: Int): Arra[Int] = {
                                          ^^^^
2024.01.06 20:31:11 INFO  time: evaluated worksheet 'hello.worksheet.sc' in 0.5s
2024.01.06 20:31:12 WARN  no build target for: /Users/maxon462/Desktop/Paradygmaty/lab6/Scala/helloscala/src/main/scala/hello.worksheet.sc
[31merror[39m: Scala/helloscala/src/main/scala/hello.worksheet.sc:47:2: 
Found:    Unit
Required: Array[Int]
}
 ^
2024.01.06 20:31:12 INFO  time: evaluated worksheet 'hello.worksheet.sc' in 0.15s
2024.01.06 20:31:18 WARN  no build target for: /Users/maxon462/Desktop/Paradygmaty/lab6/Scala/helloscala/src/main/scala/hello.worksheet.sc
2024.01.06 20:31:18 INFO  time: evaluated worksheet 'hello.worksheet.sc' in 0.86s
2024.01.06 20:31:56 WARN  no build target for: /Users/maxon462/Desktop/Paradygmaty/lab6/Scala/helloscala/src/main/scala/hello.worksheet.sc
[31merror[39m: Scala/helloscala/src/main/scala/hello.worksheet.sc:45:3: Procedure syntax is not supported. Convert procedure `result` to method by adding `: Unit =`.
  result
  ^^^^^^
2024.01.06 20:31:56 INFO  time: evaluated worksheet 'hello.worksheet.sc' in 0.54s
2024.01.06 20:32:02 WARN  no build target for: /Users/maxon462/Desktop/Paradygmaty/lab6/Scala/helloscala/src/main/scala/hello.worksheet.sc
[31merror[39m: Scala/helloscala/src/main/scala/hello.worksheet.sc:45:3: = expected but identifier found
  result
  ^^^^^^
2024.01.06 20:32:03 INFO  time: evaluated worksheet 'hello.worksheet.sc' in 0.56s
2024.01.06 20:32:04 WARN  no build target for: /Users/maxon462/Desktop/Paradygmaty/lab6/Scala/helloscala/src/main/scala/hello.worksheet.sc
[31merror[39m: Scala/helloscala/src/main/scala/hello.worksheet.sc:45:3: = expected but identifier found
  result
  ^^^^^^
2024.01.06 20:32:04 INFO  time: evaluated worksheet 'hello.worksheet.sc' in 0.17s
2024.01.06 20:32:13 WARN  no build target for: /Users/maxon462/Desktop/Paradygmaty/lab6/Scala/helloscala/src/main/scala/hello.worksheet.sc
[31merror[39m: Scala/helloscala/src/main/scala/hello.worksheet.sc:44:34: : expected but ) found
  def skipponacciHelper(n: Int ,m)
                                 ^
2024.01.06 20:32:14 INFO  time: evaluated worksheet 'hello.worksheet.sc' in 0.73s
2024.01.06 20:32:19 WARN  no build target for: /Users/maxon462/Desktop/Paradygmaty/lab6/Scala/helloscala/src/main/scala/hello.worksheet.sc
[31merror[39m: Scala/helloscala/src/main/scala/hello.worksheet.sc:45:3: = expected but identifier found
  result
  ^^^^^^
2024.01.06 20:32:20 INFO  time: evaluated worksheet 'hello.worksheet.sc' in 0.66s
2024.01.06 20:32:20 WARN  no build target for: /Users/maxon462/Desktop/Paradygmaty/lab6/Scala/helloscala/src/main/scala/hello.worksheet.sc
[31merror[39m: Scala/helloscala/src/main/scala/hello.worksheet.sc:45:3: = expected but identifier found
  result
  ^^^^^^
2024.01.06 20:32:20 INFO  time: evaluated worksheet 'hello.worksheet.sc' in 0.19s
2024.01.06 20:32:22 WARN  no build target for: /Users/maxon462/Desktop/Paradygmaty/lab6/Scala/helloscala/src/main/scala/hello.worksheet.sc
[31merror[39m: Scala/helloscala/src/main/scala/hello.worksheet.sc:45:3: 
Not found: type result
  result
  ^^^^^^
[31merror[39m: Scala/helloscala/src/main/scala/hello.worksheet.sc:44:7: 
Declaration of method skipponacciHelper not allowed here: only classes can have declared but undefined members
  def skipponacciHelper(n: Int, m: Int) :
      ^
[31merror[39m: Scala/helloscala/src/main/scala/hello.worksheet.sc:47:2: 
Found:    Unit
Required: Array[Int]
}
 ^
2024.01.06 20:32:22 INFO  time: evaluated worksheet 'hello.worksheet.sc' in 0.51s
2024.01.06 20:32:24 WARN  no build target for: /Users/maxon462/Desktop/Paradygmaty/lab6/Scala/helloscala/src/main/scala/hello.worksheet.sc
[31merror[39m: Scala/helloscala/src/main/scala/hello.worksheet.sc:45:3: 
Not found: type result
  result
  ^^^^^^
[31merror[39m: Scala/helloscala/src/main/scala/hello.worksheet.sc:44:7: 
Declaration of method skipponacciHelper not allowed here: only classes can have declared but undefined members
  def skipponacciHelper(n: Int, m: Int):
      ^
[31merror[39m: Scala/helloscala/src/main/scala/hello.worksheet.sc:47:2: 
Found:    Unit
Required: Array[Int]
}
 ^
2024.01.06 20:32:25 INFO  time: evaluated worksheet 'hello.worksheet.sc' in 0.51s
2024.01.06 20:32:27 WARN  no build target for: /Users/maxon462/Desktop/Paradygmaty/lab6/Scala/helloscala/src/main/scala/hello.worksheet.sc
[31merror[39m: Scala/helloscala/src/main/scala/hello.worksheet.sc:44:7: 
Declaration of method skipponacciHelper not allowed here: only classes can have declared but undefined members
  def skipponacciHelper(n: Int, m: Int): Int
      ^
2024.01.06 20:32:27 INFO  time: evaluated worksheet 'hello.worksheet.sc' in 0.14s
2024.01.06 20:32:28 WARN  no build target for: /Users/maxon462/Desktop/Paradygmaty/lab6/Scala/helloscala/src/main/scala/hello.worksheet.sc
[31merror[39m: Scala/helloscala/src/main/scala/hello.worksheet.sc:45:3: 
Found:    (result : Array[Int])
Required: Int
  result
  ^^^^^^
[31merror[39m: Scala/helloscala/src/main/scala/hello.worksheet.sc:47:2: 
Found:    Unit
Required: Array[Int]
}
 ^
2024.01.06 20:32:28 INFO  time: evaluated worksheet 'hello.worksheet.sc' in 0.18s
2024.01.06 20:32:30 WARN  no build target for: /Users/maxon462/Desktop/Paradygmaty/lab6/Scala/helloscala/src/main/scala/hello.worksheet.sc
[31merror[39m: Scala/helloscala/src/main/scala/hello.worksheet.sc:44:48: 
Found:    Unit
Required: Int
  def skipponacciHelper(n: Int, m: Int): Int = {
                                               ^
2024.01.06 20:32:30 INFO  time: evaluated worksheet 'hello.worksheet.sc' in 0.63s
2024.01.06 20:32:45 WARN  no build target for: /Users/maxon462/Desktop/Paradygmaty/lab6/Scala/helloscala/src/main/scala/hello.worksheet.sc
[31merror[39m: Scala/helloscala/src/main/scala/hello.worksheet.sc:45:5: 
Not found: current
    current
    ^^^^^^^
2024.01.06 20:32:46 INFO  time: evaluated worksheet 'hello.worksheet.sc' in 0.34s
2024.01.06 20:32:47 WARN  no build target for: /Users/maxon462/Desktop/Paradygmaty/lab6/Scala/helloscala/src/main/scala/hello.worksheet.sc
[31merror[39m: Scala/helloscala/src/main/scala/hello.worksheet.sc:45:5: 
Not found: currentM
    currentM = m
    ^^^^^^^^
2024.01.06 20:32:48 INFO  time: evaluated worksheet 'hello.worksheet.sc' in 0.56s
2024.01.06 20:32:48 WARN  no build target for: /Users/maxon462/Desktop/Paradygmaty/lab6/Scala/helloscala/src/main/scala/hello.worksheet.sc
[31merror[39m: Scala/helloscala/src/main/scala/hello.worksheet.sc:45:5: 
Not found: currentM
    currentM = m;
    ^^^^^^^^
2024.01.06 20:32:49 INFO  time: evaluated worksheet 'hello.worksheet.sc' in 0.24s
2024.01.06 20:32:56 WARN  no build target for: /Users/maxon462/Desktop/Paradygmaty/lab6/Scala/helloscala/src/main/scala/hello.worksheet.sc
[31merror[39m: Scala/helloscala/src/main/scala/hello.worksheet.sc:46:4: 
Found:    Unit
Required: Int
  }
   ^
2024.01.06 20:32:56 INFO  time: evaluated worksheet 'hello.worksheet.sc' in 0.14s
2024.01.06 20:33:00 WARN  no build target for: /Users/maxon462/Desktop/Paradygmaty/lab6/Scala/helloscala/src/main/scala/hello.worksheet.sc
[31merror[39m: Scala/helloscala/src/main/scala/hello.worksheet.sc:47:3: illegal start of simple pattern
  }
  ^
2024.01.06 20:33:00 INFO  time: evaluated worksheet 'hello.worksheet.sc' in 0.54s
2024.01.06 20:33:42 WARN  no build target for: /Users/maxon462/Desktop/Paradygmaty/lab6/Scala/helloscala/src/main/scala/hello.worksheet.sc
[31merror[39m: Scala/helloscala/src/main/scala/hello.worksheet.sc:47:3: declaration requires a type
  }
  ^
2024.01.06 20:33:42 INFO  time: evaluated worksheet 'hello.worksheet.sc' in 0.19s
2024.01.06 20:33:43 WARN  no build target for: /Users/maxon462/Desktop/Paradygmaty/lab6/Scala/helloscala/src/main/scala/hello.worksheet.sc
[31merror[39m: Scala/helloscala/src/main/scala/hello.worksheet.sc:47:4: 
Found:    Unit
Required: Int
  }
   ^
2024.01.06 20:33:44 INFO  time: evaluated worksheet 'hello.worksheet.sc' in 0.88s
2024.01.06 20:33:45 WARN  no build target for: /Users/maxon462/Desktop/Paradygmaty/lab6/Scala/helloscala/src/main/scala/hello.worksheet.sc
[31merror[39m: Scala/helloscala/src/main/scala/hello.worksheet.sc:48:4: 
Found:    Unit
Required: Int
  }
   ^
2024.01.06 20:33:45 INFO  time: evaluated worksheet 'hello.worksheet.sc' in 0.23s
2024.01.06 20:34:11 WARN  no build target for: /Users/maxon462/Desktop/Paradygmaty/lab6/Scala/helloscala/src/main/scala/hello.worksheet.sc
[31merror[39m: Scala/helloscala/src/main/scala/hello.worksheet.sc:48:3: illegal start of simple expression
  }
  ^
2024.01.06 20:34:11 INFO  time: evaluated worksheet 'hello.worksheet.sc' in 0.34s
2024.01.06 20:34:14 WARN  no build target for: /Users/maxon462/Desktop/Paradygmaty/lab6/Scala/helloscala/src/main/scala/hello.worksheet.sc
[31merror[39m: Scala/helloscala/src/main/scala/hello.worksheet.sc:48:3: illegal start of simple expression
  }
  ^
2024.01.06 20:34:15 INFO  time: evaluated worksheet 'hello.worksheet.sc' in 0.68s
2024.01.06 20:34:17 WARN  no build target for: /Users/maxon462/Desktop/Paradygmaty/lab6/Scala/helloscala/src/main/scala/hello.worksheet.sc
[31merror[39m: Scala/helloscala/src/main/scala/hello.worksheet.sc:47:5: 
Found:    Unit
Required: Int
    while (currentM != 1){
    ^
2024.01.06 20:34:17 INFO  time: evaluated worksheet 'hello.worksheet.sc' in 0.38s
2024.01.06 20:34:20 WARN  no build target for: /Users/maxon462/Desktop/Paradygmaty/lab6/Scala/helloscala/src/main/scala/hello.worksheet.sc
[31merror[39m: Scala/helloscala/src/main/scala/hello.worksheet.sc:48:7: 
Not found: cu
      cu
      ^^
2024.01.06 20:34:20 INFO  time: evaluated worksheet 'hello.worksheet.sc' in 0.43s
2024.01.06 20:34:24 WARN  no build target for: /Users/maxon462/Desktop/Paradygmaty/lab6/Scala/helloscala/src/main/scala/hello.worksheet.sc
[31merror[39m: Scala/helloscala/src/main/scala/hello.worksheet.sc:48:7: 
value -= is not a member of Int - did you mean currentM.!=?
      currentM -= 1
      ^^^^^^^^^^^
2024.01.06 20:34:24 INFO  time: evaluated worksheet 'hello.worksheet.sc' in 0.16s
2024.01.06 20:34:25 WARN  no build target for: /Users/maxon462/Desktop/Paradygmaty/lab6/Scala/helloscala/src/main/scala/hello.worksheet.sc
[31merror[39m: Scala/helloscala/src/main/scala/hello.worksheet.sc:48:7: 
value -= is not a member of Int - did you mean currentM.!=?
      currentM -= 1
      ^^^^^^^^^^^
2024.01.06 20:34:26 INFO  time: evaluated worksheet 'hello.worksheet.sc' in 0.59s
2024.01.06 20:34:38 WARN  no build target for: /Users/maxon462/Desktop/Paradygmaty/lab6/Scala/helloscala/src/main/scala/hello.worksheet.sc
[31merror[39m: Scala/helloscala/src/main/scala/hello.worksheet.sc:48:7: 
Reassignment to val currentM
      currentM = 1
      ^^^^^^^^^^^^
2024.01.06 20:34:38 INFO  time: evaluated worksheet 'hello.worksheet.sc' in 0.25s
2024.01.06 20:34:44 WARN  no build target for: /Users/maxon462/Desktop/Paradygmaty/lab6/Scala/helloscala/src/main/scala/hello.worksheet.sc
[31merror[39m: Scala/helloscala/src/main/scala/hello.worksheet.sc:48:7: 
value -= is not a member of Int - did you mean currentM.!=?
      currentM -= 1
      ^^^^^^^^^^^
2024.01.06 20:34:44 INFO  time: evaluated worksheet 'hello.worksheet.sc' in 0.17s
2024.01.06 20:34:58 WARN  no build target for: /Users/maxon462/Desktop/Paradygmaty/lab6/Scala/helloscala/src/main/scala/hello.worksheet.sc
[31merror[39m: Scala/helloscala/src/main/scala/hello.worksheet.sc:47:5: 
Found:    Unit
Required: Int
    while (currentM != 1){
    ^
2024.01.06 20:34:58 INFO  time: evaluated worksheet 'hello.worksheet.sc' in 0.49s
2024.01.06 20:35:14 WARN  no build target for: /Users/maxon462/Desktop/Paradygmaty/lab6/Scala/helloscala/src/main/scala/hello.worksheet.sc
[31merror[39m: Scala/helloscala/src/main/scala/hello.worksheet.sc:47:5: 
Found:    Unit
Required: Int
    while (currentM > 1){
    ^
2024.01.06 20:35:14 INFO  time: evaluated worksheet 'hello.worksheet.sc' in 0.15s
2024.01.06 20:35:16 WARN  no build target for: /Users/maxon462/Desktop/Paradygmaty/lab6/Scala/helloscala/src/main/scala/hello.worksheet.sc
[31merror[39m: Scala/helloscala/src/main/scala/hello.worksheet.sc:47:5: 
Found:    Unit
Required: Int
    while (currentM > 0){
    ^
2024.01.06 20:35:17 INFO  time: evaluated worksheet 'hello.worksheet.sc' in 0.65s
2024.01.06 20:35:21 WARN  no build target for: /Users/maxon462/Desktop/Paradygmaty/lab6/Scala/helloscala/src/main/scala/hello.worksheet.sc
[31merror[39m: Scala/helloscala/src/main/scala/hello.worksheet.sc:47:5: 
Found:    Unit
Required: Int
    while (currentM > 0){
    ^
2024.01.06 20:35:21 INFO  time: evaluated worksheet 'hello.worksheet.sc' in 0.46s
2024.01.06 20:38:19 WARN  no build target for: /Users/maxon462/Desktop/Paradygmaty/lab6/Scala/helloscala/src/main/scala/hello.worksheet.sc
[31merror[39m: Scala/helloscala/src/main/scala/hello.worksheet.sc:47:5: 
Found:    Unit
Required: Int
    while (currentM > 0){
    ^
2024.01.06 20:38:19 INFO  time: evaluated worksheet 'hello.worksheet.sc' in 0.16s
2024.01.06 20:38:26 WARN  no build target for: /Users/maxon462/Desktop/Paradygmaty/lab6/Scala/helloscala/src/main/scala/hello.worksheet.sc
[31merror[39m: Scala/helloscala/src/main/scala/hello.worksheet.sc:47:5: 
Found:    Unit
Required: Int
    while (currentM > 0){
    ^
2024.01.06 20:38:26 INFO  time: evaluated worksheet 'hello.worksheet.sc' in 0.44s
2024.01.06 20:38:31 WARN  no build target for: /Users/maxon462/Desktop/Paradygmaty/lab6/Scala/helloscala/src/main/scala/hello.worksheet.sc
[31merror[39m: Scala/helloscala/src/main/scala/hello.worksheet.sc:47:5: 
Found:    Unit
Required: Int
    while (currentM > 0){
    ^
2024.01.06 20:38:31 INFO  time: evaluated worksheet 'hello.worksheet.sc' in 0.14s
2024.01.06 20:40:42 WARN  no build target for: /Users/maxon462/Desktop/Paradygmaty/lab6/Scala/helloscala/src/main/scala/hello.worksheet.sc
[31merror[39m: Scala/helloscala/src/main/scala/hello.worksheet.sc:48:5: 
Found:    Unit
Required: Int
    while (currentM > 0){
    ^
2024.01.06 20:40:42 INFO  time: evaluated worksheet 'hello.worksheet.sc' in 0.49s
2024.01.06 20:40:45 WARN  no build target for: /Users/maxon462/Desktop/Paradygmaty/lab6/Scala/helloscala/src/main/scala/hello.worksheet.sc
[31merror[39m: Scala/helloscala/src/main/scala/hello.worksheet.sc:48:5: illegal start of simple pattern
    while (currentM > 0){
    ^^^^^
2024.01.06 20:40:46 INFO  time: evaluated worksheet 'hello.worksheet.sc' in 0.32s
2024.01.06 20:40:47 WARN  no build target for: /Users/maxon462/Desktop/Paradygmaty/lab6/Scala/helloscala/src/main/scala/hello.worksheet.sc
[31merror[39m: Scala/helloscala/src/main/scala/hello.worksheet.sc:48:5: declaration requires a type
    while (currentM > 0){
    ^^^^^
2024.01.06 20:40:48 INFO  time: evaluated worksheet 'hello.worksheet.sc' in 0.78s
2024.01.06 20:40:50 WARN  no build target for: /Users/maxon462/Desktop/Paradygmaty/lab6/Scala/helloscala/src/main/scala/hello.worksheet.sc
[31merror[39m: Scala/helloscala/src/main/scala/hello.worksheet.sc:48:5: declaration requires a type
    while (currentM > 0){
    ^^^^^
2024.01.06 20:40:50 INFO  time: evaluated worksheet 'hello.worksheet.sc' in 0.25s
2024.01.06 20:40:53 WARN  no build target for: /Users/maxon462/Desktop/Paradygmaty/lab6/Scala/helloscala/src/main/scala/hello.worksheet.sc
[31merror[39m: Scala/helloscala/src/main/scala/hello.worksheet.sc:48:5: declaration requires a type
    while (currentM > 0){
    ^^^^^
2024.01.06 20:40:53 INFO  time: evaluated worksheet 'hello.worksheet.sc' in 0.23s
2024.01.06 20:40:56 WARN  no build target for: /Users/maxon462/Desktop/Paradygmaty/lab6/Scala/helloscala/src/main/scala/hello.worksheet.sc
[31merror[39m: Scala/helloscala/src/main/scala/hello.worksheet.sc:48:5: 
Found:    Unit
Required: Int
    while (currentM > 0){
    ^
2024.01.06 20:40:57 INFO  time: evaluated worksheet 'hello.worksheet.sc' in 0.48s
2024.01.06 20:40:59 WARN  no build target for: /Users/maxon462/Desktop/Paradygmaty/lab6/Scala/helloscala/src/main/scala/hello.worksheet.sc
2024.01.06 20:40:59 INFO  time: evaluated worksheet 'hello.worksheet.sc' in 0.56s
2024.01.06 20:43:47 WARN  no build target for: /Users/maxon462/Desktop/Paradygmaty/lab6/Scala/helloscala/src/main/scala/hello.worksheet.sc
2024.01.06 20:43:47 INFO  time: evaluated worksheet 'hello.worksheet.sc' in 0.89s
2024.01.06 20:43:48 WARN  no build target for: /Users/maxon462/Desktop/Paradygmaty/lab6/Scala/helloscala/src/main/scala/hello.worksheet.sc
[31merror[39m: Scala/helloscala/src/main/scala/hello.worksheet.sc:50:10: illegal start of simple expression
      if()
         ^
2024.01.06 20:43:48 INFO  time: evaluated worksheet 'hello.worksheet.sc' in 0.21s
2024.01.06 20:43:50 WARN  no build target for: /Users/maxon462/Desktop/Paradygmaty/lab6/Scala/helloscala/src/main/scala/hello.worksheet.sc
[31merror[39m: Scala/helloscala/src/main/scala/hello.worksheet.sc:52:5: illegal start of simple expression
    }
    ^
2024.01.06 20:43:50 INFO  time: evaluated worksheet 'hello.worksheet.sc' in 0.53s
2024.01.06 20:43:55 WARN  no build target for: /Users/maxon462/Desktop/Paradygmaty/lab6/Scala/helloscala/src/main/scala/hello.worksheet.sc
[31merror[39m: Scala/helloscala/src/main/scala/hello.worksheet.sc:52:5: illegal start of simple expression
    }
    ^
2024.01.06 20:43:55 INFO  time: evaluated worksheet 'hello.worksheet.sc' in 0.18s
2024.01.06 20:44:04 WARN  no build target for: /Users/maxon462/Desktop/Paradygmaty/lab6/Scala/helloscala/src/main/scala/hello.worksheet.sc
[31merror[39m: Scala/helloscala/src/main/scala/hello.worksheet.sc:52:5: illegal start of simple expression
    }
    ^
2024.01.06 20:44:04 INFO  time: evaluated worksheet 'hello.worksheet.sc' in 0.18s
Jan 06, 2024 8:44:05 PM org.eclipse.lsp4j.jsonrpc.RemoteEndpoint handleCancellation
WARNING: Unmatched cancel notification for request id 3634
2024.01.06 20:44:08 WARN  no build target for: /Users/maxon462/Desktop/Paradygmaty/lab6/Scala/helloscala/src/main/scala/hello.worksheet.sc
[31merror[39m: Scala/helloscala/src/main/scala/hello.worksheet.sc:52:5: illegal start of simple expression
    }
    ^
2024.01.06 20:44:09 INFO  time: evaluated worksheet 'hello.worksheet.sc' in 0.51s
2024.01.06 20:44:16 WARN  no build target for: /Users/maxon462/Desktop/Paradygmaty/lab6/Scala/helloscala/src/main/scala/hello.worksheet.sc
[31merror[39m: Scala/helloscala/src/main/scala/hello.worksheet.sc:50:25: 
value += is not a member of Int - did you mean res.!=?
      if(currentM == 1) res += fib()
                        ^^^^^^
[31merror[39m: Scala/helloscala/src/main/scala/hello.worksheet.sc:50:32: 
missing argument for parameter n of method fib in class MdocApp: (n: Int): Int
      if(currentM == 1) res += fib()
                               ^^^^^
2024.01.06 20:44:17 INFO  time: evaluated worksheet 'hello.worksheet.sc' in 0.98s
2024.01.06 20:44:18 WARN  no build target for: /Users/maxon462/Desktop/Paradygmaty/lab6/Scala/helloscala/src/main/scala/hello.worksheet.sc
[31merror[39m: Scala/helloscala/src/main/scala/hello.worksheet.sc:50:25: 
value += is not a member of Int - did you mean res.!=?
      if(currentM == 1) res += fib(n)
                        ^^^^^^
2024.01.06 20:44:18 INFO  time: evaluated worksheet 'hello.worksheet.sc' in 0.27s
2024.01.06 20:47:38 WARN  no build target for: /Users/maxon462/Desktop/Paradygmaty/lab6/Scala/helloscala/src/main/scala/hello.worksheet.sc
[31merror[39m: Scala/helloscala/src/main/scala/hello.worksheet.sc:50:25: 
Reassignment to val res
      if(currentM == 1) res = fib(n)
                        ^^^^^^^^^^^^
2024.01.06 20:47:38 INFO  time: evaluated worksheet 'hello.worksheet.sc' in 0.45s
2024.01.06 20:47:46 WARN  no build target for: /Users/maxon462/Desktop/Paradygmaty/lab6/Scala/helloscala/src/main/scala/hello.worksheet.sc
2024.01.06 20:47:46 INFO  time: evaluated worksheet 'hello.worksheet.sc' in 0.44s
Jan 06, 2024 8:47:48 PM org.eclipse.lsp4j.jsonrpc.RemoteEndpoint handleCancellation
WARNING: Unmatched cancel notification for request id 3757
2024.01.06 20:47:49 WARN  no build target for: /Users/maxon462/Desktop/Paradygmaty/lab6/Scala/helloscala/src/main/scala/hello.worksheet.sc
2024.01.06 20:47:50 INFO  time: evaluated worksheet 'hello.worksheet.sc' in 0.72s
2024.01.06 20:47:51 WARN  no build target for: /Users/maxon462/Desktop/Paradygmaty/lab6/Scala/helloscala/src/main/scala/hello.worksheet.sc
2024.01.06 20:47:51 INFO  time: evaluated worksheet 'hello.worksheet.sc' in 0.28s
2024.01.06 20:48:52 WARN  no build target for: /Users/maxon462/Desktop/Paradygmaty/lab6/Scala/helloscala/src/main/scala/hello.worksheet.sc
2024.01.06 20:48:52 INFO  time: evaluated worksheet 'hello.worksheet.sc' in 0.92s
2024.01.06 20:48:54 WARN  no build target for: /Users/maxon462/Desktop/Paradygmaty/lab6/Scala/helloscala/src/main/scala/hello.worksheet.sc
2024.01.06 20:48:54 INFO  time: evaluated worksheet 'hello.worksheet.sc' in 0.35s
2024.01.06 21:00:28 WARN  no build target for: /Users/maxon462/Desktop/Paradygmaty/lab6/Scala/helloscala/src/main/scala/hello.worksheet.sc
2024.01.06 21:00:29 INFO  time: evaluated worksheet 'hello.worksheet.sc' in 0.39s
2024.01.06 21:00:31 WARN  no build target for: /Users/maxon462/Desktop/Paradygmaty/lab6/Scala/helloscala/src/main/scala/hello.worksheet.sc
[31merror[39m: Scala/helloscala/src/main/scala/hello.worksheet.sc:48:5: illegal start of simple pattern
    var res = 0
    ^^^
2024.01.06 21:00:31 INFO  time: evaluated worksheet 'hello.worksheet.sc' in 0.51s
2024.01.06 21:00:34 WARN  no build target for: /Users/maxon462/Desktop/Paradygmaty/lab6/Scala/helloscala/src/main/scala/hello.worksheet.sc
[31merror[39m: Scala/helloscala/src/main/scala/hello.worksheet.sc:48:5: declaration requires a type
    var res = 0
    ^^^
2024.01.06 21:00:34 INFO  time: evaluated worksheet 'hello.worksheet.sc' in 0.17s
2024.01.06 21:00:36 WARN  no build target for: /Users/maxon462/Desktop/Paradygmaty/lab6/Scala/helloscala/src/main/scala/hello.worksheet.sc
[31merror[39m: Scala/helloscala/src/main/scala/hello.worksheet.sc:48:5: declaration requires a type
    var res = 0
    ^^^
2024.01.06 21:00:37 INFO  time: evaluated worksheet 'hello.worksheet.sc' in 0.79s
2024.01.06 21:00:37 WARN  no build target for: /Users/maxon462/Desktop/Paradygmaty/lab6/Scala/helloscala/src/main/scala/hello.worksheet.sc
[31merror[39m: Scala/helloscala/src/main/scala/hello.worksheet.sc:48:5: declaration requires a type
    var res = 0
    ^^^
2024.01.06 21:00:37 INFO  time: evaluated worksheet 'hello.worksheet.sc' in 0.2s
2024.01.06 21:00:38 WARN  no build target for: /Users/maxon462/Desktop/Paradygmaty/lab6/Scala/helloscala/src/main/scala/hello.worksheet.sc
[31merror[39m: Scala/helloscala/src/main/scala/hello.worksheet.sc:48:5: declaration requires a type
    var res = 0
    ^^^
2024.01.06 21:00:39 INFO  time: evaluated worksheet 'hello.worksheet.sc' in 0.81s
2024.01.06 21:00:39 WARN  no build target for: /Users/maxon462/Desktop/Paradygmaty/lab6/Scala/helloscala/src/main/scala/hello.worksheet.sc
[31merror[39m: Scala/helloscala/src/main/scala/hello.worksheet.sc:48:5: illegal start of simple expression
    var res = 0
    ^^^
2024.01.06 21:00:40 INFO  time: evaluated worksheet 'hello.worksheet.sc' in 0.23s
2024.01.06 21:00:45 WARN  no build target for: /Users/maxon462/Desktop/Paradygmaty/lab6/Scala/helloscala/src/main/scala/hello.worksheet.sc
[31merror[39m: Scala/helloscala/src/main/scala/hello.worksheet.sc:47:20: 
None of the overloaded alternatives of method ^ in class Int with types
 (x: Long): Long
 (x: Int): Int
 (x: Char): Int
 (x: Short): Int
 (x: Byte): Int
match arguments (Unit)
    val numofres = 2 ^ ()
                   ^^^
2024.01.06 21:00:45 INFO  time: evaluated worksheet 'hello.worksheet.sc' in 0.36s
2024.01.06 21:00:48 WARN  no build target for: /Users/maxon462/Desktop/Paradygmaty/lab6/Scala/helloscala/src/main/scala/hello.worksheet.sc
2024.01.06 21:00:48 INFO  time: evaluated worksheet 'hello.worksheet.sc' in 0.63s
2024.01.06 21:02:12 WARN  no build target for: /Users/maxon462/Desktop/Paradygmaty/lab6/Scala/helloscala/src/main/scala/hello.worksheet.sc
[31merror[39m: Scala/helloscala/src/main/scala/hello.worksheet.sc:47:20: 
package scala.math is not a value
    val numofres = scala.math
                   ^^^^^^^^^^
2024.01.06 21:02:12 INFO  time: evaluated worksheet 'hello.worksheet.sc' in 0.45s
2024.01.06 21:02:15 WARN  no build target for: /Users/maxon462/Desktop/Paradygmaty/lab6/Scala/helloscala/src/main/scala/hello.worksheet.sc
[31merror[39m: Scala/helloscala/src/main/scala/hello.worksheet.sc:47:20: 
package scala.math is not a value
    val numofres = scala.math
                   ^^^^^^^^^^
2024.01.06 21:02:15 INFO  time: evaluated worksheet 'hello.worksheet.sc' in 0.13s
2024.01.06 21:02:17 WARN  no build target for: /Users/maxon462/Desktop/Paradygmaty/lab6/Scala/helloscala/src/main/scala/hello.worksheet.sc
[31merror[39m: Scala/helloscala/src/main/scala/hello.worksheet.sc:47:20: 
missing argument for parameter x of method pow in package scala.math: (x: Double, y: Double): Double
    val numofres = scala.math.pow()
                   ^^^^^^^^^^^^^^^^
2024.01.06 21:02:17 INFO  time: evaluated worksheet 'hello.worksheet.sc' in 0.16s
2024.01.06 21:02:21 WARN  no build target for: /Users/maxon462/Desktop/Paradygmaty/lab6/Scala/helloscala/src/main/scala/hello.worksheet.sc
[31merror[39m: Scala/helloscala/src/main/scala/hello.worksheet.sc:47:38: illegal start of simple expression
    val numofres = scala.math.pow(2, )
                                     ^
2024.01.06 21:02:21 INFO  time: evaluated worksheet 'hello.worksheet.sc' in 0.58s
2024.01.06 21:02:23 WARN  no build target for: /Users/maxon462/Desktop/Paradygmaty/lab6/Scala/helloscala/src/main/scala/hello.worksheet.sc
2024.01.06 21:02:24 INFO  time: evaluated worksheet 'hello.worksheet.sc' in 0.52s
2024.01.06 21:02:28 WARN  no build target for: /Users/maxon462/Desktop/Paradygmaty/lab6/Scala/helloscala/src/main/scala/hello.worksheet.sc
[31merror[39m: Scala/helloscala/src/main/scala/hello.worksheet.sc:47:20: 
value to is not a member of Double
    val numofres = scala.math.pow(2, n-1).to
                   ^^^^^^^^^^^^^^^^^^^^^^^^^
2024.01.06 21:02:29 INFO  time: evaluated worksheet 'hello.worksheet.sc' in 0.21s
2024.01.06 21:02:30 WARN  no build target for: /Users/maxon462/Desktop/Paradygmaty/lab6/Scala/helloscala/src/main/scala/hello.worksheet.sc
2024.01.06 21:02:30 INFO  time: evaluated worksheet 'hello.worksheet.sc' in 0.36s
2024.01.06 21:09:44 WARN  no build target for: /Users/maxon462/Desktop/Paradygmaty/lab6/Scala/helloscala/src/main/scala/hello.worksheet.sc
[31merror[39m: Scala/helloscala/src/main/scala/hello.worksheet.sc:49:15: ) expected but integer constant found
    while ( > 0){
              ^
2024.01.06 21:09:45 INFO  time: evaluated worksheet 'hello.worksheet.sc' in 0.56s
2024.01.06 21:09:48 WARN  no build target for: /Users/maxon462/Desktop/Paradygmaty/lab6/Scala/helloscala/src/main/scala/hello.worksheet.sc
[31merror[39m: Scala/helloscala/src/main/scala/hello.worksheet.sc:49:15: ) expected but integer constant found
    while ( > 0){
              ^
Jan 06, 2024 9:09:49 PM org.eclipse.lsp4j.jsonrpc.RemoteEndpoint handleCancellation
WARNING: Unmatched cancel notification for request id 4087
2024.01.06 21:09:49 INFO  time: evaluated worksheet 'hello.worksheet.sc' in 0.19s
2024.01.06 21:09:56 WARN  no build target for: /Users/maxon462/Desktop/Paradygmaty/lab6/Scala/helloscala/src/main/scala/hello.worksheet.sc
2024.01.06 21:09:56 INFO  time: evaluated worksheet 'hello.worksheet.sc' in 0.73s
2024.01.06 21:10:00 WARN  no build target for: /Users/maxon462/Desktop/Paradygmaty/lab6/Scala/helloscala/src/main/scala/hello.worksheet.sc
2024.01.06 21:10:00 INFO  time: evaluated worksheet 'hello.worksheet.sc' in 0.7s
2024.01.06 21:10:13 WARN  no build target for: /Users/maxon462/Desktop/Paradygmaty/lab6/Scala/helloscala/src/main/scala/hello.worksheet.sc
2024.01.06 21:10:14 INFO  time: evaluated worksheet 'hello.worksheet.sc' in 0.54s
2024.01.06 21:10:16 WARN  no build target for: /Users/maxon462/Desktop/Paradygmaty/lab6/Scala/helloscala/src/main/scala/hello.worksheet.sc
[31merror[39m: Scala/helloscala/src/main/scala/hello.worksheet.sc:49:5: declaration requires a type
    var res = 0
    ^^^
2024.01.06 21:10:17 INFO  time: evaluated worksheet 'hello.worksheet.sc' in 0.55s
2024.01.06 21:10:18 WARN  no build target for: /Users/maxon462/Desktop/Paradygmaty/lab6/Scala/helloscala/src/main/scala/hello.worksheet.sc
[31merror[39m: Scala/helloscala/src/main/scala/hello.worksheet.sc:49:5: illegal start of simple expression
    var res = 0
    ^^^
2024.01.06 21:10:18 INFO  time: evaluated worksheet 'hello.worksheet.sc' in 0.2s
2024.01.06 21:10:21 WARN  no build target for: /Users/maxon462/Desktop/Paradygmaty/lab6/Scala/helloscala/src/main/scala/hello.worksheet.sc
[31merror[39m: Scala/helloscala/src/main/scala/hello.worksheet.sc:48:20: 
expression expected but end of statement found
    var start = n * 
                   ^
2024.01.06 21:10:21 INFO  time: evaluated worksheet 'hello.worksheet.sc' in 0.21s
2024.01.06 21:10:24 WARN  no build target for: /Users/maxon462/Desktop/Paradygmaty/lab6/Scala/helloscala/src/main/scala/hello.worksheet.sc
[31merror[39m: Scala/helloscala/src/main/scala/hello.worksheet.sc:48:20: 
expression expected but end of statement found
    var start = n * 
                   ^
2024.01.06 21:10:24 INFO  time: evaluated worksheet 'hello.worksheet.sc' in 0.16s
2024.01.06 21:10:29 WARN  no build target for: /Users/maxon462/Desktop/Paradygmaty/lab6/Scala/helloscala/src/main/scala/hello.worksheet.sc
2024.01.06 21:10:29 INFO  time: evaluated worksheet 'hello.worksheet.sc' in 0.72s
2024.01.06 21:10:35 WARN  no build target for: /Users/maxon462/Desktop/Paradygmaty/lab6/Scala/helloscala/src/main/scala/hello.worksheet.sc
2024.01.06 21:10:35 INFO  time: evaluated worksheet 'hello.worksheet.sc' in 0.65s
2024.01.06 21:10:38 WARN  no build target for: /Users/maxon462/Desktop/Paradygmaty/lab6/Scala/helloscala/src/main/scala/hello.worksheet.sc
[31merror[39m: Scala/helloscala/src/main/scala/hello.worksheet.sc:51:12: 
expression expected but '}' found
      res+=
           ^
2024.01.06 21:10:39 INFO  time: evaluated worksheet 'hello.worksheet.sc' in 0.18s
2024.01.06 21:10:44 WARN  no build target for: /Users/maxon462/Desktop/Paradygmaty/lab6/Scala/helloscala/src/main/scala/hello.worksheet.sc
2024.01.06 21:10:44 INFO  time: evaluated worksheet 'hello.worksheet.sc' in 0.77s
2024.01.06 21:10:45 WARN  no build target for: /Users/maxon462/Desktop/Paradygmaty/lab6/Scala/helloscala/src/main/scala/hello.worksheet.sc
2024.01.06 21:10:45 INFO  time: evaluated worksheet 'hello.worksheet.sc' in 0.27s
2024.01.06 21:10:48 WARN  no build target for: /Users/maxon462/Desktop/Paradygmaty/lab6/Scala/helloscala/src/main/scala/hello.worksheet.sc
[31merror[39m: Scala/helloscala/src/main/scala/hello.worksheet.sc:52:17: 
expression expected but '}' found
      numofres--
                ^
2024.01.06 21:10:48 INFO  time: evaluated worksheet 'hello.worksheet.sc' in 0.43s
2024.01.06 21:10:54 WARN  no build target for: /Users/maxon462/Desktop/Paradygmaty/lab6/Scala/helloscala/src/main/scala/hello.worksheet.sc
2024.01.06 21:10:55 INFO  time: evaluated worksheet 'hello.worksheet.sc' in 0.41s
2024.01.06 21:10:59 WARN  no build target for: /Users/maxon462/Desktop/Paradygmaty/lab6/Scala/helloscala/src/main/scala/hello.worksheet.sc
2024.01.06 21:10:59 INFO  time: evaluated worksheet 'hello.worksheet.sc' in 0.27s
2024.01.06 21:11:08 WARN  no build target for: /Users/maxon462/Desktop/Paradygmaty/lab6/Scala/helloscala/src/main/scala/hello.worksheet.sc
2024.01.06 21:11:08 INFO  time: evaluated worksheet 'hello.worksheet.sc' in 0.69s
2024.01.06 21:11:31 WARN  no build target for: /Users/maxon462/Desktop/Paradygmaty/lab6/Scala/helloscala/src/main/scala/hello.worksheet.sc
[31merror[39m: Scala/helloscala/src/main/scala/hello.worksheet.sc:59:3: = expected but identifier found
  result
  ^^^^^^
2024.01.06 21:11:32 INFO  time: evaluated worksheet 'hello.worksheet.sc' in 0.54s
2024.01.06 21:12:06 WARN  no build target for: /Users/maxon462/Desktop/Paradygmaty/lab6/Scala/helloscala/src/main/scala/hello.worksheet.sc
[31merror[39m: Scala/helloscala/src/main/scala/hello.worksheet.sc:58:10: illegal start of simple expression
  while ()
         ^
2024.01.06 21:12:06 INFO  time: evaluated worksheet 'hello.worksheet.sc' in 0.58s
2024.01.06 21:12:15 WARN  no build target for: /Users/maxon462/Desktop/Paradygmaty/lab6/Scala/helloscala/src/main/scala/hello.worksheet.sc
[31merror[39m: Scala/helloscala/src/main/scala/hello.worksheet.sc:57:10: illegal start of simple expression
  while ()
         ^
2024.01.06 21:12:15 INFO  time: evaluated worksheet 'hello.worksheet.sc' in 0.27s
2024.01.06 21:12:19 WARN  no build target for: /Users/maxon462/Desktop/Paradygmaty/lab6/Scala/helloscala/src/main/scala/hello.worksheet.sc
[31merror[39m: Scala/helloscala/src/main/scala/hello.worksheet.sc:56:10: illegal start of simple expression
  while ()
         ^
2024.01.06 21:12:20 INFO  time: evaluated worksheet 'hello.worksheet.sc' in 0.52s
2024.01.06 21:12:21 WARN  no build target for: /Users/maxon462/Desktop/Paradygmaty/lab6/Scala/helloscala/src/main/scala/hello.worksheet.sc
[31merror[39m: Scala/helloscala/src/main/scala/hello.worksheet.sc:57:10: illegal start of simple expression
  while ()
         ^
2024.01.06 21:12:21 INFO  time: evaluated worksheet 'hello.worksheet.sc' in 0.17s
2024.01.06 21:12:25 WARN  no build target for: /Users/maxon462/Desktop/Paradygmaty/lab6/Scala/helloscala/src/main/scala/hello.worksheet.sc
[31merror[39m: Scala/helloscala/src/main/scala/hello.worksheet.sc:58:10: illegal start of simple expression
  while ()
         ^
2024.01.06 21:12:25 INFO  time: evaluated worksheet 'hello.worksheet.sc' in 0.17s
2024.01.06 21:12:32 WARN  no build target for: /Users/maxon462/Desktop/Paradygmaty/lab6/Scala/helloscala/src/main/scala/hello.worksheet.sc
[31merror[39m: Scala/helloscala/src/main/scala/hello.worksheet.sc:59:10: illegal start of simple expression
  while ()
         ^
2024.01.06 21:12:32 INFO  time: evaluated worksheet 'hello.worksheet.sc' in 0.2s
2024.01.06 21:12:34 WARN  no build target for: /Users/maxon462/Desktop/Paradygmaty/lab6/Scala/helloscala/src/main/scala/hello.worksheet.sc
[31merror[39m: Scala/helloscala/src/main/scala/hello.worksheet.sc:59:10: 
Found:    (currentN : Int)
Required: Boolean
  while (currentN)
         ^^^^^^^^
[33mwarning[39m: Scala/helloscala/src/main/scala/hello.worksheet.sc:60:3: 
A pure expression does nothing in statement position; you may be omitting necessary parentheses
  result
  ^^^^^^
2024.01.06 21:12:34 INFO  time: evaluated worksheet 'hello.worksheet.sc' in 0.48s
2024.01.06 21:12:37 WARN  no build target for: /Users/maxon462/Desktop/Paradygmaty/lab6/Scala/helloscala/src/main/scala/hello.worksheet.sc
[31merror[39m: Scala/helloscala/src/main/scala/hello.worksheet.sc:59:3: 
Found:    Unit
Required: Array[Int]
  while (currentN >0)
  ^
2024.01.06 21:12:38 INFO  time: evaluated worksheet 'hello.worksheet.sc' in 0.15s
2024.01.06 21:12:40 WARN  no build target for: /Users/maxon462/Desktop/Paradygmaty/lab6/Scala/helloscala/src/main/scala/hello.worksheet.sc
[31merror[39m: Scala/helloscala/src/main/scala/hello.worksheet.sc:59:3: 
Found:    Unit
Required: Array[Int]
  while (currentN > 0)
  ^
2024.01.06 21:12:40 INFO  time: evaluated worksheet 'hello.worksheet.sc' in 0.16s
2024.01.06 21:12:48 WARN  no build target for: /Users/maxon462/Desktop/Paradygmaty/lab6/Scala/helloscala/src/main/scala/hello.worksheet.sc
[31merror[39m: Scala/helloscala/src/main/scala/hello.worksheet.sc:59:3: 
Found:    Unit
Required: Array[Int]
  while (currentN > 0) 
  ^
2024.01.06 21:12:49 INFO  time: evaluated worksheet 'hello.worksheet.sc' in 0.48s
2024.01.06 21:12:52 WARN  no build target for: /Users/maxon462/Desktop/Paradygmaty/lab6/Scala/helloscala/src/main/scala/hello.worksheet.sc
2024.01.06 21:13:21 WARN  no build target for: /Users/maxon462/Desktop/Paradygmaty/lab6/Scala/helloscala/src/main/scala/hello.worksheet.sc
2024.01.06 21:13:22 WARN  no build target for: /Users/maxon462/Desktop/Paradygmaty/lab6/Scala/helloscala/src/main/scala/hello.worksheet.sc
2024.01.06 21:13:23 WARN  no build target for: /Users/maxon462/Desktop/Paradygmaty/lab6/Scala/helloscala/src/main/scala/hello.worksheet.sc
2024.01.06 21:13:26 WARN  no build target for: /Users/maxon462/Desktop/Paradygmaty/lab6/Scala/helloscala/src/main/scala/hello.worksheet.sc
2024.01.06 21:13:31 WARN  no build target for: /Users/maxon462/Desktop/Paradygmaty/lab6/Scala/helloscala/src/main/scala/hello.worksheet.sc
2024.01.06 21:13:35 WARN  no build target for: /Users/maxon462/Desktop/Paradygmaty/lab6/Scala/helloscala/src/main/scala/hello.worksheet.sc
2024.01.06 21:13:37 WARN  no build target for: /Users/maxon462/Desktop/Paradygmaty/lab6/Scala/helloscala/src/main/scala/hello.worksheet.sc
2024.01.06 21:13:49 WARN  no build target for: /Users/maxon462/Desktop/Paradygmaty/lab6/Scala/helloscala/src/main/scala/hello.worksheet.sc
2024.01.06 21:13:50 WARN  no build target for: /Users/maxon462/Desktop/Paradygmaty/lab6/Scala/helloscala/src/main/scala/hello.worksheet.sc
2024.01.06 21:13:52 WARN  no build target for: /Users/maxon462/Desktop/Paradygmaty/lab6/Scala/helloscala/src/main/scala/hello.worksheet.sc
2024.01.06 21:13:59 WARN  no build target for: /Users/maxon462/Desktop/Paradygmaty/lab6/Scala/helloscala/src/main/scala/hello.worksheet.sc
2024.01.06 21:14:00 WARN  no build target for: /Users/maxon462/Desktop/Paradygmaty/lab6/Scala/helloscala/src/main/scala/hello.worksheet.sc
2024.01.06 21:14:03 WARN  no build target for: /Users/maxon462/Desktop/Paradygmaty/lab6/Scala/helloscala/src/main/scala/hello.worksheet.sc
2024.01.06 21:14:35 WARN  no build target for: /Users/maxon462/Desktop/Paradygmaty/lab6/Scala/helloscala/src/main/scala/hello.worksheet.sc
2024.01.06 21:15:01 INFO  Shutting down server
2024.01.06 21:15:01 INFO  shutting down Metals
2024.01.06 21:15:01 INFO  time: evaluated worksheet 'hello.worksheet.sc' in 2m9s
2024.01.06 21:15:01 INFO  Exiting server
2024.01.06 21:15:15 INFO  Started: Metals version 1.2.0 in folders '/Users/maxon462/Desktop/Paradygmaty/lab6' for client Visual Studio Code 1.83.0.
2024.01.06 21:15:17 WARN  Build server is not auto-connectable.
2024.01.06 21:15:17 WARN  no build tool detected in workspace '/Users/maxon462/Desktop/Paradygmaty/lab6'. The most common cause for this problem is that the editor was opened in the wrong working directory, for example if you use sbt then the workspace directory should contain build.sbt. 
2024.01.06 21:15:17 WARN  no build target for: /Users/maxon462/Desktop/Paradygmaty/lab6/Scala/helloscala/src/main/scala/hello.worksheet.sc
2024.01.06 21:15:26 INFO  no build target found for /Users/maxon462/Desktop/Paradygmaty/lab6/Scala/helloscala/src/main/scala/hello.worksheet.sc. Using presentation compiler with project's scala-library version: 3.3.1
2024.01.06 21:15:32 INFO  time: evaluated worksheet 'hello.worksheet.sc' in 14s
2024.01.06 21:15:33 INFO  time: code lens generation in 16s
2024.01.06 21:15:37 INFO  no build target found for /Users/maxon462/Desktop/Paradygmaty/lab6/Scala/helloscala/src/main/scala/hello.worksheet.sc. Using presentation compiler with project's scala-library version: 3.3.1
2024.01.06 21:15:41 WARN  no build target for: /Users/maxon462/Desktop/Paradygmaty/lab6/Scala/helloscala/src/main/scala/hello.worksheet.sc
[31merror[39m: Scala/helloscala/src/main/scala/hello.worksheet.sc:63:3: 
missing argument for parameter i of method apply in class Array: (i: Int): Int
  result()
  ^^^^^^^^
2024.01.06 21:15:44 INFO  time: evaluated worksheet 'hello.worksheet.sc' in 3.14s
2024.01.06 21:15:45 INFO  time: code lens generation in 4.43s
2024.01.06 21:15:45 WARN  no build target for: /Users/maxon462/Desktop/Paradygmaty/lab6/Scala/helloscala/src/main/scala/hello.worksheet.sc
[31merror[39m: Scala/helloscala/src/main/scala/hello.worksheet.sc:65:1: illegal start of simple expression
}
^
2024.01.06 21:15:46 INFO  time: code lens generation in 1.52s
2024.01.06 21:15:46 INFO  time: code lens generation in 2.41s
2024.01.06 21:15:46 INFO  time: code lens generation in 3.8s
2024.01.06 21:15:46 INFO  time: code lens generation in 3.35s
2024.01.06 21:15:47 WARN  no build target for: /Users/maxon462/Desktop/Paradygmaty/lab6/Scala/helloscala/src/main/scala/hello.worksheet.sc
2024.01.06 21:15:48 INFO  time: evaluated worksheet 'hello.worksheet.sc' in 2.6s
2024.01.06 21:15:49 INFO  time: code lens generation in 2.61s
2024.01.06 21:15:49 WARN  no build target for: /Users/maxon462/Desktop/Paradygmaty/lab6/Scala/helloscala/src/main/scala/hello.worksheet.sc
[31merror[39m: Scala/helloscala/src/main/scala/hello.worksheet.sc:63:15: 
Not found: ski
  result(1) = ski
              ^^^
2024.01.06 21:15:50 INFO  time: evaluated worksheet 'hello.worksheet.sc' in 2.02s
2024.01.06 21:15:50 INFO  time: code lens generation in 1.57s
2024.01.06 21:15:51 INFO  time: code lens generation in 2.77s
[31merror[39m: Scala/helloscala/src/main/scala/hello.worksheet.sc:63:15: 
Not found: skipo
  result(1) = skipo
              ^^^^^
2024.01.06 21:15:52 INFO  time: evaluated worksheet 'hello.worksheet.sc' in 2.14s
2024.01.06 21:15:53 WARN  no build target for: /Users/maxon462/Desktop/Paradygmaty/lab6/Scala/helloscala/src/main/scala/hello.worksheet.sc
[31merror[39m: Scala/helloscala/src/main/scala/hello.worksheet.sc:63:15: 
Not found: skipona
  result(1) = skipona
              ^^^^^^^
2024.01.06 21:15:54 INFO  time: evaluated worksheet 'hello.worksheet.sc' in 0.65s
2024.01.06 21:15:57 WARN  no build target for: /Users/maxon462/Desktop/Paradygmaty/lab6/Scala/helloscala/src/main/scala/hello.worksheet.sc
[31merror[39m: Scala/helloscala/src/main/scala/hello.worksheet.sc:63:15: 
Found:    (Int, Int) => Int
Required: Int
  result(1) = skipponacciHelper
              ^^^^^^^^^^^^^^^^^
2024.01.06 21:15:57 INFO  time: evaluated worksheet 'hello.worksheet.sc' in 0.55s
2024.01.06 21:15:59 WARN  no build target for: /Users/maxon462/Desktop/Paradygmaty/lab6/Scala/helloscala/src/main/scala/hello.worksheet.sc
[31merror[39m: Scala/helloscala/src/main/scala/hello.worksheet.sc:63:15: 
missing argument for parameter n of method skipponacciHelper: (n: Int, m: Int): Int
  result(1) = skipponacciHelper()
              ^^^^^^^^^^^^^^^^^^^
2024.01.06 21:16:00 INFO  time: evaluated worksheet 'hello.worksheet.sc' in 0.83s
2024.01.06 21:16:02 WARN  no build target for: /Users/maxon462/Desktop/Paradygmaty/lab6/Scala/helloscala/src/main/scala/hello.worksheet.sc
[31merror[39m: Scala/helloscala/src/main/scala/hello.worksheet.sc:63:3: 
Found:    Unit
Required: Array[Int]
  result(1) = skipponacciHelper(n,m)
  ^^^^^^^^^^^^^^^^^^^^^^^^^^^^^^^^^^
2024.01.06 21:16:02 INFO  time: evaluated worksheet 'hello.worksheet.sc' in 0.62s
2024.01.06 21:16:13 WARN  no build target for: /Users/maxon462/Desktop/Paradygmaty/lab6/Scala/helloscala/src/main/scala/hello.worksheet.sc
[31merror[39m: Scala/helloscala/src/main/scala/hello.worksheet.sc:64:3: 
Not found: res
  res
  ^^^
2024.01.06 21:16:13 INFO  time: evaluated worksheet 'hello.worksheet.sc' in 0.84s
2024.01.06 21:16:15 WARN  no build target for: /Users/maxon462/Desktop/Paradygmaty/lab6/Scala/helloscala/src/main/scala/hello.worksheet.sc
2024.01.06 21:16:16 INFO  time: evaluated worksheet 'hello.worksheet.sc' in 1.54s
2024.01.06 21:16:25 INFO  time: code lens generation in 1.62s
2024.01.06 21:16:26 WARN  no build target for: /Users/maxon462/Desktop/Paradygmaty/lab6/Scala/helloscala/src/main/scala/hello.worksheet.sc
2024.01.06 21:16:28 INFO  time: evaluated worksheet 'hello.worksheet.sc' in 1.81s
2024.01.06 21:16:33 WARN  no build target for: /Users/maxon462/Desktop/Paradygmaty/lab6/Scala/helloscala/src/main/scala/hello.worksheet.sc
[31merror[39m: Scala/helloscala/src/main/scala/hello.worksheet.sc:69:1: ) expected but end of file found

^
2024.01.06 21:16:34 INFO  time: code lens generation in 1.63s
2024.01.06 21:16:35 INFO  time: evaluated worksheet 'hello.worksheet.sc' in 1.42s
2024.01.06 21:16:35 WARN  no build target for: /Users/maxon462/Desktop/Paradygmaty/lab6/Scala/helloscala/src/main/scala/hello.worksheet.sc
2024.01.06 21:16:37 INFO  time: evaluated worksheet 'hello.worksheet.sc' in 1.55s
2024.01.06 21:17:17 WARN  no build target for: /Users/maxon462/Desktop/Paradygmaty/lab6/Scala/helloscala/src/main/scala/hello.worksheet.sc
[31merror[39m: Scala/helloscala/src/main/scala/hello.worksheet.sc:69:6: declaration requires a type
val r
     ^
Jan 06, 2024 9:17:18 PM org.eclipse.lsp4j.jsonrpc.RemoteEndpoint handleCancellation
WARNING: Unmatched cancel notification for request id 209
2024.01.06 21:17:18 INFO  time: evaluated worksheet 'hello.worksheet.sc' in 1.17s
2024.01.06 21:17:19 WARN  no build target for: /Users/maxon462/Desktop/Paradygmaty/lab6/Scala/helloscala/src/main/scala/hello.worksheet.sc
[31merror[39m: Scala/helloscala/src/main/scala/hello.worksheet.sc:69:9: illegal start of simple expression
val r = 
        ^
2024.01.06 21:17:20 INFO  time: evaluated worksheet 'hello.worksheet.sc' in 0.77s
2024.01.06 21:17:21 WARN  no build target for: /Users/maxon462/Desktop/Paradygmaty/lab6/Scala/helloscala/src/main/scala/hello.worksheet.sc
[31merror[39m: Scala/helloscala/src/main/scala/hello.worksheet.sc:69:9: illegal start of simple expression
val r = 
        ^
2024.01.06 21:17:21 INFO  time: evaluated worksheet 'hello.worksheet.sc' in 0.8s
2024.01.06 21:17:27 WARN  no build target for: /Users/maxon462/Desktop/Paradygmaty/lab6/Scala/helloscala/src/main/scala/hello.worksheet.sc
[31merror[39m: Scala/helloscala/src/main/scala/hello.worksheet.sc:69:9: 
Not found: Arra
val r = Arra
        ^^^^
2024.01.06 21:17:29 INFO  time: evaluated worksheet 'hello.worksheet.sc' in 1.12s
2024.01.06 21:17:31 WARN  no build target for: /Users/maxon462/Desktop/Paradygmaty/lab6/Scala/helloscala/src/main/scala/hello.worksheet.sc
2024.01.06 21:17:33 INFO  time: evaluated worksheet 'hello.worksheet.sc' in 1.88s
2024.01.06 21:17:34 WARN  no build target for: /Users/maxon462/Desktop/Paradygmaty/lab6/Scala/helloscala/src/main/scala/hello.worksheet.sc
2024.01.06 21:17:35 INFO  time: evaluated worksheet 'hello.worksheet.sc' in 1.43s
2024.01.06 21:17:41 WARN  no build target for: /Users/maxon462/Desktop/Paradygmaty/lab6/Scala/helloscala/src/main/scala/hello.worksheet.sc
[31merror[39m: Scala/helloscala/src/main/scala/hello.worksheet.sc:69:29: ) expected but end of file found
val r = List(Array(5,3,2,34)
                            ^
2024.01.06 21:17:41 INFO  time: evaluated worksheet 'hello.worksheet.sc' in 0.64s
2024.01.06 21:17:44 WARN  no build target for: /Users/maxon462/Desktop/Paradygmaty/lab6/Scala/helloscala/src/main/scala/hello.worksheet.sc
2024.01.06 21:17:45 INFO  time: evaluated worksheet 'hello.worksheet.sc' in 1.04s
Jan 06, 2024 9:17:50 PM org.eclipse.lsp4j.jsonrpc.RemoteEndpoint fallbackResponseError
SEVERE: Internal error: java.lang.StringIndexOutOfBoundsException: Range [1455, 1474) out of bounds for length 1473
java.util.concurrent.CompletionException: java.lang.StringIndexOutOfBoundsException: Range [1455, 1474) out of bounds for length 1473
	at java.base/java.util.concurrent.CompletableFuture.encodeThrowable(CompletableFuture.java:332)
	at java.base/java.util.concurrent.CompletableFuture.completeThrowable(CompletableFuture.java:347)
	at java.base/java.util.concurrent.CompletableFuture$UniAccept.tryFire(CompletableFuture.java:708)
	at java.base/java.util.concurrent.CompletableFuture.postComplete(CompletableFuture.java:510)
	at java.base/java.util.concurrent.CompletableFuture.completeExceptionally(CompletableFuture.java:2162)
	at scala.meta.internal.metals.CancelTokens$.$anonfun$future$1(CancelTokens.scala:40)
	at scala.meta.internal.metals.CancelTokens$.$anonfun$future$1$adapted(CancelTokens.scala:38)
	at scala.concurrent.impl.Promise$Transformation.run(Promise.scala:484)
	at java.base/java.util.concurrent.ThreadPoolExecutor.runWorker(ThreadPoolExecutor.java:1136)
	at java.base/java.util.concurrent.ThreadPoolExecutor$Worker.run(ThreadPoolExecutor.java:635)
	at java.base/java.lang.Thread.run(Thread.java:833)
Caused by: java.lang.StringIndexOutOfBoundsException: Range [1455, 1474) out of bounds for length 1473
	at java.base/jdk.internal.util.Preconditions$1.apply(Preconditions.java:55)
	at java.base/jdk.internal.util.Preconditions$1.apply(Preconditions.java:52)
	at java.base/jdk.internal.util.Preconditions$4.apply(Preconditions.java:213)
	at java.base/jdk.internal.util.Preconditions$4.apply(Preconditions.java:210)
	at java.base/jdk.internal.util.Preconditions.outOfBounds(Preconditions.java:98)
	at java.base/jdk.internal.util.Preconditions.outOfBoundsCheckFromToIndex(Preconditions.java:112)
	at java.base/jdk.internal.util.Preconditions.checkFromToIndex(Preconditions.java:349)
	at java.base/java.lang.String.checkBoundsBeginEnd(String.java:4589)
	at java.base/java.lang.String.substring(String.java:2703)
	at scala.meta.internal.metals.codeactions.FlatMapToForComprehensionCodeAction.getIndentForPos(FlatMapToForComprehensionCodeAction.scala:677)
	at scala.meta.internal.metals.codeactions.FlatMapToForComprehensionCodeAction.$anonfun$contribute$4(FlatMapToForComprehensionCodeAction.scala:57)
	at scala.Option.map(Option.scala:242)
	at scala.meta.internal.metals.codeactions.FlatMapToForComprehensionCodeAction.$anonfun$contribute$3(FlatMapToForComprehensionCodeAction.scala:53)
	at scala.Option.flatMap(Option.scala:283)
	at scala.meta.internal.metals.codeactions.FlatMapToForComprehensionCodeAction.$anonfun$contribute$2(FlatMapToForComprehensionCodeAction.scala:52)
	at scala.Option.flatMap(Option.scala:283)
	at scala.meta.internal.metals.codeactions.FlatMapToForComprehensionCodeAction.$anonfun$contribute$1(FlatMapToForComprehensionCodeAction.scala:51)
	at scala.concurrent.Future$.$anonfun$apply$1(Future.scala:687)
	at scala.concurrent.impl.Promise$Transformation.run(Promise.scala:467)
	... 3 more

2024.01.06 21:17:51 WARN  no build target for: /Users/maxon462/Desktop/Paradygmaty/lab6/Scala/helloscala/src/main/scala/hello.worksheet.sc
[31merror[39m: Scala/helloscala/src/main/scala/hello.worksheet.sc:69:19: ) expected but end of file found
val r = List(Array
                  ^
Jan 06, 2024 9:17:51 PM org.eclipse.lsp4j.jsonrpc.RemoteEndpoint fallbackResponseError
SEVERE: Internal error: java.lang.StringIndexOutOfBoundsException: Range [1455, 1474) out of bounds for length 1473
java.util.concurrent.CompletionException: java.lang.StringIndexOutOfBoundsException: Range [1455, 1474) out of bounds for length 1473
	at java.base/java.util.concurrent.CompletableFuture.encodeThrowable(CompletableFuture.java:332)
	at java.base/java.util.concurrent.CompletableFuture.uniAcceptNow(CompletableFuture.java:747)
	at java.base/java.util.concurrent.CompletableFuture.uniAcceptStage(CompletableFuture.java:735)
	at java.base/java.util.concurrent.CompletableFuture.thenAccept(CompletableFuture.java:2182)
	at org.eclipse.lsp4j.jsonrpc.RemoteEndpoint.handleRequest(RemoteEndpoint.java:279)
	at org.eclipse.lsp4j.jsonrpc.RemoteEndpoint.consume(RemoteEndpoint.java:190)
	at org.eclipse.lsp4j.jsonrpc.json.StreamMessageProducer.handleMessage(StreamMessageProducer.java:194)
	at org.eclipse.lsp4j.jsonrpc.json.StreamMessageProducer.listen(StreamMessageProducer.java:94)
	at org.eclipse.lsp4j.jsonrpc.json.ConcurrentMessageProcessor.run(ConcurrentMessageProcessor.java:113)
	at java.base/java.util.concurrent.Executors$RunnableAdapter.call(Executors.java:539)
	at java.base/java.util.concurrent.FutureTask.run(FutureTask.java:264)
	at java.base/java.util.concurrent.ThreadPoolExecutor.runWorker(ThreadPoolExecutor.java:1136)
	at java.base/java.util.concurrent.ThreadPoolExecutor$Worker.run(ThreadPoolExecutor.java:635)
	at java.base/java.lang.Thread.run(Thread.java:833)
Caused by: java.lang.StringIndexOutOfBoundsException: Range [1455, 1474) out of bounds for length 1473
	at java.base/jdk.internal.util.Preconditions$1.apply(Preconditions.java:55)
	at java.base/jdk.internal.util.Preconditions$1.apply(Preconditions.java:52)
	at java.base/jdk.internal.util.Preconditions$4.apply(Preconditions.java:213)
	at java.base/jdk.internal.util.Preconditions$4.apply(Preconditions.java:210)
	at java.base/jdk.internal.util.Preconditions.outOfBounds(Preconditions.java:98)
	at java.base/jdk.internal.util.Preconditions.outOfBoundsCheckFromToIndex(Preconditions.java:112)
	at java.base/jdk.internal.util.Preconditions.checkFromToIndex(Preconditions.java:349)
	at java.base/java.lang.String.checkBoundsBeginEnd(String.java:4589)
	at java.base/java.lang.String.substring(String.java:2703)
	at scala.meta.internal.metals.codeactions.FlatMapToForComprehensionCodeAction.getIndentForPos(FlatMapToForComprehensionCodeAction.scala:677)
	at scala.meta.internal.metals.codeactions.FlatMapToForComprehensionCodeAction.$anonfun$contribute$4(FlatMapToForComprehensionCodeAction.scala:57)
	at scala.Option.map(Option.scala:242)
	at scala.meta.internal.metals.codeactions.FlatMapToForComprehensionCodeAction.$anonfun$contribute$3(FlatMapToForComprehensionCodeAction.scala:53)
	at scala.Option.flatMap(Option.scala:283)
	at scala.meta.internal.metals.codeactions.FlatMapToForComprehensionCodeAction.$anonfun$contribute$2(FlatMapToForComprehensionCodeAction.scala:52)
	at scala.Option.flatMap(Option.scala:283)
	at scala.meta.internal.metals.codeactions.FlatMapToForComprehensionCodeAction.$anonfun$contribute$1(FlatMapToForComprehensionCodeAction.scala:51)
	at scala.concurrent.Future$.$anonfun$apply$1(Future.scala:687)
	at scala.concurrent.impl.Promise$Transformation.run(Promise.scala:467)
	... 3 more

2024.01.06 21:17:51 INFO  time: evaluated worksheet 'hello.worksheet.sc' in 0.67s
Jan 06, 2024 9:17:52 PM org.eclipse.lsp4j.jsonrpc.RemoteEndpoint fallbackResponseError
SEVERE: Internal error: java.lang.StringIndexOutOfBoundsException: Range [1455, 1474) out of bounds for length 1473
java.util.concurrent.CompletionException: java.lang.StringIndexOutOfBoundsException: Range [1455, 1474) out of bounds for length 1473
	at java.base/java.util.concurrent.CompletableFuture.encodeThrowable(CompletableFuture.java:332)
	at java.base/java.util.concurrent.CompletableFuture.completeThrowable(CompletableFuture.java:347)
	at java.base/java.util.concurrent.CompletableFuture$UniAccept.tryFire(CompletableFuture.java:708)
	at java.base/java.util.concurrent.CompletableFuture.postComplete(CompletableFuture.java:510)
	at java.base/java.util.concurrent.CompletableFuture.completeExceptionally(CompletableFuture.java:2162)
	at scala.meta.internal.metals.CancelTokens$.$anonfun$future$1(CancelTokens.scala:40)
	at scala.meta.internal.metals.CancelTokens$.$anonfun$future$1$adapted(CancelTokens.scala:38)
	at scala.concurrent.impl.Promise$Transformation.run(Promise.scala:484)
	at java.base/java.util.concurrent.ThreadPoolExecutor.runWorker(ThreadPoolExecutor.java:1136)
	at java.base/java.util.concurrent.ThreadPoolExecutor$Worker.run(ThreadPoolExecutor.java:635)
	at java.base/java.lang.Thread.run(Thread.java:833)
Caused by: java.lang.StringIndexOutOfBoundsException: Range [1455, 1474) out of bounds for length 1473
	at java.base/jdk.internal.util.Preconditions$1.apply(Preconditions.java:55)
	at java.base/jdk.internal.util.Preconditions$1.apply(Preconditions.java:52)
	at java.base/jdk.internal.util.Preconditions$4.apply(Preconditions.java:213)
	at java.base/jdk.internal.util.Preconditions$4.apply(Preconditions.java:210)
	at java.base/jdk.internal.util.Preconditions.outOfBounds(Preconditions.java:98)
	at java.base/jdk.internal.util.Preconditions.outOfBoundsCheckFromToIndex(Preconditions.java:112)
	at java.base/jdk.internal.util.Preconditions.checkFromToIndex(Preconditions.java:349)
	at java.base/java.lang.String.checkBoundsBeginEnd(String.java:4589)
	at java.base/java.lang.String.substring(String.java:2703)
	at scala.meta.internal.metals.codeactions.FlatMapToForComprehensionCodeAction.getIndentForPos(FlatMapToForComprehensionCodeAction.scala:677)
	at scala.meta.internal.metals.codeactions.FlatMapToForComprehensionCodeAction.$anonfun$contribute$4(FlatMapToForComprehensionCodeAction.scala:57)
	at scala.Option.map(Option.scala:242)
	at scala.meta.internal.metals.codeactions.FlatMapToForComprehensionCodeAction.$anonfun$contribute$3(FlatMapToForComprehensionCodeAction.scala:53)
	at scala.Option.flatMap(Option.scala:283)
	at scala.meta.internal.metals.codeactions.FlatMapToForComprehensionCodeAction.$anonfun$contribute$2(FlatMapToForComprehensionCodeAction.scala:52)
	at scala.Option.flatMap(Option.scala:283)
	at scala.meta.internal.metals.codeactions.FlatMapToForComprehensionCodeAction.$anonfun$contribute$1(FlatMapToForComprehensionCodeAction.scala:51)
	at scala.concurrent.Future$.$anonfun$apply$1(Future.scala:687)
	at scala.concurrent.impl.Promise$Transformation.run(Promise.scala:467)
	... 3 more

2024.01.06 21:18:28 WARN  no build target for: /Users/maxon462/Desktop/Paradygmaty/lab6/Scala/helloscala/src/main/scala/hello.worksheet.sc
[31merror[39m: Scala/helloscala/src/main/scala/hello.worksheet.sc:39:46: = expected but ] found
def skipponacciImperacci(n: Int, m: Int): Int] = {
                                             ^
2024.01.06 21:18:29 INFO  time: evaluated worksheet 'hello.worksheet.sc' in 0.76s
2024.01.06 21:18:29 WARN  no build target for: /Users/maxon462/Desktop/Paradygmaty/lab6/Scala/helloscala/src/main/scala/hello.worksheet.sc
[31merror[39m: Scala/helloscala/src/main/scala/hello.worksheet.sc:69:19: ) expected but end of file found
val r = List(Array
                  ^
2024.01.06 21:18:29 INFO  time: evaluated worksheet 'hello.worksheet.sc' in 0.31s
2024.01.06 21:18:38 WARN  no build target for: /Users/maxon462/Desktop/Paradygmaty/lab6/Scala/helloscala/src/main/scala/hello.worksheet.sc
[31merror[39m: Scala/helloscala/src/main/scala/hello.worksheet.sc:64:3: 
Found:    (result : Array[Int])
Required: Int
  result
  ^^^^^^
2024.01.06 21:18:38 INFO  time: evaluated worksheet 'hello.worksheet.sc' in 0.41s
2024.01.06 21:18:44 WARN  no build target for: /Users/maxon462/Desktop/Paradygmaty/lab6/Scala/helloscala/src/main/scala/hello.worksheet.sc
[31merror[39m: Scala/helloscala/src/main/scala/hello.worksheet.sc:66:2: 
Found:    Unit
Required: Int
}
 ^
2024.01.06 21:18:45 INFO  time: evaluated worksheet 'hello.worksheet.sc' in 0.51s
2024.01.06 21:18:48 WARN  no build target for: /Users/maxon462/Desktop/Paradygmaty/lab6/Scala/helloscala/src/main/scala/hello.worksheet.sc
[31merror[39m: Scala/helloscala/src/main/scala/hello.worksheet.sc:65:3: 
Not found: skipo
  skipo
  ^^^^^
2024.01.06 21:18:48 INFO  time: evaluated worksheet 'hello.worksheet.sc' in 0.51s
2024.01.06 21:18:49 WARN  no build target for: /Users/maxon462/Desktop/Paradygmaty/lab6/Scala/helloscala/src/main/scala/hello.worksheet.sc
[31merror[39m: Scala/helloscala/src/main/scala/hello.worksheet.sc:65:3: 
missing argument for parameter n of method skipponacciHelper: (n: Int, m: Int): Int
  skipponacciHelper()
  ^^^^^^^^^^^^^^^^^^^
2024.01.06 21:18:50 INFO  time: evaluated worksheet 'hello.worksheet.sc' in 0.27s
2024.01.06 21:18:52 WARN  no build target for: /Users/maxon462/Desktop/Paradygmaty/lab6/Scala/helloscala/src/main/scala/hello.worksheet.sc
2024.01.06 21:18:53 INFO  time: evaluated worksheet 'hello.worksheet.sc' in 0.91s
2024.01.06 21:19:52 WARN  no build target for: /Users/maxon462/Desktop/Paradygmaty/lab6/Scala/helloscala/src/main/scala/hello.worksheet.sc
2024.01.06 21:19:53 INFO  time: evaluated worksheet 'hello.worksheet.sc' in 0.91s
2024.01.06 21:21:31 WARN  no build target for: /Users/maxon462/Desktop/Paradygmaty/lab6/Scala/helloscala/src/main/scala/hello.worksheet.sc
[31merror[39m: Scala/helloscala/src/main/scala/hello.worksheet.sc:49:24: 
expression expected but ')' found
    while ( numofres > ){
                       ^
[31merror[39m: Scala/helloscala/src/main/scala/hello.worksheet.sc:49:13: 
None of the overloaded alternatives of method > in class Int with types
 (x: Double): Boolean
 (x: Float): Boolean
 (x: Long): Boolean
 (x: Int): Boolean
 (x: Char): Boolean
 (x: Short): Boolean
 (x: Byte): Boolean
match arguments (Null)
    while ( numofres > ){
            ^^^^^^^^^^
2024.01.06 21:21:32 INFO  time: evaluated worksheet 'hello.worksheet.sc' in 0.58s
2024.01.06 21:21:47 WARN  no build target for: /Users/maxon462/Desktop/Paradygmaty/lab6/Scala/helloscala/src/main/scala/hello.worksheet.sc
Jan 06, 2024 9:21:48 PM org.eclipse.lsp4j.jsonrpc.RemoteEndpoint handleCancellation
WARNING: Unmatched cancel notification for request id 480
2024.01.06 21:21:49 INFO  time: evaluated worksheet 'hello.worksheet.sc' in 2.38s
2024.01.06 21:21:51 WARN  no build target for: /Users/maxon462/Desktop/Paradygmaty/lab6/Scala/helloscala/src/main/scala/hello.worksheet.sc
2024.01.06 21:21:52 INFO  time: evaluated worksheet 'hello.worksheet.sc' in 0.65s
2024.01.06 21:21:58 WARN  no build target for: /Users/maxon462/Desktop/Paradygmaty/lab6/Scala/helloscala/src/main/scala/hello.worksheet.sc
2024.01.06 21:21:59 INFO  time: evaluated worksheet 'hello.worksheet.sc' in 1s
2024.01.06 21:22:08 WARN  no build target for: /Users/maxon462/Desktop/Paradygmaty/lab6/Scala/helloscala/src/main/scala/hello.worksheet.sc
2024.01.06 21:22:08 INFO  time: evaluated worksheet 'hello.worksheet.sc' in 0.85s
2024.01.06 21:22:14 WARN  no build target for: /Users/maxon462/Desktop/Paradygmaty/lab6/Scala/helloscala/src/main/scala/hello.worksheet.sc
2024.01.06 21:22:15 INFO  time: evaluated worksheet 'hello.worksheet.sc' in 0.59s
2024.01.06 21:22:57 WARN  no build target for: /Users/maxon462/Desktop/Paradygmaty/lab6/Scala/helloscala/src/main/scala/hello.worksheet.sc
2024.01.06 21:22:58 INFO  time: evaluated worksheet 'hello.worksheet.sc' in 0.82s
2024.01.06 21:23:02 WARN  no build target for: /Users/maxon462/Desktop/Paradygmaty/lab6/Scala/helloscala/src/main/scala/hello.worksheet.sc
2024.01.06 21:23:03 INFO  time: evaluated worksheet 'hello.worksheet.sc' in 0.47s
2024.01.06 21:23:08 WARN  no build target for: /Users/maxon462/Desktop/Paradygmaty/lab6/Scala/helloscala/src/main/scala/hello.worksheet.sc
2024.01.06 21:23:09 INFO  time: evaluated worksheet 'hello.worksheet.sc' in 0.46s
2024.01.06 21:23:13 WARN  no build target for: /Users/maxon462/Desktop/Paradygmaty/lab6/Scala/helloscala/src/main/scala/hello.worksheet.sc
2024.01.06 21:23:14 INFO  time: evaluated worksheet 'hello.worksheet.sc' in 0.47s
2024.01.06 21:23:31 WARN  no build target for: /Users/maxon462/Desktop/Paradygmaty/lab6/Scala/helloscala/src/main/scala/hello.worksheet.sc
2024.01.06 21:23:32 INFO  time: evaluated worksheet 'hello.worksheet.sc' in 0.81s
2024.01.06 21:24:41 WARN  no build target for: /Users/maxon462/Desktop/Paradygmaty/lab6/Scala/helloscala/src/main/scala/hello.worksheet.sc
2024.01.06 21:24:41 INFO  time: evaluated worksheet 'hello.worksheet.sc' in 0.41s
2024.01.06 21:24:51 WARN  no build target for: /Users/maxon462/Desktop/Paradygmaty/lab6/Scala/helloscala/src/main/scala/hello.worksheet.sc
2024.01.06 21:24:52 INFO  time: evaluated worksheet 'hello.worksheet.sc' in 0.79s
2024.01.06 21:24:56 WARN  no build target for: /Users/maxon462/Desktop/Paradygmaty/lab6/Scala/helloscala/src/main/scala/hello.worksheet.sc
2024.01.06 21:24:56 INFO  time: evaluated worksheet 'hello.worksheet.sc' in 0.45s
2024.01.06 21:28:33 WARN  no build target for: /Users/maxon462/Desktop/Paradygmaty/lab6/Scala/helloscala/src/main/scala/hello.worksheet.sc
2024.01.06 21:28:34 INFO  time: evaluated worksheet 'hello.worksheet.sc' in 0.81s
2024.01.06 21:28:45 WARN  no build target for: /Users/maxon462/Desktop/Paradygmaty/lab6/Scala/helloscala/src/main/scala/hello.worksheet.sc
2024.01.06 21:28:46 WARN  no build target for: /Users/maxon462/Desktop/Paradygmaty/lab6/Scala/helloscala/src/main/scala/hello.worksheet.sc
2024.01.06 21:28:46 INFO  time: evaluated worksheet 'hello.worksheet.sc' in 1.44s
2024.01.06 21:28:47 INFO  time: evaluated worksheet 'hello.worksheet.sc' in 0.46s
2024.01.06 21:29:46 WARN  no build target for: /Users/maxon462/Desktop/Paradygmaty/lab6/Scala/helloscala/src/main/scala/hello.worksheet.sc
[31merror[39m: Scala/helloscala/src/main/scala/hello.worksheet.sc:66:2: 
Found:    Unit
Required: Int
}
 ^
2024.01.06 21:29:46 INFO  time: evaluated worksheet 'hello.worksheet.sc' in 0.26s
2024.01.06 21:29:48 WARN  no build target for: /Users/maxon462/Desktop/Paradygmaty/lab6/Scala/helloscala/src/main/scala/hello.worksheet.sc
[31merror[39m: Scala/helloscala/src/main/scala/hello.worksheet.sc:61:26: 
Found:    List[Int]
Required: Int
    result(currentN-1) = skipponacciDeclaracci(currentN, m)
                         ^^^^^^^^^^^^^^^^^^^^^^^^^^^^^^^^^^
[31merror[39m: Scala/helloscala/src/main/scala/hello.worksheet.sc:64:3: 
Found:    (result : Array[Int])
Required: Int
  result
  ^^^^^^
2024.01.06 21:29:48 INFO  time: evaluated worksheet 'hello.worksheet.sc' in 0.24s
2024.01.06 21:30:04 WARN  no build target for: /Users/maxon462/Desktop/Paradygmaty/lab6/Scala/helloscala/src/main/scala/hello.worksheet.sc
[31merror[39m: Scala/helloscala/src/main/scala/hello.worksheet.sc:39:43: 
Not found: type AInt
def skipponacciImperacci(n: Int, m: Int): AInt = {
                                          ^^^^
[31merror[39m: Scala/helloscala/src/main/scala/hello.worksheet.sc:61:26: 
Found:    List[Int]
Required: Int
    result(currentN-1) = skipponacciDeclaracci(currentN, m)
                         ^^^^^^^^^^^^^^^^^^^^^^^^^^^^^^^^^^
2024.01.06 21:30:05 INFO  time: evaluated worksheet 'hello.worksheet.sc' in 0.72s
2024.01.06 21:30:07 WARN  no build target for: /Users/maxon462/Desktop/Paradygmaty/lab6/Scala/helloscala/src/main/scala/hello.worksheet.sc
[31merror[39m: Scala/helloscala/src/main/scala/hello.worksheet.sc:39:43: 
Not found: type ArrayInt
def skipponacciImperacci(n: Int, m: Int): ArrayInt = {
                                          ^^^^^^^^
[31merror[39m: Scala/helloscala/src/main/scala/hello.worksheet.sc:61:26: 
Found:    List[Int]
Required: Int
    result(currentN-1) = skipponacciDeclaracci(currentN, m)
                         ^^^^^^^^^^^^^^^^^^^^^^^^^^^^^^^^^^
2024.01.06 21:30:07 INFO  time: evaluated worksheet 'hello.worksheet.sc' in 0.5s
2024.01.06 21:30:08 WARN  no build target for: /Users/maxon462/Desktop/Paradygmaty/lab6/Scala/helloscala/src/main/scala/hello.worksheet.sc
[31merror[39m: Scala/helloscala/src/main/scala/hello.worksheet.sc:39:49: identifier expected but ] found
def skipponacciImperacci(n: Int, m: Int): Array[]Int = {
                                                ^
2024.01.06 21:30:08 INFO  time: evaluated worksheet 'hello.worksheet.sc' in 0.36s
2024.01.06 21:30:10 WARN  no build target for: /Users/maxon462/Desktop/Paradygmaty/lab6/Scala/helloscala/src/main/scala/hello.worksheet.sc
[31merror[39m: Scala/helloscala/src/main/scala/hello.worksheet.sc:39:53: ] expected but = found
def skipponacciImperacci(n: Int, m: Int): Array[Int = {
                                                    ^
2024.01.06 21:30:10 INFO  time: evaluated worksheet 'hello.worksheet.sc' in 0.22s
2024.01.06 21:30:11 WARN  no build target for: /Users/maxon462/Desktop/Paradygmaty/lab6/Scala/helloscala/src/main/scala/hello.worksheet.sc
[31merror[39m: Scala/helloscala/src/main/scala/hello.worksheet.sc:61:26: 
Found:    List[Int]
Required: Int
    result(currentN-1) = skipponacciDeclaracci(currentN, m)
                         ^^^^^^^^^^^^^^^^^^^^^^^^^^^^^^^^^^
2024.01.06 21:30:12 INFO  time: evaluated worksheet 'hello.worksheet.sc' in 0.66s
2024.01.06 21:31:44 WARN  no build target for: /Users/maxon462/Desktop/Paradygmaty/lab6/Scala/helloscala/src/main/scala/hello.worksheet.sc
2024.01.06 21:31:45 INFO  time: evaluated worksheet 'hello.worksheet.sc' in 0.92s
2024.01.06 21:47:36 INFO  Shutting down server
2024.01.06 21:47:36 INFO  shutting down Metals
2024.01.06 21:47:36 INFO  Exiting server
