2023.12.07 16:58:29 INFO  Started: Metals version 1.1.0 in folders '/Users/maxon462/Desktop/Paradygmaty/lab4' for client Visual Studio Code 1.83.0.
2023.12.07 16:58:29 WARN  Build server is not auto-connectable.
2023.12.07 16:58:29 WARN  no build tool detected in workspace '/Users/maxon462/Desktop/Paradygmaty/lab4'. The most common cause for this problem is that the editor was opened in the wrong working directory, for example if you use sbt then the workspace directory should contain build.sbt. 
2023.12.07 16:58:29 WARN  no build target for: /Users/maxon462/Desktop/Paradygmaty/lab4/Scala/helloscala/src/main/scala/hello.worksheet.sc
2023.12.07 16:58:31 INFO  time: evaluated worksheet 'hello.worksheet.sc' in 2.07s
2023.12.07 16:58:32 INFO  no build target found for /Users/maxon462/Desktop/Paradygmaty/lab4/Scala/helloscala/src/main/scala/hello.worksheet.sc. Using presentation compiler with project's scala-library version: 3.3.1
2023.12.07 16:58:34 INFO  no build target found for /Users/maxon462/Desktop/Paradygmaty/lab4/Scala/helloscala/src/main/scala/hello.worksheet.sc. Using presentation compiler with project's scala-library version: 3.3.1
2023.12.07 16:58:43 WARN  no build target for: /Users/maxon462/Desktop/Paradygmaty/lab4/Scala/helloscala/src/main/scala/hello.worksheet.sc
2023.12.07 16:58:43 INFO  time: evaluated worksheet 'hello.worksheet.sc' in 0.43s
2023.12.07 16:59:26 WARN  no build target for: /Users/maxon462/Desktop/Paradygmaty/lab4/Scala/helloscala/src/main/scala/hello.worksheet.sc
2023.12.07 16:59:26 INFO  time: evaluated worksheet 'hello.worksheet.sc' in 0.21s
2023.12.07 16:59:39 WARN  no build target for: /Users/maxon462/Desktop/Paradygmaty/lab4/Scala/helloscala/src/main/scala/hello.worksheet.sc
2023.12.07 16:59:39 INFO  time: evaluated worksheet 'hello.worksheet.sc' in 0.19s
2023.12.07 17:01:37 WARN  no build target for: /Users/maxon462/Desktop/Paradygmaty/lab4/Scala/helloscala/src/main/scala/hello.worksheet.sc
2023.12.07 17:01:38 INFO  time: evaluated worksheet 'hello.worksheet.sc' in 0.31s
2023.12.07 17:01:48 WARN  no build target for: /Users/maxon462/Desktop/Paradygmaty/lab4/Scala/helloscala/src/main/scala/hello.worksheet.sc
[31merror[39m: Scala/helloscala/src/main/scala/hello.worksheet.sc:10:11: 
Found:    Some[A]
Required: MdocApp.this.Node[A]
        f(Some(v1), Some(v2)),
          ^^^^^^^^
2023.12.07 17:01:48 INFO  time: evaluated worksheet 'hello.worksheet.sc' in 0.19s
2023.12.07 17:01:55 WARN  no build target for: /Users/maxon462/Desktop/Paradygmaty/lab4/Scala/helloscala/src/main/scala/hello.worksheet.sc
[31merror[39m: Scala/helloscala/src/main/scala/hello.worksheet.sc:6:37: 
Not found: type Op
def combineTree3[A, B](f: (Node[A], Op[A]) => B)(tree1: Tree3[A])(tree2: Tree3[A]): Tree3[B] = {
                                    ^^
[31merror[39m: Scala/helloscala/src/main/scala/hello.worksheet.sc:10:11: 
Found:    Some[A]
Required: MdocApp.this.Node[A]
        f(Some(v1), Some(v2)),
          ^^^^^^^^
2023.12.07 17:01:55 INFO  time: evaluated worksheet 'hello.worksheet.sc' in 0.12s
2023.12.07 17:01:57 WARN  no build target for: /Users/maxon462/Desktop/Paradygmaty/lab4/Scala/helloscala/src/main/scala/hello.worksheet.sc
2023.12.07 17:01:57 INFO  time: evaluated worksheet 'hello.worksheet.sc' in 0.24s
2023.12.07 17:02:31 WARN  no build target for: /Users/maxon462/Desktop/Paradygmaty/lab4/Scala/helloscala/src/main/scala/hello.worksheet.sc
2023.12.07 17:02:31 INFO  time: evaluated worksheet 'hello.worksheet.sc' in 0.21s
2023.12.07 17:04:10 WARN  no build target for: /Users/maxon462/Desktop/Paradygmaty/lab4/Scala/helloscala/src/main/scala/hello.worksheet.sc
[31merror[39m: Scala/helloscala/src/main/scala/hello.worksheet.sc:24:55: 
value value is not a member of MdocApp.this.Tree3[Any]
val combinedTree: Tree3[Int] = combineTree3((a, b) => a.value + b.value)(tree1)(tree2)
                                                      ^^^^^^^
2023.12.07 17:04:10 INFO  time: evaluated worksheet 'hello.worksheet.sc' in 0.16s
2023.12.07 17:04:13 WARN  no build target for: /Users/maxon462/Desktop/Paradygmaty/lab4/Scala/helloscala/src/main/scala/hello.worksheet.sc
2023.12.07 17:04:13 INFO  time: evaluated worksheet 'hello.worksheet.sc' in 0.33s
2023.12.07 17:04:38 WARN  no build target for: /Users/maxon462/Desktop/Paradygmaty/lab4/Scala/helloscala/src/main/scala/hello.worksheet.sc
[31merror[39m: Scala/helloscala/src/main/scala/hello.worksheet.sc:24:55: 
value value is not a member of MdocApp.this.Tree3[Any]
val combinedTree: Tree3[Int] = combineTree3((a, b) => a.value + b.value)(tree1)(tree2)
                                                      ^^^^^^^
2023.12.07 17:04:38 INFO  time: evaluated worksheet 'hello.worksheet.sc' in 0.11s
2023.12.07 17:05:40 WARN  no build target for: /Users/maxon462/Desktop/Paradygmaty/lab4/Scala/helloscala/src/main/scala/hello.worksheet.sc
[31merror[39m: Scala/helloscala/src/main/scala/hello.worksheet.sc:24:55: 
value + is not a member of MdocApp.this.Tree3[Any]
val combinedTree: Tree3[Int] = combineTree3((a, b) => a + b.value)(tree1)(tree2)
                                                      ^^^
[31merror[39m: Scala/helloscala/src/main/scala/hello.worksheet.sc:24:59: 
value value is not a member of MdocApp.this.Tree3[Any]
val combinedTree: Tree3[Int] = combineTree3((a, b) => a + b.value)(tree1)(tree2)
                                                          ^^^^^^^
2023.12.07 17:05:40 INFO  time: evaluated worksheet 'hello.worksheet.sc' in 0.11s
2023.12.07 17:05:48 WARN  no build target for: /Users/maxon462/Desktop/Paradygmaty/lab4/Scala/helloscala/src/main/scala/hello.worksheet.sc
[31merror[39m: Scala/helloscala/src/main/scala/hello.worksheet.sc:24:55: 
value + is not a member of MdocApp.this.Tree3[Any]
val combinedTree: Tree3[Int] = combineTree3((a, b) => a + b)(tree1)(tree2)
                                                      ^^^
2023.12.07 17:05:49 INFO  time: evaluated worksheet 'hello.worksheet.sc' in 0.11s
2023.12.07 17:05:57 WARN  no build target for: /Users/maxon462/Desktop/Paradygmaty/lab4/Scala/helloscala/src/main/scala/hello.worksheet.sc
[31merror[39m: Scala/helloscala/src/main/scala/hello.worksheet.sc:24:55: 
value value is not a member of MdocApp.this.Tree3[Any]
val combinedTree: Tree3[Int] = combineTree3((a, b) => a.value=== + b.value)(tree1)(tree2)
                                                      ^^^^^^^
2023.12.07 17:05:57 INFO  time: evaluated worksheet 'hello.worksheet.sc' in 97ms
2023.12.07 17:05:58 WARN  no build target for: /Users/maxon462/Desktop/Paradygmaty/lab4/Scala/helloscala/src/main/scala/hello.worksheet.sc
[31merror[39m: Scala/helloscala/src/main/scala/hello.worksheet.sc:24:55: 
value value is not a member of MdocApp.this.Tree3[Any]
val combinedTree: Tree3[Int] = combineTree3((a, b) => a.value + b.value)(tree1)(tree2)
                                                      ^^^^^^^
2023.12.07 17:05:59 INFO  time: evaluated worksheet 'hello.worksheet.sc' in 0.11s
2023.12.07 17:06:03 WARN  no build target for: /Users/maxon462/Desktop/Paradygmaty/lab4/Scala/helloscala/src/main/scala/hello.worksheet.sc
2023.12.07 17:06:03 INFO  time: evaluated worksheet 'hello.worksheet.sc' in 0.19s
2023.12.07 17:06:04 WARN  no build target for: /Users/maxon462/Desktop/Paradygmaty/lab4/Scala/helloscala/src/main/scala/hello.worksheet.sc
[31merror[39m: Scala/helloscala/src/main/scala/hello.worksheet.sc:24:55: 
value value is not a member of MdocApp.this.Tree3[Any]
val combinedTree: Tree3[Int] = combineTree3((a, b) => a.value + b.value)(tree1)(tree2)
                                                      ^^^^^^^
2023.12.07 17:06:04 INFO  time: evaluated worksheet 'hello.worksheet.sc' in 85ms
2023.12.07 17:06:07 WARN  no build target for: /Users/maxon462/Desktop/Paradygmaty/lab4/Scala/helloscala/src/main/scala/hello.worksheet.sc
2023.12.07 17:06:07 INFO  time: evaluated worksheet 'hello.worksheet.sc' in 0.18s
2023.12.07 17:07:16 WARN  no build target for: /Users/maxon462/Desktop/Paradygmaty/lab4/Scala/helloscala/src/main/scala/hello.worksheet.sc
[31merror[39m: Scala/helloscala/src/main/scala/hello.worksheet.sc:6:57: identifier expected but ] found
def combineTree3[A, B](f: (Tree3[A], Tree3[A]) => Tree3[])(tree1: Tree3[A])(tree2: Tree3[A]): Tree3[B] = {
                                                        ^
2023.12.07 17:07:17 INFO  time: evaluated worksheet 'hello.worksheet.sc' in 0.11s
2023.12.07 17:07:18 WARN  no build target for: /Users/maxon462/Desktop/Paradygmaty/lab4/Scala/helloscala/src/main/scala/hello.worksheet.sc
[31merror[39m: Scala/helloscala/src/main/scala/hello.worksheet.sc:10:9: 
Found:    MdocApp.this.Tree3[A]
Required: B
        f(Node(v1, Empty, Empty, Empty), Node(v2, Empty, Empty, Empty)),
        ^^^^^^^^^^^^^^^^^^^^^^^^^^^^^^^^^^^^^^^^^^^^^^^^^^^^^^^^^^^^^^^
2023.12.07 17:07:18 INFO  time: evaluated worksheet 'hello.worksheet.sc' in 83ms
2023.12.07 17:07:23 WARN  no build target for: /Users/maxon462/Desktop/Paradygmaty/lab4/Scala/helloscala/src/main/scala/hello.worksheet.sc
[31merror[39m: Scala/helloscala/src/main/scala/hello.worksheet.sc:6:57: identifier expected but ] found
def combineTree3[A, B](f: (Tree3[A], Tree3[A]) => Tree3[])(tree1: Tree3[A])(tree2: Tree3[A]): Tree3[B] = {
                                                        ^
2023.12.07 17:07:23 INFO  time: evaluated worksheet 'hello.worksheet.sc' in 90ms
2023.12.07 17:07:25 WARN  no build target for: /Users/maxon462/Desktop/Paradygmaty/lab4/Scala/helloscala/src/main/scala/hello.worksheet.sc
2023.12.07 17:07:25 INFO  time: evaluated worksheet 'hello.worksheet.sc' in 0.17s
2023.12.07 17:15:45 WARN  no build target for: /Users/maxon462/Desktop/Paradygmaty/lab4/Scala/helloscala/src/main/scala/hello.worksheet.sc
[31merror[39m: Scala/helloscala/src/main/scala/hello.worksheet.sc:24:55: 
value value is not a member of MdocApp.this.Tree3[Any]
val combinedTree: Tree3[Int] = combineTree3((a, b) => a.value + b.value)(tree1)(tree2)
                                                      ^^^^^^^
2023.12.07 17:15:46 INFO  time: evaluated worksheet 'hello.worksheet.sc' in 0.15s
2023.12.07 17:17:40 WARN  no build target for: /Users/maxon462/Desktop/Paradygmaty/lab4/Scala/helloscala/src/main/scala/hello.worksheet.sc
2023.12.07 17:17:43 INFO  time: evaluated worksheet 'hello.worksheet.sc' in 0.19s
2023.12.07 17:17:46 WARN  no build target for: /Users/maxon462/Desktop/Paradygmaty/lab4/Scala/helloscala/src/main/scala/hello.worksheet.sc
[31merror[39m: Scala/helloscala/src/main/scala/hello.worksheet.sc:23:55: 
value + is not a member of Any
val combinedTree: Tree3[Int] = combineTree3((a, b) => a + b)(tree1)(tree2)
                                                      ^^^
2023.12.07 17:17:46 INFO  time: evaluated worksheet 'hello.worksheet.sc' in 89ms
2023.12.07 17:18:29 WARN  no build target for: /Users/maxon462/Desktop/Paradygmaty/lab4/Scala/helloscala/src/main/scala/hello.worksheet.sc
[31merror[39m: Scala/helloscala/src/main/scala/hello.worksheet.sc:23:55: 
value + is not a member of Any
val combinedTree: Tree3[Int] = combineTree3((a, b) => a + b)(tree1)(tree2)
                                                      ^^^
2023.12.07 17:18:29 INFO  time: evaluated worksheet 'hello.worksheet.sc' in 0.11s
2023.12.07 17:20:58 WARN  no build target for: /Users/maxon462/Desktop/Paradygmaty/lab4/Scala/helloscala/src/main/scala/hello.worksheet.sc
2023.12.07 17:20:59 INFO  time: evaluated worksheet 'hello.worksheet.sc' in 0.24s
2023.12.07 17:21:01 WARN  no build target for: /Users/maxon462/Desktop/Paradygmaty/lab4/Scala/helloscala/src/main/scala/hello.worksheet.sc
[31merror[39m: Scala/helloscala/src/main/scala/hello.worksheet.sc:22:55: 
value value is not a member of MdocApp.this.Tree3[Any]
val combinedTree: Tree3[Int] = combineTree3((a, b) => a.value + b.value)(tree1)(tree2)
                                                      ^^^^^^^
2023.12.07 17:21:01 INFO  time: evaluated worksheet 'hello.worksheet.sc' in 93ms
2023.12.07 17:26:44 WARN  no build target for: /Users/maxon462/Desktop/Paradygmaty/lab4/Scala/helloscala/src/main/scala/hello.worksheet.sc
[31merror[39m: Scala/helloscala/src/main/scala/hello.worksheet.sc:9:20: 
Found:    MdocApp.this.Empty.type
Required: MdocApp.this.Tree3[A]
        f(Node(v1, Empty, Empty, Empty), Node(v2, Empty, Empty, Empty)),
                   ^^^^^
[31merror[39m: Scala/helloscala/src/main/scala/hello.worksheet.sc:9:27: 
Found:    MdocApp.this.Empty.type
Required: MdocApp.this.Tree3[A]
        f(Node(v1, Empty, Empty, Empty), Node(v2, Empty, Empty, Empty)),
                          ^^^^^
[31merror[39m: Scala/helloscala/src/main/scala/hello.worksheet.sc:9:34: 
Found:    MdocApp.this.Empty.type
Required: MdocApp.this.Tree3[A]
        f(Node(v1, Empty, Empty, Empty), Node(v2, Empty, Empty, Empty)),
                                 ^^^^^
[31merror[39m: Scala/helloscala/src/main/scala/hello.worksheet.sc:9:51: 
Found:    MdocApp.this.Empty.type
Required: MdocApp.this.Tree3[A]
        f(Node(v1, Empty, Empty, Empty), Node(v2, Empty, Empty, Empty)),
                                                  ^^^^^
[31merror[39m: Scala/helloscala/src/main/scala/hello.worksheet.sc:9:58: 
Found:    MdocApp.this.Empty.type
Required: MdocApp.this.Tree3[A]
        f(Node(v1, Empty, Empty, Empty), Node(v2, Empty, Empty, Empty)),
                                                         ^^^^^
[31merror[39m: Scala/helloscala/src/main/scala/hello.worksheet.sc:9:65: 
Found:    MdocApp.this.Empty.type
Required: MdocApp.this.Tree3[A]
        f(Node(v1, Empty, Empty, Empty), Node(v2, Empty, Empty, Empty)),
                                                                ^^^^^
[31merror[39m: Scala/helloscala/src/main/scala/hello.worksheet.sc:19:41: 
Found:    MdocApp.this.Empty.type
Required: MdocApp.this.Tree3[Int]
val tree1: Tree3[Int] = Node(1, Node(2, Empty, Empty, Empty), Node(3, Empty, Empty, Empty), Empty)
                                        ^^^^^
[31merror[39m: Scala/helloscala/src/main/scala/hello.worksheet.sc:19:48: 
Found:    MdocApp.this.Empty.type
Required: MdocApp.this.Tree3[Int]
val tree1: Tree3[Int] = Node(1, Node(2, Empty, Empty, Empty), Node(3, Empty, Empty, Empty), Empty)
                                               ^^^^^
[31merror[39m: Scala/helloscala/src/main/scala/hello.worksheet.sc:19:55: 
Found:    MdocApp.this.Empty.type
Required: MdocApp.this.Tree3[Int]
val tree1: Tree3[Int] = Node(1, Node(2, Empty, Empty, Empty), Node(3, Empty, Empty, Empty), Empty)
                                                      ^^^^^
[31merror[39m: Scala/helloscala/src/main/scala/hello.worksheet.sc:19:71: 
Found:    MdocApp.this.Empty.type
Required: MdocApp.this.Tree3[Int]
val tree1: Tree3[Int] = Node(1, Node(2, Empty, Empty, Empty), Node(3, Empty, Empty, Empty), Empty)
                                                                      ^^^^^
[31merror[39m: Scala/helloscala/src/main/scala/hello.worksheet.sc:19:78: 
Found:    MdocApp.this.Empty.type
Required: MdocApp.this.Tree3[Int]
val tree1: Tree3[Int] = Node(1, Node(2, Empty, Empty, Empty), Node(3, Empty, Empty, Empty), Empty)
                                                                             ^^^^^
[31merror[39m: Scala/helloscala/src/main/scala/hello.worksheet.sc:19:85: 
Found:    MdocApp.this.Empty.type
Required: MdocApp.this.Tree3[Int]
val tree1: Tree3[Int] = Node(1, Node(2, Empty, Empty, Empty), Node(3, Empty, Empty, Empty), Empty)
                                                                                    ^^^^^
[31merror[39m: Scala/helloscala/src/main/scala/hello.worksheet.sc:19:93: 
Found:    MdocApp.this.Empty.type
Required: MdocApp.this.Tree3[Int]
val tree1: Tree3[Int] = Node(1, Node(2, Empty, Empty, Empty), Node(3, Empty, Empty, Empty), Empty)
                                                                                            ^^^^^
[31merror[39m: Scala/helloscala/src/main/scala/hello.worksheet.sc:20:41: 
Found:    MdocApp.this.Empty.type
Required: MdocApp.this.Tree3[Int]
val tree2: Tree3[Int] = Node(4, Node(5, Empty, Empty, Empty), Node(6, Empty, Empty, Empty), Empty)
                                        ^^^^^
[31merror[39m: Scala/helloscala/src/main/scala/hello.worksheet.sc:20:48: 
Found:    MdocApp.this.Empty.type
Required: MdocApp.this.Tree3[Int]
val tree2: Tree3[Int] = Node(4, Node(5, Empty, Empty, Empty), Node(6, Empty, Empty, Empty), Empty)
                                               ^^^^^
[31merror[39m: Scala/helloscala/src/main/scala/hello.worksheet.sc:20:55: 
Found:    MdocApp.this.Empty.type
Required: MdocApp.this.Tree3[Int]
val tree2: Tree3[Int] = Node(4, Node(5, Empty, Empty, Empty), Node(6, Empty, Empty, Empty), Empty)
                                                      ^^^^^
[31merror[39m: Scala/helloscala/src/main/scala/hello.worksheet.sc:20:71: 
Found:    MdocApp.this.Empty.type
Required: MdocApp.this.Tree3[Int]
val tree2: Tree3[Int] = Node(4, Node(5, Empty, Empty, Empty), Node(6, Empty, Empty, Empty), Empty)
                                                                      ^^^^^
[31merror[39m: Scala/helloscala/src/main/scala/hello.worksheet.sc:20:78: 
Found:    MdocApp.this.Empty.type
Required: MdocApp.this.Tree3[Int]
val tree2: Tree3[Int] = Node(4, Node(5, Empty, Empty, Empty), Node(6, Empty, Empty, Empty), Empty)
                                                                             ^^^^^
[31merror[39m: Scala/helloscala/src/main/scala/hello.worksheet.sc:20:85: 
Found:    MdocApp.this.Empty.type
Required: MdocApp.this.Tree3[Int]
val tree2: Tree3[Int] = Node(4, Node(5, Empty, Empty, Empty), Node(6, Empty, Empty, Empty), Empty)
                                                                                    ^^^^^
[31merror[39m: Scala/helloscala/src/main/scala/hello.worksheet.sc:20:93: 
Found:    MdocApp.this.Empty.type
Required: MdocApp.this.Tree3[Int]
val tree2: Tree3[Int] = Node(4, Node(5, Empty, Empty, Empty), Node(6, Empty, Empty, Empty), Empty)
                                                                                            ^^^^^
[31merror[39m: Scala/helloscala/src/main/scala/hello.worksheet.sc:22:55: 
value value is not a member of MdocApp.this.Tree3[Any]
val combinedTree: Tree3[Int] = combineTree3((a, b) => a.value + b.value)(tree1)(tree2)
                                                      ^^^^^^^
[31merror[39m: Scala/helloscala/src/main/scala/hello.worksheet.sc:22:74: 
Found:    (MdocApp.this.tree1 : MdocApp.this.Tree3[Int])
Required: MdocApp.this.Tree3[Any]
val combinedTree: Tree3[Int] = combineTree3((a, b) => a.value + b.value)(tree1)(tree2)
                                                                         ^^^^^
2023.12.07 17:26:44 INFO  time: evaluated worksheet 'hello.worksheet.sc' in 0.18s
2023.12.07 17:26:49 WARN  no build target for: /Users/maxon462/Desktop/Paradygmaty/lab4/Scala/helloscala/src/main/scala/hello.worksheet.sc
[31merror[39m: Scala/helloscala/src/main/scala/hello.worksheet.sc:22:55: 
value value is not a member of MdocApp.this.Tree3[Any]
val combinedTree: Tree3[Int] = combineTree3((a, b) => a.value + b.value)(tree1)(tree2)
                                                      ^^^^^^^
2023.12.07 17:26:49 INFO  time: evaluated worksheet 'hello.worksheet.sc' in 89ms
2023.12.07 17:26:56 WARN  no build target for: /Users/maxon462/Desktop/Paradygmaty/lab4/Scala/helloscala/src/main/scala/hello.worksheet.sc
2023.12.07 17:26:56 INFO  time: evaluated worksheet 'hello.worksheet.sc' in 0.16s
2023.12.07 17:27:11 WARN  no build target for: /Users/maxon462/Desktop/Paradygmaty/lab4/Scala/helloscala/src/main/scala/hello.worksheet.sc
[31merror[39m: Scala/helloscala/src/main/scala/hello.worksheet.sc:22:55: 
value value is not a member of MdocApp.this.Tree3[Any]
val combinedTree: Tree3[Int] = combineTree3((a, b) => a.value + b.value)(tree1)(tree2)
                                                      ^^^^^^^
2023.12.07 17:27:11 INFO  time: evaluated worksheet 'hello.worksheet.sc' in 0.1s
2023.12.07 17:28:19 WARN  no build target for: /Users/maxon462/Desktop/Paradygmaty/lab4/Scala/helloscala/src/main/scala/hello.worksheet.sc
[31merror[39m: Scala/helloscala/src/main/scala/hello.worksheet.sc:10:22: 
Found:    (f : (MdocApp.this.Tree3[A], MdocApp.this.Tree3[A]) => B)
Required: MdocApp.this.Tree3[Any]
        combineTree3(f)(l1)(l2),
                     ^
[31merror[39m: Scala/helloscala/src/main/scala/hello.worksheet.sc:11:22: 
Found:    (f : (MdocApp.this.Tree3[A], MdocApp.this.Tree3[A]) => B)
Required: MdocApp.this.Tree3[Any]
        combineTree3(f)(m1)(m2),
                     ^
[31merror[39m: Scala/helloscala/src/main/scala/hello.worksheet.sc:12:22: 
Found:    (f : (MdocApp.this.Tree3[A], MdocApp.this.Tree3[A]) => B)
Required: MdocApp.this.Tree3[Any]
        combineTree3(f)(r1)(r2)
                     ^
[31merror[39m: Scala/helloscala/src/main/scala/hello.worksheet.sc:22:69: 
value value is not a member of MdocApp.this.Tree3[Int]
val combinedTree: Tree3[Int] = combineTree3(tree1)(tree2)((a, b) => a.value + b.value)
                                                                    ^^^^^^^
2023.12.07 17:28:19 INFO  time: evaluated worksheet 'hello.worksheet.sc' in 0.11s
2023.12.07 17:28:21 WARN  no build target for: /Users/maxon462/Desktop/Paradygmaty/lab4/Scala/helloscala/src/main/scala/hello.worksheet.sc
[31merror[39m: Scala/helloscala/src/main/scala/hello.worksheet.sc:22:55: 
value value is not a member of MdocApp.this.Tree3[Any]
val combinedTree: Tree3[Int] = combineTree3((a, b) => a.value + b.value)(tree1)(tree2)
                                                      ^^^^^^^
2023.12.07 17:28:21 INFO  time: evaluated worksheet 'hello.worksheet.sc' in 85ms
2023.12.07 19:04:20 WARN  no build target for: /Users/maxon462/Desktop/Paradygmaty/lab4/Scala/helloscala/src/main/scala/hello.worksheet.sc
[31merror[39m: Scala/helloscala/src/main/scala/hello.worksheet.sc:5:51: identifier expected but ) found
def combineTree3[A, B](f: (Tree3[A], Tree3[A]) => )(tree1: Tree3[A])(tree2: Tree3[A]): Tree3[B] = {
                                                  ^
2023.12.07 19:04:20 INFO  time: evaluated worksheet 'hello.worksheet.sc' in 0.12s
2023.12.07 19:04:22 WARN  no build target for: /Users/maxon462/Desktop/Paradygmaty/lab4/Scala/helloscala/src/main/scala/hello.worksheet.sc
[31merror[39m: Scala/helloscala/src/main/scala/hello.worksheet.sc:5:57: identifier expected but ] found
def combineTree3[A, B](f: (Tree3[A], Tree3[A]) => Tree3[])(tree1: Tree3[A])(tree2: Tree3[A]): Tree3[B] = {
                                                        ^
2023.12.07 19:04:22 INFO  time: evaluated worksheet 'hello.worksheet.sc' in 93ms
2023.12.07 19:04:34 WARN  no build target for: /Users/maxon462/Desktop/Paradygmaty/lab4/Scala/helloscala/src/main/scala/hello.worksheet.sc
[31merror[39m: Scala/helloscala/src/main/scala/hello.worksheet.sc:9:9: 
Found:    MdocApp.this.Tree3[A]
Required: B
        f(Node(v1, Empty, Empty, Empty), Node(v2, Empty, Empty, Empty)),
        ^^^^^^^^^^^^^^^^^^^^^^^^^^^^^^^^^^^^^^^^^^^^^^^^^^^^^^^^^^^^^^^
[31merror[39m: Scala/helloscala/src/main/scala/hello.worksheet.sc:22:55: 
value value is not a member of MdocApp.this.Tree3[Any]
val combinedTree: Tree3[Int] = combineTree3((a, b) => a.value + b.value)(tree1)(tree2)
                                                      ^^^^^^^
2023.12.07 19:04:35 INFO  time: evaluated worksheet 'hello.worksheet.sc' in 88ms
2023.12.07 19:04:37 WARN  no build target for: /Users/maxon462/Desktop/Paradygmaty/lab4/Scala/helloscala/src/main/scala/hello.worksheet.sc
[31merror[39m: Scala/helloscala/src/main/scala/hello.worksheet.sc:9:9: 
Found:    MdocApp.this.Tree3[A]
Required: A
        f(Node(v1, Empty, Empty, Empty), Node(v2, Empty, Empty, Empty)),
        ^^^^^^^^^^^^^^^^^^^^^^^^^^^^^^^^^^^^^^^^^^^^^^^^^^^^^^^^^^^^^^^
[31merror[39m: Scala/helloscala/src/main/scala/hello.worksheet.sc:14:24: 
Found:    MdocApp.this.Tree3[B]
Required: MdocApp.this.Tree3[A]
    case (Empty, _) => tree2.asInstanceOf[Tree3[B]]
                       ^^^^^^^^^^^^^^^^^^^^^^^^^^^^
[31merror[39m: Scala/helloscala/src/main/scala/hello.worksheet.sc:15:24: 
Found:    MdocApp.this.Tree3[B]
Required: MdocApp.this.Tree3[A]
    case (_, Empty) => tree1.asInstanceOf[Tree3[B]]
                       ^^^^^^^^^^^^^^^^^^^^^^^^^^^^
[31merror[39m: Scala/helloscala/src/main/scala/hello.worksheet.sc:22:55: 
value value is not a member of MdocApp.this.Tree3[Any]
val combinedTree: Tree3[Int] = combineTree3((a, b) => a.value + b.value)(tree1)(tree2)
                                                      ^^^^^^^
2023.12.07 19:04:37 INFO  time: evaluated worksheet 'hello.worksheet.sc' in 74ms
2023.12.07 19:05:03 WARN  no build target for: /Users/maxon462/Desktop/Paradygmaty/lab4/Scala/helloscala/src/main/scala/hello.worksheet.sc
[31merror[39m: Scala/helloscala/src/main/scala/hello.worksheet.sc:9:9: 
Found:    MdocApp.this.Tree3[A]
Required: A
        f(Node(v1, Empty, Empty, Empty), Node(v2, Empty, Empty, Empty)),
        ^^^^^^^^^^^^^^^^^^^^^^^^^^^^^^^^^^^^^^^^^^^^^^^^^^^^^^^^^^^^^^^
[31merror[39m: Scala/helloscala/src/main/scala/hello.worksheet.sc:15:24: 
Found:    MdocApp.this.Tree3[B]
Required: MdocApp.this.Tree3[A]
    case (_, Empty) => tree1.asInstanceOf[Tree3[B]]
                       ^^^^^^^^^^^^^^^^^^^^^^^^^^^^
[31merror[39m: Scala/helloscala/src/main/scala/hello.worksheet.sc:22:55: 
value value is not a member of MdocApp.this.Tree3[Any]
val combinedTree: Tree3[Int] = combineTree3((a, b) => a.value + b.value)(tree1)(tree2)
                                                      ^^^^^^^
2023.12.07 19:05:03 INFO  time: evaluated worksheet 'hello.worksheet.sc' in 86ms
2023.12.07 19:05:07 WARN  no build target for: /Users/maxon462/Desktop/Paradygmaty/lab4/Scala/helloscala/src/main/scala/hello.worksheet.sc
[31merror[39m: Scala/helloscala/src/main/scala/hello.worksheet.sc:9:9: 
Found:    MdocApp.this.Tree3[A]
Required: A
        f(Node(v1, Empty, Empty, Empty), Node(v2, Empty, Empty, Empty)),
        ^^^^^^^^^^^^^^^^^^^^^^^^^^^^^^^^^^^^^^^^^^^^^^^^^^^^^^^^^^^^^^^
[31merror[39m: Scala/helloscala/src/main/scala/hello.worksheet.sc:22:55: 
value value is not a member of MdocApp.this.Tree3[Any]
val combinedTree: Tree3[Int] = combineTree3((a, b) => a.value + b.value)(tree1)(tree2)
                                                      ^^^^^^^
2023.12.07 19:05:08 INFO  time: evaluated worksheet 'hello.worksheet.sc' in 84ms
2023.12.07 19:05:16 WARN  no build target for: /Users/maxon462/Desktop/Paradygmaty/lab4/Scala/helloscala/src/main/scala/hello.worksheet.sc
[31merror[39m: Scala/helloscala/src/main/scala/hello.worksheet.sc:22:55: 
value value is not a member of MdocApp.this.Tree3[Any]
val combinedTree: Tree3[Int] = combineTree3((a, b) => a.value + b.value)(tree1)(tree2)
                                                      ^^^^^^^
2023.12.07 19:05:16 INFO  time: evaluated worksheet 'hello.worksheet.sc' in 78ms
2023.12.07 19:08:47 WARN  no build target for: /Users/maxon462/Desktop/Paradygmaty/lab4/Scala/helloscala/src/main/scala/hello.worksheet.sc
[31merror[39m: Scala/helloscala/src/main/scala/hello.worksheet.sc:5:36: ) expected but . found
def combineTree3[A, B](f: (Tree3[A].val, Tree3[A]) => B)(tree1: Tree3[A])(tree2: Tree3[A]): Tree3[B] = {
                                   ^
2023.12.07 19:08:47 INFO  time: evaluated worksheet 'hello.worksheet.sc' in 90ms
2023.12.07 19:08:48 WARN  no build target for: /Users/maxon462/Desktop/Paradygmaty/lab4/Scala/helloscala/src/main/scala/hello.worksheet.sc
[31merror[39m: Scala/helloscala/src/main/scala/hello.worksheet.sc:5:36: ) expected but . found
def combineTree3[A, B](f: (Tree3[A].value, Tree3[A]) => B)(tree1: Tree3[A])(tree2: Tree3[A]): Tree3[B] = {
                                   ^
2023.12.07 19:08:48 INFO  time: evaluated worksheet 'hello.worksheet.sc' in 81ms
2023.12.07 19:08:50 WARN  no build target for: /Users/maxon462/Desktop/Paradygmaty/lab4/Scala/helloscala/src/main/scala/hello.worksheet.sc
[31merror[39m: Scala/helloscala/src/main/scala/hello.worksheet.sc:5:36: ) expected but . found
def combineTree3[A, B](f: (Tree3[A].value , Tree3[A]) => B)(tree1: Tree3[A])(tree2: Tree3[A]): Tree3[B] = {
                                   ^
2023.12.07 19:08:50 INFO  time: evaluated worksheet 'hello.worksheet.sc' in 88ms
2023.12.07 19:09:00 WARN  no build target for: /Users/maxon462/Desktop/Paradygmaty/lab4/Scala/helloscala/src/main/scala/hello.worksheet.sc
[31merror[39m: Scala/helloscala/src/main/scala/hello.worksheet.sc:5:36: ) expected but . found
def combineTree3[A, B](f: (Tree3[A].value , Tree3[A]) => B)(tree1: Tree3[A])(tree2: Tree3[A]): Tree3[B] = {
                                   ^
2023.12.07 19:09:00 INFO  time: evaluated worksheet 'hello.worksheet.sc' in 86ms
2023.12.07 19:09:06 WARN  no build target for: /Users/maxon462/Desktop/Paradygmaty/lab4/Scala/helloscala/src/main/scala/hello.worksheet.sc
[31merror[39m: Scala/helloscala/src/main/scala/hello.worksheet.sc:22:55: 
value value is not a member of MdocApp.this.Tree3[Any]
val combinedTree: Tree3[Int] = combineTree3((a, b) => a.value + b.value)(tree1)(tree2)
                                                      ^^^^^^^
2023.12.07 19:09:06 INFO  time: evaluated worksheet 'hello.worksheet.sc' in 87ms
2023.12.07 19:09:11 WARN  no build target for: /Users/maxon462/Desktop/Paradygmaty/lab4/Scala/helloscala/src/main/scala/hello.worksheet.sc
[31merror[39m: Scala/helloscala/src/main/scala/hello.worksheet.sc:22:55: 
value elem is not a member of MdocApp.this.Tree3[Any]
val combinedTree: Tree3[Int] = combineTree3((a, b) => a.elem + b.value)(tree1)(tree2)
                                                      ^^^^^^
2023.12.07 19:09:11 INFO  time: evaluated worksheet 'hello.worksheet.sc' in 77ms
2023.12.07 19:09:31 WARN  no build target for: /Users/maxon462/Desktop/Paradygmaty/lab4/Scala/helloscala/src/main/scala/hello.worksheet.sc
[31merror[39m: Scala/helloscala/src/main/scala/hello.worksheet.sc:22:55: 
value elem is not a member of MdocApp.this.Tree3[Any]
val combinedTree: Tree3[Int] = combineTree3((a, b) => a.elem + b.elem)(tree1)(tree2)
                                                      ^^^^^^
2023.12.07 19:09:31 INFO  time: evaluated worksheet 'hello.worksheet.sc' in 72ms
2023.12.07 19:12:27 WARN  Using indexes to guess the definition of elem
2023.12.07 19:12:28 WARN  no build target for: /Users/maxon462/Desktop/Paradygmaty/lab4/Scala/helloscala/src/main/scala/hello.worksheet.sc
2023.12.07 19:12:28 INFO  time: evaluated worksheet 'hello.worksheet.sc' in 0.12s
2023.12.07 19:12:30 WARN  no build target for: /Users/maxon462/Desktop/Paradygmaty/lab4/Scala/helloscala/src/main/scala/hello.worksheet.sc
[31merror[39m: Scala/helloscala/src/main/scala/hello.worksheet.sc:29:9: 
value elem is not a member of A$1

where:    A$1 is a type in method combineTree3 with bounds <: A

        v1.elem + v2.elem,
        ^^^^^^^
2023.12.07 19:12:30 INFO  time: evaluated worksheet 'hello.worksheet.sc' in 78ms
2023.12.07 19:13:42 WARN  no build target for: /Users/maxon462/Desktop/Paradygmaty/lab4/Scala/helloscala/src/main/scala/hello.worksheet.sc
[31merror[39m: Scala/helloscala/src/main/scala/hello.worksheet.sc:30:9: 
value elem is not a member of A$1

where:    A$1 is a type in method combineTree3 with bounds <: A

        v1.elem + v2.elem,
        ^^^^^^^
2023.12.07 19:13:42 INFO  time: evaluated worksheet 'hello.worksheet.sc' in 80ms
2023.12.07 19:13:49 WARN  no build target for: /Users/maxon462/Desktop/Paradygmaty/lab4/Scala/helloscala/src/main/scala/hello.worksheet.sc
[31merror[39m: Scala/helloscala/src/main/scala/hello.worksheet.sc:30:9: 
value elem is not a member of A$1

where:    A$1 is a type in method combineTree3 with bounds <: A

        v1.elem + v2.elem,
        ^^^^^^^
[31merror[39m: Scala/helloscala/src/main/scala/hello.worksheet.sc:34:8: 
Found:    Unit
Required: MdocApp.this.Tree3[Int]
      )
       ^
2023.12.07 19:13:49 INFO  time: evaluated worksheet 'hello.worksheet.sc' in 83ms
2023.12.07 19:13:50 WARN  no build target for: /Users/maxon462/Desktop/Paradygmaty/lab4/Scala/helloscala/src/main/scala/hello.worksheet.sc
[31merror[39m: Scala/helloscala/src/main/scala/hello.worksheet.sc:28:15: 
Not found: v
      val k = v
              ^
[31merror[39m: Scala/helloscala/src/main/scala/hello.worksheet.sc:30:9: 
value elem is not a member of A$1

where:    A$1 is a type in method combineTree3 with bounds <: A

        v1.elem + v2.elem,
        ^^^^^^^
2023.12.07 19:13:51 INFO  time: evaluated worksheet 'hello.worksheet.sc' in 75ms
2023.12.07 19:13:52 WARN  no build target for: /Users/maxon462/Desktop/Paradygmaty/lab4/Scala/helloscala/src/main/scala/hello.worksheet.sc
[31merror[39m: Scala/helloscala/src/main/scala/hello.worksheet.sc:30:9: 
value elem is not a member of A$1

where:    A$1 is a type in method combineTree3 with bounds <: A

        v1.elem + v2.elem,
        ^^^^^^^
2023.12.07 19:13:52 INFO  time: evaluated worksheet 'hello.worksheet.sc' in 79ms
2023.12.07 19:13:53 WARN  no build target for: /Users/maxon462/Desktop/Paradygmaty/lab4/Scala/helloscala/src/main/scala/hello.worksheet.sc
[31merror[39m: Scala/helloscala/src/main/scala/hello.worksheet.sc:28:15: 
value el is not a member of A$1

where:    A$1 is a type in method combineTree3 with bounds <: A

      val k = v1.el
              ^^^^^
[31merror[39m: Scala/helloscala/src/main/scala/hello.worksheet.sc:30:9: 
value elem is not a member of A$1

where:    A$1 is a type in method combineTree3 with bounds <: A

        v1.elem + v2.elem,
        ^^^^^^^
2023.12.07 19:13:53 INFO  time: evaluated worksheet 'hello.worksheet.sc' in 75ms
2023.12.07 19:13:56 WARN  no build target for: /Users/maxon462/Desktop/Paradygmaty/lab4/Scala/helloscala/src/main/scala/hello.worksheet.sc
[31merror[39m: Scala/helloscala/src/main/scala/hello.worksheet.sc:28:15: 
value elem is not a member of A$1

where:    A$1 is a type in method combineTree3 with bounds <: A

      val k = v1.elem 
              ^^^^^^^
[31merror[39m: Scala/helloscala/src/main/scala/hello.worksheet.sc:30:9: 
value elem is not a member of A$1

where:    A$1 is a type in method combineTree3 with bounds <: A

        v1.elem + v2.elem,
        ^^^^^^^
2023.12.07 19:13:56 INFO  time: evaluated worksheet 'hello.worksheet.sc' in 77ms
2023.12.07 19:14:14 WARN  no build target for: /Users/maxon462/Desktop/Paradygmaty/lab4/Scala/helloscala/src/main/scala/hello.worksheet.sc
[31merror[39m: Scala/helloscala/src/main/scala/hello.worksheet.sc:28:15: 
value elem is not a member of A$1

where:    A$1 is a type in method combineTree3 with bounds <: A

      val k = v1.elem 
              ^^^^^^^
[31merror[39m: Scala/helloscala/src/main/scala/hello.worksheet.sc:30:9: 
value elem is not a member of A$1

where:    A$1 is a type in method combineTree3 with bounds <: A

        v1.elem + v2.elem,
        ^^^^^^^
[31merror[39m: Scala/helloscala/src/main/scala/hello.worksheet.sc:35:24: 
Found:    MdocApp.this.Tree3[Int]
Required: MdocApp.this.Tree3[A]
    case (Empty, _) => tree2.asInstanceOf[Tree3[Int]]
                       ^^^^^^^^^^^^^^^^^^^^^^^^^^^^^^
[31merror[39m: Scala/helloscala/src/main/scala/hello.worksheet.sc:36:24: 
Found:    MdocApp.this.Tree3[Int]
Required: MdocApp.this.Tree3[A]
    case (_, Empty) => tree1.asInstanceOf[Tree3[Int]]
                       ^^^^^^^^^^^^^^^^^^^^^^^^^^^^^^
2023.12.07 19:14:14 INFO  time: evaluated worksheet 'hello.worksheet.sc' in 97ms
2023.12.07 19:16:39 WARN  no build target for: /Users/maxon462/Desktop/Paradygmaty/lab4/Scala/helloscala/src/main/scala/hello.worksheet.sc
[31merror[39m: Scala/helloscala/src/main/scala/hello.worksheet.sc:30:9: 
value elem is not a member of A$1

where:    A$1 is a type in method combineTree3 with bounds <: A

        v1.elem + v2.elem,
        ^^^^^^^
[31merror[39m: Scala/helloscala/src/main/scala/hello.worksheet.sc:35:24: 
Found:    MdocApp.this.Tree3[Int]
Required: MdocApp.this.Tree3[A]
    case (Empty, _) => tree2.asInstanceOf[Tree3[Int]]
                       ^^^^^^^^^^^^^^^^^^^^^^^^^^^^^^
[31merror[39m: Scala/helloscala/src/main/scala/hello.worksheet.sc:36:24: 
Found:    MdocApp.this.Tree3[Int]
Required: MdocApp.this.Tree3[A]
    case (_, Empty) => tree1.asInstanceOf[Tree3[Int]]
                       ^^^^^^^^^^^^^^^^^^^^^^^^^^^^^^
2023.12.07 19:16:39 INFO  time: evaluated worksheet 'hello.worksheet.sc' in 98ms
2023.12.07 19:16:43 WARN  no build target for: /Users/maxon462/Desktop/Paradygmaty/lab4/Scala/helloscala/src/main/scala/hello.worksheet.sc
[31merror[39m: Scala/helloscala/src/main/scala/hello.worksheet.sc:30:9: 
value + is not a member of A$1.
An extension method was tried, but could not be fully constructed:

    Float2float(v1)

where:    A$1 is a type in method combineTree3 with bounds <: A

        v1 + v2.elem,
        ^^^^
[31merror[39m: Scala/helloscala/src/main/scala/hello.worksheet.sc:30:14: 
value elem is not a member of A$2

where:    A$2 is a type in method combineTree3 with bounds <: A

        v1 + v2.elem,
             ^^^^^^^
[31merror[39m: Scala/helloscala/src/main/scala/hello.worksheet.sc:35:24: 
Found:    MdocApp.this.Tree3[Int]
Required: MdocApp.this.Tree3[A]
    case (Empty, _) => tree2.asInstanceOf[Tree3[Int]]
                       ^^^^^^^^^^^^^^^^^^^^^^^^^^^^^^
[31merror[39m: Scala/helloscala/src/main/scala/hello.worksheet.sc:36:24: 
Found:    MdocApp.this.Tree3[Int]
Required: MdocApp.this.Tree3[A]
    case (_, Empty) => tree1.asInstanceOf[Tree3[Int]]
                       ^^^^^^^^^^^^^^^^^^^^^^^^^^^^^^
2023.12.07 19:16:43 INFO  time: evaluated worksheet 'hello.worksheet.sc' in 90ms
2023.12.07 19:16:45 WARN  no build target for: /Users/maxon462/Desktop/Paradygmaty/lab4/Scala/helloscala/src/main/scala/hello.worksheet.sc
[31merror[39m: Scala/helloscala/src/main/scala/hello.worksheet.sc:30:9: 
value + is not a member of A$1.
An extension method was tried, but could not be fully constructed:

    Float2float(v1)

where:    A$1 is a type in method combineTree3 with bounds <: A

        v1 + v2,
        ^^^^
[31merror[39m: Scala/helloscala/src/main/scala/hello.worksheet.sc:35:24: 
Found:    MdocApp.this.Tree3[Int]
Required: MdocApp.this.Tree3[A]
    case (Empty, _) => tree2.asInstanceOf[Tree3[Int]]
                       ^^^^^^^^^^^^^^^^^^^^^^^^^^^^^^
[31merror[39m: Scala/helloscala/src/main/scala/hello.worksheet.sc:36:24: 
Found:    MdocApp.this.Tree3[Int]
Required: MdocApp.this.Tree3[A]
    case (_, Empty) => tree1.asInstanceOf[Tree3[Int]]
                       ^^^^^^^^^^^^^^^^^^^^^^^^^^^^^^
2023.12.07 19:16:46 INFO  time: evaluated worksheet 'hello.worksheet.sc' in 77ms
Dec 07, 2023 7:17:56 PM org.eclipse.lsp4j.jsonrpc.RemoteEndpoint handleCancellation
WARNING: Unmatched cancel notification for request id 1012
2023.12.07 19:18:00 WARN  no build target for: /Users/maxon462/Desktop/Paradygmaty/lab4/Scala/helloscala/src/main/scala/hello.worksheet.sc
[31merror[39m: Scala/helloscala/src/main/scala/hello.worksheet.sc:30:9: 
value + is not a member of A$1.
An extension method was tried, but could not be fully constructed:

    Float2float(v1)

where:    A$1 is a type in method combineTree3 with bounds <: A

        v1 + v2,
        ^^^^
[31merror[39m: Scala/helloscala/src/main/scala/hello.worksheet.sc:36:24: 
Found:    MdocApp.this.Tree3[Int]
Required: MdocApp.this.Tree3[A]
    case (_, Empty) => tree1.asInstanceOf[Tree3[Int]]
                       ^^^^^^^^^^^^^^^^^^^^^^^^^^^^^^
2023.12.07 19:18:00 INFO  time: evaluated worksheet 'hello.worksheet.sc' in 95ms
2023.12.07 19:18:04 WARN  no build target for: /Users/maxon462/Desktop/Paradygmaty/lab4/Scala/helloscala/src/main/scala/hello.worksheet.sc
[31merror[39m: Scala/helloscala/src/main/scala/hello.worksheet.sc:30:9: 
value + is not a member of A$1.
An extension method was tried, but could not be fully constructed:

    Float2float(v1)

where:    A$1 is a type in method combineTree3 with bounds <: A

        v1 + v2,
        ^^^^
2023.12.07 19:18:04 INFO  time: evaluated worksheet 'hello.worksheet.sc' in 78ms
2023.12.07 19:18:08 WARN  no build target for: /Users/maxon462/Desktop/Paradygmaty/lab4/Scala/helloscala/src/main/scala/hello.worksheet.sc
[31merror[39m: Scala/helloscala/src/main/scala/hello.worksheet.sc:32:9: 
value + is not a member of A$1.
An extension method was tried, but could not be fully constructed:

    Float2float(v1)

where:    A$1 is a type in method combineTree3 with bounds <: A

        v1 + v2,
        ^^^^
2023.12.07 19:18:08 INFO  time: evaluated worksheet 'hello.worksheet.sc' in 89ms
2023.12.07 19:19:55 WARN  no build target for: /Users/maxon462/Desktop/Paradygmaty/lab4/Scala/helloscala/src/main/scala/hello.worksheet.sc
[31merror[39m: Scala/helloscala/src/main/scala/hello.worksheet.sc:35:9: 
value + is not a member of A$1.
An extension method was tried, but could not be fully constructed:

    Float2float(v1)

where:    A$1 is a type in method combineTree3 with bounds <: A

        v1 + v2,
        ^^^^
2023.12.07 19:19:55 INFO  time: evaluated worksheet 'hello.worksheet.sc' in 76ms
2023.12.07 19:19:57 WARN  no build target for: /Users/maxon462/Desktop/Paradygmaty/lab4/Scala/helloscala/src/main/scala/hello.worksheet.sc
[31merror[39m: Scala/helloscala/src/main/scala/hello.worksheet.sc:30:1: identifier expected but def found
def combineTree3[A](tree1: Tree3[A])(tree2: Tree3[A]): Tree3[A] = {
^^^
2023.12.07 19:19:57 INFO  time: evaluated worksheet 'hello.worksheet.sc' in 80ms
2023.12.07 19:20:04 WARN  no build target for: /Users/maxon462/Desktop/Paradygmaty/lab4/Scala/helloscala/src/main/scala/hello.worksheet.sc
[31merror[39m: Scala/helloscala/src/main/scala/hello.worksheet.sc:5:5: Procedure syntax is not supported. Convert procedure `addTrees` to method by adding `: Unit =`.
def addTrees
    ^^^^^^^^
2023.12.07 19:20:04 INFO  time: evaluated worksheet 'hello.worksheet.sc' in 80ms
2023.12.07 19:20:06 WARN  no build target for: /Users/maxon462/Desktop/Paradygmaty/lab4/Scala/helloscala/src/main/scala/hello.worksheet.sc
[31merror[39m: Scala/helloscala/src/main/scala/hello.worksheet.sc:5:5: Procedure syntax is not supported. Convert procedure `addTrees` to method by adding `: Unit =`.
def addTrees()
    ^^^^^^^^
2023.12.07 19:20:06 INFO  time: evaluated worksheet 'hello.worksheet.sc' in 77ms
2023.12.07 19:20:09 WARN  no build target for: /Users/maxon462/Desktop/Paradygmaty/lab4/Scala/helloscala/src/main/scala/hello.worksheet.sc
[31merror[39m: Scala/helloscala/src/main/scala/hello.worksheet.sc:5:19: : expected but ) found
def addTrees(Tree3)
                  ^
2023.12.07 19:20:09 INFO  time: evaluated worksheet 'hello.worksheet.sc' in 80ms
2023.12.07 19:20:13 WARN  no build target for: /Users/maxon462/Desktop/Paradygmaty/lab4/Scala/helloscala/src/main/scala/hello.worksheet.sc
[31merror[39m: Scala/helloscala/src/main/scala/hello.worksheet.sc:5:19: : expected but [ found
def addTrees(Tree3[Int])
                  ^
2023.12.07 19:20:13 INFO  time: evaluated worksheet 'hello.worksheet.sc' in 76ms
2023.12.07 19:20:14 WARN  no build target for: /Users/maxon462/Desktop/Paradygmaty/lab4/Scala/helloscala/src/main/scala/hello.worksheet.sc
[31merror[39m: Scala/helloscala/src/main/scala/hello.worksheet.sc:5:19: : expected but [ found
def addTrees(Tree3[Int] )
                  ^
2023.12.07 19:20:22 INFO  time: evaluated worksheet 'hello.worksheet.sc' in 78ms
2023.12.07 19:20:25 WARN  no build target for: /Users/maxon462/Desktop/Paradygmaty/lab4/Scala/helloscala/src/main/scala/hello.worksheet.sc
[31merror[39m: Scala/helloscala/src/main/scala/hello.worksheet.sc:5:19: : expected but [ found
def addTrees(Tree3[A] )
                  ^
2023.12.07 19:20:25 INFO  time: evaluated worksheet 'hello.worksheet.sc' in 79ms
2023.12.07 19:20:38 WARN  no build target for: /Users/maxon462/Desktop/Paradygmaty/lab4/Scala/helloscala/src/main/scala/hello.worksheet.sc
[31merror[39m: Scala/helloscala/src/main/scala/hello.worksheet.sc:5:5: Procedure syntax is not supported. Convert procedure `addTrees` to method by adding `: Unit =`.
def addTrees(tr1: Tree3[A] )
    ^^^^^^^^
2023.12.07 19:20:38 INFO  time: evaluated worksheet 'hello.worksheet.sc' in 64ms
2023.12.07 19:20:45 WARN  no build target for: /Users/maxon462/Desktop/Paradygmaty/lab4/Scala/helloscala/src/main/scala/hello.worksheet.sc
[31merror[39m: Scala/helloscala/src/main/scala/hello.worksheet.sc:5:31: identifier expected but ) found
def addTrees(tr1: Tree3[A]  , )
                              ^
2023.12.07 19:20:45 INFO  time: evaluated worksheet 'hello.worksheet.sc' in 80ms
2023.12.07 19:20:46 WARN  no build target for: /Users/maxon462/Desktop/Paradygmaty/lab4/Scala/helloscala/src/main/scala/hello.worksheet.sc
[31merror[39m: Scala/helloscala/src/main/scala/hello.worksheet.sc:5:34: : expected but ) found
def addTrees(tr1: Tree3[A]  , tr2)
                                 ^
2023.12.07 19:20:46 INFO  time: evaluated worksheet 'hello.worksheet.sc' in 77ms
2023.12.07 19:20:49 WARN  no build target for: /Users/maxon462/Desktop/Paradygmaty/lab4/Scala/helloscala/src/main/scala/hello.worksheet.sc
[31merror[39m: Scala/helloscala/src/main/scala/hello.worksheet.sc:6:5: Procedure syntax is not supported. Convert procedure `addTrees` to method by adding `: Unit =`.
def addTrees(tr1: Tree3[A]  , tr2: Tree)
    ^^^^^^^^
2023.12.07 19:20:49 INFO  time: evaluated worksheet 'hello.worksheet.sc' in 91ms
2023.12.07 19:20:52 WARN  no build target for: /Users/maxon462/Desktop/Paradygmaty/lab4/Scala/helloscala/src/main/scala/hello.worksheet.sc
[31merror[39m: Scala/helloscala/src/main/scala/hello.worksheet.sc:6:5: Procedure syntax is not supported. Convert procedure `addTrees` to method by adding `: Unit =`.
def addTrees(tr1: Tree3[A]  , tr2: Tree3[A])
    ^^^^^^^^
2023.12.07 19:20:52 INFO  time: evaluated worksheet 'hello.worksheet.sc' in 77ms
2023.12.07 19:20:54 WARN  no build target for: /Users/maxon462/Desktop/Paradygmaty/lab4/Scala/helloscala/src/main/scala/hello.worksheet.sc
[31merror[39m: Scala/helloscala/src/main/scala/hello.worksheet.sc:6:5: Procedure syntax is not supported. Convert procedure `addTrees` to method by adding `: Unit =`.
def addTrees(tr1: Tree3[A]  , tr2: Tree3[A]) 
    ^^^^^^^^
2023.12.07 19:20:54 INFO  time: evaluated worksheet 'hello.worksheet.sc' in 68ms
2023.12.07 19:20:58 WARN  no build target for: /Users/maxon462/Desktop/Paradygmaty/lab4/Scala/helloscala/src/main/scala/hello.worksheet.sc
[31merror[39m: Scala/helloscala/src/main/scala/hello.worksheet.sc:31:1: identifier expected but def found
def combineTree3[A](tree1: Tree3[A])(tree2: Tree3[A]): Tree3[A] = {
^^^
2023.12.07 19:20:58 INFO  time: evaluated worksheet 'hello.worksheet.sc' in 81ms
2023.12.07 19:20:59 WARN  no build target for: /Users/maxon462/Desktop/Paradygmaty/lab4/Scala/helloscala/src/main/scala/hello.worksheet.sc
[31merror[39m: Scala/helloscala/src/main/scala/hello.worksheet.sc:31:1: identifier expected but def found
def combineTree3[A](tree1: Tree3[A])(tree2: Tree3[A]): Tree3[A] = {
^^^
2023.12.07 19:20:59 INFO  time: evaluated worksheet 'hello.worksheet.sc' in 72ms
2023.12.07 19:21:05 WARN  no build target for: /Users/maxon462/Desktop/Paradygmaty/lab4/Scala/helloscala/src/main/scala/hello.worksheet.sc
[31merror[39m: Scala/helloscala/src/main/scala/hello.worksheet.sc:6:25: 
Not found: type A
def addTrees(tr1: Tree3[A]  , tr2: Tree3[A]) : tr
                        ^
[31merror[39m: Scala/helloscala/src/main/scala/hello.worksheet.sc:6:42: 
Not found: type A
def addTrees(tr1: Tree3[A]  , tr2: Tree3[A]) : tr
                                         ^
[31merror[39m: Scala/helloscala/src/main/scala/hello.worksheet.sc:6:48: 
Not found: type tr
def addTrees(tr1: Tree3[A]  , tr2: Tree3[A]) : tr
                                               ^^
[31merror[39m: Scala/helloscala/src/main/scala/hello.worksheet.sc:6:5: 
Declaration of method addTrees not allowed here: only classes can have declared but undefined members
def addTrees(tr1: Tree3[A]  , tr2: Tree3[A]) : tr
    ^
[31merror[39m: Scala/helloscala/src/main/scala/hello.worksheet.sc:36:9: 
value + is not a member of A$1.
An extension method was tried, but could not be fully constructed:

    Float2float(v1)

where:    A$1 is a type in method combineTree3 with bounds <: A

        v1 + v2,
        ^^^^
2023.12.07 19:21:05 INFO  time: evaluated worksheet 'hello.worksheet.sc' in 0.12s
2023.12.07 19:21:12 WARN  no build target for: /Users/maxon462/Desktop/Paradygmaty/lab4/Scala/helloscala/src/main/scala/hello.worksheet.sc
[31merror[39m: Scala/helloscala/src/main/scala/hello.worksheet.sc:6:25: 
Not found: type A
def addTrees(tr1: Tree3[A]  , tr2: Tree3[A]) : Tree3[A] = {
                        ^
[31merror[39m: Scala/helloscala/src/main/scala/hello.worksheet.sc:6:42: 
Not found: type A
def addTrees(tr1: Tree3[A]  , tr2: Tree3[A]) : Tree3[A] = {
                                         ^
[31merror[39m: Scala/helloscala/src/main/scala/hello.worksheet.sc:6:54: 
Not found: type A
def addTrees(tr1: Tree3[A]  , tr2: Tree3[A]) : Tree3[A] = {
                                                     ^
[31merror[39m: Scala/helloscala/src/main/scala/hello.worksheet.sc:6:59: 
Found:    Unit
Required: MdocApp.this.Tree3[<error Not found: type A>]
def addTrees(tr1: Tree3[A]  , tr2: Tree3[A]) : Tree3[A] = {
                                                          ^
[31merror[39m: Scala/helloscala/src/main/scala/hello.worksheet.sc:38:9: 
value + is not a member of A$1.
An extension method was tried, but could not be fully constructed:

    Float2float(v1)

where:    A$1 is a type in method combineTree3 with bounds <: A

        v1 + v2,
        ^^^^
2023.12.07 19:21:12 INFO  time: evaluated worksheet 'hello.worksheet.sc' in 86ms
2023.12.07 19:21:23 WARN  no build target for: /Users/maxon462/Desktop/Paradygmaty/lab4/Scala/helloscala/src/main/scala/hello.worksheet.sc
[31merror[39m: Scala/helloscala/src/main/scala/hello.worksheet.sc:6:62: 
Found:    Unit
Required: MdocApp.this.Tree3[A]
def addTrees[A](tr1: Tree3[A]  , tr2: Tree3[A]) : Tree3[A] = {
                                                             ^
[31merror[39m: Scala/helloscala/src/main/scala/hello.worksheet.sc:38:9: 
value + is not a member of A$1.
An extension method was tried, but could not be fully constructed:

    Float2float(v1)

where:    A$1 is a type in method combineTree3 with bounds <: A

        v1 + v2,
        ^^^^
2023.12.07 19:21:23 INFO  time: evaluated worksheet 'hello.worksheet.sc' in 91ms
2023.12.07 19:21:25 WARN  no build target for: /Users/maxon462/Desktop/Paradygmaty/lab4/Scala/helloscala/src/main/scala/hello.worksheet.sc
[31merror[39m: Scala/helloscala/src/main/scala/hello.worksheet.sc:6:62: 
Found:    Unit
Required: MdocApp.this.Tree3[A]
def addTrees[A](tr1: Tree3[A]  , tr2: Tree3[A]) : Tree3[A] = {
                                                             ^
[31merror[39m: Scala/helloscala/src/main/scala/hello.worksheet.sc:38:9: 
value + is not a member of A$1.
An extension method was tried, but could not be fully constructed:

    Float2float(v1)

where:    A$1 is a type in method combineTree3 with bounds <: A

        v1 + v2,
        ^^^^
2023.12.07 19:21:25 INFO  time: evaluated worksheet 'hello.worksheet.sc' in 77ms
2023.12.07 19:21:40 WARN  no build target for: /Users/maxon462/Desktop/Paradygmaty/lab4/Scala/helloscala/src/main/scala/hello.worksheet.sc
[31merror[39m: Scala/helloscala/src/main/scala/hello.worksheet.sc:7:3: 
Found:    MdocApp.this.Node.type
Required: MdocApp.this.Tree3[A]
  Node
  ^^^^
[31merror[39m: Scala/helloscala/src/main/scala/hello.worksheet.sc:38:9: 
value + is not a member of A$1.
An extension method was tried, but could not be fully constructed:

    Float2float(v1)

where:    A$1 is a type in method combineTree3 with bounds <: A

        v1 + v2,
        ^^^^
2023.12.07 19:21:40 INFO  time: evaluated worksheet 'hello.worksheet.sc' in 82ms
2023.12.07 19:21:43 WARN  no build target for: /Users/maxon462/Desktop/Paradygmaty/lab4/Scala/helloscala/src/main/scala/hello.worksheet.sc
[31merror[39m: Scala/helloscala/src/main/scala/hello.worksheet.sc:7:3: 
missing argument for parameter elem of method apply in object Node: (elem: A, left: MdocApp.this.Tree3[A], middle: MdocApp.this.Tree3[A], right:
  MdocApp.this.Tree3[A]): MdocApp.this.Node[A]
  Node()
  ^^^^^^
[31merror[39m: Scala/helloscala/src/main/scala/hello.worksheet.sc:38:9: 
value + is not a member of A$1.
An extension method was tried, but could not be fully constructed:

    Float2float(v1)

where:    A$1 is a type in method combineTree3 with bounds <: A

        v1 + v2,
        ^^^^
2023.12.07 19:21:43 INFO  time: evaluated worksheet 'hello.worksheet.sc' in 91ms
2023.12.07 19:21:47 WARN  no build target for: /Users/maxon462/Desktop/Paradygmaty/lab4/Scala/helloscala/src/main/scala/hello.worksheet.sc
[31merror[39m: Scala/helloscala/src/main/scala/hello.worksheet.sc:7:8: 
Not found: tr
  Node(tr)
       ^^
[31merror[39m: Scala/helloscala/src/main/scala/hello.worksheet.sc:38:9: 
value + is not a member of A$1.
An extension method was tried, but could not be fully constructed:

    Float2float(v1)

where:    A$1 is a type in method combineTree3 with bounds <: A

        v1 + v2,
        ^^^^
2023.12.07 19:21:47 INFO  time: evaluated worksheet 'hello.worksheet.sc' in 76ms
2023.12.07 19:21:48 WARN  no build target for: /Users/maxon462/Desktop/Paradygmaty/lab4/Scala/helloscala/src/main/scala/hello.worksheet.sc
[31merror[39m: Scala/helloscala/src/main/scala/hello.worksheet.sc:7:8: 
Found:    (tr1 : MdocApp.this.Tree3[A])
Required: A
  Node(tr1)
       ^^^
[31merror[39m: Scala/helloscala/src/main/scala/hello.worksheet.sc:38:9: 
value + is not a member of A$1.
An extension method was tried, but could not be fully constructed:

    Float2float(v1)

where:    A$1 is a type in method combineTree3 with bounds <: A

        v1 + v2,
        ^^^^
2023.12.07 19:21:49 INFO  time: evaluated worksheet 'hello.worksheet.sc' in 95ms
2023.12.07 19:21:52 WARN  no build target for: /Users/maxon462/Desktop/Paradygmaty/lab4/Scala/helloscala/src/main/scala/hello.worksheet.sc
[31merror[39m: Scala/helloscala/src/main/scala/hello.worksheet.sc:7:17: 
expression expected but ')' found
  Node(tr1.elem+)
                ^
[31merror[39m: Scala/helloscala/src/main/scala/hello.worksheet.sc:7:8: 
value elem is not a member of MdocApp.this.Tree3[A]
  Node(tr1.elem+)
       ^^^^^^^^
[31merror[39m: Scala/helloscala/src/main/scala/hello.worksheet.sc:38:9: 
value + is not a member of A$1.
An extension method was tried, but could not be fully constructed:

    Float2float(v1)

where:    A$1 is a type in method combineTree3 with bounds <: A

        v1 + v2,
        ^^^^
2023.12.07 19:21:52 INFO  time: evaluated worksheet 'hello.worksheet.sc' in 79ms
2023.12.07 19:21:55 WARN  no build target for: /Users/maxon462/Desktop/Paradygmaty/lab4/Scala/helloscala/src/main/scala/hello.worksheet.sc
[31merror[39m: Scala/helloscala/src/main/scala/hello.worksheet.sc:7:8: 
value elem is not a member of MdocApp.this.Tree3[A]
  Node(tr1.elem+tr2.elem)
       ^^^^^^^^
[31merror[39m: Scala/helloscala/src/main/scala/hello.worksheet.sc:38:9: 
value + is not a member of A$1.
An extension method was tried, but could not be fully constructed:

    Float2float(v1)

where:    A$1 is a type in method combineTree3 with bounds <: A

        v1 + v2,
        ^^^^
2023.12.07 19:21:55 INFO  time: evaluated worksheet 'hello.worksheet.sc' in 98ms
2023.12.07 19:21:57 WARN  no build target for: /Users/maxon462/Desktop/Paradygmaty/lab4/Scala/helloscala/src/main/scala/hello.worksheet.sc
[31merror[39m: Scala/helloscala/src/main/scala/hello.worksheet.sc:7:28: illegal start of simple expression
  Node(tr1.elem+tr2.elem , )
                           ^
2023.12.07 19:21:57 INFO  time: evaluated worksheet 'hello.worksheet.sc' in 80ms
2023.12.07 19:22:02 WARN  no build target for: /Users/maxon462/Desktop/Paradygmaty/lab4/Scala/helloscala/src/main/scala/hello.worksheet.sc
[31merror[39m: Scala/helloscala/src/main/scala/hello.worksheet.sc:7:8: 
value elem is not a member of MdocApp.this.Tree3[A]
  Node(tr1.elem+tr2.elem , Empty)
       ^^^^^^^^
[31merror[39m: Scala/helloscala/src/main/scala/hello.worksheet.sc:38:9: 
value + is not a member of A$1.
An extension method was tried, but could not be fully constructed:

    Float2float(v1)

where:    A$1 is a type in method combineTree3 with bounds <: A

        v1 + v2,
        ^^^^
2023.12.07 19:22:02 INFO  time: evaluated worksheet 'hello.worksheet.sc' in 0.1s
2023.12.07 19:22:09 WARN  no build target for: /Users/maxon462/Desktop/Paradygmaty/lab4/Scala/helloscala/src/main/scala/hello.worksheet.sc
[31merror[39m: Scala/helloscala/src/main/scala/hello.worksheet.sc:7:4: } expected but ) found
  N)
   ^
2023.12.07 19:22:09 INFO  time: evaluated worksheet 'hello.worksheet.sc' in 71ms
2023.12.07 19:22:10 WARN  no build target for: /Users/maxon462/Desktop/Paradygmaty/lab4/Scala/helloscala/src/main/scala/hello.worksheet.sc
[31merror[39m: Scala/helloscala/src/main/scala/hello.worksheet.sc:6:62: 
Found:    Unit
Required: MdocApp.this.Tree3[A]
def addTrees[A](tr1: Tree3[A]  , tr2: Tree3[A]) : Tree3[A] = {
                                                             ^
[31merror[39m: Scala/helloscala/src/main/scala/hello.worksheet.sc:38:9: 
value + is not a member of A$1.
An extension method was tried, but could not be fully constructed:

    Float2float(v1)

where:    A$1 is a type in method combineTree3 with bounds <: A

        v1 + v2,
        ^^^^
2023.12.07 19:22:10 INFO  time: evaluated worksheet 'hello.worksheet.sc' in 88ms
2023.12.07 19:22:13 WARN  no build target for: /Users/maxon462/Desktop/Paradygmaty/lab4/Scala/helloscala/src/main/scala/hello.worksheet.sc
[31merror[39m: Scala/helloscala/src/main/scala/hello.worksheet.sc:8:1: end of file expected but } found
}
^
2023.12.07 19:22:13 INFO  time: evaluated worksheet 'hello.worksheet.sc' in 76ms
2023.12.07 19:22:17 WARN  no build target for: /Users/maxon462/Desktop/Paradygmaty/lab4/Scala/helloscala/src/main/scala/hello.worksheet.sc
[31merror[39m: Scala/helloscala/src/main/scala/hello.worksheet.sc:36:9: 
value + is not a member of A$1.
An extension method was tried, but could not be fully constructed:

    Float2float(v1)

where:    A$1 is a type in method combineTree3 with bounds <: A

        v1 + v2,
        ^^^^
2023.12.07 19:25:51 INFO  time: evaluated worksheet 'hello.worksheet.sc' in 88ms
2023.12.07 19:37:41 WARN  no build target for: /Users/maxon462/Desktop/Paradygmaty/lab4/Scala/helloscala/src/main/scala/hello.worksheet.sc
[31merror[39m: Scala/helloscala/src/main/scala/hello.worksheet.sc:36:9: 
value + is not a member of A$1.
An extension method was tried, but could not be fully constructed:

    Float2float(v1)

where:    A$1 is a type in method combineTree3 with bounds <: A

        v1 + v2,
        ^^^^
2023.12.07 19:37:42 INFO  time: evaluated worksheet 'hello.worksheet.sc' in 0.18s
2023.12.07 19:37:54 WARN  no build target for: /Users/maxon462/Desktop/Paradygmaty/lab4/Scala/helloscala/src/main/scala/hello.worksheet.sc
[31merror[39m: Scala/helloscala/src/main/scala/hello.worksheet.sc:12:9: 
value + is not a member of A$1.
An extension method was tried, but could not be fully constructed:

    Float2float(v1)

where:    A$1 is a type in method combineTree3 with bounds <: A

        v1 + v2,
        ^^^^
2023.12.07 19:37:55 INFO  time: evaluated worksheet 'hello.worksheet.sc' in 75ms
2023.12.07 19:39:05 WARN  no build target for: /Users/maxon462/Desktop/Paradygmaty/lab4/Scala/helloscala/src/main/scala/hello.worksheet.sc
2023.12.07 19:39:05 INFO  time: evaluated worksheet 'hello.worksheet.sc' in 0.12s
2023.12.07 19:39:06 WARN  no build target for: /Users/maxon462/Desktop/Paradygmaty/lab4/Scala/helloscala/src/main/scala/hello.worksheet.sc
2023.12.07 19:39:06 INFO  time: evaluated worksheet 'hello.worksheet.sc' in 91ms
2023.12.07 19:39:08 WARN  no build target for: /Users/maxon462/Desktop/Paradygmaty/lab4/Scala/helloscala/src/main/scala/hello.worksheet.sc
2023.12.07 19:39:08 INFO  time: evaluated worksheet 'hello.worksheet.sc' in 94ms
2023.12.07 19:44:01 WARN  no build target for: /Users/maxon462/Desktop/Paradygmaty/lab4/Scala/helloscala/src/main/scala/hello.worksheet.sc
2023.12.07 19:44:01 INFO  time: evaluated worksheet 'hello.worksheet.sc' in 0.34s
2023.12.07 19:44:28 WARN  no build target for: /Users/maxon462/Desktop/Paradygmaty/lab4/Scala/helloscala/src/main/scala/hello.worksheet.sc
[31merror[39m: Scala/helloscala/src/main/scala/hello.worksheet.sc:34:63: illegal start of simple expression
val exampleDisk = Disk('C', List(Folder("Documents", List() , )))
                                                              ^
2023.12.07 19:44:28 INFO  time: evaluated worksheet 'hello.worksheet.sc' in 84ms
2023.12.07 19:44:30 WARN  no build target for: /Users/maxon462/Desktop/Paradygmaty/lab4/Scala/helloscala/src/main/scala/hello.worksheet.sc
2023.12.07 19:44:30 INFO  time: evaluated worksheet 'hello.worksheet.sc' in 0.16s
2023.12.07 19:44:31 WARN  no build target for: /Users/maxon462/Desktop/Paradygmaty/lab4/Scala/helloscala/src/main/scala/hello.worksheet.sc
2023.12.07 19:44:32 INFO  time: evaluated worksheet 'hello.worksheet.sc' in 0.13s
2023.12.07 19:44:33 WARN  no build target for: /Users/maxon462/Desktop/Paradygmaty/lab4/Scala/helloscala/src/main/scala/hello.worksheet.sc
[31merror[39m: Scala/helloscala/src/main/scala/hello.worksheet.sc:34:63: illegal start of simple expression
val exampleDisk = Disk('C', List(Folder("Documents", List()), ))
                                                              ^
2023.12.07 19:44:33 INFO  time: evaluated worksheet 'hello.worksheet.sc' in 77ms
2023.12.07 19:44:41 WARN  no build target for: /Users/maxon462/Desktop/Paradygmaty/lab4/Scala/helloscala/src/main/scala/hello.worksheet.sc
[31merror[39m: Scala/helloscala/src/main/scala/hello.worksheet.sc:34:63: 
Found:    MdocApp.this.File.type
Required: MdocApp.this.Folder
val exampleDisk = Disk('C', List(Folder("Documents", List()), File))
                                                              ^^^^
2023.12.07 19:44:41 INFO  time: evaluated worksheet 'hello.worksheet.sc' in 62ms
2023.12.07 19:44:45 WARN  no build target for: /Users/maxon462/Desktop/Paradygmaty/lab4/Scala/helloscala/src/main/scala/hello.worksheet.sc
[31merror[39m: Scala/helloscala/src/main/scala/hello.worksheet.sc:34:63: 
missing argument for parameter fileName of method apply in object File: (fileName: String): MdocApp.this.File
val exampleDisk = Disk('C', List(Folder("Documents", List()), File()))
                                                              ^^^^^^
2023.12.07 19:44:45 INFO  time: evaluated worksheet 'hello.worksheet.sc' in 62ms
2023.12.07 19:44:46 WARN  no build target for: /Users/maxon462/Desktop/Paradygmaty/lab4/Scala/helloscala/src/main/scala/hello.worksheet.sc
[31merror[39m: Scala/helloscala/src/main/scala/hello.worksheet.sc:34:68: 
Not found: file
val exampleDisk = Disk('C', List(Folder("Documents", List()), File(file)))
                                                                   ^^^^
2023.12.07 19:44:46 INFO  time: evaluated worksheet 'hello.worksheet.sc' in 74ms
2023.12.07 19:44:47 ERROR Failed to tokenize input for semantic tokens for /Users/maxon462/Desktop/Paradygmaty/lab4/Scala/helloscala/src/main/scala/hello.worksheet.sc
scala.meta.tokenizers.TokenizeException: <input>:35: error: unclosed string interpolation
  val exampleDisk = Disk('C', List(Folder("Documents", List()), File(file")))
                                                                          ^
	at scala.meta.internal.tokenizers.Reporter.syntaxError(Reporter.scala:23)
	at scala.meta.internal.tokenizers.Reporter.syntaxError$(Reporter.scala:23)
	at scala.meta.internal.tokenizers.Reporter$$anon$1.syntaxError(Reporter.scala:33)
	at scala.meta.internal.tokenizers.Reporter.syntaxError(Reporter.scala:25)
	at scala.meta.internal.tokenizers.Reporter.syntaxError$(Reporter.scala:25)
	at scala.meta.internal.tokenizers.Reporter$$anon$1.syntaxError(Reporter.scala:33)
	at scala.meta.internal.tokenizers.LegacyScanner.getStringPart(LegacyScanner.scala:659)
	at scala.meta.internal.tokenizers.LegacyScanner.fetchDoubleQuote$1(LegacyScanner.scala:357)
	at scala.meta.internal.tokenizers.LegacyScanner.fetchToken(LegacyScanner.scala:376)
	at scala.meta.internal.tokenizers.LegacyScanner.nextToken(LegacyScanner.scala:211)
	at scala.meta.internal.tokenizers.LegacyScanner.foreach(LegacyScanner.scala:1011)
	at scala.meta.internal.tokenizers.ScalametaTokenizer.uncachedTokenize(ScalametaTokenizer.scala:24)
	at scala.meta.internal.tokenizers.ScalametaTokenizer.$anonfun$tokenize$1(ScalametaTokenizer.scala:17)
	at scala.collection.concurrent.TrieMap.getOrElseUpdate(TrieMap.scala:962)
	at scala.meta.internal.tokenizers.ScalametaTokenizer.tokenize(ScalametaTokenizer.scala:17)
	at scala.meta.internal.tokenizers.ScalametaTokenizer$$anon$2.apply(ScalametaTokenizer.scala:332)
	at scala.meta.tokenizers.Api$XtensionTokenizeDialectInput.tokenize(Api.scala:25)
	at scala.meta.tokenizers.Api$XtensionTokenizeInputLike.tokenize(Api.scala:14)
	at scala.meta.internal.metals.SemanticTokensProvider$.getTokens(SemanticTokensProvider.scala:28)
	at scala.meta.internal.metals.SemanticTokensProvider$.provide(SemanticTokensProvider.scala:89)
	at scala.meta.internal.metals.Compilers.$anonfun$semanticTokens$3(Compilers.scala:539)
	at scala.concurrent.impl.Promise$Transformation.run(Promise.scala:467)
	at java.util.concurrent.ThreadPoolExecutor.runWorker(ThreadPoolExecutor.java:1136)
	at java.util.concurrent.ThreadPoolExecutor$Worker.run(ThreadPoolExecutor.java:635)
	at java.lang.Thread.run(Thread.java:833)

2023.12.07 19:44:48 WARN  no build target for: /Users/maxon462/Desktop/Paradygmaty/lab4/Scala/helloscala/src/main/scala/hello.worksheet.sc
[31merror[39m: Scala/helloscala/src/main/scala/hello.worksheet.sc:34:73: unclosed string interpolation
val exampleDisk = Disk('C', List(Folder("Documents", List()), File(file")))
                                                                        ^
2023.12.07 19:44:48 INFO  time: evaluated worksheet 'hello.worksheet.sc' in 82ms
2023.12.07 19:44:48 ERROR Failed to tokenize input for semantic tokens for /Users/maxon462/Desktop/Paradygmaty/lab4/Scala/helloscala/src/main/scala/hello.worksheet.sc
scala.meta.tokenizers.TokenizeException: <input>:35: error: unclosed string interpolation
  val exampleDisk = Disk('C', List(Folder("Documents", List()), File(file")))
                                                                          ^
	at scala.meta.internal.tokenizers.Reporter.syntaxError(Reporter.scala:23)
	at scala.meta.internal.tokenizers.Reporter.syntaxError$(Reporter.scala:23)
	at scala.meta.internal.tokenizers.Reporter$$anon$1.syntaxError(Reporter.scala:33)
	at scala.meta.internal.tokenizers.Reporter.syntaxError(Reporter.scala:25)
	at scala.meta.internal.tokenizers.Reporter.syntaxError$(Reporter.scala:25)
	at scala.meta.internal.tokenizers.Reporter$$anon$1.syntaxError(Reporter.scala:33)
	at scala.meta.internal.tokenizers.LegacyScanner.getStringPart(LegacyScanner.scala:659)
	at scala.meta.internal.tokenizers.LegacyScanner.fetchDoubleQuote$1(LegacyScanner.scala:357)
	at scala.meta.internal.tokenizers.LegacyScanner.fetchToken(LegacyScanner.scala:376)
	at scala.meta.internal.tokenizers.LegacyScanner.nextToken(LegacyScanner.scala:211)
	at scala.meta.internal.tokenizers.LegacyScanner.foreach(LegacyScanner.scala:1011)
	at scala.meta.internal.tokenizers.ScalametaTokenizer.uncachedTokenize(ScalametaTokenizer.scala:24)
	at scala.meta.internal.tokenizers.ScalametaTokenizer.$anonfun$tokenize$1(ScalametaTokenizer.scala:17)
	at scala.collection.concurrent.TrieMap.getOrElseUpdate(TrieMap.scala:962)
	at scala.meta.internal.tokenizers.ScalametaTokenizer.tokenize(ScalametaTokenizer.scala:17)
	at scala.meta.internal.tokenizers.ScalametaTokenizer$$anon$2.apply(ScalametaTokenizer.scala:332)
	at scala.meta.tokenizers.Api$XtensionTokenizeDialectInput.tokenize(Api.scala:25)
	at scala.meta.tokenizers.Api$XtensionTokenizeInputLike.tokenize(Api.scala:14)
	at scala.meta.internal.metals.SemanticTokensProvider$.getTokens(SemanticTokensProvider.scala:28)
	at scala.meta.internal.metals.SemanticTokensProvider$.provide(SemanticTokensProvider.scala:89)
	at scala.meta.internal.metals.Compilers.$anonfun$semanticTokens$3(Compilers.scala:539)
	at scala.concurrent.impl.Promise$Transformation.run(Promise.scala:467)
	at java.util.concurrent.ThreadPoolExecutor.runWorker(ThreadPoolExecutor.java:1136)
	at java.util.concurrent.ThreadPoolExecutor$Worker.run(ThreadPoolExecutor.java:635)
	at java.lang.Thread.run(Thread.java:833)

2023.12.07 19:44:49 WARN  no build target for: /Users/maxon462/Desktop/Paradygmaty/lab4/Scala/helloscala/src/main/scala/hello.worksheet.sc
2023.12.07 19:44:49 INFO  time: evaluated worksheet 'hello.worksheet.sc' in 0.14s
2023.12.07 19:45:03 WARN  no build target for: /Users/maxon462/Desktop/Paradygmaty/lab4/Scala/helloscala/src/main/scala/hello.worksheet.sc
[31merror[39m: Scala/helloscala/src/main/scala/hello.worksheet.sc:34:59: 
Not found: Fol
val exampleDisk = Disk('C', List(Folder("Documents", List(Fol)), File("file")))
                                                          ^^^
2023.12.07 19:45:03 INFO  time: evaluated worksheet 'hello.worksheet.sc' in 54ms
2023.12.07 19:45:05 WARN  no build target for: /Users/maxon462/Desktop/Paradygmaty/lab4/Scala/helloscala/src/main/scala/hello.worksheet.sc
[31merror[39m: Scala/helloscala/src/main/scala/hello.worksheet.sc:34:59: 
Found:    MdocApp.this.Folder.type
Required: MdocApp.this.Item
val exampleDisk = Disk('C', List(Folder("Documents", List(Folder)), File("file")))
                                                          ^^^^^^
2023.12.07 19:45:05 INFO  time: evaluated worksheet 'hello.worksheet.sc' in 62ms
2023.12.07 19:45:09 WARN  no build target for: /Users/maxon462/Desktop/Paradygmaty/lab4/Scala/helloscala/src/main/scala/hello.worksheet.sc
[31merror[39m: Scala/helloscala/src/main/scala/hello.worksheet.sc:34:59: 
missing argument for parameter folderName of method apply in object Folder: (folderName: String, contents: List[MdocApp.this.Item]): MdocApp.this.Folder
val exampleDisk = Disk('C', List(Folder("Documents", List(Folder())), File("file")))
                                                          ^^^^^^^^
2023.12.07 19:45:09 INFO  time: evaluated worksheet 'hello.worksheet.sc' in 50ms
2023.12.07 19:45:11 WARN  no build target for: /Users/maxon462/Desktop/Paradygmaty/lab4/Scala/helloscala/src/main/scala/hello.worksheet.sc
[31merror[39m: Scala/helloscala/src/main/scala/hello.worksheet.sc:34:59: 
missing argument for parameter contents of method apply in object Folder: (folderName: String, contents: List[MdocApp.this.Item]): MdocApp.this.Folder
val exampleDisk = Disk('C', List(Folder("Documents", List(Folder(""))), File("file")))
                                                          ^^^^^^^^^^
2023.12.07 19:45:11 INFO  time: evaluated worksheet 'hello.worksheet.sc' in 57ms
Dec 07, 2023 7:45:12 PM org.eclipse.lsp4j.jsonrpc.RemoteEndpoint handleCancellation
WARNING: Unmatched cancel notification for request id 1771
2023.12.07 19:45:14 WARN  no build target for: /Users/maxon462/Desktop/Paradygmaty/lab4/Scala/helloscala/src/main/scala/hello.worksheet.sc
[31merror[39m: Scala/helloscala/src/main/scala/hello.worksheet.sc:34:59: 
missing argument for parameter contents of method apply in object Folder: (folderName: String, contents: List[MdocApp.this.Item]): MdocApp.this.Folder
val exampleDisk = Disk('C', List(Folder("Documents", List(Folder("Doc1"))), File("file")))
                                                          ^^^^^^^^^^^^^^
2023.12.07 19:45:14 INFO  time: evaluated worksheet 'hello.worksheet.sc' in 69ms
2023.12.07 19:45:16 WARN  no build target for: /Users/maxon462/Desktop/Paradygmaty/lab4/Scala/helloscala/src/main/scala/hello.worksheet.sc
[31merror[39m: Scala/helloscala/src/main/scala/hello.worksheet.sc:34:75: 
Not found: Lis
val exampleDisk = Disk('C', List(Folder("Documents", List(Folder("Doc1" , Lis))), File("file")))
                                                                          ^^^
2023.12.07 19:45:16 INFO  time: evaluated worksheet 'hello.worksheet.sc' in 61ms
2023.12.07 19:45:18 WARN  no build target for: /Users/maxon462/Desktop/Paradygmaty/lab4/Scala/helloscala/src/main/scala/hello.worksheet.sc
2023.12.07 19:45:18 INFO  time: evaluated worksheet 'hello.worksheet.sc' in 0.14s
2023.12.07 19:49:30 WARN  no build target for: /Users/maxon462/Desktop/Paradygmaty/lab4/Scala/helloscala/src/main/scala/hello.worksheet.sc
[31merror[39m: Scala/helloscala/src/main/scala/hello.worksheet.sc:37:1: 
Item is already defined as trait Item
sealed trait Item
^^^^^^^^^^^^^^^^^
[31merror[39m: Scala/helloscala/src/main/scala/hello.worksheet.sc:38:1: 
File is already defined as class File
case class File(fileName: String) extends Item
^^^^^^^^^^^^^^^^^^^^^^^^^^^^^^^^^^^^^^^^^^^^^^
[31merror[39m: Scala/helloscala/src/main/scala/hello.worksheet.sc:39:1: 
Folder is already defined as class Folder
case class Folder(folderName: String, contents: List[Item]) extends Item
^^^^^^^^^^^^^^^^^^^^^^^^^^^^^^^^^^^^^^^^^^^^^^^^^^^^^^^^^^^^^^^^^^^^^^^^
[31merror[39m: Scala/helloscala/src/main/scala/hello.worksheet.sc:41:1: 
Disk is already defined as class Disk
case class Disk(diskName: Char, contents: List[Item])
^^^^^^^^^^^^^^^^^^^^^^^^^^^^^^^^^^^^^^^^^^^^^^^^^^^^^
[31merror[39m: Scala/helloscala/src/main/scala/hello.worksheet.sc:47:10: 
Wrong number of argument patterns for Folder; expected: (String, List[MdocApp.this.Item])
    case Folder(subfolder) => findItemPath(itemName, subfolder, folderPath)
         ^^^^^^^^^^^^^^^^^
[31merror[39m: Scala/helloscala/src/main/scala/hello.worksheet.sc:47:54: 
Found:    (subfolder : String)
Required: MdocApp.this.Folder
    case Folder(subfolder) => findItemPath(itemName, subfolder, folderPath)
                                                     ^^^^^^^^^
[31merror[39m: Scala/helloscala/src/main/scala/hello.worksheet.sc:48:24: 
value fileName is not a member of String
    case File(file) if file.fileName == itemName => path
                       ^^^^^^^^^^^^^
[31merror[39m: Scala/helloscala/src/main/scala/hello.worksheet.sc:54:10: 
Wrong number of argument patterns for Folder; expected: (String, List[MdocApp.this.Item])
    case Folder(folder) => findItemPath(itemName, folder, "")
         ^^^^^^^^^^^^^^
[31merror[39m: Scala/helloscala/src/main/scala/hello.worksheet.sc:54:51: 
Found:    (folder : String)
Required: MdocApp.this.Folder
    case Folder(folder) => findItemPath(itemName, folder, "")
                                                  ^^^^^^
[31merror[39m: Scala/helloscala/src/main/scala/hello.worksheet.sc:55:24: 
value fileName is not a member of String
    case File(file) if file.fileName == itemName => "/" + itemName
                       ^^^^^^^^^^^^^
[31merror[39m: Scala/helloscala/src/main/scala/hello.worksheet.sc:29:12: 
Double definition:
final lazy module object File: object MdocApp.this.File in class MdocApp at line 35 and
final lazy module object File: object MdocApp.this.File in class MdocApp at line 19

case class File(fileName: String) extends Item
           ^
[31merror[39m: Scala/helloscala/src/main/scala/hello.worksheet.sc:30:12: 
Double definition:
final lazy module object Folder: object MdocApp.this.Folder in class MdocApp at line 38 and
final lazy module object Folder: object MdocApp.this.Folder in class MdocApp at line 22

case class Folder(folderName: String, contents: List[Item]) extends Item
           ^
[31merror[39m: Scala/helloscala/src/main/scala/hello.worksheet.sc:32:12: 
Double definition:
final lazy module object Disk: object MdocApp.this.Disk in class MdocApp at line 41 and
final lazy module object Disk: object MdocApp.this.Disk in class MdocApp at line 25

case class Disk(diskName: Char, contents: List[Item])
           ^
[31merror[39m: Scala/helloscala/src/main/scala/hello.worksheet.sc:59:5: 
Double definition:
val exampleDisk: MdocApp.this.Disk in class MdocApp at line 28 and
val exampleDisk: MdocApp.this.Disk in class MdocApp at line 62

val exampleDisk = Disk('C', List(Folder("Program Files", List(File("file.txt")))))
    ^
2023.12.07 19:49:30 INFO  time: evaluated worksheet 'hello.worksheet.sc' in 0.15s
2023.12.07 19:49:33 WARN  no build target for: /Users/maxon462/Desktop/Paradygmaty/lab4/Scala/helloscala/src/main/scala/hello.worksheet.sc
[31merror[39m: Scala/helloscala/src/main/scala/hello.worksheet.sc:39:10: 
Wrong number of argument patterns for Folder; expected: (String, List[MdocApp.this.Item])
    case Folder(subfolder) => findItemPath(itemName, subfolder, folderPath)
         ^^^^^^^^^^^^^^^^^
[31merror[39m: Scala/helloscala/src/main/scala/hello.worksheet.sc:39:54: 
Found:    (subfolder : String)
Required: MdocApp.this.Folder
    case Folder(subfolder) => findItemPath(itemName, subfolder, folderPath)
                                                     ^^^^^^^^^
[31merror[39m: Scala/helloscala/src/main/scala/hello.worksheet.sc:40:24: 
value fileName is not a member of String
    case File(file) if file.fileName == itemName => path
                       ^^^^^^^^^^^^^
[31merror[39m: Scala/helloscala/src/main/scala/hello.worksheet.sc:46:10: 
Wrong number of argument patterns for Folder; expected: (String, List[MdocApp.this.Item])
    case Folder(folder) => findItemPath(itemName, folder, "")
         ^^^^^^^^^^^^^^
[31merror[39m: Scala/helloscala/src/main/scala/hello.worksheet.sc:46:51: 
Found:    (folder : String)
Required: MdocApp.this.Folder
    case Folder(folder) => findItemPath(itemName, folder, "")
                                                  ^^^^^^
[31merror[39m: Scala/helloscala/src/main/scala/hello.worksheet.sc:47:24: 
value fileName is not a member of String
    case File(file) if file.fileName == itemName => "/" + itemName
                       ^^^^^^^^^^^^^
2023.12.07 19:49:33 INFO  time: evaluated worksheet 'hello.worksheet.sc' in 86ms
2023.12.07 19:53:28 WARN  no build target for: /Users/maxon462/Desktop/Paradygmaty/lab4/Scala/helloscala/src/main/scala/hello.worksheet.sc
[31merror[39m: Scala/helloscala/src/main/scala/hello.worksheet.sc:38:10: 
Wrong number of argument patterns for Folder; expected: (String, List[MdocApp.this.Item])
    case Folder(subfolder) => findItemPath(itemName, subfolder, folderPath)
         ^^^^^^^^^^^^^^^^^
[31merror[39m: Scala/helloscala/src/main/scala/hello.worksheet.sc:38:54: 
Found:    (subfolder : String)
Required: MdocApp.this.Folder
    case Folder(subfolder) => findItemPath(itemName, subfolder, folderPath)
                                                     ^^^^^^^^^
[31merror[39m: Scala/helloscala/src/main/scala/hello.worksheet.sc:39:24: 
value fileName is not a member of String
    case File(file) if file.fileName == itemName => path
                       ^^^^^^^^^^^^^
[31merror[39m: Scala/helloscala/src/main/scala/hello.worksheet.sc:45:10: 
Wrong number of argument patterns for Folder; expected: (String, List[MdocApp.this.Item])
    case Folder(folder) => findItemPath(itemName, folder, "")
         ^^^^^^^^^^^^^^
[31merror[39m: Scala/helloscala/src/main/scala/hello.worksheet.sc:45:51: 
Found:    (folder : String)
Required: MdocApp.this.Folder
    case Folder(folder) => findItemPath(itemName, folder, "")
                                                  ^^^^^^
[31merror[39m: Scala/helloscala/src/main/scala/hello.worksheet.sc:46:24: 
value fileName is not a member of String
    case File(file) if file.fileName == itemName => "/" + itemName
                       ^^^^^^^^^^^^^
2023.12.07 19:53:28 INFO  time: evaluated worksheet 'hello.worksheet.sc' in 87ms
2023.12.07 19:54:04 WARN  no build target for: /Users/maxon462/Desktop/Paradygmaty/lab4/Scala/helloscala/src/main/scala/hello.worksheet.sc
[31merror[39m: Scala/helloscala/src/main/scala/hello.worksheet.sc:38:10: 
Wrong number of argument patterns for Folder; expected: (String, List[MdocApp.this.Item])
    case Folder(subfolder) => findItemPath(itemName, subfolder, folderPath)
         ^^^^^^^^^^^^^^^^^
[31merror[39m: Scala/helloscala/src/main/scala/hello.worksheet.sc:38:54: 
Found:    (subfolder : String)
Required: MdocApp.this.Folder
    case Folder(subfolder) => findItemPath(itemName, subfolder, folderPath)
                                                     ^^^^^^^^^
[31merror[39m: Scala/helloscala/src/main/scala/hello.worksheet.sc:39:24: 
value fileName is not a member of String
    case File(file) if file.fileName == itemName => path
                       ^^^^^^^^^^^^^
[31merror[39m: Scala/helloscala/src/main/scala/hello.worksheet.sc:45:10: 
Wrong number of argument patterns for Folder; expected: (String, List[MdocApp.this.Item])
    case Folder(folder) => findItemPath(itemName, folder, "")
         ^^^^^^^^^^^^^^
[31merror[39m: Scala/helloscala/src/main/scala/hello.worksheet.sc:45:51: 
Found:    (folder : String)
Required: MdocApp.this.Folder
    case Folder(folder) => findItemPath(itemName, folder, "")
                                                  ^^^^^^
[31merror[39m: Scala/helloscala/src/main/scala/hello.worksheet.sc:46:24: 
value fileName is not a member of String
    case File(file) if file.fileName == itemName => "/" + itemName
                       ^^^^^^^^^^^^^
2023.12.07 19:54:04 INFO  time: evaluated worksheet 'hello.worksheet.sc' in 81ms
2023.12.07 19:54:06 WARN  no build target for: /Users/maxon462/Desktop/Paradygmaty/lab4/Scala/helloscala/src/main/scala/hello.worksheet.sc
[31merror[39m: Scala/helloscala/src/main/scala/hello.worksheet.sc:39:10: 
Wrong number of argument patterns for Folder; expected: (String, List[MdocApp.this.Item])
    case Folder(subfolder) => findItemPath(itemName, subfolder, folderPath)
         ^^^^^^^^^^^^^^^^^
[31merror[39m: Scala/helloscala/src/main/scala/hello.worksheet.sc:39:54: 
Found:    (subfolder : String)
Required: MdocApp.this.Folder
    case Folder(subfolder) => findItemPath(itemName, subfolder, folderPath)
                                                     ^^^^^^^^^
[31merror[39m: Scala/helloscala/src/main/scala/hello.worksheet.sc:40:24: 
value fileName is not a member of String
    case File(file) if file.fileName == itemName => path
                       ^^^^^^^^^^^^^
[31merror[39m: Scala/helloscala/src/main/scala/hello.worksheet.sc:46:10: 
Wrong number of argument patterns for Folder; expected: (String, List[MdocApp.this.Item])
    case Folder(folder) => findItemPath(itemName, folder, "")
         ^^^^^^^^^^^^^^
[31merror[39m: Scala/helloscala/src/main/scala/hello.worksheet.sc:46:51: 
Found:    (folder : String)
Required: MdocApp.this.Folder
    case Folder(folder) => findItemPath(itemName, folder, "")
                                                  ^^^^^^
[31merror[39m: Scala/helloscala/src/main/scala/hello.worksheet.sc:47:24: 
value fileName is not a member of String
    case File(file) if file.fileName == itemName => "/" + itemName
                       ^^^^^^^^^^^^^
2023.12.07 19:54:06 INFO  time: evaluated worksheet 'hello.worksheet.sc' in 0.1s
2023.12.07 19:56:41 WARN  no build target for: /Users/maxon462/Desktop/Paradygmaty/lab4/Scala/helloscala/src/main/scala/hello.worksheet.sc
2023.12.07 19:56:41 INFO  time: evaluated worksheet 'hello.worksheet.sc' in 0.11s
2023.12.07 19:57:42 WARN  no build target for: /Users/maxon462/Desktop/Paradygmaty/lab4/Scala/helloscala/src/main/scala/hello.worksheet.sc
2023.12.07 19:57:42 INFO  time: evaluated worksheet 'hello.worksheet.sc' in 0.11s
2023.12.07 19:57:44 WARN  no build target for: /Users/maxon462/Desktop/Paradygmaty/lab4/Scala/helloscala/src/main/scala/hello.worksheet.sc
2023.12.07 19:57:44 INFO  time: evaluated worksheet 'hello.worksheet.sc' in 0.12s
2023.12.07 20:02:43 WARN  no build target for: /Users/maxon462/Desktop/Paradygmaty/lab4/Scala/helloscala/src/main/scala/hello.worksheet.sc
2023.12.07 20:02:44 INFO  time: evaluated worksheet 'hello.worksheet.sc' in 0.17s
2023.12.08 10:08:32 WARN  no build target for: /Users/maxon462/Desktop/Paradygmaty/lab4/Scala/helloscala/src/main/scala/hello.worksheet.sc
2023.12.08 10:08:32 INFO  time: evaluated worksheet 'hello.worksheet.sc' in 0.16s
2023.12.08 10:08:34 WARN  no build target for: /Users/maxon462/Desktop/Paradygmaty/lab4/Scala/helloscala/src/main/scala/hello.worksheet.sc
2023.12.08 10:08:34 INFO  time: evaluated worksheet 'hello.worksheet.sc' in 0.12s
2023.12.08 10:08:36 WARN  no build target for: /Users/maxon462/Desktop/Paradygmaty/lab4/Scala/helloscala/src/main/scala/hello.worksheet.sc
2023.12.08 10:08:37 INFO  time: evaluated worksheet 'hello.worksheet.sc' in 0.12s
2023.12.08 10:08:38 WARN  no build target for: /Users/maxon462/Desktop/Paradygmaty/lab4/Scala/helloscala/src/main/scala/hello.worksheet.sc
2023.12.08 10:08:38 INFO  time: evaluated worksheet 'hello.worksheet.sc' in 0.11s
2023.12.08 10:14:47 WARN  no build target for: /Users/maxon462/Desktop/Paradygmaty/lab4/Scala/helloscala/src/main/scala/hello.worksheet.sc
[31merror[39m: Scala/helloscala/src/main/scala/hello.worksheet.sc:59:35: ; expected but = found
let rec combine_tree3 tree1 tree2 =
                                  ^
2023.12.08 10:14:47 INFO  time: evaluated worksheet 'hello.worksheet.sc' in 0.1s
2023.12.08 10:14:50 WARN  no build target for: /Users/maxon462/Desktop/Paradygmaty/lab4/Scala/helloscala/src/main/scala/hello.worksheet.sc
2023.12.08 10:14:50 INFO  time: evaluated worksheet 'hello.worksheet.sc' in 0.11s
2023.12.08 10:24:36 WARN  no build target for: /Users/maxon462/Desktop/Paradygmaty/lab4/Scala/helloscala/src/main/scala/hello.worksheet.sc
[31merror[39m: Scala/helloscala/src/main/scala/hello.worksheet.sc:59:35: ; expected but = found
let rec combine_tree3 tree1 tree2 =
                                  ^
2023.12.08 10:24:37 INFO  time: evaluated worksheet 'hello.worksheet.sc' in 96ms
2023.12.08 10:33:23 WARN  no build target for: /Users/maxon462/Desktop/Paradygmaty/lab4/Scala/helloscala/src/main/scala/hello.worksheet.sc
[31merror[39m: Scala/helloscala/src/main/scala/hello.worksheet.sc:58:35: ; expected but = found
let rec combine_tree3 tree1 tree2 =
                                  ^
2023.12.08 10:33:23 INFO  time: evaluated worksheet 'hello.worksheet.sc' in 0.11s
2023.12.08 10:33:27 WARN  no build target for: /Users/maxon462/Desktop/Paradygmaty/lab4/Scala/helloscala/src/main/scala/hello.worksheet.sc
2023.12.08 10:33:27 INFO  time: evaluated worksheet 'hello.worksheet.sc' in 0.11s
2023.12.08 10:40:53 WARN  no build target for: /Users/maxon462/Desktop/Paradygmaty/lab4/Scala/helloscala/src/main/scala/hello.worksheet.sc
[31merror[39m: Scala/helloscala/src/main/scala/hello.worksheet.sc:58:35: ; expected but = found
let rec combine_tree3 tree1 tree2 =
                                  ^
2023.12.08 10:40:53 INFO  time: evaluated worksheet 'hello.worksheet.sc' in 0.12s
2023.12.08 10:48:39 WARN  no build target for: /Users/maxon462/Desktop/Paradygmaty/lab4/Scala/helloscala/src/main/scala/hello.worksheet.sc
[31merror[39m: Scala/helloscala/src/main/scala/hello.worksheet.sc:58:35: ; expected but = found
let rec combine_tree3 tree1 tree2 =
                                  ^
2023.12.08 10:49:06 INFO  time: evaluated worksheet 'hello.worksheet.sc' in 0.13s
Exception in thread "pool-8-thread-1" java.lang.InterruptedException
	at scala.meta.internal.metals.FutureCancelToken.checkCanceled(FutureCancelToken.scala:29)
	at scala.meta.internal.pc.CompilerAccess.onCompilerJobQueue$$anonfun$1(CompilerAccess.scala:230)
	at scala.meta.internal.pc.CompilerJobQueue$Job.run(CompilerJobQueue.scala:152)
	at java.base/java.util.concurrent.ThreadPoolExecutor.runWorker(ThreadPoolExecutor.java:1136)
	at java.base/java.util.concurrent.ThreadPoolExecutor$Worker.run(ThreadPoolExecutor.java:635)
	at java.base/java.lang.Thread.run(Thread.java:833)
2023.12.08 10:49:12 WARN  no build target for: /Users/maxon462/Desktop/Paradygmaty/lab4/Scala/helloscala/src/main/scala/hello.worksheet.sc
[31merror[39m: Scala/helloscala/src/main/scala/hello.worksheet.sc:58:35: ; expected but = found
let rec combine_tree3 tree1 tree2 =
                                  ^
2023.12.08 10:54:18 INFO  time: evaluated worksheet 'hello.worksheet.sc' in 0.17s
2023.12.08 10:54:22 WARN  no build target for: /Users/maxon462/Desktop/Paradygmaty/lab4/Scala/helloscala/src/main/scala/hello.worksheet.sc
2023.12.08 10:54:22 INFO  time: evaluated worksheet 'hello.worksheet.sc' in 0.12s
2023.12.08 10:59:45 WARN  no build target for: /Users/maxon462/Desktop/Paradygmaty/lab4/Scala/helloscala/src/main/scala/hello.worksheet.sc
2023.12.08 10:59:45 INFO  time: evaluated worksheet 'hello.worksheet.sc' in 0.15s
2023.12.08 11:02:14 WARN  no build target for: /Users/maxon462/Desktop/Paradygmaty/lab4/Scala/helloscala/src/main/scala/hello.worksheet.sc
[31merror[39m: Scala/helloscala/src/main/scala/hello.worksheet.sc:35:36: 
value name is not a member of String - did you mean file.value?
  case File(file) => Some(s"$path${file.name}")
                                   ^^^^^^^^^
[31merror[39m: Scala/helloscala/src/main/scala/hello.worksheet.sc:36:8: 
Wrong number of argument patterns for Folder; expected: (String, List[MdocApp.this.Entry])
  case Folder(folder) =>
       ^^^^^^^^^^^^^^
[31merror[39m: Scala/helloscala/src/main/scala/hello.worksheet.sc:37:5: 
value content is not a member of String - did you mean folder.concat?
    folder.content.flatMap(e => pathHelper(s"$path${folder.name}/", e)).find(_ => true)
    ^^^^^^^^^^^^^^
2023.12.08 11:02:15 INFO  time: evaluated worksheet 'hello.worksheet.sc' in 0.11s
2023.12.08 11:05:48 WARN  no build target for: /Users/maxon462/Desktop/Paradygmaty/lab4/Scala/helloscala/src/main/scala/hello.worksheet.sc
2023.12.08 11:05:48 INFO  time: evaluated worksheet 'hello.worksheet.sc' in 0.17s
2023.12.08 11:06:26 WARN  no build target for: /Users/maxon462/Desktop/Paradygmaty/lab4/Scala/helloscala/src/main/scala/hello.worksheet.sc
[31merror[39m: Scala/helloscala/src/main/scala/hello.worksheet.sc:38:13: 
Illegal variable file in pattern alternative
      case (file: File) :: rest | (folder: Folder) :: rest =>
            ^^^^^^^^^^
[31merror[39m: Scala/helloscala/src/main/scala/hello.worksheet.sc:38:28: 
Illegal variable rest in pattern alternative
      case (file: File) :: rest | (folder: Folder) :: rest =>
                           ^^^^
[31merror[39m: Scala/helloscala/src/main/scala/hello.worksheet.sc:38:36: 
Illegal variable folder in pattern alternative
      case (file: File) :: rest | (folder: Folder) :: rest =>
                                   ^^^^^^^^^^^^^^
[31merror[39m: Scala/helloscala/src/main/scala/hello.worksheet.sc:38:55: 
Illegal variable rest in pattern alternative
      case (file: File) :: rest | (folder: Folder) :: rest =>
                                                      ^^^^
[31merror[39m: Scala/helloscala/src/main/scala/hello.worksheet.sc:45:16: 
Values of types String and Char cannot be compared with == or !=
    disks.find(_.letter == diskLetter) flatMap { disk =>
               ^^^^^^^^^^^^^^^^^^^^^^
2023.12.08 11:06:26 INFO  time: evaluated worksheet 'hello.worksheet.sc' in 0.17s
2023.12.08 12:58:36 WARN  no build target for: /Users/maxon462/Desktop/Paradygmaty/lab4/Scala/helloscala/src/main/scala/hello.worksheet.sc
[31merror[39m: Scala/helloscala/src/main/scala/hello.worksheet.sc:38:13: 
Illegal variable file in pattern alternative
      case (file: File) :: rest | (folder: Folder) :: rest =>
            ^^^^^^^^^^
[31merror[39m: Scala/helloscala/src/main/scala/hello.worksheet.sc:38:28: 
Illegal variable rest in pattern alternative
      case (file: File) :: rest | (folder: Folder) :: rest =>
                           ^^^^
[31merror[39m: Scala/helloscala/src/main/scala/hello.worksheet.sc:38:36: 
Illegal variable folder in pattern alternative
      case (file: File) :: rest | (folder: Folder) :: rest =>
                                   ^^^^^^^^^^^^^^
[31merror[39m: Scala/helloscala/src/main/scala/hello.worksheet.sc:38:55: 
Illegal variable rest in pattern alternative
      case (file: File) :: rest | (folder: Folder) :: rest =>
                                                      ^^^^
[31merror[39m: Scala/helloscala/src/main/scala/hello.worksheet.sc:45:16: 
Values of types String and Char cannot be compared with == or !=
    disks.find(_.letter == diskLetter) flatMap { disk =>
               ^^^^^^^^^^^^^^^^^^^^^^
[31merror[39m: Scala/helloscala/src/main/scala/hello.worksheet.sc:60:34: 
value folderName is not a member of MdocApp.this.Folder
  val folderPath = currentPath + folder.folderName + "/"
                                 ^^^^^^^^^^^^^^^^^
[31merror[39m: Scala/helloscala/src/main/scala/hello.worksheet.sc:62:3: 
value contents is not a member of MdocApp.this.Folder - did you mean folder.content?
  folder.contents.collectFirst {
  ^^^^^^^^^^^^^^^
[31merror[39m: Scala/helloscala/src/main/scala/hello.worksheet.sc:69:3: 
value contents is not a member of MdocApp.this.Disk - did you mean disk.content?
  disk.contents.collectFirst {
  ^^^^^^^^^^^^^
[31merror[39m: Scala/helloscala/src/main/scala/hello.worksheet.sc:75:24: 
Found:    ('C' : Char)
Required: String
val exampleDisk = Disk('C', List(Folder("Program Files", List(File("file.txt")))))
                       ^^^
2023.12.08 12:58:36 INFO  time: evaluated worksheet 'hello.worksheet.sc' in 0.12s
2023.12.08 12:58:42 WARN  no build target for: /Users/maxon462/Desktop/Paradygmaty/lab4/Scala/helloscala/src/main/scala/hello.worksheet.sc
[31merror[39m: Scala/helloscala/src/main/scala/hello.worksheet.sc:60:34: 
value folderName is not a member of MdocApp.this.Folder
  val folderPath = currentPath + folder.folderName + "/"
                                 ^^^^^^^^^^^^^^^^^
[31merror[39m: Scala/helloscala/src/main/scala/hello.worksheet.sc:62:3: 
value contents is not a member of MdocApp.this.Folder - did you mean folder.content?
  folder.contents.collectFirst {
  ^^^^^^^^^^^^^^^
[31merror[39m: Scala/helloscala/src/main/scala/hello.worksheet.sc:69:3: 
value contents is not a member of MdocApp.this.Disk - did you mean disk.content?
  disk.contents.collectFirst {
  ^^^^^^^^^^^^^
[31merror[39m: Scala/helloscala/src/main/scala/hello.worksheet.sc:75:24: 
Found:    ('C' : Char)
Required: String
val exampleDisk = Disk('C', List(Folder("Program Files", List(File("file.txt")))))
                       ^^^
2023.12.08 12:58:42 INFO  time: evaluated worksheet 'hello.worksheet.sc' in 96ms
2023.12.08 13:01:36 WARN  no build target for: /Users/maxon462/Desktop/Paradygmaty/lab4/Scala/helloscala/src/main/scala/hello.worksheet.sc
2023.12.08 13:01:37 INFO  time: evaluated worksheet 'hello.worksheet.sc' in 0.18s
2023.12.08 13:01:39 WARN  no build target for: /Users/maxon462/Desktop/Paradygmaty/lab4/Scala/helloscala/src/main/scala/hello.worksheet.sc
[31merror[39m: Scala/helloscala/src/main/scala/hello.worksheet.sc:82:65: 
Not found: type Resource
  def pathAux(target: String, currPath: String, resources: List[Resource]): Option[String] = resources match {
                                                                ^^^^^^^^
2023.12.08 13:01:39 INFO  time: evaluated worksheet 'hello.worksheet.sc' in 67ms
2023.12.08 13:01:58 WARN  no build target for: /Users/maxon462/Desktop/Paradygmaty/lab4/Scala/helloscala/src/main/scala/hello.worksheet.sc
[31merror[39m: Scala/helloscala/src/main/scala/hello.worksheet.sc:80:1: 
File is already defined as class File
case class File(name: String) extends Resource
^^^^^^^^^^^^^^^^^^^^^^^^^^^^^^^^^^^^^^^^^^^^^^
[31merror[39m: Scala/helloscala/src/main/scala/hello.worksheet.sc:81:1: 
Folder is already defined as class Folder
case class Folder(name: String, content: List[Resource]) extends Resource
^^^^^^^^^^^^^^^^^^^^^^^^^^^^^^^^^^^^^^^^^^^^^^^^^^^^^^^^^^^^^^^^^^^^^^^^^
[31merror[39m: Scala/helloscala/src/main/scala/hello.worksheet.sc:91:33: 
Found:    (content : List[MdocApp.this.Entry])
Required: List[MdocApp.this.Resource]
      pathAux(target, nextPath, content) match {
                                ^^^^^^^
[31merror[39m: Scala/helloscala/src/main/scala/hello.worksheet.sc:97:39: 
Found:    (folder.content : List[MdocApp.this.Entry])
Required: List[MdocApp.this.Resource]
  pathAux(target, s"${folder.name}/", folder.content)
                                      ^^^^^^^^^^^^^^
[31merror[39m: Scala/helloscala/src/main/scala/hello.worksheet.sc:30:12: 
Double definition:
final lazy module object File: object MdocApp.this.File in class MdocApp at line 31 and
final lazy module object File: object MdocApp.this.File in class MdocApp at line 19

case class File(name: String) extends Entry
           ^
[31merror[39m: Scala/helloscala/src/main/scala/hello.worksheet.sc:31:12: 
Double definition:
final lazy module object Folder: object MdocApp.this.Folder in class MdocApp at line 34 and
final lazy module object Folder: object MdocApp.this.Folder in class MdocApp at line 22

case class Folder(name: String, content: List[Entry]) extends Entry
           ^
2023.12.08 13:01:58 INFO  time: evaluated worksheet 'hello.worksheet.sc' in 97ms
2023.12.08 13:02:04 WARN  no build target for: /Users/maxon462/Desktop/Paradygmaty/lab4/Scala/helloscala/src/main/scala/hello.worksheet.sc
2023.12.08 13:02:04 INFO  time: evaluated worksheet 'hello.worksheet.sc' in 0.14s
2023.12.08 13:04:15 WARN  no build target for: /Users/maxon462/Desktop/Paradygmaty/lab4/Scala/helloscala/src/main/scala/hello.worksheet.sc
[31merror[39m: Scala/helloscala/src/main/scala/hello.worksheet.sc:106:12: 
Not found: Disk
val disk = Disk("C:", rootFolder)
           ^^^^
2023.12.08 13:04:15 INFO  time: evaluated worksheet 'hello.worksheet.sc' in 0.14s
2023.12.08 13:04:27 WARN  no build target for: /Users/maxon462/Desktop/Paradygmaty/lab4/Scala/helloscala/src/main/scala/hello.worksheet.sc
[31merror[39m: Scala/helloscala/src/main/scala/hello.worksheet.sc:108:12: 
Not found: Disk
val disk = Disk("C:", rootFolder)
           ^^^^
2023.12.08 13:04:27 INFO  time: evaluated worksheet 'hello.worksheet.sc' in 0.1s
2023.12.08 13:04:28 WARN  no build target for: /Users/maxon462/Desktop/Paradygmaty/lab4/Scala/helloscala/src/main/scala/hello.worksheet.sc
[31merror[39m: Scala/helloscala/src/main/scala/hello.worksheet.sc:111:27: 
Found:    (MdocApp.this.disk : MdocApp.this.Disk)
Required: MdocApp.this.Folder
val result = path(target, disk)
                          ^^^^
2023.12.08 13:04:28 INFO  time: evaluated worksheet 'hello.worksheet.sc' in 99ms
2023.12.08 13:05:14 WARN  no build target for: /Users/maxon462/Desktop/Paradygmaty/lab4/Scala/helloscala/src/main/scala/hello.worksheet.sc
2023.12.08 13:05:14 INFO  time: evaluated worksheet 'hello.worksheet.sc' in 0.27s
2023.12.08 13:05:15 WARN  no build target for: /Users/maxon462/Desktop/Paradygmaty/lab4/Scala/helloscala/src/main/scala/hello.worksheet.sc
2023.12.08 13:05:15 INFO  time: evaluated worksheet 'hello.worksheet.sc' in 0.2s
Dec 08, 2023 1:05:29 PM org.eclipse.lsp4j.jsonrpc.RemoteEndpoint handleCancellation
WARNING: Unmatched cancel notification for request id 2290
2023.12.08 13:06:37 WARN  no build target for: /Users/maxon462/Desktop/Paradygmaty/lab4/Scala/helloscala/src/main/scala/hello.worksheet.sc
[31merror[39m: Scala/helloscala/src/main/scala/hello.worksheet.sc:112:30: ; expected but . found
interpolation syntax in Scala. It is used to create a combined string by inserting the value of `folder.name` into the string template.
                             ^
2023.12.08 13:06:37 INFO  time: evaluated worksheet 'hello.worksheet.sc' in 85ms
2023.12.08 13:06:40 WARN  no build target for: /Users/maxon462/Desktop/Paradygmaty/lab4/Scala/helloscala/src/main/scala/hello.worksheet.sc
2023.12.08 13:06:40 INFO  time: evaluated worksheet 'hello.worksheet.sc' in 0.19s
2023.12.08 13:10:37 WARN  no build target for: /Users/maxon462/Desktop/Paradygmaty/lab4/Scala/helloscala/src/main/scala/hello.worksheet.sc
[31merror[39m: Scala/helloscala/src/main/scala/hello.worksheet.sc:85:1: 
Resource is already defined as trait Resource
sealed trait Resource
^^^^^^^^^^^^^^^^^^^^^
[31merror[39m: Scala/helloscala/src/main/scala/hello.worksheet.sc:86:1: 
File is already defined as class File
case class File(name: String) extends Resource
^^^^^^^^^^^^^^^^^^^^^^^^^^^^^^^^^^^^^^^^^^^^^^
[31merror[39m: Scala/helloscala/src/main/scala/hello.worksheet.sc:87:1: 
Folder is already defined as class Folder
case class Folder(name: String, content: List[Resource]) extends Resource
^^^^^^^^^^^^^^^^^^^^^^^^^^^^^^^^^^^^^^^^^^^^^^^^^^^^^^^^^^^^^^^^^^^^^^^^^
[31merror[39m: Scala/helloscala/src/main/scala/hello.worksheet.sc:89:1: 
Disk is already defined as class Disk
case class Disk(driveLetter: String, rootFolder: Folder)
^^^^^^^^^^^^^^^^^^^^^^^^^^^^^^^^^^^^^^^^^^^^^^^^^^^^^^^^
[31merror[39m: Scala/helloscala/src/main/scala/hello.worksheet.sc:80:12: 
Double definition:
final lazy module object File: object MdocApp.this.File in class MdocApp at line 31 and
final lazy module object File: object MdocApp.this.File in class MdocApp at line 19

case class File(name: String) extends Resource
           ^
[31merror[39m: Scala/helloscala/src/main/scala/hello.worksheet.sc:81:12: 
Double definition:
final lazy module object Folder: object MdocApp.this.Folder in class MdocApp at line 34 and
final lazy module object Folder: object MdocApp.this.Folder in class MdocApp at line 22

case class Folder(name: String, content: List[Resource]) extends Resource
           ^
[31merror[39m: Scala/helloscala/src/main/scala/hello.worksheet.sc:83:12: 
Double definition:
final lazy module object Disk: object MdocApp.this.Disk in class MdocApp at line 37 and
final lazy module object Disk: object MdocApp.this.Disk in class MdocApp at line 25

case class Disk(driveLetter: String, rootFolder: Folder)
           ^
2023.12.08 13:10:37 INFO  time: evaluated worksheet 'hello.worksheet.sc' in 0.13s
2023.12.08 13:10:43 WARN  no build target for: /Users/maxon462/Desktop/Paradygmaty/lab4/Scala/helloscala/src/main/scala/hello.worksheet.sc
2023.12.08 13:10:44 INFO  time: evaluated worksheet 'hello.worksheet.sc' in 0.28s
2023.12.08 13:11:34 WARN  no build target for: /Users/maxon462/Desktop/Paradygmaty/lab4/Scala/helloscala/src/main/scala/hello.worksheet.sc
2023.12.08 13:11:34 INFO  time: evaluated worksheet 'hello.worksheet.sc' in 0.21s
2023.12.08 13:21:38 WARN  no build target for: /Users/maxon462/Desktop/Paradygmaty/lab4/Scala/helloscala/src/main/scala/hello.worksheet.sc
[33mwarning[39m: Scala/helloscala/src/main/scala/hello.worksheet.sc:88:5: 
match may not be exhaustive.

It would fail on pattern case: None

    currentFolder.content.find {
    ^
2023.12.08 13:21:38 INFO  time: evaluated worksheet 'hello.worksheet.sc' in 0.28s
2023.12.08 13:21:43 WARN  no build target for: /Users/maxon462/Desktop/Paradygmaty/lab4/Scala/helloscala/src/main/scala/hello.worksheet.sc
2023.12.08 13:21:44 INFO  time: evaluated worksheet 'hello.worksheet.sc' in 0.17s
2023.12.08 13:32:16 WARN  no build target for: /Users/maxon462/Desktop/Paradygmaty/lab4/Scala/helloscala/src/main/scala/hello.worksheet.sc
2023.12.08 13:32:16 INFO  time: evaluated worksheet 'hello.worksheet.sc' in 0.24s
2023.12.08 13:36:13 WARN  no build target for: /Users/maxon462/Desktop/Paradygmaty/lab4/Scala/helloscala/src/main/scala/hello.worksheet.sc
2023.12.08 13:36:14 INFO  time: evaluated worksheet 'hello.worksheet.sc' in 0.19s
2023.12.08 13:37:05 WARN  no build target for: /Users/maxon462/Desktop/Paradygmaty/lab4/Scala/helloscala/src/main/scala/hello.worksheet.sc
2023.12.08 13:37:05 INFO  time: evaluated worksheet 'hello.worksheet.sc' in 0.17s
2023.12.08 15:21:43 WARN  no build target for: /Users/maxon462/Desktop/Paradygmaty/lab4/Scala/helloscala/src/main/scala/hello.worksheet.sc
2023.12.08 15:21:44 INFO  time: evaluated worksheet 'hello.worksheet.sc' in 0.23s
2023.12.08 15:23:33 WARN  no build target for: /Users/maxon462/Desktop/Paradygmaty/lab4/Scala/helloscala/src/main/scala/hello.worksheet.sc
[31merror[39m: Scala/helloscala/src/main/scala/hello.worksheet.sc:45:5: Procedure syntax is not supported. Convert procedure `remove` to method by adding `: Unit =`.
def remove
    ^^^^^^
2023.12.08 15:23:33 INFO  time: evaluated worksheet 'hello.worksheet.sc' in 89ms
2023.12.08 15:23:38 WARN  no build target for: /Users/maxon462/Desktop/Paradygmaty/lab4/Scala/helloscala/src/main/scala/hello.worksheet.sc
[31merror[39m: Scala/helloscala/src/main/scala/hello.worksheet.sc:45:5: Procedure syntax is not supported. Convert procedure `remove` to method by adding `: Unit =`.
def remove()
    ^^^^^^
2023.12.08 15:23:38 INFO  time: evaluated worksheet 'hello.worksheet.sc' in 88ms
2023.12.08 15:23:40 WARN  no build target for: /Users/maxon462/Desktop/Paradygmaty/lab4/Scala/helloscala/src/main/scala/hello.worksheet.sc
[31merror[39m: Scala/helloscala/src/main/scala/hello.worksheet.sc:45:16: : expected but ) found
def remove(disk)
               ^
2023.12.08 15:23:40 INFO  time: evaluated worksheet 'hello.worksheet.sc' in 82ms
2023.12.08 15:23:54 WARN  no build target for: /Users/maxon462/Desktop/Paradygmaty/lab4/Scala/helloscala/src/main/scala/hello.worksheet.sc
[31merror[39m: Scala/helloscala/src/main/scala/hello.worksheet.sc:45:25: identifier expected but ) found
def remove(disk: Disk , )
                        ^
2023.12.08 15:24:05 INFO  time: evaluated worksheet 'hello.worksheet.sc' in 74ms
2023.12.08 15:24:10 WARN  no build target for: /Users/maxon462/Desktop/Paradygmaty/lab4/Scala/helloscala/src/main/scala/hello.worksheet.sc
[31merror[39m: Scala/helloscala/src/main/scala/hello.worksheet.sc:45:25: identifier expected but ) found
def remove(disk: Disk , )
                        ^
2023.12.08 15:24:10 INFO  time: evaluated worksheet 'hello.worksheet.sc' in 69ms
2023.12.08 15:24:14 WARN  no build target for: /Users/maxon462/Desktop/Paradygmaty/lab4/Scala/helloscala/src/main/scala/hello.worksheet.sc
[31merror[39m: Scala/helloscala/src/main/scala/hello.worksheet.sc:51:9: 
value isDirectory is not a member of MdocApp.this.File
    if (directory.isDirectory()) {
        ^^^^^^^^^^^^^^^^^^^^^
[31merror[39m: Scala/helloscala/src/main/scala/hello.worksheet.sc:52:27: 
value getPath is not a member of MdocApp.this.File
      val file = new File(directory.getPath() + File.separator + name)
                          ^^^^^^^^^^^^^^^^^
[31merror[39m: Scala/helloscala/src/main/scala/hello.worksheet.sc:68:35: 
value separator is not a member of object MdocApp.this.File
  val directory = new File(disk + File.separator + targetPath.mkString(File.separator))
                                  ^^^^^^^^^^^^^^
2023.12.08 15:24:14 INFO  time: evaluated worksheet 'hello.worksheet.sc' in 0.19s
2023.12.08 15:26:14 WARN  no build target for: /Users/maxon462/Desktop/Paradygmaty/lab4/Scala/helloscala/src/main/scala/hello.worksheet.sc
2023.12.08 15:26:14 INFO  time: evaluated worksheet 'hello.worksheet.sc' in 0.18s
2023.12.08 15:27:20 WARN  no build target for: /Users/maxon462/Desktop/Paradygmaty/lab4/Scala/helloscala/src/main/scala/hello.worksheet.sc
2023.12.08 15:27:20 INFO  time: evaluated worksheet 'hello.worksheet.sc' in 0.32s
2023.12.08 15:27:41 WARN  no build target for: /Users/maxon462/Desktop/Paradygmaty/lab4/Scala/helloscala/src/main/scala/hello.worksheet.sc
[31merror[39m: Scala/helloscala/src/main/scala/hello.worksheet.sc:84:5: 
Double definition:
val disk: MdocApp.this.Disk in class MdocApp at line 73 and
val disk: MdocApp.this.Disk in class MdocApp at line 123

val disk = Disk("C:", Folder("root", List(
    ^
2023.12.08 15:27:41 INFO  time: evaluated worksheet 'hello.worksheet.sc' in 0.21s
2023.12.08 15:27:56 WARN  no build target for: /Users/maxon462/Desktop/Paradygmaty/lab4/Scala/helloscala/src/main/scala/hello.worksheet.sc
2023.12.08 15:27:57 INFO  time: evaluated worksheet 'hello.worksheet.sc' in 0.31s
2023.12.08 15:27:58 WARN  no build target for: /Users/maxon462/Desktop/Paradygmaty/lab4/Scala/helloscala/src/main/scala/hello.worksheet.sc
2023.12.08 15:27:58 INFO  time: evaluated worksheet 'hello.worksheet.sc' in 0.26s
2023.12.08 15:29:00 WARN  no build target for: /Users/maxon462/Desktop/Paradygmaty/lab4/Scala/helloscala/src/main/scala/hello.worksheet.sc
[31merror[39m: Scala/helloscala/src/main/scala/hello.worksheet.sc:98:26: 
Not found: remove
val (newDisk, removed) = remove(disk, List("folder2", "subfolder1", "file5.txt"))
                         ^^^^^^
[31merror[39m: Scala/helloscala/src/main/scala/hello.worksheet.sc:98:6: 
Recursive value $1$ needs type
val (newDisk, removed) = remove(disk, List("folder2", "subfolder1", "file5.txt"))
     ^
[31merror[39m: Scala/helloscala/src/main/scala/hello.worksheet.sc:98:15: 
Recursive value $1$ needs type
val (newDisk, removed) = remove(disk, List("folder2", "subfolder1", "file5.txt"))
              ^
2023.12.08 15:29:00 INFO  time: evaluated worksheet 'hello.worksheet.sc' in 0.14s
2023.12.08 15:29:08 WARN  no build target for: /Users/maxon462/Desktop/Paradygmaty/lab4/Scala/helloscala/src/main/scala/hello.worksheet.sc
[31merror[39m: Scala/helloscala/src/main/scala/hello.worksheet.sc:106:2: } expected but end of file found
}
 ^
2023.12.08 15:29:08 INFO  time: evaluated worksheet 'hello.worksheet.sc' in 69ms
2023.12.08 15:29:10 WARN  no build target for: /Users/maxon462/Desktop/Paradygmaty/lab4/Scala/helloscala/src/main/scala/hello.worksheet.sc
[31merror[39m: Scala/helloscala/src/main/scala/hello.worksheet.sc:85:63: 
Found:    Unit
Required: (MdocApp.this.Disk, Boolean)
def remove(disk: Disk, path: List[String]): (Disk, Boolean) = {
                                                              ^
2023.12.08 15:29:10 INFO  time: evaluated worksheet 'hello.worksheet.sc' in 0.11s
2023.12.08 15:29:11 WARN  no build target for: /Users/maxon462/Desktop/Paradygmaty/lab4/Scala/helloscala/src/main/scala/hello.worksheet.sc
[31merror[39m: Scala/helloscala/src/main/scala/hello.worksheet.sc:85:63: 
Found:    Unit
Required: (MdocApp.this.Disk, Boolean)
def remove(disk: Disk, path: List[String]): (Disk, Boolean) = {
                                                              ^
2023.12.08 15:29:11 INFO  time: evaluated worksheet 'hello.worksheet.sc' in 0.12s
2023.12.08 15:30:09 WARN  no build target for: /Users/maxon462/Desktop/Paradygmaty/lab4/Scala/helloscala/src/main/scala/hello.worksheet.sc
[31merror[39m: Scala/helloscala/src/main/scala/hello.worksheet.sc:85:63: 
Found:    Unit
Required: (MdocApp.this.Disk, Boolean)
def remove(disk: Disk, path: List[String]): (Disk, Boolean) = {
                                                              ^
[31merror[39m: Scala/helloscala/src/main/scala/hello.worksheet.sc:85:5: 
Double definition:
def remove
  (disk: MdocApp.this.Disk, path: List[String]): (MdocApp.this.Disk, Boolean) in class MdocApp at line 85 and
def remove
  (disk: MdocApp.this.Disk, path: List[String]): (MdocApp.this.Disk, Boolean) in class MdocApp at line 123
have the same type after erasure.

Consider adding a @targetName annotation to one of the conflicting definitions
for disambiguation.
def remove(disk: Disk, path: List[String]): (Disk, Boolean) = {
    ^
2023.12.08 15:30:09 INFO  time: evaluated worksheet 'hello.worksheet.sc' in 0.21s
2023.12.08 15:38:03 WARN  no build target for: /Users/maxon462/Desktop/Paradygmaty/lab4/Scala/helloscala/src/main/scala/hello.worksheet.sc
[31merror[39m: Scala/helloscala/src/main/scala/hello.worksheet.sc:106:2: } expected but end of file found
}
 ^
2023.12.08 15:38:03 INFO  time: evaluated worksheet 'hello.worksheet.sc' in 87ms
2023.12.08 15:38:07 WARN  no build target for: /Users/maxon462/Desktop/Paradygmaty/lab4/Scala/helloscala/src/main/scala/hello.worksheet.sc
2023.12.08 15:38:07 INFO  time: evaluated worksheet 'hello.worksheet.sc' in 0.37s
2023.12.08 15:41:02 WARN  no build target for: /Users/maxon462/Desktop/Paradygmaty/lab4/Scala/helloscala/src/main/scala/hello.worksheet.sc
[31merror[39m: Scala/helloscala/src/main/scala/hello.worksheet.sc:106:5: Procedure syntax is not supported. Convert procedure `remove` to method by adding `: Unit =`.
def remove
    ^^^^^^
2023.12.08 15:41:02 INFO  time: evaluated worksheet 'hello.worksheet.sc' in 84ms
2023.12.08 15:41:06 WARN  no build target for: /Users/maxon462/Desktop/Paradygmaty/lab4/Scala/helloscala/src/main/scala/hello.worksheet.sc
[31merror[39m: Scala/helloscala/src/main/scala/hello.worksheet.sc:106:5: Procedure syntax is not supported. Convert procedure `remove` to method by adding `: Unit =`.
def remove()
    ^^^^^^
2023.12.08 15:41:07 INFO  time: evaluated worksheet 'hello.worksheet.sc' in 73ms
2023.12.08 15:41:12 WARN  no build target for: /Users/maxon462/Desktop/Paradygmaty/lab4/Scala/helloscala/src/main/scala/hello.worksheet.sc
[31merror[39m: Scala/helloscala/src/main/scala/hello.worksheet.sc:106:25: identifier expected but ) found
def remove(disk: Disk , )
                        ^
2023.12.08 15:41:12 INFO  time: evaluated worksheet 'hello.worksheet.sc' in 75ms
Dec 08, 2023 3:41:18 PM org.eclipse.lsp4j.jsonrpc.RemoteEndpoint handleCancellation
WARNING: Unmatched cancel notification for request id 2901
2023.12.08 15:41:19 WARN  no build target for: /Users/maxon462/Desktop/Paradygmaty/lab4/Scala/helloscala/src/main/scala/hello.worksheet.sc
[31merror[39m: Scala/helloscala/src/main/scala/hello.worksheet.sc:106:5: Procedure syntax is not supported. Convert procedure `remove` to method by adding `: Unit =`.
def remove(disk: Disk , path: List)
    ^^^^^^
2023.12.08 15:41:20 INFO  time: evaluated worksheet 'hello.worksheet.sc' in 66ms
2023.12.08 15:41:21 WARN  no build target for: /Users/maxon462/Desktop/Paradygmaty/lab4/Scala/helloscala/src/main/scala/hello.worksheet.sc
[31merror[39m: Scala/helloscala/src/main/scala/hello.worksheet.sc:106:35: ) expected but ( found
def remove(disk: Disk , path: List())
                                  ^
2023.12.08 15:41:21 INFO  time: evaluated worksheet 'hello.worksheet.sc' in 59ms
2023.12.08 15:41:22 WARN  no build target for: /Users/maxon462/Desktop/Paradygmaty/lab4/Scala/helloscala/src/main/scala/hello.worksheet.sc
[31merror[39m: Scala/helloscala/src/main/scala/hello.worksheet.sc:106:35: ) expected but ( found
def remove(disk: Disk , path: List(S))
                                  ^
2023.12.08 15:41:22 INFO  time: evaluated worksheet 'hello.worksheet.sc' in 67ms
2023.12.08 15:41:26 WARN  no build target for: /Users/maxon462/Desktop/Paradygmaty/lab4/Scala/helloscala/src/main/scala/hello.worksheet.sc
[31merror[39m: Scala/helloscala/src/main/scala/hello.worksheet.sc:106:5: Procedure syntax is not supported. Convert procedure `remove` to method by adding `: Unit =`.
def remove(disk: Disk , path: List[String])
    ^^^^^^
2023.12.08 15:41:26 INFO  time: evaluated worksheet 'hello.worksheet.sc' in 68ms
2023.12.08 15:41:29 WARN  no build target for: /Users/maxon462/Desktop/Paradygmaty/lab4/Scala/helloscala/src/main/scala/hello.worksheet.sc
[31merror[39m: Scala/helloscala/src/main/scala/hello.worksheet.sc:106:47: identifier expected but end of file found
def remove(disk: Disk , path: List[String]) : 
                                              ^
2023.12.08 15:41:29 INFO  time: evaluated worksheet 'hello.worksheet.sc' in 72ms
2023.12.08 15:41:30 WARN  no build target for: /Users/maxon462/Desktop/Paradygmaty/lab4/Scala/helloscala/src/main/scala/hello.worksheet.sc
[31merror[39m: Scala/helloscala/src/main/scala/hello.worksheet.sc:106:49: illegal literal type (), use Unit instead
def remove(disk: Disk , path: List[String]) : ()
                                                ^
2023.12.08 15:41:30 INFO  time: evaluated worksheet 'hello.worksheet.sc' in 54ms
2023.12.08 15:41:41 WARN  no build target for: /Users/maxon462/Desktop/Paradygmaty/lab4/Scala/helloscala/src/main/scala/hello.worksheet.sc
[31merror[39m: Scala/helloscala/src/main/scala/hello.worksheet.sc:107:55: 
Not found: type boolean
def remove(disk: Disk , path: List[String]) : (Disk , boolean)
                                                      ^^^^^^^
[31merror[39m: Scala/helloscala/src/main/scala/hello.worksheet.sc:107:5: 
Declaration of method remove not allowed here: only classes can have declared but undefined members
def remove(disk: Disk , path: List[String]) : (Disk , boolean)
    ^
2023.12.08 15:41:41 INFO  time: evaluated worksheet 'hello.worksheet.sc' in 0.18s
2023.12.08 15:41:44 WARN  no build target for: /Users/maxon462/Desktop/Paradygmaty/lab4/Scala/helloscala/src/main/scala/hello.worksheet.sc
[31merror[39m: Scala/helloscala/src/main/scala/hello.worksheet.sc:107:55: 
Not found: type boolean
def remove(disk: Disk , path: List[String]) : (Disk , boolean) = {
                                                      ^^^^^^^
[31merror[39m: Scala/helloscala/src/main/scala/hello.worksheet.sc:107:66: 
Found:    Unit
Required: (MdocApp.this.Disk, <error Not found: type boolean>)
def remove(disk: Disk , path: List[String]) : (Disk , boolean) = {
                                                                 ^
2023.12.08 15:41:44 INFO  time: evaluated worksheet 'hello.worksheet.sc' in 0.2s
2023.12.08 15:41:51 WARN  no build target for: /Users/maxon462/Desktop/Paradygmaty/lab4/Scala/helloscala/src/main/scala/hello.worksheet.sc
[31merror[39m: Scala/helloscala/src/main/scala/hello.worksheet.sc:107:54: 
Not found: type boolean
def remove(disk: Disk , path: List[String]) : (Disk, boolean) = {
                                                     ^^^^^^^
[31merror[39m: Scala/helloscala/src/main/scala/hello.worksheet.sc:107:65: 
Found:    Unit
Required: (MdocApp.this.Disk, <error Not found: type boolean>)
def remove(disk: Disk , path: List[String]) : (Disk, boolean) = {
                                                                ^
2023.12.08 15:41:51 INFO  time: evaluated worksheet 'hello.worksheet.sc' in 0.17s
2023.12.08 15:41:52 WARN  no build target for: /Users/maxon462/Desktop/Paradygmaty/lab4/Scala/helloscala/src/main/scala/hello.worksheet.sc
[31merror[39m: Scala/helloscala/src/main/scala/hello.worksheet.sc:107:65: 
Found:    Unit
Required: (MdocApp.this.Disk, Boolean)
def remove(disk: Disk , path: List[String]) : (Disk, Boolean) = {
                                                                ^
[31merror[39m: Scala/helloscala/src/main/scala/hello.worksheet.sc:107:5: 
Double definition:
def remove
  (disk: MdocApp.this.Disk, path: List[String]): (MdocApp.this.Disk, Boolean) in class MdocApp at line 88 and
def remove
  (disk: MdocApp.this.Disk, path: List[String]): (MdocApp.this.Disk, Boolean) in class MdocApp at line 156
have the same type after erasure.

Consider adding a @targetName annotation to one of the conflicting definitions
for disambiguation.
def remove(disk: Disk , path: List[String]) : (Disk, Boolean) = {
    ^
2023.12.08 15:41:53 INFO  time: evaluated worksheet 'hello.worksheet.sc' in 0.22s
2023.12.08 15:41:53 WARN  no build target for: /Users/maxon462/Desktop/Paradygmaty/lab4/Scala/helloscala/src/main/scala/hello.worksheet.sc
[31merror[39m: Scala/helloscala/src/main/scala/hello.worksheet.sc:107:65: 
Found:    Unit
Required: (MdocApp.this.Disk, Boolean)
def remove(disk: Disk , path: List[String]) : (Disk, Boolean) = {
                                                                ^
[31merror[39m: Scala/helloscala/src/main/scala/hello.worksheet.sc:107:5: 
Double definition:
def remove
  (disk: MdocApp.this.Disk, path: List[String]): (MdocApp.this.Disk, Boolean) in class MdocApp at line 88 and
def remove
  (disk: MdocApp.this.Disk, path: List[String]): (MdocApp.this.Disk, Boolean) in class MdocApp at line 156
have the same type after erasure.

Consider adding a @targetName annotation to one of the conflicting definitions
for disambiguation.
def remove(disk: Disk , path: List[String]) : (Disk, Boolean) = {
    ^
2023.12.08 15:41:54 INFO  time: evaluated worksheet 'hello.worksheet.sc' in 0.18s
2023.12.08 15:46:03 WARN  no build target for: /Users/maxon462/Desktop/Paradygmaty/lab4/Scala/helloscala/src/main/scala/hello.worksheet.sc
[31merror[39m: Scala/helloscala/src/main/scala/hello.worksheet.sc:110:2: } expected but end of file found
}
 ^
2023.12.08 15:46:03 INFO  time: evaluated worksheet 'hello.worksheet.sc' in 0.12s
2023.12.08 15:46:07 WARN  no build target for: /Users/maxon462/Desktop/Paradygmaty/lab4/Scala/helloscala/src/main/scala/hello.worksheet.sc
[31merror[39m: Scala/helloscala/src/main/scala/hello.worksheet.sc:100:2: } expected but end of file found
}
 ^
2023.12.08 15:46:07 INFO  time: evaluated worksheet 'hello.worksheet.sc' in 71ms
2023.12.08 15:46:08 WARN  no build target for: /Users/maxon462/Desktop/Paradygmaty/lab4/Scala/helloscala/src/main/scala/hello.worksheet.sc
[31merror[39m: Scala/helloscala/src/main/scala/hello.worksheet.sc:100:2: } expected but end of file found
}
 ^
2023.12.08 15:46:08 INFO  time: evaluated worksheet 'hello.worksheet.sc' in 73ms
2023.12.08 15:46:23 WARN  no build target for: /Users/maxon462/Desktop/Paradygmaty/lab4/Scala/helloscala/src/main/scala/hello.worksheet.sc
[31merror[39m: Scala/helloscala/src/main/scala/hello.worksheet.sc:57:10: 
Found:    Unit
Required: (MdocApp.this.Folder, Boolean)
        }
         ^
[31merror[39m: Scala/helloscala/src/main/scala/hello.worksheet.sc:93:65: 
Found:    Unit
Required: (MdocApp.this.Disk, Boolean)
def remove(disk: Disk , path: List[String]) : (Disk, Boolean) = {
                                                                ^
[31merror[39m: Scala/helloscala/src/main/scala/hello.worksheet.sc:93:5: 
Double definition:
def remove
  (disk: MdocApp.this.Disk, path: List[String]): (MdocApp.this.Disk, Boolean) in class MdocApp at line 88 and
def remove
  (disk: MdocApp.this.Disk, path: List[String]): (MdocApp.this.Disk, Boolean) in class MdocApp at line 142
have the same type after erasure.

Consider adding a @targetName annotation to one of the conflicting definitions
for disambiguation.
def remove(disk: Disk , path: List[String]) : (Disk, Boolean) = {
    ^
2023.12.08 15:46:24 INFO  time: evaluated worksheet 'hello.worksheet.sc' in 0.19s
2023.12.08 15:46:37 WARN  no build target for: /Users/maxon462/Desktop/Paradygmaty/lab4/Scala/helloscala/src/main/scala/hello.worksheet.sc
[31merror[39m: Scala/helloscala/src/main/scala/hello.worksheet.sc:57:10: 
Found:    Unit
Required: (MdocApp.this.Folder, Boolean)
        }
         ^
[31merror[39m: Scala/helloscala/src/main/scala/hello.worksheet.sc:94:65: 
Found:    Unit
Required: (MdocApp.this.Disk, Boolean)
def remove(disk: Disk , path: List[String]) : (Disk, Boolean) = {
                                                                ^
[31merror[39m: Scala/helloscala/src/main/scala/hello.worksheet.sc:94:5: 
Double definition:
def remove
  (disk: MdocApp.this.Disk, path: List[String]): (MdocApp.this.Disk, Boolean) in class MdocApp at line 88 and
def remove
  (disk: MdocApp.this.Disk, path: List[String]): (MdocApp.this.Disk, Boolean) in class MdocApp at line 143
have the same type after erasure.

Consider adding a @targetName annotation to one of the conflicting definitions
for disambiguation.
def remove(disk: Disk , path: List[String]) : (Disk, Boolean) = {
    ^
2023.12.08 15:46:37 INFO  time: evaluated worksheet 'hello.worksheet.sc' in 0.15s
2023.12.08 15:46:38 WARN  no build target for: /Users/maxon462/Desktop/Paradygmaty/lab4/Scala/helloscala/src/main/scala/hello.worksheet.sc
[31merror[39m: Scala/helloscala/src/main/scala/hello.worksheet.sc:70:1: end of file expected but } found
}
^
2023.12.08 15:46:38 INFO  time: evaluated worksheet 'hello.worksheet.sc' in 70ms
2023.12.08 15:46:46 WARN  no build target for: /Users/maxon462/Desktop/Paradygmaty/lab4/Scala/helloscala/src/main/scala/hello.worksheet.sc
[31merror[39m: Scala/helloscala/src/main/scala/hello.worksheet.sc:100:2: } expected but end of file found
}
 ^
2023.12.08 15:46:46 INFO  time: evaluated worksheet 'hello.worksheet.sc' in 62ms
2023.12.08 15:47:00 WARN  no build target for: /Users/maxon462/Desktop/Paradygmaty/lab4/Scala/helloscala/src/main/scala/hello.worksheet.sc
[31merror[39m: Scala/helloscala/src/main/scala/hello.worksheet.sc:107:65: 
Found:    Unit
Required: (MdocApp.this.Disk, Boolean)
def remove(disk: Disk , path: List[String]) : (Disk, Boolean) = {
                                                                ^
[31merror[39m: Scala/helloscala/src/main/scala/hello.worksheet.sc:107:5: 
Double definition:
def remove
  (disk: MdocApp.this.Disk, path: List[String]): (MdocApp.this.Disk, Boolean) in class MdocApp at line 88 and
def remove
  (disk: MdocApp.this.Disk, path: List[String]): (MdocApp.this.Disk, Boolean) in class MdocApp at line 156
have the same type after erasure.

Consider adding a @targetName annotation to one of the conflicting definitions
for disambiguation.
def remove(disk: Disk , path: List[String]) : (Disk, Boolean) = {
    ^
2023.12.08 15:47:00 INFO  time: evaluated worksheet 'hello.worksheet.sc' in 0.19s
2023.12.08 15:47:27 WARN  no build target for: /Users/maxon462/Desktop/Paradygmaty/lab4/Scala/helloscala/src/main/scala/hello.worksheet.sc
2023.12.08 15:47:27 INFO  time: evaluated worksheet 'hello.worksheet.sc' in 0.31s
2023.12.08 15:47:34 WARN  no build target for: /Users/maxon462/Desktop/Paradygmaty/lab4/Scala/helloscala/src/main/scala/hello.worksheet.sc
2023.12.08 15:47:34 INFO  time: evaluated worksheet 'hello.worksheet.sc' in 0.3s
2023.12.08 15:47:37 WARN  no build target for: /Users/maxon462/Desktop/Paradygmaty/lab4/Scala/helloscala/src/main/scala/hello.worksheet.sc
2023.12.08 15:47:37 INFO  time: evaluated worksheet 'hello.worksheet.sc' in 0.25s
2023.12.08 15:53:14 WARN  no build target for: /Users/maxon462/Desktop/Paradygmaty/lab4/Scala/helloscala/src/main/scala/hello.worksheet.sc
[31merror[39m: Scala/helloscala/src/main/scala/hello.worksheet.sc:94:1: } expected but end of file found

^
2023.12.08 15:53:14 INFO  time: evaluated worksheet 'hello.worksheet.sc' in 77ms
2023.12.08 15:53:16 WARN  no build target for: /Users/maxon462/Desktop/Paradygmaty/lab4/Scala/helloscala/src/main/scala/hello.worksheet.sc
[31merror[39m: Scala/helloscala/src/main/scala/hello.worksheet.sc:94:1: } expected but end of file found

^
2023.12.08 15:53:17 INFO  time: evaluated worksheet 'hello.worksheet.sc' in 80ms
2023.12.08 15:53:20 WARN  no build target for: /Users/maxon462/Desktop/Paradygmaty/lab4/Scala/helloscala/src/main/scala/hello.worksheet.sc
[31merror[39m: Scala/helloscala/src/main/scala/hello.worksheet.sc:94:1: } expected but end of file found

^
2023.12.08 15:53:20 INFO  time: evaluated worksheet 'hello.worksheet.sc' in 73ms
2023.12.08 15:56:49 WARN  no build target for: /Users/maxon462/Desktop/Paradygmaty/lab4/Scala/helloscala/src/main/scala/hello.worksheet.sc
[31merror[39m: Scala/helloscala/src/main/scala/hello.worksheet.sc:61:3: illegal start of simple pattern
  val (newRootFolder, removed) = removeAux(disk.rootFolder, path)
  ^^^
2023.12.08 15:57:09 INFO  time: evaluated worksheet 'hello.worksheet.sc' in 90ms
2023.12.08 15:57:29 WARN  no build target for: /Users/maxon462/Desktop/Paradygmaty/lab4/Scala/helloscala/src/main/scala/hello.worksheet.sc
[31merror[39m: Scala/helloscala/src/main/scala/hello.worksheet.sc:94:1: } expected but end of file found

^
2023.12.08 15:57:29 INFO  time: evaluated worksheet 'hello.worksheet.sc' in 84ms
2023.12.08 15:58:12 WARN  no build target for: /Users/maxon462/Desktop/Paradygmaty/lab4/Scala/helloscala/src/main/scala/hello.worksheet.sc
2023.12.08 15:58:13 INFO  time: evaluated worksheet 'hello.worksheet.sc' in 0.31s
2023.12.08 16:01:04 WARN  no build target for: /Users/maxon462/Desktop/Paradygmaty/lab4/Scala/helloscala/src/main/scala/hello.worksheet.sc
[33mwarning[39m: Scala/helloscala/src/main/scala/hello.worksheet.sc:50:5: 
match may not be exhaustive.

It would fail on pattern case: List(_, _, _*)

    currentPath match {
    ^^^^^^^^^^^
2023.12.08 16:01:04 INFO  time: evaluated worksheet 'hello.worksheet.sc' in 0.27s
2023.12.08 16:01:24 WARN  no build target for: /Users/maxon462/Desktop/Paradygmaty/lab4/Scala/helloscala/src/main/scala/hello.worksheet.sc
2023.12.08 16:01:24 INFO  time: evaluated worksheet 'hello.worksheet.sc' in 0.27s
2023.12.08 16:01:29 WARN  no build target for: /Users/maxon462/Desktop/Paradygmaty/lab4/Scala/helloscala/src/main/scala/hello.worksheet.sc
[31merror[39m: Scala/helloscala/src/main/scala/hello.worksheet.sc:107:5: Procedure syntax is not supported. Convert procedure `remove1` to method by adding `: Unit =`.
def remove1
    ^^^^^^^
2023.12.08 16:01:29 INFO  time: evaluated worksheet 'hello.worksheet.sc' in 72ms
2023.12.08 16:01:37 WARN  no build target for: /Users/maxon462/Desktop/Paradygmaty/lab4/Scala/helloscala/src/main/scala/hello.worksheet.sc
[31merror[39m: Scala/helloscala/src/main/scala/hello.worksheet.sc:107:28: identifier expected but ) found
def remove1 (disk : Disk , )
                           ^
2023.12.08 16:01:37 INFO  time: evaluated worksheet 'hello.worksheet.sc' in 88ms
2023.12.08 16:01:44 WARN  no build target for: /Users/maxon462/Desktop/Paradygmaty/lab4/Scala/helloscala/src/main/scala/hello.worksheet.sc
[31merror[39m: Scala/helloscala/src/main/scala/hello.worksheet.sc:107:5: Procedure syntax is not supported. Convert procedure `remove1` to method by adding `: Unit =`.
def remove1 (disk : Disk , list : List)
    ^^^^^^^
2023.12.08 16:01:44 INFO  time: evaluated worksheet 'hello.worksheet.sc' in 75ms
2023.12.08 16:01:48 WARN  no build target for: /Users/maxon462/Desktop/Paradygmaty/lab4/Scala/helloscala/src/main/scala/hello.worksheet.sc
[31merror[39m: Scala/helloscala/src/main/scala/hello.worksheet.sc:107:5: Procedure syntax is not supported. Convert procedure `remove1` to method by adding `: Unit =`.
def remove1 (disk : Disk , list : List[String])
    ^^^^^^^
2023.12.08 16:01:48 INFO  time: evaluated worksheet 'hello.worksheet.sc' in 70ms
2023.12.08 16:01:53 WARN  no build target for: /Users/maxon462/Desktop/Paradygmaty/lab4/Scala/helloscala/src/main/scala/hello.worksheet.sc
[31merror[39m: Scala/helloscala/src/main/scala/hello.worksheet.sc:107:51: identifier expected but end of file found
def remove1 (disk : Disk , list : List[String]) : 
                                                  ^
2023.12.08 16:01:53 INFO  time: evaluated worksheet 'hello.worksheet.sc' in 68ms
2023.12.08 16:02:01 WARN  no build target for: /Users/maxon462/Desktop/Paradygmaty/lab4/Scala/helloscala/src/main/scala/hello.worksheet.sc
[31merror[39m: Scala/helloscala/src/main/scala/hello.worksheet.sc:107:58: 
Not found: type Bp
def remove1 (disk : Disk , list : List[String]) : (Disk, Bp)
                                                         ^^
[31merror[39m: Scala/helloscala/src/main/scala/hello.worksheet.sc:107:5: 
Declaration of method remove1 not allowed here: only classes can have declared but undefined members
def remove1 (disk : Disk , list : List[String]) : (Disk, Bp)
    ^
2023.12.08 16:02:02 INFO  time: evaluated worksheet 'hello.worksheet.sc' in 0.19s
2023.12.08 16:02:08 WARN  no build target for: /Users/maxon462/Desktop/Paradygmaty/lab4/Scala/helloscala/src/main/scala/hello.worksheet.sc
[31merror[39m: Scala/helloscala/src/main/scala/hello.worksheet.sc:66:1: = expected but \n\n found

^
2023.12.08 16:02:08 INFO  time: evaluated worksheet 'hello.worksheet.sc' in 88ms
2023.12.08 16:02:11 WARN  no build target for: /Users/maxon462/Desktop/Paradygmaty/lab4/Scala/helloscala/src/main/scala/hello.worksheet.sc
[31merror[39m: Scala/helloscala/src/main/scala/hello.worksheet.sc:107:58: 
Not found: type Bp
def remove1 (disk : Disk , list : List[String]) : (Disk, Bp)
                                                         ^^
[31merror[39m: Scala/helloscala/src/main/scala/hello.worksheet.sc:107:5: 
Declaration of method remove1 not allowed here: only classes can have declared but undefined members
def remove1 (disk : Disk , list : List[String]) : (Disk, Bp)
    ^
2023.12.08 16:02:11 INFO  time: evaluated worksheet 'hello.worksheet.sc' in 0.17s
2023.12.08 16:02:22 WARN  no build target for: /Users/maxon462/Desktop/Paradygmaty/lab4/Scala/helloscala/src/main/scala/hello.worksheet.sc
[31merror[39m: Scala/helloscala/src/main/scala/hello.worksheet.sc:107:5: 
Declaration of method remove1 not allowed here: only classes can have declared but undefined members
def remove1 (disk : Disk , list : List[String]) : (Disk, Boolean)
    ^
2023.12.08 16:02:22 INFO  time: evaluated worksheet 'hello.worksheet.sc' in 0.17s
2023.12.08 16:02:24 WARN  no build target for: /Users/maxon462/Desktop/Paradygmaty/lab4/Scala/helloscala/src/main/scala/hello.worksheet.sc
[31merror[39m: Scala/helloscala/src/main/scala/hello.worksheet.sc:107:69: illegal start of simple expression
def remove1 (disk : Disk , list : List[String]) : (Disk, Boolean) = 
                                                                    ^
2023.12.08 16:02:24 INFO  time: evaluated worksheet 'hello.worksheet.sc' in 60ms
2023.12.08 16:02:26 WARN  no build target for: /Users/maxon462/Desktop/Paradygmaty/lab4/Scala/helloscala/src/main/scala/hello.worksheet.sc
[31merror[39m: Scala/helloscala/src/main/scala/hello.worksheet.sc:107:69: 
Found:    Unit
Required: (MdocApp.this.Disk, Boolean)
def remove1 (disk : Disk , list : List[String]) : (Disk, Boolean) = {
                                                                    ^
2023.12.08 16:02:26 INFO  time: evaluated worksheet 'hello.worksheet.sc' in 0.23s
2023.12.08 16:04:12 WARN  no build target for: /Users/maxon462/Desktop/Paradygmaty/lab4/Scala/helloscala/src/main/scala/hello.worksheet.sc
[31merror[39m: Scala/helloscala/src/main/scala/hello.worksheet.sc:107:69: 
Found:    Unit
Required: (MdocApp.this.Disk, Boolean)
def remove1 (disk : Disk , list : List[String]) : (Disk, Boolean) = {
                                                                    ^
2023.12.08 16:04:12 INFO  time: evaluated worksheet 'hello.worksheet.sc' in 0.21s
2023.12.08 16:04:13 WARN  no build target for: /Users/maxon462/Desktop/Paradygmaty/lab4/Scala/helloscala/src/main/scala/hello.worksheet.sc
[31merror[39m: Scala/helloscala/src/main/scala/hello.worksheet.sc:109:1: identifier expected but } found
}
^
2023.12.08 16:04:13 INFO  time: evaluated worksheet 'hello.worksheet.sc' in 75ms
2023.12.08 16:04:15 WARN  no build target for: /Users/maxon462/Desktop/Paradygmaty/lab4/Scala/helloscala/src/main/scala/hello.worksheet.sc
[31merror[39m: Scala/helloscala/src/main/scala/hello.worksheet.sc:112:1: identifier expected but } found
}
^
2023.12.08 16:04:15 INFO  time: evaluated worksheet 'hello.worksheet.sc' in 78ms
2023.12.08 16:09:15 WARN  no build target for: /Users/maxon462/Desktop/Paradygmaty/lab4/Scala/helloscala/src/main/scala/hello.worksheet.sc
[31merror[39m: Scala/helloscala/src/main/scala/hello.worksheet.sc:100:1: identifier expected but } found
}
^
2023.12.08 16:09:15 INFO  time: evaluated worksheet 'hello.worksheet.sc' in 75ms
2023.12.08 16:14:20 WARN  no build target for: /Users/maxon462/Desktop/Paradygmaty/lab4/Scala/helloscala/src/main/scala/hello.worksheet.sc
[31merror[39m: Scala/helloscala/src/main/scala/hello.worksheet.sc:112:1: identifier expected but } found
}
^
2023.12.08 16:14:20 INFO  time: evaluated worksheet 'hello.worksheet.sc' in 69ms
2023.12.08 16:15:27 WARN  no build target for: /Users/maxon462/Desktop/Paradygmaty/lab4/Scala/helloscala/src/main/scala/hello.worksheet.sc
[31merror[39m: Scala/helloscala/src/main/scala/hello.worksheet.sc:100:1: identifier expected but } found
}
^
2023.12.08 16:15:27 INFO  time: evaluated worksheet 'hello.worksheet.sc' in 67ms
2023.12.08 16:17:46 WARN  no build target for: /Users/maxon462/Desktop/Paradygmaty/lab4/Scala/helloscala/src/main/scala/hello.worksheet.sc
[31merror[39m: Scala/helloscala/src/main/scala/hello.worksheet.sc:112:1: identifier expected but } found
}
^
2023.12.08 16:17:46 INFO  time: evaluated worksheet 'hello.worksheet.sc' in 69ms
2023.12.08 16:20:52 WARN  no build target for: /Users/maxon462/Desktop/Paradygmaty/lab4/Scala/helloscala/src/main/scala/hello.worksheet.sc
[31merror[39m: Scala/helloscala/src/main/scala/hello.worksheet.sc:99:1: identifier expected but } found
}
^
2023.12.08 16:20:53 INFO  time: evaluated worksheet 'hello.worksheet.sc' in 70ms
2023.12.08 16:21:38 WARN  no build target for: /Users/maxon462/Desktop/Paradygmaty/lab4/Scala/helloscala/src/main/scala/hello.worksheet.sc
[31merror[39m: Scala/helloscala/src/main/scala/hello.worksheet.sc:55:34: illegal start of simple pattern
          case File(fileName) |  => fileName != name
                                 ^^
2023.12.08 16:21:38 INFO  time: evaluated worksheet 'hello.worksheet.sc' in 72ms
2023.12.08 16:21:40 WARN  no build target for: /Users/maxon462/Desktop/Paradygmaty/lab4/Scala/helloscala/src/main/scala/hello.worksheet.sc
[31merror[39m: Scala/helloscala/src/main/scala/hello.worksheet.sc:99:1: identifier expected but } found
}
^
2023.12.08 16:21:40 INFO  time: evaluated worksheet 'hello.worksheet.sc' in 64ms
2023.12.08 16:21:41 WARN  no build target for: /Users/maxon462/Desktop/Paradygmaty/lab4/Scala/helloscala/src/main/scala/hello.worksheet.sc
[31merror[39m: Scala/helloscala/src/main/scala/hello.worksheet.sc:99:1: identifier expected but } found
}
^
2023.12.08 16:21:41 INFO  time: evaluated worksheet 'hello.worksheet.sc' in 73ms
2023.12.08 16:21:44 WARN  no build target for: /Users/maxon462/Desktop/Paradygmaty/lab4/Scala/helloscala/src/main/scala/hello.worksheet.sc
[31merror[39m: Scala/helloscala/src/main/scala/hello.worksheet.sc:99:1: identifier expected but } found
}
^
2023.12.08 16:21:44 INFO  time: evaluated worksheet 'hello.worksheet.sc' in 67ms
2023.12.08 16:21:47 WARN  no build target for: /Users/maxon462/Desktop/Paradygmaty/lab4/Scala/helloscala/src/main/scala/hello.worksheet.sc
[31merror[39m: Scala/helloscala/src/main/scala/hello.worksheet.sc:99:1: identifier expected but } found
}
^
2023.12.08 16:21:47 INFO  time: evaluated worksheet 'hello.worksheet.sc' in 72ms
2023.12.08 16:23:05 WARN  no build target for: /Users/maxon462/Desktop/Paradygmaty/lab4/Scala/helloscala/src/main/scala/hello.worksheet.sc
[31merror[39m: Scala/helloscala/src/main/scala/hello.worksheet.sc:99:1: identifier expected but } found
}
^
2023.12.08 16:23:05 INFO  time: evaluated worksheet 'hello.worksheet.sc' in 63ms
2023.12.08 16:23:24 WARN  no build target for: /Users/maxon462/Desktop/Paradygmaty/lab4/Scala/helloscala/src/main/scala/hello.worksheet.sc
[31merror[39m: Scala/helloscala/src/main/scala/hello.worksheet.sc:99:1: identifier expected but } found
}
^
2023.12.08 16:23:24 INFO  time: evaluated worksheet 'hello.worksheet.sc' in 62ms
2023.12.08 16:23:26 WARN  no build target for: /Users/maxon462/Desktop/Paradygmaty/lab4/Scala/helloscala/src/main/scala/hello.worksheet.sc
[31merror[39m: Scala/helloscala/src/main/scala/hello.worksheet.sc:99:1: identifier expected but } found
}
^
2023.12.08 16:23:26 INFO  time: evaluated worksheet 'hello.worksheet.sc' in 61ms
2023.12.08 16:23:29 WARN  no build target for: /Users/maxon462/Desktop/Paradygmaty/lab4/Scala/helloscala/src/main/scala/hello.worksheet.sc
[31merror[39m: Scala/helloscala/src/main/scala/hello.worksheet.sc:99:1: identifier expected but } found
}
^
2023.12.08 16:23:29 INFO  time: evaluated worksheet 'hello.worksheet.sc' in 58ms
Dec 08, 2023 4:23:51 PM org.eclipse.lsp4j.jsonrpc.RemoteEndpoint handleCancellation
WARNING: Unmatched cancel notification for request id 3971
2023.12.08 16:23:53 WARN  no build target for: /Users/maxon462/Desktop/Paradygmaty/lab4/Scala/helloscala/src/main/scala/hello.worksheet.sc
[31merror[39m: Scala/helloscala/src/main/scala/hello.worksheet.sc:112:1: identifier expected but } found
}
^
2023.12.08 16:23:53 INFO  time: evaluated worksheet 'hello.worksheet.sc' in 71ms
2023.12.08 16:23:59 WARN  no build target for: /Users/maxon462/Desktop/Paradygmaty/lab4/Scala/helloscala/src/main/scala/hello.worksheet.sc
[31merror[39m: Scala/helloscala/src/main/scala/hello.worksheet.sc:112:1: identifier expected but } found
}
^
2023.12.08 16:23:59 INFO  time: evaluated worksheet 'hello.worksheet.sc' in 63ms
2023.12.08 16:24:01 WARN  no build target for: /Users/maxon462/Desktop/Paradygmaty/lab4/Scala/helloscala/src/main/scala/hello.worksheet.sc
[31merror[39m: Scala/helloscala/src/main/scala/hello.worksheet.sc:112:1: identifier expected but } found
}
^
2023.12.08 16:24:01 INFO  time: evaluated worksheet 'hello.worksheet.sc' in 64ms
2023.12.08 16:24:06 WARN  no build target for: /Users/maxon462/Desktop/Paradygmaty/lab4/Scala/helloscala/src/main/scala/hello.worksheet.sc
[31merror[39m: Scala/helloscala/src/main/scala/hello.worksheet.sc:55:21: 
Illegal variable fileName in pattern alternative
          case File(fileName) | Folder(filename) => fileName != name
                    ^^^^^^^^
[31merror[39m: Scala/helloscala/src/main/scala/hello.worksheet.sc:55:33: 
Wrong number of argument patterns for Folder; expected: (String, List[MdocApp.this.Resource])
          case File(fileName) | Folder(filename) => fileName != name
                                ^^^^^^^^^^^^^^^^
2023.12.08 16:24:07 INFO  time: evaluated worksheet 'hello.worksheet.sc' in 0.17s
2023.12.08 16:24:13 WARN  no build target for: /Users/maxon462/Desktop/Paradygmaty/lab4/Scala/helloscala/src/main/scala/hello.worksheet.sc
2023.12.08 16:24:13 INFO  time: evaluated worksheet 'hello.worksheet.sc' in 0.25s
2023.12.08 16:24:15 WARN  no build target for: /Users/maxon462/Desktop/Paradygmaty/lab4/Scala/helloscala/src/main/scala/hello.worksheet.sc
2023.12.08 16:24:16 INFO  time: evaluated worksheet 'hello.worksheet.sc' in 0.25s
2023.12.08 16:24:20 WARN  no build target for: /Users/maxon462/Desktop/Paradygmaty/lab4/Scala/helloscala/src/main/scala/hello.worksheet.sc
[31merror[39m: Scala/helloscala/src/main/scala/hello.worksheet.sc:56:38: 
Found:    Unit
Required: Boolean
          case Folder(name, content) => 
                                     ^^
2023.12.08 16:24:20 INFO  time: evaluated worksheet 'hello.worksheet.sc' in 0.16s
2023.12.08 16:24:29 WARN  no build target for: /Users/maxon462/Desktop/Paradygmaty/lab4/Scala/helloscala/src/main/scala/hello.worksheet.sc
[31merror[39m: Scala/helloscala/src/main/scala/hello.worksheet.sc:56:44: 
Found:    Unit
Required: Boolean
          case Folder(foldername, content) => 
                                           ^^
2023.12.08 16:24:29 INFO  time: evaluated worksheet 'hello.worksheet.sc' in 0.21s
2023.12.08 16:24:33 WARN  no build target for: /Users/maxon462/Desktop/Paradygmaty/lab4/Scala/helloscala/src/main/scala/hello.worksheet.sc
[31merror[39m: Scala/helloscala/src/main/scala/hello.worksheet.sc:56:38: 
Found:    Unit
Required: Boolean
          case Folder(foldername, _) => 
                                     ^^
2023.12.08 16:24:33 INFO  time: evaluated worksheet 'hello.worksheet.sc' in 0.15s
2023.12.08 16:24:34 WARN  no build target for: /Users/maxon462/Desktop/Paradygmaty/lab4/Scala/helloscala/src/main/scala/hello.worksheet.sc
[31merror[39m: Scala/helloscala/src/main/scala/hello.worksheet.sc:56:38: 
Found:    Unit
Required: Boolean
          case Folder(foldername, _) =>  
                                     ^^
2023.12.08 16:24:34 INFO  time: evaluated worksheet 'hello.worksheet.sc' in 0.19s
2023.12.08 16:24:45 WARN  no build target for: /Users/maxon462/Desktop/Paradygmaty/lab4/Scala/helloscala/src/main/scala/hello.worksheet.sc
[31merror[39m: Scala/helloscala/src/main/scala/hello.worksheet.sc:56:38: 
Found:    Unit
Required: Boolean
          case Folder(foldername, _) =>  
                                     ^^
[31merror[39m: Scala/helloscala/src/main/scala/hello.worksheet.sc:60:25: 
Found:    Unit
Required: (MdocApp.this.Folder, Boolean)
      case name :: rest =>
                        ^^
2023.12.08 16:24:45 INFO  time: evaluated worksheet 'hello.worksheet.sc' in 0.14s
2023.12.08 16:25:01 WARN  no build target for: /Users/maxon462/Desktop/Paradygmaty/lab4/Scala/helloscala/src/main/scala/hello.worksheet.sc
[31merror[39m: Scala/helloscala/src/main/scala/hello.worksheet.sc:56:38: 
Found:    Unit
Required: Boolean
          case Folder(foldername, _) =>  
                                     ^^
[31merror[39m: Scala/helloscala/src/main/scala/hello.worksheet.sc:58:10: 
Found:    Unit
Required: (MdocApp.this.Folder, Boolean)
        }
         ^
[31merror[39m: Scala/helloscala/src/main/scala/hello.worksheet.sc:60:25: 
Found:    Unit
Required: (MdocApp.this.Folder, Boolean)
      case name :: rest =>
                        ^^
2023.12.08 16:25:01 INFO  time: evaluated worksheet 'hello.worksheet.sc' in 0.15s
2023.12.08 16:25:11 WARN  no build target for: /Users/maxon462/Desktop/Paradygmaty/lab4/Scala/helloscala/src/main/scala/hello.worksheet.sc
[31merror[39m: Scala/helloscala/src/main/scala/hello.worksheet.sc:56:42: 
Not found: folder
          case Folder(foldername, _) =>  folder
                                         ^^^^^^
[31merror[39m: Scala/helloscala/src/main/scala/hello.worksheet.sc:58:10: 
Found:    Unit
Required: (MdocApp.this.Folder, Boolean)
        }
         ^
[31merror[39m: Scala/helloscala/src/main/scala/hello.worksheet.sc:60:25: 
Found:    Unit
Required: (MdocApp.this.Folder, Boolean)
      case name :: rest =>
                        ^^
2023.12.08 16:25:11 INFO  time: evaluated worksheet 'hello.worksheet.sc' in 0.14s
2023.12.08 16:25:15 WARN  no build target for: /Users/maxon462/Desktop/Paradygmaty/lab4/Scala/helloscala/src/main/scala/hello.worksheet.sc
[31merror[39m: Scala/helloscala/src/main/scala/hello.worksheet.sc:58:10: 
Found:    Unit
Required: (MdocApp.this.Folder, Boolean)
        }
         ^
[31merror[39m: Scala/helloscala/src/main/scala/hello.worksheet.sc:60:25: 
Found:    Unit
Required: (MdocApp.this.Folder, Boolean)
      case name :: rest =>
                        ^^
2023.12.08 16:25:16 INFO  time: evaluated worksheet 'hello.worksheet.sc' in 0.14s
2023.12.08 16:25:16 WARN  no build target for: /Users/maxon462/Desktop/Paradygmaty/lab4/Scala/helloscala/src/main/scala/hello.worksheet.sc
[31merror[39m: Scala/helloscala/src/main/scala/hello.worksheet.sc:58:10: 
Found:    Unit
Required: (MdocApp.this.Folder, Boolean)
        }
         ^
[31merror[39m: Scala/helloscala/src/main/scala/hello.worksheet.sc:60:25: 
Found:    Unit
Required: (MdocApp.this.Folder, Boolean)
      case name :: rest =>
                        ^^
2023.12.08 16:25:17 INFO  time: evaluated worksheet 'hello.worksheet.sc' in 0.17s
2023.12.08 16:27:12 WARN  no build target for: /Users/maxon462/Desktop/Paradygmaty/lab4/Scala/helloscala/src/main/scala/hello.worksheet.sc
[31merror[39m: Scala/helloscala/src/main/scala/hello.worksheet.sc:56:38: 
Found:    Unit
Required: Boolean
          case Folder(foldername, _) => 
                                     ^^
2023.12.08 16:27:12 INFO  time: evaluated worksheet 'hello.worksheet.sc' in 0.18s
2023.12.08 16:27:27 WARN  no build target for: /Users/maxon462/Desktop/Paradygmaty/lab4/Scala/helloscala/src/main/scala/hello.worksheet.sc
[31merror[39m: Scala/helloscala/src/main/scala/hello.worksheet.sc:56:38: 
Found:    Unit
Required: Boolean
          case Folder(name, content) => 
                                     ^^
2023.12.08 16:27:27 INFO  time: evaluated worksheet 'hello.worksheet.sc' in 0.18s
2023.12.08 16:27:43 WARN  no build target for: /Users/maxon462/Desktop/Paradygmaty/lab4/Scala/helloscala/src/main/scala/hello.worksheet.sc
[31merror[39m: Scala/helloscala/src/main/scala/hello.worksheet.sc:56:44: 
Found:    Unit
Required: Boolean
          case Folder(foldername, content) => 
                                           ^^
2023.12.08 16:27:43 INFO  time: evaluated worksheet 'hello.worksheet.sc' in 0.17s
2023.12.08 16:27:48 WARN  no build target for: /Users/maxon462/Desktop/Paradygmaty/lab4/Scala/helloscala/src/main/scala/hello.worksheet.sc
[31merror[39m: Scala/helloscala/src/main/scala/hello.worksheet.sc:56:47: 
Not found: folder
          case Folder(foldername, content) => folder
                                              ^^^^^^
2023.12.08 16:27:48 INFO  time: evaluated worksheet 'hello.worksheet.sc' in 0.15s
2023.12.08 16:27:52 WARN  no build target for: /Users/maxon462/Desktop/Paradygmaty/lab4/Scala/helloscala/src/main/scala/hello.worksheet.sc
[33mwarning[39m: Scala/helloscala/src/main/scala/hello.worksheet.sc:57:16: 
Unreachable case
          case _: Folder => true
               ^^^^^^^^^
2023.12.08 16:27:52 INFO  time: evaluated worksheet 'hello.worksheet.sc' in 0.26s
2023.12.08 16:27:54 WARN  no build target for: /Users/maxon462/Desktop/Paradygmaty/lab4/Scala/helloscala/src/main/scala/hello.worksheet.sc
2023.12.08 16:27:55 INFO  time: evaluated worksheet 'hello.worksheet.sc' in 0.22s
2023.12.08 16:27:58 WARN  no build target for: /Users/maxon462/Desktop/Paradygmaty/lab4/Scala/helloscala/src/main/scala/hello.worksheet.sc
2023.12.08 16:27:58 INFO  time: evaluated worksheet 'hello.worksheet.sc' in 0.27s
2023.12.08 16:28:14 WARN  no build target for: /Users/maxon462/Desktop/Paradygmaty/lab4/Scala/helloscala/src/main/scala/hello.worksheet.sc
[33mwarning[39m: Scala/helloscala/src/main/scala/hello.worksheet.sc:50:5: 
match may not be exhaustive.

It would fail on pattern case: List(_, _, _*)

    currentPath match {
    ^^^^^^^^^^^
2023.12.08 16:28:15 INFO  time: evaluated worksheet 'hello.worksheet.sc' in 0.24s
2023.12.08 16:29:19 WARN  no build target for: /Users/maxon462/Desktop/Paradygmaty/lab4/Scala/helloscala/src/main/scala/hello.worksheet.sc
2023.12.08 16:29:19 INFO  time: evaluated worksheet 'hello.worksheet.sc' in 0.23s
Dec 08, 2023 4:29:47 PM org.eclipse.lsp4j.jsonrpc.RemoteEndpoint handleCancellation
WARNING: Unmatched cancel notification for request id 4368
2023.12.08 16:30:44 WARN  no build target for: /Users/maxon462/Desktop/Paradygmaty/lab4/Scala/helloscala/src/main/scala/hello.worksheet.sc
2023.12.08 16:30:44 INFO  time: evaluated worksheet 'hello.worksheet.sc' in 0.29s
2023.12.08 16:30:50 ERROR Failed to tokenize input for semantic tokens for /Users/maxon462/Desktop/Paradygmaty/lab4/Scala/helloscala/src/main/scala/hello.worksheet.sc
scala.meta.tokenizers.TokenizeException: <input>:100: error: unclosed string literal
  val (newDisk, removed) = remove(disk, List("folder1", "fie))
                                                        ^
	at scala.meta.internal.tokenizers.Reporter.syntaxError(Reporter.scala:23)
	at scala.meta.internal.tokenizers.Reporter.syntaxError$(Reporter.scala:23)
	at scala.meta.internal.tokenizers.Reporter$$anon$1.syntaxError(Reporter.scala:33)
	at scala.meta.internal.tokenizers.Reporter.syntaxError(Reporter.scala:25)
	at scala.meta.internal.tokenizers.Reporter.syntaxError$(Reporter.scala:25)
	at scala.meta.internal.tokenizers.Reporter$$anon$1.syntaxError(Reporter.scala:33)
	at scala.meta.internal.tokenizers.LegacyScanner.getStringLit(LegacyScanner.scala:553)
	at scala.meta.internal.tokenizers.LegacyScanner.fetchDoubleQuote$1(LegacyScanner.scala:372)
	at scala.meta.internal.tokenizers.LegacyScanner.fetchToken(LegacyScanner.scala:376)
	at scala.meta.internal.tokenizers.LegacyScanner.nextToken(LegacyScanner.scala:211)
	at scala.meta.internal.tokenizers.LegacyScanner.foreach(LegacyScanner.scala:1011)
	at scala.meta.internal.tokenizers.ScalametaTokenizer.uncachedTokenize(ScalametaTokenizer.scala:24)
	at scala.meta.internal.tokenizers.ScalametaTokenizer.$anonfun$tokenize$1(ScalametaTokenizer.scala:17)
	at scala.collection.concurrent.TrieMap.getOrElseUpdate(TrieMap.scala:962)
	at scala.meta.internal.tokenizers.ScalametaTokenizer.tokenize(ScalametaTokenizer.scala:17)
	at scala.meta.internal.tokenizers.ScalametaTokenizer$$anon$2.apply(ScalametaTokenizer.scala:332)
	at scala.meta.tokenizers.Api$XtensionTokenizeDialectInput.tokenize(Api.scala:25)
	at scala.meta.tokenizers.Api$XtensionTokenizeInputLike.tokenize(Api.scala:14)
	at scala.meta.internal.metals.SemanticTokensProvider$.getTokens(SemanticTokensProvider.scala:28)
	at scala.meta.internal.metals.SemanticTokensProvider$.provide(SemanticTokensProvider.scala:89)
	at scala.meta.internal.metals.Compilers.$anonfun$semanticTokens$3(Compilers.scala:539)
	at scala.concurrent.impl.Promise$Transformation.run(Promise.scala:467)
	at java.util.concurrent.ThreadPoolExecutor.runWorker(ThreadPoolExecutor.java:1136)
	at java.util.concurrent.ThreadPoolExecutor$Worker.run(ThreadPoolExecutor.java:635)
	at java.lang.Thread.run(Thread.java:833)

2023.12.08 16:30:51 ERROR Failed to tokenize input for semantic tokens for /Users/maxon462/Desktop/Paradygmaty/lab4/Scala/helloscala/src/main/scala/hello.worksheet.sc
scala.meta.tokenizers.TokenizeException: <input>:100: error: unclosed string literal
  val (newDisk, removed) = remove(disk, List("folder1", "fi))
                                                        ^
	at scala.meta.internal.tokenizers.Reporter.syntaxError(Reporter.scala:23)
	at scala.meta.internal.tokenizers.Reporter.syntaxError$(Reporter.scala:23)
	at scala.meta.internal.tokenizers.Reporter$$anon$1.syntaxError(Reporter.scala:33)
	at scala.meta.internal.tokenizers.Reporter.syntaxError(Reporter.scala:25)
	at scala.meta.internal.tokenizers.Reporter.syntaxError$(Reporter.scala:25)
	at scala.meta.internal.tokenizers.Reporter$$anon$1.syntaxError(Reporter.scala:33)
	at scala.meta.internal.tokenizers.LegacyScanner.getStringLit(LegacyScanner.scala:553)
	at scala.meta.internal.tokenizers.LegacyScanner.fetchDoubleQuote$1(LegacyScanner.scala:372)
	at scala.meta.internal.tokenizers.LegacyScanner.fetchToken(LegacyScanner.scala:376)
	at scala.meta.internal.tokenizers.LegacyScanner.nextToken(LegacyScanner.scala:211)
	at scala.meta.internal.tokenizers.LegacyScanner.foreach(LegacyScanner.scala:1011)
	at scala.meta.internal.tokenizers.ScalametaTokenizer.uncachedTokenize(ScalametaTokenizer.scala:24)
	at scala.meta.internal.tokenizers.ScalametaTokenizer.$anonfun$tokenize$1(ScalametaTokenizer.scala:17)
	at scala.collection.concurrent.TrieMap.getOrElseUpdate(TrieMap.scala:962)
	at scala.meta.internal.tokenizers.ScalametaTokenizer.tokenize(ScalametaTokenizer.scala:17)
	at scala.meta.internal.tokenizers.ScalametaTokenizer$$anon$2.apply(ScalametaTokenizer.scala:332)
	at scala.meta.tokenizers.Api$XtensionTokenizeDialectInput.tokenize(Api.scala:25)
	at scala.meta.tokenizers.Api$XtensionTokenizeInputLike.tokenize(Api.scala:14)
	at scala.meta.internal.metals.SemanticTokensProvider$.getTokens(SemanticTokensProvider.scala:28)
	at scala.meta.internal.metals.SemanticTokensProvider$.provide(SemanticTokensProvider.scala:89)
	at scala.meta.internal.metals.Compilers.$anonfun$semanticTokens$3(Compilers.scala:539)
	at scala.concurrent.impl.Promise$Transformation.run(Promise.scala:467)
	at java.util.concurrent.ThreadPoolExecutor.runWorker(ThreadPoolExecutor.java:1136)
	at java.util.concurrent.ThreadPoolExecutor$Worker.run(ThreadPoolExecutor.java:635)
	at java.lang.Thread.run(Thread.java:833)

2023.12.08 16:30:51 WARN  no build target for: /Users/maxon462/Desktop/Paradygmaty/lab4/Scala/helloscala/src/main/scala/hello.worksheet.sc
[31merror[39m: Scala/helloscala/src/main/scala/hello.worksheet.sc:99:55: unclosed string literal
val (newDisk, removed) = remove(disk, List("folder1", "fi))
                                                      ^
2023.12.08 16:30:51 INFO  time: evaluated worksheet 'hello.worksheet.sc' in 64ms
2023.12.08 16:30:51 ERROR Failed to tokenize input for semantic tokens for /Users/maxon462/Desktop/Paradygmaty/lab4/Scala/helloscala/src/main/scala/hello.worksheet.sc
scala.meta.tokenizers.TokenizeException: <input>:100: error: unclosed string literal
  val (newDisk, removed) = remove(disk, List("folder1", "fi))
                                                        ^
	at scala.meta.internal.tokenizers.Reporter.syntaxError(Reporter.scala:23)
	at scala.meta.internal.tokenizers.Reporter.syntaxError$(Reporter.scala:23)
	at scala.meta.internal.tokenizers.Reporter$$anon$1.syntaxError(Reporter.scala:33)
	at scala.meta.internal.tokenizers.Reporter.syntaxError(Reporter.scala:25)
	at scala.meta.internal.tokenizers.Reporter.syntaxError$(Reporter.scala:25)
	at scala.meta.internal.tokenizers.Reporter$$anon$1.syntaxError(Reporter.scala:33)
	at scala.meta.internal.tokenizers.LegacyScanner.getStringLit(LegacyScanner.scala:553)
	at scala.meta.internal.tokenizers.LegacyScanner.fetchDoubleQuote$1(LegacyScanner.scala:372)
	at scala.meta.internal.tokenizers.LegacyScanner.fetchToken(LegacyScanner.scala:376)
	at scala.meta.internal.tokenizers.LegacyScanner.nextToken(LegacyScanner.scala:211)
	at scala.meta.internal.tokenizers.LegacyScanner.foreach(LegacyScanner.scala:1011)
	at scala.meta.internal.tokenizers.ScalametaTokenizer.uncachedTokenize(ScalametaTokenizer.scala:24)
	at scala.meta.internal.tokenizers.ScalametaTokenizer.$anonfun$tokenize$1(ScalametaTokenizer.scala:17)
	at scala.collection.concurrent.TrieMap.getOrElseUpdate(TrieMap.scala:962)
	at scala.meta.internal.tokenizers.ScalametaTokenizer.tokenize(ScalametaTokenizer.scala:17)
	at scala.meta.internal.tokenizers.ScalametaTokenizer$$anon$2.apply(ScalametaTokenizer.scala:332)
	at scala.meta.tokenizers.Api$XtensionTokenizeDialectInput.tokenize(Api.scala:25)
	at scala.meta.tokenizers.Api$XtensionTokenizeInputLike.tokenize(Api.scala:14)
	at scala.meta.internal.metals.SemanticTokensProvider$.getTokens(SemanticTokensProvider.scala:28)
	at scala.meta.internal.metals.SemanticTokensProvider$.provide(SemanticTokensProvider.scala:89)
	at scala.meta.internal.metals.Compilers.$anonfun$semanticTokens$3(Compilers.scala:539)
	at scala.concurrent.impl.Promise$Transformation.run(Promise.scala:467)
	at java.util.concurrent.ThreadPoolExecutor.runWorker(ThreadPoolExecutor.java:1136)
	at java.util.concurrent.ThreadPoolExecutor$Worker.run(ThreadPoolExecutor.java:635)
	at java.lang.Thread.run(Thread.java:833)

2023.12.08 16:33:33 ERROR Failed to tokenize input for semantic tokens for /Users/maxon462/Desktop/Paradygmaty/lab4/Scala/helloscala/src/main/scala/hello.worksheet.sc
scala.meta.tokenizers.TokenizeException: <input>:100: error: unclosed string literal
  val (newDisk, removed) = remove(disk, List("folder1", "fil3))
                                                        ^
	at scala.meta.internal.tokenizers.Reporter.syntaxError(Reporter.scala:23)
	at scala.meta.internal.tokenizers.Reporter.syntaxError$(Reporter.scala:23)
	at scala.meta.internal.tokenizers.Reporter$$anon$1.syntaxError(Reporter.scala:33)
	at scala.meta.internal.tokenizers.Reporter.syntaxError(Reporter.scala:25)
	at scala.meta.internal.tokenizers.Reporter.syntaxError$(Reporter.scala:25)
	at scala.meta.internal.tokenizers.Reporter$$anon$1.syntaxError(Reporter.scala:33)
	at scala.meta.internal.tokenizers.LegacyScanner.getStringLit(LegacyScanner.scala:553)
	at scala.meta.internal.tokenizers.LegacyScanner.fetchDoubleQuote$1(LegacyScanner.scala:372)
	at scala.meta.internal.tokenizers.LegacyScanner.fetchToken(LegacyScanner.scala:376)
	at scala.meta.internal.tokenizers.LegacyScanner.nextToken(LegacyScanner.scala:211)
	at scala.meta.internal.tokenizers.LegacyScanner.foreach(LegacyScanner.scala:1011)
	at scala.meta.internal.tokenizers.ScalametaTokenizer.uncachedTokenize(ScalametaTokenizer.scala:24)
	at scala.meta.internal.tokenizers.ScalametaTokenizer.$anonfun$tokenize$1(ScalametaTokenizer.scala:17)
	at scala.collection.concurrent.TrieMap.getOrElseUpdate(TrieMap.scala:962)
	at scala.meta.internal.tokenizers.ScalametaTokenizer.tokenize(ScalametaTokenizer.scala:17)
	at scala.meta.internal.tokenizers.ScalametaTokenizer$$anon$2.apply(ScalametaTokenizer.scala:332)
	at scala.meta.tokenizers.Api$XtensionTokenizeDialectInput.tokenize(Api.scala:25)
	at scala.meta.tokenizers.Api$XtensionTokenizeInputLike.tokenize(Api.scala:14)
	at scala.meta.internal.metals.SemanticTokensProvider$.getTokens(SemanticTokensProvider.scala:28)
	at scala.meta.internal.metals.SemanticTokensProvider$.provide(SemanticTokensProvider.scala:89)
	at scala.meta.internal.metals.Compilers.$anonfun$semanticTokens$3(Compilers.scala:539)
	at scala.concurrent.impl.Promise$Transformation.run(Promise.scala:467)
	at java.util.concurrent.ThreadPoolExecutor.runWorker(ThreadPoolExecutor.java:1136)
	at java.util.concurrent.ThreadPoolExecutor$Worker.run(ThreadPoolExecutor.java:635)
	at java.lang.Thread.run(Thread.java:833)

2023.12.08 16:33:34 WARN  no build target for: /Users/maxon462/Desktop/Paradygmaty/lab4/Scala/helloscala/src/main/scala/hello.worksheet.sc
[31merror[39m: Scala/helloscala/src/main/scala/hello.worksheet.sc:99:55: unclosed string literal
val (newDisk, removed) = remove(disk, List("folder1", "fil3))
                                                      ^
2023.12.08 16:33:34 INFO  time: evaluated worksheet 'hello.worksheet.sc' in 0.12s
2023.12.08 16:33:34 ERROR Failed to tokenize input for semantic tokens for /Users/maxon462/Desktop/Paradygmaty/lab4/Scala/helloscala/src/main/scala/hello.worksheet.sc
scala.meta.tokenizers.TokenizeException: <input>:100: error: unclosed string literal
  val (newDisk, removed) = remove(disk, List("folder1", "fil3))
                                                        ^
	at scala.meta.internal.tokenizers.Reporter.syntaxError(Reporter.scala:23)
	at scala.meta.internal.tokenizers.Reporter.syntaxError$(Reporter.scala:23)
	at scala.meta.internal.tokenizers.Reporter$$anon$1.syntaxError(Reporter.scala:33)
	at scala.meta.internal.tokenizers.Reporter.syntaxError(Reporter.scala:25)
	at scala.meta.internal.tokenizers.Reporter.syntaxError$(Reporter.scala:25)
	at scala.meta.internal.tokenizers.Reporter$$anon$1.syntaxError(Reporter.scala:33)
	at scala.meta.internal.tokenizers.LegacyScanner.getStringLit(LegacyScanner.scala:553)
	at scala.meta.internal.tokenizers.LegacyScanner.fetchDoubleQuote$1(LegacyScanner.scala:372)
	at scala.meta.internal.tokenizers.LegacyScanner.fetchToken(LegacyScanner.scala:376)
	at scala.meta.internal.tokenizers.LegacyScanner.nextToken(LegacyScanner.scala:211)
	at scala.meta.internal.tokenizers.LegacyScanner.foreach(LegacyScanner.scala:1011)
	at scala.meta.internal.tokenizers.ScalametaTokenizer.uncachedTokenize(ScalametaTokenizer.scala:24)
	at scala.meta.internal.tokenizers.ScalametaTokenizer.$anonfun$tokenize$1(ScalametaTokenizer.scala:17)
	at scala.collection.concurrent.TrieMap.getOrElseUpdate(TrieMap.scala:962)
	at scala.meta.internal.tokenizers.ScalametaTokenizer.tokenize(ScalametaTokenizer.scala:17)
	at scala.meta.internal.tokenizers.ScalametaTokenizer$$anon$2.apply(ScalametaTokenizer.scala:332)
	at scala.meta.tokenizers.Api$XtensionTokenizeDialectInput.tokenize(Api.scala:25)
	at scala.meta.tokenizers.Api$XtensionTokenizeInputLike.tokenize(Api.scala:14)
	at scala.meta.internal.metals.SemanticTokensProvider$.getTokens(SemanticTokensProvider.scala:28)
	at scala.meta.internal.metals.SemanticTokensProvider$.provide(SemanticTokensProvider.scala:89)
	at scala.meta.internal.metals.Compilers.$anonfun$semanticTokens$3(Compilers.scala:539)
	at scala.concurrent.impl.Promise$Transformation.run(Promise.scala:467)
	at java.util.concurrent.ThreadPoolExecutor.runWorker(ThreadPoolExecutor.java:1136)
	at java.util.concurrent.ThreadPoolExecutor$Worker.run(ThreadPoolExecutor.java:635)
	at java.lang.Thread.run(Thread.java:833)

2023.12.08 16:33:34 ERROR Failed to tokenize input for semantic tokens for /Users/maxon462/Desktop/Paradygmaty/lab4/Scala/helloscala/src/main/scala/hello.worksheet.sc
scala.meta.tokenizers.TokenizeException: <input>:100: error: unclosed string literal
  val (newDisk, removed) = remove(disk, List("folder1", "fil))
                                                        ^
	at scala.meta.internal.tokenizers.Reporter.syntaxError(Reporter.scala:23)
	at scala.meta.internal.tokenizers.Reporter.syntaxError$(Reporter.scala:23)
	at scala.meta.internal.tokenizers.Reporter$$anon$1.syntaxError(Reporter.scala:33)
	at scala.meta.internal.tokenizers.Reporter.syntaxError(Reporter.scala:25)
	at scala.meta.internal.tokenizers.Reporter.syntaxError$(Reporter.scala:25)
	at scala.meta.internal.tokenizers.Reporter$$anon$1.syntaxError(Reporter.scala:33)
	at scala.meta.internal.tokenizers.LegacyScanner.getStringLit(LegacyScanner.scala:553)
	at scala.meta.internal.tokenizers.LegacyScanner.fetchDoubleQuote$1(LegacyScanner.scala:372)
	at scala.meta.internal.tokenizers.LegacyScanner.fetchToken(LegacyScanner.scala:376)
	at scala.meta.internal.tokenizers.LegacyScanner.nextToken(LegacyScanner.scala:211)
	at scala.meta.internal.tokenizers.LegacyScanner.foreach(LegacyScanner.scala:1011)
	at scala.meta.internal.tokenizers.ScalametaTokenizer.uncachedTokenize(ScalametaTokenizer.scala:24)
	at scala.meta.internal.tokenizers.ScalametaTokenizer.$anonfun$tokenize$1(ScalametaTokenizer.scala:17)
	at scala.collection.concurrent.TrieMap.getOrElseUpdate(TrieMap.scala:962)
	at scala.meta.internal.tokenizers.ScalametaTokenizer.tokenize(ScalametaTokenizer.scala:17)
	at scala.meta.internal.tokenizers.ScalametaTokenizer$$anon$2.apply(ScalametaTokenizer.scala:332)
	at scala.meta.tokenizers.Api$XtensionTokenizeDialectInput.tokenize(Api.scala:25)
	at scala.meta.tokenizers.Api$XtensionTokenizeInputLike.tokenize(Api.scala:14)
	at scala.meta.internal.metals.SemanticTokensProvider$.getTokens(SemanticTokensProvider.scala:28)
	at scala.meta.internal.metals.SemanticTokensProvider$.provide(SemanticTokensProvider.scala:89)
	at scala.meta.internal.metals.Compilers.$anonfun$semanticTokens$3(Compilers.scala:539)
	at scala.concurrent.impl.Promise$Transformation.run(Promise.scala:467)
	at java.util.concurrent.ThreadPoolExecutor.runWorker(ThreadPoolExecutor.java:1136)
	at java.util.concurrent.ThreadPoolExecutor$Worker.run(ThreadPoolExecutor.java:635)
	at java.lang.Thread.run(Thread.java:833)

2023.12.08 16:33:35 WARN  no build target for: /Users/maxon462/Desktop/Paradygmaty/lab4/Scala/helloscala/src/main/scala/hello.worksheet.sc
[31merror[39m: Scala/helloscala/src/main/scala/hello.worksheet.sc:99:55: unclosed string literal
val (newDisk, removed) = remove(disk, List("folder1", "fil))
                                                      ^
2023.12.08 16:33:35 INFO  time: evaluated worksheet 'hello.worksheet.sc' in 61ms
2023.12.08 16:33:35 ERROR Failed to tokenize input for semantic tokens for /Users/maxon462/Desktop/Paradygmaty/lab4/Scala/helloscala/src/main/scala/hello.worksheet.sc
scala.meta.tokenizers.TokenizeException: <input>:100: error: unclosed string literal
  val (newDisk, removed) = remove(disk, List("folder1", "fil))
                                                        ^
	at scala.meta.internal.tokenizers.Reporter.syntaxError(Reporter.scala:23)
	at scala.meta.internal.tokenizers.Reporter.syntaxError$(Reporter.scala:23)
	at scala.meta.internal.tokenizers.Reporter$$anon$1.syntaxError(Reporter.scala:33)
	at scala.meta.internal.tokenizers.Reporter.syntaxError(Reporter.scala:25)
	at scala.meta.internal.tokenizers.Reporter.syntaxError$(Reporter.scala:25)
	at scala.meta.internal.tokenizers.Reporter$$anon$1.syntaxError(Reporter.scala:33)
	at scala.meta.internal.tokenizers.LegacyScanner.getStringLit(LegacyScanner.scala:553)
	at scala.meta.internal.tokenizers.LegacyScanner.fetchDoubleQuote$1(LegacyScanner.scala:372)
	at scala.meta.internal.tokenizers.LegacyScanner.fetchToken(LegacyScanner.scala:376)
	at scala.meta.internal.tokenizers.LegacyScanner.nextToken(LegacyScanner.scala:211)
	at scala.meta.internal.tokenizers.LegacyScanner.foreach(LegacyScanner.scala:1011)
	at scala.meta.internal.tokenizers.ScalametaTokenizer.uncachedTokenize(ScalametaTokenizer.scala:24)
	at scala.meta.internal.tokenizers.ScalametaTokenizer.$anonfun$tokenize$1(ScalametaTokenizer.scala:17)
	at scala.collection.concurrent.TrieMap.getOrElseUpdate(TrieMap.scala:962)
	at scala.meta.internal.tokenizers.ScalametaTokenizer.tokenize(ScalametaTokenizer.scala:17)
	at scala.meta.internal.tokenizers.ScalametaTokenizer$$anon$2.apply(ScalametaTokenizer.scala:332)
	at scala.meta.tokenizers.Api$XtensionTokenizeDialectInput.tokenize(Api.scala:25)
	at scala.meta.tokenizers.Api$XtensionTokenizeInputLike.tokenize(Api.scala:14)
	at scala.meta.internal.metals.SemanticTokensProvider$.getTokens(SemanticTokensProvider.scala:28)
	at scala.meta.internal.metals.SemanticTokensProvider$.provide(SemanticTokensProvider.scala:89)
	at scala.meta.internal.metals.Compilers.$anonfun$semanticTokens$3(Compilers.scala:539)
	at scala.concurrent.impl.Promise$Transformation.run(Promise.scala:467)
	at java.util.concurrent.ThreadPoolExecutor.runWorker(ThreadPoolExecutor.java:1136)
	at java.util.concurrent.ThreadPoolExecutor$Worker.run(ThreadPoolExecutor.java:635)
	at java.lang.Thread.run(Thread.java:833)

2023.12.08 16:33:35 ERROR Failed to tokenize input for semantic tokens for /Users/maxon462/Desktop/Paradygmaty/lab4/Scala/helloscala/src/main/scala/hello.worksheet.sc
scala.meta.tokenizers.TokenizeException: <input>:100: error: unclosed string literal
  val (newDisk, removed) = remove(disk, List("folder1", "file2))
                                                        ^
	at scala.meta.internal.tokenizers.Reporter.syntaxError(Reporter.scala:23)
	at scala.meta.internal.tokenizers.Reporter.syntaxError$(Reporter.scala:23)
	at scala.meta.internal.tokenizers.Reporter$$anon$1.syntaxError(Reporter.scala:33)
	at scala.meta.internal.tokenizers.Reporter.syntaxError(Reporter.scala:25)
	at scala.meta.internal.tokenizers.Reporter.syntaxError$(Reporter.scala:25)
	at scala.meta.internal.tokenizers.Reporter$$anon$1.syntaxError(Reporter.scala:33)
	at scala.meta.internal.tokenizers.LegacyScanner.getStringLit(LegacyScanner.scala:553)
	at scala.meta.internal.tokenizers.LegacyScanner.fetchDoubleQuote$1(LegacyScanner.scala:372)
	at scala.meta.internal.tokenizers.LegacyScanner.fetchToken(LegacyScanner.scala:376)
	at scala.meta.internal.tokenizers.LegacyScanner.nextToken(LegacyScanner.scala:211)
	at scala.meta.internal.tokenizers.LegacyScanner.foreach(LegacyScanner.scala:1011)
	at scala.meta.internal.tokenizers.ScalametaTokenizer.uncachedTokenize(ScalametaTokenizer.scala:24)
	at scala.meta.internal.tokenizers.ScalametaTokenizer.$anonfun$tokenize$1(ScalametaTokenizer.scala:17)
	at scala.collection.concurrent.TrieMap.getOrElseUpdate(TrieMap.scala:962)
	at scala.meta.internal.tokenizers.ScalametaTokenizer.tokenize(ScalametaTokenizer.scala:17)
	at scala.meta.internal.tokenizers.ScalametaTokenizer$$anon$2.apply(ScalametaTokenizer.scala:332)
	at scala.meta.tokenizers.Api$XtensionTokenizeDialectInput.tokenize(Api.scala:25)
	at scala.meta.tokenizers.Api$XtensionTokenizeInputLike.tokenize(Api.scala:14)
	at scala.meta.internal.metals.SemanticTokensProvider$.getTokens(SemanticTokensProvider.scala:28)
	at scala.meta.internal.metals.SemanticTokensProvider$.provide(SemanticTokensProvider.scala:89)
	at scala.meta.internal.metals.Compilers.$anonfun$semanticTokens$3(Compilers.scala:539)
	at scala.concurrent.impl.Promise$Transformation.run(Promise.scala:467)
	at java.util.concurrent.ThreadPoolExecutor.runWorker(ThreadPoolExecutor.java:1136)
	at java.util.concurrent.ThreadPoolExecutor$Worker.run(ThreadPoolExecutor.java:635)
	at java.lang.Thread.run(Thread.java:833)

2023.12.08 16:33:36 ERROR Failed to tokenize input for semantic tokens for /Users/maxon462/Desktop/Paradygmaty/lab4/Scala/helloscala/src/main/scala/hello.worksheet.sc
scala.meta.tokenizers.TokenizeException: <input>:100: error: unclosed string literal
  val (newDisk, removed) = remove(disk, List("folder1", "file2.t))
                                                        ^
	at scala.meta.internal.tokenizers.Reporter.syntaxError(Reporter.scala:23)
	at scala.meta.internal.tokenizers.Reporter.syntaxError$(Reporter.scala:23)
	at scala.meta.internal.tokenizers.Reporter$$anon$1.syntaxError(Reporter.scala:33)
	at scala.meta.internal.tokenizers.Reporter.syntaxError(Reporter.scala:25)
	at scala.meta.internal.tokenizers.Reporter.syntaxError$(Reporter.scala:25)
	at scala.meta.internal.tokenizers.Reporter$$anon$1.syntaxError(Reporter.scala:33)
	at scala.meta.internal.tokenizers.LegacyScanner.getStringLit(LegacyScanner.scala:553)
	at scala.meta.internal.tokenizers.LegacyScanner.fetchDoubleQuote$1(LegacyScanner.scala:372)
	at scala.meta.internal.tokenizers.LegacyScanner.fetchToken(LegacyScanner.scala:376)
	at scala.meta.internal.tokenizers.LegacyScanner.nextToken(LegacyScanner.scala:211)
	at scala.meta.internal.tokenizers.LegacyScanner.foreach(LegacyScanner.scala:1011)
	at scala.meta.internal.tokenizers.ScalametaTokenizer.uncachedTokenize(ScalametaTokenizer.scala:24)
	at scala.meta.internal.tokenizers.ScalametaTokenizer.$anonfun$tokenize$1(ScalametaTokenizer.scala:17)
	at scala.collection.concurrent.TrieMap.getOrElseUpdate(TrieMap.scala:962)
	at scala.meta.internal.tokenizers.ScalametaTokenizer.tokenize(ScalametaTokenizer.scala:17)
	at scala.meta.internal.tokenizers.ScalametaTokenizer$$anon$2.apply(ScalametaTokenizer.scala:332)
	at scala.meta.tokenizers.Api$XtensionTokenizeDialectInput.tokenize(Api.scala:25)
	at scala.meta.tokenizers.Api$XtensionTokenizeInputLike.tokenize(Api.scala:14)
	at scala.meta.internal.metals.SemanticTokensProvider$.getTokens(SemanticTokensProvider.scala:28)
	at scala.meta.internal.metals.SemanticTokensProvider$.provide(SemanticTokensProvider.scala:89)
	at scala.meta.internal.metals.Compilers.$anonfun$semanticTokens$3(Compilers.scala:539)
	at scala.concurrent.impl.Promise$Transformation.run(Promise.scala:467)
	at java.util.concurrent.ThreadPoolExecutor.runWorker(ThreadPoolExecutor.java:1136)
	at java.util.concurrent.ThreadPoolExecutor$Worker.run(ThreadPoolExecutor.java:635)
	at java.lang.Thread.run(Thread.java:833)

2023.12.08 16:33:37 ERROR Failed to tokenize input for semantic tokens for /Users/maxon462/Desktop/Paradygmaty/lab4/Scala/helloscala/src/main/scala/hello.worksheet.sc
scala.meta.tokenizers.TokenizeException: <input>:100: error: unclosed string literal
  val (newDisk, removed) = remove(disk, List("folder1", "file2.txt))
                                                        ^
	at scala.meta.internal.tokenizers.Reporter.syntaxError(Reporter.scala:23)
	at scala.meta.internal.tokenizers.Reporter.syntaxError$(Reporter.scala:23)
	at scala.meta.internal.tokenizers.Reporter$$anon$1.syntaxError(Reporter.scala:33)
	at scala.meta.internal.tokenizers.Reporter.syntaxError(Reporter.scala:25)
	at scala.meta.internal.tokenizers.Reporter.syntaxError$(Reporter.scala:25)
	at scala.meta.internal.tokenizers.Reporter$$anon$1.syntaxError(Reporter.scala:33)
	at scala.meta.internal.tokenizers.LegacyScanner.getStringLit(LegacyScanner.scala:553)
	at scala.meta.internal.tokenizers.LegacyScanner.fetchDoubleQuote$1(LegacyScanner.scala:372)
	at scala.meta.internal.tokenizers.LegacyScanner.fetchToken(LegacyScanner.scala:376)
	at scala.meta.internal.tokenizers.LegacyScanner.nextToken(LegacyScanner.scala:211)
	at scala.meta.internal.tokenizers.LegacyScanner.foreach(LegacyScanner.scala:1011)
	at scala.meta.internal.tokenizers.ScalametaTokenizer.uncachedTokenize(ScalametaTokenizer.scala:24)
	at scala.meta.internal.tokenizers.ScalametaTokenizer.$anonfun$tokenize$1(ScalametaTokenizer.scala:17)
	at scala.collection.concurrent.TrieMap.getOrElseUpdate(TrieMap.scala:962)
	at scala.meta.internal.tokenizers.ScalametaTokenizer.tokenize(ScalametaTokenizer.scala:17)
	at scala.meta.internal.tokenizers.ScalametaTokenizer$$anon$2.apply(ScalametaTokenizer.scala:332)
	at scala.meta.tokenizers.Api$XtensionTokenizeDialectInput.tokenize(Api.scala:25)
	at scala.meta.tokenizers.Api$XtensionTokenizeInputLike.tokenize(Api.scala:14)
	at scala.meta.internal.metals.SemanticTokensProvider$.getTokens(SemanticTokensProvider.scala:28)
	at scala.meta.internal.metals.SemanticTokensProvider$.provide(SemanticTokensProvider.scala:89)
	at scala.meta.internal.metals.Compilers.$anonfun$semanticTokens$3(Compilers.scala:539)
	at scala.concurrent.impl.Promise$Transformation.run(Promise.scala:467)
	at java.util.concurrent.ThreadPoolExecutor.runWorker(ThreadPoolExecutor.java:1136)
	at java.util.concurrent.ThreadPoolExecutor$Worker.run(ThreadPoolExecutor.java:635)
	at java.lang.Thread.run(Thread.java:833)

2023.12.08 16:33:38 ERROR Failed to tokenize input for semantic tokens for /Users/maxon462/Desktop/Paradygmaty/lab4/Scala/helloscala/src/main/scala/hello.worksheet.sc
scala.meta.tokenizers.TokenizeException: <input>:100: error: unclosed string literal
  val (newDisk, removed) = remove(disk, List("folder1", "file2.txt'))
                                                        ^
	at scala.meta.internal.tokenizers.Reporter.syntaxError(Reporter.scala:23)
	at scala.meta.internal.tokenizers.Reporter.syntaxError$(Reporter.scala:23)
	at scala.meta.internal.tokenizers.Reporter$$anon$1.syntaxError(Reporter.scala:33)
	at scala.meta.internal.tokenizers.Reporter.syntaxError(Reporter.scala:25)
	at scala.meta.internal.tokenizers.Reporter.syntaxError$(Reporter.scala:25)
	at scala.meta.internal.tokenizers.Reporter$$anon$1.syntaxError(Reporter.scala:33)
	at scala.meta.internal.tokenizers.LegacyScanner.getStringLit(LegacyScanner.scala:553)
	at scala.meta.internal.tokenizers.LegacyScanner.fetchDoubleQuote$1(LegacyScanner.scala:372)
	at scala.meta.internal.tokenizers.LegacyScanner.fetchToken(LegacyScanner.scala:376)
	at scala.meta.internal.tokenizers.LegacyScanner.nextToken(LegacyScanner.scala:211)
	at scala.meta.internal.tokenizers.LegacyScanner.foreach(LegacyScanner.scala:1011)
	at scala.meta.internal.tokenizers.ScalametaTokenizer.uncachedTokenize(ScalametaTokenizer.scala:24)
	at scala.meta.internal.tokenizers.ScalametaTokenizer.$anonfun$tokenize$1(ScalametaTokenizer.scala:17)
	at scala.collection.concurrent.TrieMap.getOrElseUpdate(TrieMap.scala:962)
	at scala.meta.internal.tokenizers.ScalametaTokenizer.tokenize(ScalametaTokenizer.scala:17)
	at scala.meta.internal.tokenizers.ScalametaTokenizer$$anon$2.apply(ScalametaTokenizer.scala:332)
	at scala.meta.tokenizers.Api$XtensionTokenizeDialectInput.tokenize(Api.scala:25)
	at scala.meta.tokenizers.Api$XtensionTokenizeInputLike.tokenize(Api.scala:14)
	at scala.meta.internal.metals.SemanticTokensProvider$.getTokens(SemanticTokensProvider.scala:28)
	at scala.meta.internal.metals.SemanticTokensProvider$.provide(SemanticTokensProvider.scala:89)
	at scala.meta.internal.metals.Compilers.$anonfun$semanticTokens$3(Compilers.scala:539)
	at scala.concurrent.impl.Promise$Transformation.run(Promise.scala:467)
	at java.util.concurrent.ThreadPoolExecutor.runWorker(ThreadPoolExecutor.java:1136)
	at java.util.concurrent.ThreadPoolExecutor$Worker.run(ThreadPoolExecutor.java:635)
	at java.lang.Thread.run(Thread.java:833)

2023.12.08 16:33:39 WARN  no build target for: /Users/maxon462/Desktop/Paradygmaty/lab4/Scala/helloscala/src/main/scala/hello.worksheet.sc
2023.12.08 16:33:40 INFO  time: evaluated worksheet 'hello.worksheet.sc' in 0.3s
Dec 08, 2023 4:38:48 PM org.eclipse.lsp4j.jsonrpc.RemoteEndpoint handleCancellation
WARNING: Unmatched cancel notification for request id 4530
2023.12.08 16:39:01 WARN  no build target for: /Users/maxon462/Desktop/Paradygmaty/lab4/Scala/helloscala/src/main/scala/hello.worksheet.sc
[31merror[39m: Scala/helloscala/src/main/scala/hello.worksheet.sc:81:1: end of file expected but } found
}
^
2023.12.08 16:39:01 INFO  time: evaluated worksheet 'hello.worksheet.sc' in 62ms
2023.12.08 16:40:13 WARN  no build target for: /Users/maxon462/Desktop/Paradygmaty/lab4/Scala/helloscala/src/main/scala/hello.worksheet.sc
2023.12.08 16:40:13 INFO  time: evaluated worksheet 'hello.worksheet.sc' in 0.23s
2023.12.08 16:40:32 WARN  no build target for: /Users/maxon462/Desktop/Paradygmaty/lab4/Scala/helloscala/src/main/scala/hello.worksheet.sc
[31merror[39m: Scala/helloscala/src/main/scala/hello.worksheet.sc:66:41: 
Not found: newContent
            (Folder(currentFolder.name, newContent), found)
                                        ^^^^^^^^^^
2023.12.08 16:40:32 INFO  time: evaluated worksheet 'hello.worksheet.sc' in 0.16s
2023.12.08 16:40:58 WARN  no build target for: /Users/maxon462/Desktop/Paradygmaty/lab4/Scala/helloscala/src/main/scala/hello.worksheet.sc
2023.12.08 16:40:58 INFO  time: evaluated worksheet 'hello.worksheet.sc' in 0.23s
2023.12.08 16:46:10 WARN  no build target for: /Users/maxon462/Desktop/Paradygmaty/lab4/Scala/helloscala/src/main/scala/hello.worksheet.sc
[31merror[39m: Scala/helloscala/src/main/scala/hello.worksheet.sc:61:57: match statement requires cases
          case folder: Folder if folder.name == name => folder
                                                        ^^^^^^
2023.12.08 16:46:10 INFO  time: evaluated worksheet 'hello.worksheet.sc' in 86ms
2023.12.08 16:48:10 WARN  no build target for: /Users/maxon462/Desktop/Paradygmaty/lab4/Scala/helloscala/src/main/scala/hello.worksheet.sc
2023.12.08 16:48:10 INFO  time: evaluated worksheet 'hello.worksheet.sc' in 0.24s
2023.12.08 16:48:33 WARN  no build target for: /Users/maxon462/Desktop/Paradygmaty/lab4/Scala/helloscala/src/main/scala/hello.worksheet.sc
[33mwarning[39m: Scala/helloscala/src/main/scala/hello.worksheet.sc:60:9: 
match may not be exhaustive.

It would fail on pattern case: Some(_)

        currentFolder.content.collectFirst {
        ^
[33mwarning[39m: Scala/helloscala/src/main/scala/hello.worksheet.sc:63:16: 
Unreachable case
          case folder : Folder =>
               ^^^^^^^^^^^^^^^
[31merror[39m: Scala/helloscala/src/main/scala/hello.worksheet.sc:63:16: 
this case is unreachable since type Option[MdocApp.this.Folder] and class Folder are unrelated
          case folder : Folder =>
               ^
2023.12.08 16:48:33 INFO  time: evaluated worksheet 'hello.worksheet.sc' in 0.22s
2023.12.08 16:48:40 WARN  no build target for: /Users/maxon462/Desktop/Paradygmaty/lab4/Scala/helloscala/src/main/scala/hello.worksheet.sc
2023.12.08 16:48:40 INFO  time: evaluated worksheet 'hello.worksheet.sc' in 0.24s
2023.12.08 16:50:57 WARN  no build target for: /Users/maxon462/Desktop/Paradygmaty/lab4/Scala/helloscala/src/main/scala/hello.worksheet.sc
[31merror[39m: Scala/helloscala/src/main/scala/hello.worksheet.sc:61:57: match statement requires cases
          case folder: Folder if folder.name == name => folder
                                                        ^^^^^^
2023.12.08 16:50:57 INFO  time: evaluated worksheet 'hello.worksheet.sc' in 84ms
2024.01.14 18:00:09 INFO  Started: Metals version 1.2.0 in folders '/Users/maxon462/Desktop/Paradygmaty/lab4' for client Visual Studio Code 1.83.0.
2024.01.14 18:00:15 WARN  Build server is not auto-connectable.
2024.01.14 18:00:15 WARN  no build tool detected in workspace '/Users/maxon462/Desktop/Paradygmaty/lab4'. The most common cause for this problem is that the editor was opened in the wrong working directory, for example if you use sbt then the workspace directory should contain build.sbt. 
2024.01.14 18:00:15 WARN  no build target for: /Users/maxon462/Desktop/Paradygmaty/lab4/Scala/helloscala/src/main/scala/hello.worksheet.sc
[31merror[39m: Scala/helloscala/src/main/scala/hello.worksheet.sc:64:9: case expected but } found
        }
        ^
2024.01.14 18:00:24 INFO  no build target found for /Users/maxon462/Desktop/Paradygmaty/lab4/Scala/helloscala/src/main/scala/hello.worksheet.sc. Using presentation compiler with project's scala-library version: 3.3.1
2024.01.14 18:00:27 INFO  time: evaluated worksheet 'hello.worksheet.sc' in 11s
2024.01.14 18:00:32 INFO  time: code lens generation in 16s
2024.01.14 18:00:34 INFO  no build target found for /Users/maxon462/Desktop/Paradygmaty/lab4/Scala/helloscala/src/main/scala/hello.worksheet.sc. Using presentation compiler with project's scala-library version: 3.3.1
Jan 14, 2024 6:00:34 PM org.eclipse.lsp4j.jsonrpc.RemoteEndpoint handleCancellation
WARNING: Unmatched cancel notification for request id 4
2024.01.14 18:00:36 WARN  no build target for: /Users/maxon462/Desktop/Paradygmaty/lab4/Scala/helloscala/src/main/scala/hello.worksheet.sc
2024.01.14 18:00:37 INFO  time: code lens generation in 2.57s
2024.01.14 18:00:39 INFO  time: code lens generation in 2.8s
2024.01.14 18:00:39 INFO  time: code lens generation in 3.82s
2024.01.14 18:00:41 INFO  time: evaluated worksheet 'hello.worksheet.sc' in 5.04s
Exception in thread "pool-8-thread-1" java.lang.InterruptedException
	at scala.meta.internal.metals.FutureCancelToken.checkCanceled(FutureCancelToken.scala:29)
	at scala.meta.internal.pc.CompilerAccess.onCompilerJobQueue$$anonfun$1(CompilerAccess.scala:230)
	at scala.meta.internal.pc.CompilerJobQueue$Job.run(CompilerJobQueue.scala:152)
	at java.base/java.util.concurrent.ThreadPoolExecutor.runWorker(ThreadPoolExecutor.java:1136)
	at java.base/java.util.concurrent.ThreadPoolExecutor$Worker.run(ThreadPoolExecutor.java:635)
	at java.base/java.lang.Thread.run(Thread.java:833)
Exception in thread "pool-8-thread-2" java.lang.InterruptedException
	at scala.meta.internal.metals.FutureCancelToken.checkCanceled(FutureCancelToken.scala:29)
	at scala.meta.internal.pc.CompilerAccess.onCompilerJobQueue$$anonfun$1(CompilerAccess.scala:230)
	at scala.meta.internal.pc.CompilerJobQueue$Job.run(CompilerJobQueue.scala:152)
	at java.base/java.util.concurrent.ThreadPoolExecutor.runWorker(ThreadPoolExecutor.java:1136)
	at java.base/java.util.concurrent.ThreadPoolExecutor$Worker.run(ThreadPoolExecutor.java:635)
	at java.base/java.lang.Thread.run(Thread.java:833)
2024.01.14 18:04:12 WARN  no build target for: /Users/maxon462/Desktop/Paradygmaty/lab4/Scala/helloscala/src/main/scala/hello.worksheet.sc
2024.01.14 18:04:14 WARN  no build target for: /Users/maxon462/Desktop/Paradygmaty/lab4/Scala/helloscala/src/main/scala/hello.worksheet.sc
2024.01.14 18:04:14 INFO  time: code lens generation in 1.06s
2024.01.14 18:04:17 INFO  time: evaluated worksheet 'hello.worksheet.sc' in 4.78s
2024.01.14 18:04:20 INFO  time: evaluated worksheet 'hello.worksheet.sc' in 3s
2024.01.14 18:11:00 WARN  no build target for: /Users/maxon462/Desktop/Paradygmaty/lab4/Scala/helloscala/src/main/scala/hello.worksheet.sc
2024.01.14 18:11:02 WARN  no build target for: /Users/maxon462/Desktop/Paradygmaty/lab4/Scala/helloscala/src/main/scala/hello.worksheet.sc
2024.01.14 18:11:02 INFO  time: evaluated worksheet 'hello.worksheet.sc' in 2.33s
2024.01.14 18:11:03 WARN  no build target for: /Users/maxon462/Desktop/Paradygmaty/lab4/Scala/helloscala/src/main/scala/hello.worksheet.sc
2024.01.14 18:11:04 INFO  time: evaluated worksheet 'hello.worksheet.sc' in 1.74s
2024.01.14 18:11:06 INFO  time: evaluated worksheet 'hello.worksheet.sc' in 1.79s
2024.01.14 18:11:49 WARN  no build target for: /Users/maxon462/Desktop/Paradygmaty/lab4/Scala/helloscala/src/main/scala/hello.worksheet.sc
2024.01.14 18:11:52 INFO  time: evaluated worksheet 'hello.worksheet.sc' in 2.69s
2024.01.14 18:11:58 WARN  no build target for: /Users/maxon462/Desktop/Paradygmaty/lab4/Scala/helloscala/src/main/scala/hello.worksheet.sc
2024.01.14 18:12:00 INFO  time: evaluated worksheet 'hello.worksheet.sc' in 1.46s
Exception in thread "pool-8-thread-3" java.lang.InterruptedException
	at scala.meta.internal.metals.FutureCancelToken.checkCanceled(FutureCancelToken.scala:29)
	at scala.meta.internal.pc.CompilerAccess.onCompilerJobQueue$$anonfun$1(CompilerAccess.scala:230)
	at scala.meta.internal.pc.CompilerJobQueue$Job.run(CompilerJobQueue.scala:152)
	at java.base/java.util.concurrent.ThreadPoolExecutor.runWorker(ThreadPoolExecutor.java:1136)
	at java.base/java.util.concurrent.ThreadPoolExecutor$Worker.run(ThreadPoolExecutor.java:635)
	at java.base/java.lang.Thread.run(Thread.java:833)
Exception in thread "pool-8-thread-4" java.lang.InterruptedException
	at scala.meta.internal.metals.FutureCancelToken.checkCanceled(FutureCancelToken.scala:29)
	at scala.meta.internal.pc.CompilerAccess.onCompilerJobQueue$$anonfun$1(CompilerAccess.scala:230)
	at scala.meta.internal.pc.CompilerJobQueue$Job.run(CompilerJobQueue.scala:152)
	at java.base/java.util.concurrent.ThreadPoolExecutor.runWorker(ThreadPoolExecutor.java:1136)
	at java.base/java.util.concurrent.ThreadPoolExecutor$Worker.run(ThreadPoolExecutor.java:635)
	at java.base/java.lang.Thread.run(Thread.java:833)
2024.01.14 18:13:53 WARN  no build target for: /Users/maxon462/Desktop/Paradygmaty/lab4/Scala/helloscala/src/main/scala/hello.worksheet.sc
2024.01.14 18:13:56 INFO  time: evaluated worksheet 'hello.worksheet.sc' in 2.37s
2024.01.15 14:15:25 WARN  no build target for: /Users/maxon462/Desktop/Paradygmaty/lab4/Scala/helloscala/src/main/scala/hello.worksheet.sc
2024.01.15 14:15:27 INFO  time: evaluated worksheet 'hello.worksheet.sc' in 2s
2024.01.15 14:16:48 INFO  Shutting down server
2024.01.15 14:16:48 INFO  shutting down Metals
2024.01.15 14:16:48 INFO  Exiting server
